Repair Log
Processed Timestamp: 2025-10-13T22:27:13.421856

--------------------------------------------------
Time: 2025-10-13T22:26:31.391037
Issue: info-license | N/A
Message: Info object should contain `license` field. [path: info]
Location: N/A
Fixed: False
Source: System
Issue Source: redocly-validator
Issue Target: import-url_bundled-spec
Action: COULD NOT PROCESS: Issue definition for code 'info-license' not found in registry.
--------------------------------------------------
Time: 2025-10-13T22:26:31.474377
Issue: tag-description | N/A
Message: Tag object should contain `description` field. [path: tags.0.description]
Location: N/A
Fixed: False
Source: System
Issue Source: redocly-validator
Issue Target: import-url_bundled-spec
Action: COULD NOT PROCESS: Issue definition for code 'tag-description' not found in registry.
--------------------------------------------------
Time: 2025-10-13T22:26:31.516619
Issue: tag-description | N/A
Message: Tag object should contain `description` field. [path: tags.1.description]
Location: N/A
Fixed: False
Source: System
Issue Source: redocly-validator
Issue Target: import-url_bundled-spec
Action: COULD NOT PROCESS: Issue definition for code 'tag-description' not found in registry.
--------------------------------------------------
Time: 2025-10-13T22:26:31.559353
Issue: tag-description | N/A
Message: Tag object should contain `description` field. [path: tags.2.description]
Location: N/A
Fixed: False
Source: System
Issue Source: redocly-validator
Issue Target: import-url_bundled-spec
Action: COULD NOT PROCESS: Issue definition for code 'tag-description' not found in registry.
--------------------------------------------------
Time: 2025-10-13T22:26:31.686015
Issue: tag-description | N/A
Message: Tag object should contain `description` field. [path: tags.3.description]
Location: N/A
Fixed: False
Source: System
Issue Source: redocly-validator
Issue Target: import-url_bundled-spec
Action: COULD NOT PROCESS: Issue definition for code 'tag-description' not found in registry.
--------------------------------------------------
Time: 2025-10-13T22:26:31.730951
Issue: no-invalid-media-type-examples | N/A
Message: Example value must conform to the schema: `content` property must have required property 'merchantAccountCode'. [path: components.examples.post-ACCOUNT_FUNDS_BELOW_THRESHOLD-accountFundsBelowThreshold.value.content]
Location: N/A
Fixed: False
Source: System
Issue Source: redocly-validator
Issue Target: import-url_bundled-spec
Action: COULD NOT PROCESS: Issue definition for code 'no-invalid-media-type-examples' not found in registry.
--------------------------------------------------
Time: 2025-10-13T22:26:31.820031
Issue: no-invalid-media-type-examples | N/A
Message: Example value must conform to the schema: `content` property must have required property 'fundThreshold'. [path: components.examples.post-ACCOUNT_FUNDS_BELOW_THRESHOLD-accountFundsBelowThreshold.value.content]
Location: N/A
Fixed: False
Source: System
Issue Source: redocly-validator
Issue Target: import-url_bundled-spec
Action: COULD NOT PROCESS: Issue definition for code 'no-invalid-media-type-examples' not found in registry.
--------------------------------------------------
Time: 2025-10-13T22:26:31.950573
Issue: no-invalid-media-type-examples | N/A
Message: Example value must conform to the schema: `content` property must NOT have additional properties `amount`. [path: components.examples.post-ACCOUNT_FUNDS_BELOW_THRESHOLD-accountFundsBelowThreshold.value.content.amount]
Location: N/A
Fixed: False
Source: System
Issue Source: redocly-validator
Issue Target: import-url_bundled-spec
Action: COULD NOT PROCESS: Issue definition for code 'no-invalid-media-type-examples' not found in registry.
--------------------------------------------------
Time: 2025-10-13T22:26:32.000172
Issue: no-invalid-media-type-examples | N/A
Message: Example value must conform to the schema: `content` property must NOT have additional properties `destinationAccountCode`. [path: components.examples.post-ACCOUNT_FUNDS_BELOW_THRESHOLD-accountFundsBelowThreshold.value.content.destinationAccountCode]
Location: N/A
Fixed: False
Source: System
Issue Source: redocly-validator
Issue Target: import-url_bundled-spec
Action: COULD NOT PROCESS: Issue definition for code 'no-invalid-media-type-examples' not found in registry.
--------------------------------------------------
Time: 2025-10-13T22:26:32.085110
Issue: no-invalid-media-type-examples | N/A
Message: Example value must conform to the schema: `content` property must NOT have additional properties `invalidFields`. [path: components.examples.post-ACCOUNT_FUNDS_BELOW_THRESHOLD-accountFundsBelowThreshold.value.content.invalidFields]
Location: N/A
Fixed: False
Source: System
Issue Source: redocly-validator
Issue Target: import-url_bundled-spec
Action: COULD NOT PROCESS: Issue definition for code 'no-invalid-media-type-examples' not found in registry.
--------------------------------------------------
Time: 2025-10-13T22:26:32.114083
Issue: no-invalid-media-type-examples | N/A
Message: Example value must conform to the schema: `content` property must NOT have additional properties `merchantReference`. [path: components.examples.post-ACCOUNT_FUNDS_BELOW_THRESHOLD-accountFundsBelowThreshold.value.content.merchantReference]
Location: N/A
Fixed: False
Source: System
Issue Source: redocly-validator
Issue Target: import-url_bundled-spec
Action: COULD NOT PROCESS: Issue definition for code 'no-invalid-media-type-examples' not found in registry.
--------------------------------------------------
Time: 2025-10-13T22:26:32.174885
Issue: no-invalid-media-type-examples | N/A
Message: Example value must conform to the schema: `content` property must NOT have additional properties `sourceAccountCode`. [path: components.examples.post-ACCOUNT_FUNDS_BELOW_THRESHOLD-accountFundsBelowThreshold.value.content.sourceAccountCode]
Location: N/A
Fixed: False
Source: System
Issue Source: redocly-validator
Issue Target: import-url_bundled-spec
Action: COULD NOT PROCESS: Issue definition for code 'no-invalid-media-type-examples' not found in registry.
--------------------------------------------------
Time: 2025-10-13T22:26:32.223568
Issue: no-invalid-media-type-examples | N/A
Message: Example value must conform to the schema: `content` property must NOT have additional properties `status`. [path: components.examples.post-ACCOUNT_FUNDS_BELOW_THRESHOLD-accountFundsBelowThreshold.value.content.status]
Location: N/A
Fixed: False
Source: System
Issue Source: redocly-validator
Issue Target: import-url_bundled-spec
Action: COULD NOT PROCESS: Issue definition for code 'no-invalid-media-type-examples' not found in registry.
--------------------------------------------------
Time: 2025-10-13T22:26:32.326969
Issue: no-invalid-media-type-examples | N/A
Message: Example value must conform to the schema: `content` property must NOT have additional properties `transferCode`. [path: components.examples.post-ACCOUNT_FUNDS_BELOW_THRESHOLD-accountFundsBelowThreshold.value.content.transferCode]
Location: N/A
Fixed: False
Source: System
Issue Source: redocly-validator
Issue Target: import-url_bundled-spec
Action: COULD NOT PROCESS: Issue definition for code 'no-invalid-media-type-examples' not found in registry.
--------------------------------------------------
Time: 2025-10-13T22:26:32.686820
Issue: no-invalid-media-type-examples | N/A
Message: Example value must conform to the schema: `accountHolderDetails` property must NOT have additional properties `payoutInstrumentTokens`. [path: components.examples.post-ACCOUNT_HOLDER_CREATED-accountHolderCreated-businesses.value.content.accountHolderDetails.payoutInstrumentTokens]
Location: N/A
Fixed: False
Source: System
Issue Source: redocly-validator
Issue Target: import-url_bundled-spec
Action: COULD NOT PROCESS: Issue definition for code 'no-invalid-media-type-examples' not found in registry.
--------------------------------------------------
Time: 2025-10-13T22:26:32.828794
Issue: no-invalid-media-type-examples | N/A
Message: Example value must conform to the schema: `verification` property must NOT have additional properties `bankAccounts`. [path: components.examples.post-ACCOUNT_HOLDER_CREATED-accountHolderCreated-businesses.value.content.verification.bankAccounts]
Location: N/A
Fixed: False
Source: System
Issue Source: redocly-validator
Issue Target: import-url_bundled-spec
Action: COULD NOT PROCESS: Issue definition for code 'no-invalid-media-type-examples' not found in registry.
--------------------------------------------------
Time: 2025-10-13T22:26:32.930315
Issue: no-invalid-media-type-examples | N/A
Message: Example value must conform to the schema: must NOT have additional properties `mimeType`. [path: components.examples.post-ACCOUNT_HOLDER_CREATED-accountHolderCreated-failed.value.mimeType]
Location: N/A
Fixed: False
Source: System
Issue Source: redocly-validator
Issue Target: import-url_bundled-spec
Action: COULD NOT PROCESS: Issue definition for code 'no-invalid-media-type-examples' not found in registry.
--------------------------------------------------
Time: 2025-10-13T22:26:33.071939
Issue: no-invalid-media-type-examples | N/A
Message: Example value must conform to the schema: `content` property must NOT have additional properties `accountState`. [path: components.examples.post-ACCOUNT_HOLDER_CREATED-accountHolderCreated-failed.value.content.accountState]
Location: N/A
Fixed: False
Source: System
Issue Source: redocly-validator
Issue Target: import-url_bundled-spec
Action: COULD NOT PROCESS: Issue definition for code 'no-invalid-media-type-examples' not found in registry.
--------------------------------------------------
Time: 2025-10-13T22:26:33.246414
Issue: no-invalid-media-type-examples | N/A
Message: Example value must conform to the schema: `content` property must NOT have additional properties `amount`. [path: components.examples.post-ACCOUNT_HOLDER_CREATED-accountHolderCreated-failed.value.content.amount]
Location: N/A
Fixed: False
Source: System
Issue Source: redocly-validator
Issue Target: import-url_bundled-spec
Action: COULD NOT PROCESS: Issue definition for code 'no-invalid-media-type-examples' not found in registry.
--------------------------------------------------
Time: 2025-10-13T22:26:33.392350
Issue: no-invalid-media-type-examples | N/A
Message: Example value must conform to the schema: `content` property must NOT have additional properties `totalAmountBeforeLimit`. [path: components.examples.post-ACCOUNT_HOLDER_CREATED-accountHolderCreated-failed.value.content.totalAmountBeforeLimit]
Location: N/A
Fixed: False
Source: System
Issue Source: redocly-validator
Issue Target: import-url_bundled-spec
Action: COULD NOT PROCESS: Issue definition for code 'no-invalid-media-type-examples' not found in registry.
--------------------------------------------------
Time: 2025-10-13T22:26:33.500201
Issue: no-invalid-media-type-examples | N/A
Message: Example value must conform to the schema: `content` property must NOT have additional properties `transactionDate`. [path: components.examples.post-ACCOUNT_HOLDER_CREATED-accountHolderCreated-failed.value.content.transactionDate]
Location: N/A
Fixed: False
Source: System
Issue Source: redocly-validator
Issue Target: import-url_bundled-spec
Action: COULD NOT PROCESS: Issue definition for code 'no-invalid-media-type-examples' not found in registry.
--------------------------------------------------
Time: 2025-10-13T22:26:33.631289
Issue: no-invalid-media-type-examples | N/A
Message: Example value must conform to the schema: `content` property must NOT have additional properties `transactionFailed`. [path: components.examples.post-ACCOUNT_HOLDER_CREATED-accountHolderCreated-failed.value.content.transactionFailed]
Location: N/A
Fixed: False
Source: System
Issue Source: redocly-validator
Issue Target: import-url_bundled-spec
Action: COULD NOT PROCESS: Issue definition for code 'no-invalid-media-type-examples' not found in registry.
--------------------------------------------------
Time: 2025-10-13T22:26:33.705530
Issue: no-invalid-media-type-examples | N/A
Message: Example value must conform to the schema: `accountHolderDetails` property must NOT have additional properties `payoutInstrumentTokens`. [path: components.examples.post-ACCOUNT_HOLDER_CREATED-accountHolderCreated-individuals.value.content.accountHolderDetails.payoutInstrumentTokens]
Location: N/A
Fixed: False
Source: System
Issue Source: redocly-validator
Issue Target: import-url_bundled-spec
Action: COULD NOT PROCESS: Issue definition for code 'no-invalid-media-type-examples' not found in registry.
--------------------------------------------------
Time: 2025-10-13T22:26:33.772446
Issue: no-invalid-media-type-examples | N/A
Message: Example value must conform to the schema: `verification` property must NOT have additional properties `bankAccounts`. [path: components.examples.post-ACCOUNT_HOLDER_CREATED-accountHolderCreated-individuals.value.content.verification.bankAccounts]
Location: N/A
Fixed: False
Source: System
Issue Source: redocly-validator
Issue Target: import-url_bundled-spec
Action: COULD NOT PROCESS: Issue definition for code 'no-invalid-media-type-examples' not found in registry.
--------------------------------------------------
Time: 2025-10-13T22:26:33.831639
Issue: no-invalid-media-type-examples | N/A
Message: Example value must conform to the schema: `0` property must NOT have additional properties `AccountEvent`. [path: components.examples.post-ACCOUNT_HOLDER_STATUS_CHANGE-accountHolderStatusChange.value.content.newStatus.events.0.AccountEvent]
Location: N/A
Fixed: False
Source: System
Issue Source: redocly-validator
Issue Target: import-url_bundled-spec
Action: COULD NOT PROCESS: Issue definition for code 'no-invalid-media-type-examples' not found in registry.
--------------------------------------------------
Time: 2025-10-13T22:26:33.881090
Issue: no-invalid-media-type-examples | N/A
Message: Example value must conform to the schema: must have required property 'executingUserKey'. [path: components.examples.post-ACCOUNT_HOLDER_UPCOMING_DEADLINE-accountHolderUpcomingDeadline.value]
Location: N/A
Fixed: False
Source: System
Issue Source: redocly-validator
Issue Target: import-url_bundled-spec
Action: COULD NOT PROCESS: Issue definition for code 'no-invalid-media-type-examples' not found in registry.
--------------------------------------------------
Time: 2025-10-13T22:26:33.975351
Issue: no-invalid-media-type-examples | N/A
Message: Example value must conform to the schema: `executionDate` property must match format "date-time". [path: components.examples.post-ACCOUNT_HOLDER_UPCOMING_DEADLINE-accountHolderUpcomingDeadline.value.content.executionDate]
Location: N/A
Fixed: False
Source: System
Issue Source: redocly-validator
Issue Target: import-url_bundled-spec
Action: COULD NOT PROCESS: Issue definition for code 'no-invalid-media-type-examples' not found in registry.
--------------------------------------------------
Time: 2025-10-13T22:26:34.037555
Issue: no-invalid-media-type-examples | N/A
Message: Example value must conform to the schema: `content` property must NOT have additional properties `status`. [path: components.examples.post-ACCOUNT_HOLDER_UPDATED-accountHolderUpdated.value.content.status]
Location: N/A
Fixed: False
Source: System
Issue Source: redocly-validator
Issue Target: import-url_bundled-spec
Action: COULD NOT PROCESS: Issue definition for code 'no-invalid-media-type-examples' not found in registry.
--------------------------------------------------
Time: 2025-10-13T22:26:34.076427
Issue: no-invalid-media-type-examples | N/A
Message: Example value must conform to the schema: must have required property 'eventDate'. [path: components.examples.post-COMPENSATE_NEGATIVE_BALANCE-compensateNegativeBalance.value]
Location: N/A
Fixed: False
Source: System
Issue Source: redocly-validator
Issue Target: import-url_bundled-spec
Action: COULD NOT PROCESS: Issue definition for code 'no-invalid-media-type-examples' not found in registry.
--------------------------------------------------
Time: 2025-10-13T22:26:34.136921
Issue: no-invalid-media-type-examples | N/A
Message: Example value must conform to the schema: `content` property must have required property 'accountCode'. [path: components.examples.post-DIRECT_DEBIT_INITIATED-directDebitInitiated.value.content]
Location: N/A
Fixed: False
Source: System
Issue Source: redocly-validator
Issue Target: import-url_bundled-spec
Action: COULD NOT PROCESS: Issue definition for code 'no-invalid-media-type-examples' not found in registry.
--------------------------------------------------
Time: 2025-10-13T22:26:34.164092
Issue: no-invalid-media-type-examples | N/A
Message: Example value must conform to the schema: `content` property must have required property 'merchantAccountCode'. [path: components.examples.post-DIRECT_DEBIT_INITIATED-directDebitInitiated.value.content]
Location: N/A
Fixed: False
Source: System
Issue Source: redocly-validator
Issue Target: import-url_bundled-spec
Action: COULD NOT PROCESS: Issue definition for code 'no-invalid-media-type-examples' not found in registry.
--------------------------------------------------
Time: 2025-10-13T22:26:34.242247
Issue: no-invalid-media-type-examples | N/A
Message: Example value must conform to the schema: `content` property must NOT have additional properties `destinationAccountCode`. [path: components.examples.post-DIRECT_DEBIT_INITIATED-directDebitInitiated.value.content.destinationAccountCode]
Location: N/A
Fixed: False
Source: System
Issue Source: redocly-validator
Issue Target: import-url_bundled-spec
Action: COULD NOT PROCESS: Issue definition for code 'no-invalid-media-type-examples' not found in registry.
--------------------------------------------------
Time: 2025-10-13T22:26:34.269278
Issue: no-invalid-media-type-examples | N/A
Message: Example value must conform to the schema: `content` property must NOT have additional properties `merchantReference`. [path: components.examples.post-DIRECT_DEBIT_INITIATED-directDebitInitiated.value.content.merchantReference]
Location: N/A
Fixed: False
Source: System
Issue Source: redocly-validator
Issue Target: import-url_bundled-spec
Action: COULD NOT PROCESS: Issue definition for code 'no-invalid-media-type-examples' not found in registry.
--------------------------------------------------
Time: 2025-10-13T22:26:34.296454
Issue: no-invalid-media-type-examples | N/A
Message: Example value must conform to the schema: `content` property must NOT have additional properties `sourceAccountCode`. [path: components.examples.post-DIRECT_DEBIT_INITIATED-directDebitInitiated.value.content.sourceAccountCode]
Location: N/A
Fixed: False
Source: System
Issue Source: redocly-validator
Issue Target: import-url_bundled-spec
Action: COULD NOT PROCESS: Issue definition for code 'no-invalid-media-type-examples' not found in registry.
--------------------------------------------------
Time: 2025-10-13T22:26:34.373398
Issue: no-invalid-media-type-examples | N/A
Message: Example value must conform to the schema: `content` property must NOT have additional properties `transferCode`. [path: components.examples.post-DIRECT_DEBIT_INITIATED-directDebitInitiated.value.content.transferCode]
Location: N/A
Fixed: False
Source: System
Issue Source: redocly-validator
Issue Target: import-url_bundled-spec
Action: COULD NOT PROCESS: Issue definition for code 'no-invalid-media-type-examples' not found in registry.
--------------------------------------------------
Time: 2025-10-13T22:26:34.451236
Issue: no-invalid-media-type-examples | N/A
Message: Example value must conform to the schema: `content` property must NOT have additional properties `amount`. [path: components.examples.post-PAYMENT_FAILURE-paymentFailure.value.content.amount]
Location: N/A
Fixed: False
Source: System
Issue Source: redocly-validator
Issue Target: import-url_bundled-spec
Action: COULD NOT PROCESS: Issue definition for code 'no-invalid-media-type-examples' not found in registry.
--------------------------------------------------
Time: 2025-10-13T22:26:34.538761
Issue: no-invalid-media-type-examples | N/A
Message: Example value must conform to the schema: `content` property must NOT have additional properties `destinationAccountCode`. [path: components.examples.post-PAYMENT_FAILURE-paymentFailure.value.content.destinationAccountCode]
Location: N/A
Fixed: False
Source: System
Issue Source: redocly-validator
Issue Target: import-url_bundled-spec
Action: COULD NOT PROCESS: Issue definition for code 'no-invalid-media-type-examples' not found in registry.
--------------------------------------------------
Time: 2025-10-13T22:26:34.712143
Issue: no-invalid-media-type-examples | N/A
Message: Example value must conform to the schema: `content` property must NOT have additional properties `invalidFields`. [path: components.examples.post-PAYMENT_FAILURE-paymentFailure.value.content.invalidFields]
Location: N/A
Fixed: False
Source: System
Issue Source: redocly-validator
Issue Target: import-url_bundled-spec
Action: COULD NOT PROCESS: Issue definition for code 'no-invalid-media-type-examples' not found in registry.
--------------------------------------------------
Time: 2025-10-13T22:26:34.826800
Issue: no-invalid-media-type-examples | N/A
Message: Example value must conform to the schema: `content` property must NOT have additional properties `merchantReference`. [path: components.examples.post-PAYMENT_FAILURE-paymentFailure.value.content.merchantReference]
Location: N/A
Fixed: False
Source: System
Issue Source: redocly-validator
Issue Target: import-url_bundled-spec
Action: COULD NOT PROCESS: Issue definition for code 'no-invalid-media-type-examples' not found in registry.
--------------------------------------------------
Time: 2025-10-13T22:26:34.937276
Issue: no-invalid-media-type-examples | N/A
Message: Example value must conform to the schema: `content` property must NOT have additional properties `sourceAccountCode`. [path: components.examples.post-PAYMENT_FAILURE-paymentFailure.value.content.sourceAccountCode]
Location: N/A
Fixed: False
Source: System
Issue Source: redocly-validator
Issue Target: import-url_bundled-spec
Action: COULD NOT PROCESS: Issue definition for code 'no-invalid-media-type-examples' not found in registry.
--------------------------------------------------
Time: 2025-10-13T22:26:35.040880
Issue: no-invalid-media-type-examples | N/A
Message: Example value must conform to the schema: `content` property must NOT have additional properties `status`. [path: components.examples.post-PAYMENT_FAILURE-paymentFailure.value.content.status]
Location: N/A
Fixed: False
Source: System
Issue Source: redocly-validator
Issue Target: import-url_bundled-spec
Action: COULD NOT PROCESS: Issue definition for code 'no-invalid-media-type-examples' not found in registry.
--------------------------------------------------
Time: 2025-10-13T22:26:35.097374
Issue: no-invalid-media-type-examples | N/A
Message: Example value must conform to the schema: `content` property must NOT have additional properties `transferCode`. [path: components.examples.post-PAYMENT_FAILURE-paymentFailure.value.content.transferCode]
Location: N/A
Fixed: False
Source: System
Issue Source: redocly-validator
Issue Target: import-url_bundled-spec
Action: COULD NOT PROCESS: Issue definition for code 'no-invalid-media-type-examples' not found in registry.
--------------------------------------------------
Time: 2025-10-13T22:26:35.160731
Issue: no-invalid-media-type-examples | N/A
Message: Example value must conform to the schema: `content` property must have required property 'originalReference'. [path: components.examples.post-REFUND_FUNDS_TRANSFER-refundFundsTransfer.value.content]
Location: N/A
Fixed: False
Source: System
Issue Source: redocly-validator
Issue Target: import-url_bundled-spec
Action: COULD NOT PROCESS: Issue definition for code 'no-invalid-media-type-examples' not found in registry.
--------------------------------------------------
Time: 2025-10-13T22:26:35.222029
Issue: no-invalid-media-type-examples | N/A
Message: Example value must conform to the schema: `content` property must NOT have additional properties `destinationAccountCode`. [path: components.examples.post-REFUND_FUNDS_TRANSFER-refundFundsTransfer.value.content.destinationAccountCode]
Location: N/A
Fixed: False
Source: System
Issue Source: redocly-validator
Issue Target: import-url_bundled-spec
Action: COULD NOT PROCESS: Issue definition for code 'no-invalid-media-type-examples' not found in registry.
--------------------------------------------------
Time: 2025-10-13T22:26:35.277130
Issue: no-invalid-media-type-examples | N/A
Message: Example value must conform to the schema: `content` property must NOT have additional properties `sourceAccountCode`. [path: components.examples.post-REFUND_FUNDS_TRANSFER-refundFundsTransfer.value.content.sourceAccountCode]
Location: N/A
Fixed: False
Source: System
Issue Source: redocly-validator
Issue Target: import-url_bundled-spec
Action: COULD NOT PROCESS: Issue definition for code 'no-invalid-media-type-examples' not found in registry.
--------------------------------------------------
Time: 2025-10-13T22:26:35.312433
Issue: no-invalid-media-type-examples | N/A
Message: Example value must conform to the schema: `content` property must NOT have additional properties `transferCode`. [path: components.examples.post-REFUND_FUNDS_TRANSFER-refundFundsTransfer.value.content.transferCode]
Location: N/A
Fixed: False
Source: System
Issue Source: redocly-validator
Issue Target: import-url_bundled-spec
Action: COULD NOT PROCESS: Issue definition for code 'no-invalid-media-type-examples' not found in registry.
--------------------------------------------------
Time: 2025-10-13T22:26:35.346311
Issue: no-invalid-media-type-examples | N/A
Message: Example value must conform to the schema: `content` property must NOT have additional properties `amount`. [path: components.examples.post-REPORT_AVAILABLE-reportAvailable.value.content.amount]
Location: N/A
Fixed: False
Source: System
Issue Source: redocly-validator
Issue Target: import-url_bundled-spec
Action: COULD NOT PROCESS: Issue definition for code 'no-invalid-media-type-examples' not found in registry.
--------------------------------------------------
Time: 2025-10-13T22:26:35.374743
Issue: no-invalid-media-type-examples | N/A
Message: Example value must conform to the schema: `content` property must NOT have additional properties `destinationAccountCode`. [path: components.examples.post-REPORT_AVAILABLE-reportAvailable.value.content.destinationAccountCode]
Location: N/A
Fixed: False
Source: System
Issue Source: redocly-validator
Issue Target: import-url_bundled-spec
Action: COULD NOT PROCESS: Issue definition for code 'no-invalid-media-type-examples' not found in registry.
--------------------------------------------------
Time: 2025-10-13T22:26:35.398549
Issue: no-invalid-media-type-examples | N/A
Message: Example value must conform to the schema: `content` property must NOT have additional properties `invalidFields`. [path: components.examples.post-REPORT_AVAILABLE-reportAvailable.value.content.invalidFields]
Location: N/A
Fixed: False
Source: System
Issue Source: redocly-validator
Issue Target: import-url_bundled-spec
Action: COULD NOT PROCESS: Issue definition for code 'no-invalid-media-type-examples' not found in registry.
--------------------------------------------------
Time: 2025-10-13T22:26:35.426882
Issue: no-invalid-media-type-examples | N/A
Message: Example value must conform to the schema: `content` property must NOT have additional properties `merchantReference`. [path: components.examples.post-REPORT_AVAILABLE-reportAvailable.value.content.merchantReference]
Location: N/A
Fixed: False
Source: System
Issue Source: redocly-validator
Issue Target: import-url_bundled-spec
Action: COULD NOT PROCESS: Issue definition for code 'no-invalid-media-type-examples' not found in registry.
--------------------------------------------------
Time: 2025-10-13T22:26:35.457728
Issue: no-invalid-media-type-examples | N/A
Message: Example value must conform to the schema: `content` property must NOT have additional properties `sourceAccountCode`. [path: components.examples.post-REPORT_AVAILABLE-reportAvailable.value.content.sourceAccountCode]
Location: N/A
Fixed: False
Source: System
Issue Source: redocly-validator
Issue Target: import-url_bundled-spec
Action: COULD NOT PROCESS: Issue definition for code 'no-invalid-media-type-examples' not found in registry.
--------------------------------------------------
Time: 2025-10-13T22:26:35.482562
Issue: no-invalid-media-type-examples | N/A
Message: Example value must conform to the schema: `content` property must NOT have additional properties `status`. [path: components.examples.post-REPORT_AVAILABLE-reportAvailable.value.content.status]
Location: N/A
Fixed: False
Source: System
Issue Source: redocly-validator
Issue Target: import-url_bundled-spec
Action: COULD NOT PROCESS: Issue definition for code 'no-invalid-media-type-examples' not found in registry.
--------------------------------------------------
Time: 2025-10-13T22:26:35.521743
Issue: no-invalid-media-type-examples | N/A
Message: Example value must conform to the schema: `content` property must NOT have additional properties `transferCode`. [path: components.examples.post-REPORT_AVAILABLE-reportAvailable.value.content.transferCode]
Location: N/A
Fixed: False
Source: System
Issue Source: redocly-validator
Issue Target: import-url_bundled-spec
Action: COULD NOT PROCESS: Issue definition for code 'no-invalid-media-type-examples' not found in registry.
--------------------------------------------------
Time: 2025-10-13T22:26:35.549866
Issue: no-invalid-media-type-examples | N/A
Message: Example value must conform to the schema: must have required property 'eventDate'. [path: components.examples.post-SCHEDULED_REFUNDS-scheduledRefunds.value]
Location: N/A
Fixed: False
Source: System
Issue Source: redocly-validator
Issue Target: import-url_bundled-spec
Action: COULD NOT PROCESS: Issue definition for code 'no-invalid-media-type-examples' not found in registry.
--------------------------------------------------
Time: 2025-10-13T22:26:35.553640
Issue: oas3-valid-media-example | N/A
Message: "content" property must have required property "merchantAccountCode" [path: components.examples.post-ACCOUNT_FUNDS_BELOW_THRESHOLD-accountFundsBelowThreshold.value.content]
Location: N/A
Fixed: False
Source: System
Issue Source: spectral-validator
Issue Target: import-url_bundled-spec
Action: COULD NOT PROCESS: Issue definition for code 'oas3-valid-media-example' not found in registry.
--------------------------------------------------
Time: 2025-10-13T22:26:35.556021
Issue: oas3-valid-media-example | N/A
Message: Property "payoutInstrumentTokens" is not expected to be here [path: components.examples.post-ACCOUNT_HOLDER_CREATED-accountHolderCreated-businesses.value.content.accountHolderDetails]
Location: N/A
Fixed: False
Source: System
Issue Source: spectral-validator
Issue Target: import-url_bundled-spec
Action: COULD NOT PROCESS: Issue definition for code 'oas3-valid-media-example' not found in registry.
--------------------------------------------------
Time: 2025-10-13T22:26:35.561038
Issue: oas3-valid-media-example | N/A
Message: Property "mimeType" is not expected to be here [path: components.examples.post-ACCOUNT_HOLDER_CREATED-accountHolderCreated-failed.value]
Location: N/A
Fixed: False
Source: System
Issue Source: spectral-validator
Issue Target: import-url_bundled-spec
Action: COULD NOT PROCESS: Issue definition for code 'oas3-valid-media-example' not found in registry.
--------------------------------------------------
Time: 2025-10-13T22:26:35.565385
Issue: oas3-valid-media-example | N/A
Message: Property "payoutInstrumentTokens" is not expected to be here [path: components.examples.post-ACCOUNT_HOLDER_CREATED-accountHolderCreated-individuals.value.content.accountHolderDetails]
Location: N/A
Fixed: False
Source: System
Issue Source: spectral-validator
Issue Target: import-url_bundled-spec
Action: COULD NOT PROCESS: Issue definition for code 'oas3-valid-media-example' not found in registry.
--------------------------------------------------
Time: 2025-10-13T22:26:35.585937
Issue: oas3-valid-media-example | N/A
Message: Property "AccountEvent" is not expected to be here [path: components.examples.post-ACCOUNT_HOLDER_STATUS_CHANGE-accountHolderStatusChange.value.content.newStatus.events.0]
Location: N/A
Fixed: False
Source: System
Issue Source: spectral-validator
Issue Target: import-url_bundled-spec
Action: COULD NOT PROCESS: Issue definition for code 'oas3-valid-media-example' not found in registry.
--------------------------------------------------
Time: 2025-10-13T22:26:35.630958
Issue: oas3-valid-media-example | N/A
Message: "value" property must have required property "executingUserKey" [path: components.examples.post-ACCOUNT_HOLDER_UPCOMING_DEADLINE-accountHolderUpcomingDeadline.value]
Location: N/A
Fixed: False
Source: System
Issue Source: spectral-validator
Issue Target: import-url_bundled-spec
Action: COULD NOT PROCESS: Issue definition for code 'oas3-valid-media-example' not found in registry.
--------------------------------------------------
Time: 2025-10-13T22:26:35.653905
Issue: oas3-valid-media-example | N/A
Message: Property "status" is not expected to be here [path: components.examples.post-ACCOUNT_HOLDER_UPDATED-accountHolderUpdated.value.content]
Location: N/A
Fixed: False
Source: System
Issue Source: spectral-validator
Issue Target: import-url_bundled-spec
Action: COULD NOT PROCESS: Issue definition for code 'oas3-valid-media-example' not found in registry.
--------------------------------------------------
Time: 2025-10-13T22:26:35.678776
Issue: oas3-valid-media-example | N/A
Message: "value" property must have required property "eventDate" [path: components.examples.post-COMPENSATE_NEGATIVE_BALANCE-compensateNegativeBalance.value]
Location: N/A
Fixed: False
Source: System
Issue Source: spectral-validator
Issue Target: import-url_bundled-spec
Action: COULD NOT PROCESS: Issue definition for code 'oas3-valid-media-example' not found in registry.
--------------------------------------------------
Time: 2025-10-13T22:26:35.687358
Issue: oas3-valid-media-example | N/A
Message: "content" property must have required property "accountCode" [path: components.examples.post-DIRECT_DEBIT_INITIATED-directDebitInitiated.value.content]
Location: N/A
Fixed: False
Source: System
Issue Source: spectral-validator
Issue Target: import-url_bundled-spec
Action: COULD NOT PROCESS: Issue definition for code 'oas3-valid-media-example' not found in registry.
--------------------------------------------------
Time: 2025-10-13T22:26:35.726670
Issue: oas3-valid-media-example | N/A
Message: Property "amount" is not expected to be here [path: components.examples.post-PAYMENT_FAILURE-paymentFailure.value.content]
Location: N/A
Fixed: False
Source: System
Issue Source: spectral-validator
Issue Target: import-url_bundled-spec
Action: COULD NOT PROCESS: Issue definition for code 'oas3-valid-media-example' not found in registry.
--------------------------------------------------
Time: 2025-10-13T22:26:35.755979
Issue: oas3-valid-media-example | N/A
Message: "content" property must have required property "originalReference" [path: components.examples.post-REFUND_FUNDS_TRANSFER-refundFundsTransfer.value.content]
Location: N/A
Fixed: False
Source: System
Issue Source: spectral-validator
Issue Target: import-url_bundled-spec
Action: COULD NOT PROCESS: Issue definition for code 'oas3-valid-media-example' not found in registry.
--------------------------------------------------
Time: 2025-10-13T22:26:35.768305
Issue: oas3-valid-media-example | N/A
Message: Property "amount" is not expected to be here [path: components.examples.post-REPORT_AVAILABLE-reportAvailable.value.content]
Location: N/A
Fixed: False
Source: System
Issue Source: spectral-validator
Issue Target: import-url_bundled-spec
Action: COULD NOT PROCESS: Issue definition for code 'oas3-valid-media-example' not found in registry.
--------------------------------------------------
Time: 2025-10-13T22:26:35.780415
Issue: oas3-valid-media-example | N/A
Message: "value" property must have required property "eventDate" [path: components.examples.post-SCHEDULED_REFUNDS-scheduledRefunds.value]
Location: N/A
Fixed: False
Source: System
Issue Source: spectral-validator
Issue Target: import-url_bundled-spec
Action: COULD NOT PROCESS: Issue definition for code 'oas3-valid-media-example' not found in registry.
