Repair Log
Processed Timestamp: 2025-10-13T22:26:07.756757

--------------------------------------------------
Time: 2025-10-13T22:25:30.924011
Issue: info-license | N/A
Message: Info object should contain `license` field. [path: info]
Location: N/A
Fixed: False
Source: System
Issue Source: redocly-validator
Issue Target: import-url_root-spec
Action: COULD NOT PROCESS: Issue definition for code 'info-license' not found in registry.
--------------------------------------------------
Time: 2025-10-13T22:25:30.990975
Issue: tag-description | N/A
Message: Tag object should contain `description` field. [path: tags.0.description]
Location: N/A
Fixed: False
Source: System
Issue Source: redocly-validator
Issue Target: import-url_root-spec
Action: COULD NOT PROCESS: Issue definition for code 'tag-description' not found in registry.
--------------------------------------------------
Time: 2025-10-13T22:25:31.023806
Issue: tag-description | N/A
Message: Tag object should contain `description` field. [path: tags.1.description]
Location: N/A
Fixed: False
Source: System
Issue Source: redocly-validator
Issue Target: import-url_root-spec
Action: COULD NOT PROCESS: Issue definition for code 'tag-description' not found in registry.
--------------------------------------------------
Time: 2025-10-13T22:25:31.047694
Issue: tag-description | N/A
Message: Tag object should contain `description` field. [path: tags.2.description]
Location: N/A
Fixed: False
Source: System
Issue Source: redocly-validator
Issue Target: import-url_root-spec
Action: COULD NOT PROCESS: Issue definition for code 'tag-description' not found in registry.
--------------------------------------------------
Time: 2025-10-13T22:25:31.085691
Issue: tag-description | N/A
Message: Tag object should contain `description` field. [path: tags.3.description]
Location: N/A
Fixed: False
Source: System
Issue Source: redocly-validator
Issue Target: import-url_root-spec
Action: COULD NOT PROCESS: Issue definition for code 'tag-description' not found in registry.
--------------------------------------------------
Time: 2025-10-13T22:25:31.126431
Issue: no-invalid-media-type-examples | N/A
Message: Example value must conform to the schema: `content` property must have required property 'merchantAccountCode'. [path: components.examples.post-ACCOUNT_FUNDS_BELOW_THRESHOLD-accountFundsBelowThreshold.value.content]
Location: N/A
Fixed: False
Source: System
Issue Source: redocly-validator
Issue Target: import-url_root-spec
Action: COULD NOT PROCESS: Issue definition for code 'no-invalid-media-type-examples' not found in registry.
--------------------------------------------------
Time: 2025-10-13T22:25:31.149429
Issue: no-invalid-media-type-examples | N/A
Message: Example value must conform to the schema: `content` property must have required property 'fundThreshold'. [path: components.examples.post-ACCOUNT_FUNDS_BELOW_THRESHOLD-accountFundsBelowThreshold.value.content]
Location: N/A
Fixed: False
Source: System
Issue Source: redocly-validator
Issue Target: import-url_root-spec
Action: COULD NOT PROCESS: Issue definition for code 'no-invalid-media-type-examples' not found in registry.
--------------------------------------------------
Time: 2025-10-13T22:25:31.154984
Issue: no-invalid-media-type-examples | N/A
Message: Example value must conform to the schema: `content` property must NOT have additional properties `amount`. [path: components.examples.post-ACCOUNT_FUNDS_BELOW_THRESHOLD-accountFundsBelowThreshold.value.content.amount]
Location: N/A
Fixed: False
Source: System
Issue Source: redocly-validator
Issue Target: import-url_root-spec
Action: COULD NOT PROCESS: Issue definition for code 'no-invalid-media-type-examples' not found in registry.
--------------------------------------------------
Time: 2025-10-13T22:25:31.166943
Issue: no-invalid-media-type-examples | N/A
Message: Example value must conform to the schema: `content` property must NOT have additional properties `destinationAccountCode`. [path: components.examples.post-ACCOUNT_FUNDS_BELOW_THRESHOLD-accountFundsBelowThreshold.value.content.destinationAccountCode]
Location: N/A
Fixed: False
Source: System
Issue Source: redocly-validator
Issue Target: import-url_root-spec
Action: COULD NOT PROCESS: Issue definition for code 'no-invalid-media-type-examples' not found in registry.
--------------------------------------------------
Time: 2025-10-13T22:25:31.167830
Issue: no-invalid-media-type-examples | N/A
Message: Example value must conform to the schema: `content` property must NOT have additional properties `invalidFields`. [path: components.examples.post-ACCOUNT_FUNDS_BELOW_THRESHOLD-accountFundsBelowThreshold.value.content.invalidFields]
Location: N/A
Fixed: False
Source: System
Issue Source: redocly-validator
Issue Target: import-url_root-spec
Action: COULD NOT PROCESS: Issue definition for code 'no-invalid-media-type-examples' not found in registry.
--------------------------------------------------
Time: 2025-10-13T22:25:31.167974
Issue: no-invalid-media-type-examples | N/A
Message: Example value must conform to the schema: `content` property must NOT have additional properties `merchantReference`. [path: components.examples.post-ACCOUNT_FUNDS_BELOW_THRESHOLD-accountFundsBelowThreshold.value.content.merchantReference]
Location: N/A
Fixed: False
Source: System
Issue Source: redocly-validator
Issue Target: import-url_root-spec
Action: COULD NOT PROCESS: Issue definition for code 'no-invalid-media-type-examples' not found in registry.
--------------------------------------------------
Time: 2025-10-13T22:25:31.168080
Issue: no-invalid-media-type-examples | N/A
Message: Example value must conform to the schema: `content` property must NOT have additional properties `sourceAccountCode`. [path: components.examples.post-ACCOUNT_FUNDS_BELOW_THRESHOLD-accountFundsBelowThreshold.value.content.sourceAccountCode]
Location: N/A
Fixed: False
Source: System
Issue Source: redocly-validator
Issue Target: import-url_root-spec
Action: COULD NOT PROCESS: Issue definition for code 'no-invalid-media-type-examples' not found in registry.
--------------------------------------------------
Time: 2025-10-13T22:25:31.168165
Issue: no-invalid-media-type-examples | N/A
Message: Example value must conform to the schema: `content` property must NOT have additional properties `status`. [path: components.examples.post-ACCOUNT_FUNDS_BELOW_THRESHOLD-accountFundsBelowThreshold.value.content.status]
Location: N/A
Fixed: False
Source: System
Issue Source: redocly-validator
Issue Target: import-url_root-spec
Action: COULD NOT PROCESS: Issue definition for code 'no-invalid-media-type-examples' not found in registry.
--------------------------------------------------
Time: 2025-10-13T22:25:31.168239
Issue: no-invalid-media-type-examples | N/A
Message: Example value must conform to the schema: `content` property must NOT have additional properties `transferCode`. [path: components.examples.post-ACCOUNT_FUNDS_BELOW_THRESHOLD-accountFundsBelowThreshold.value.content.transferCode]
Location: N/A
Fixed: False
Source: System
Issue Source: redocly-validator
Issue Target: import-url_root-spec
Action: COULD NOT PROCESS: Issue definition for code 'no-invalid-media-type-examples' not found in registry.
--------------------------------------------------
Time: 2025-10-13T22:25:31.168312
Issue: no-invalid-media-type-examples | N/A
Message: Example value must conform to the schema: `accountHolderDetails` property must NOT have additional properties `payoutInstrumentTokens`. [path: components.examples.post-ACCOUNT_HOLDER_CREATED-accountHolderCreated-businesses.value.content.accountHolderDetails.payoutInstrumentTokens]
Location: N/A
Fixed: False
Source: System
Issue Source: redocly-validator
Issue Target: import-url_root-spec
Action: COULD NOT PROCESS: Issue definition for code 'no-invalid-media-type-examples' not found in registry.
--------------------------------------------------
Time: 2025-10-13T22:25:31.168384
Issue: no-invalid-media-type-examples | N/A
Message: Example value must conform to the schema: `verification` property must NOT have additional properties `bankAccounts`. [path: components.examples.post-ACCOUNT_HOLDER_CREATED-accountHolderCreated-businesses.value.content.verification.bankAccounts]
Location: N/A
Fixed: False
Source: System
Issue Source: redocly-validator
Issue Target: import-url_root-spec
Action: COULD NOT PROCESS: Issue definition for code 'no-invalid-media-type-examples' not found in registry.
--------------------------------------------------
Time: 2025-10-13T22:25:31.168465
Issue: no-invalid-media-type-examples | N/A
Message: Example value must conform to the schema: must NOT have additional properties `mimeType`. [path: components.examples.post-ACCOUNT_HOLDER_CREATED-accountHolderCreated-failed.value.mimeType]
Location: N/A
Fixed: False
Source: System
Issue Source: redocly-validator
Issue Target: import-url_root-spec
Action: COULD NOT PROCESS: Issue definition for code 'no-invalid-media-type-examples' not found in registry.
--------------------------------------------------
Time: 2025-10-13T22:25:31.168537
Issue: no-invalid-media-type-examples | N/A
Message: Example value must conform to the schema: `content` property must NOT have additional properties `accountState`. [path: components.examples.post-ACCOUNT_HOLDER_CREATED-accountHolderCreated-failed.value.content.accountState]
Location: N/A
Fixed: False
Source: System
Issue Source: redocly-validator
Issue Target: import-url_root-spec
Action: COULD NOT PROCESS: Issue definition for code 'no-invalid-media-type-examples' not found in registry.
--------------------------------------------------
Time: 2025-10-13T22:25:31.168618
Issue: no-invalid-media-type-examples | N/A
Message: Example value must conform to the schema: `content` property must NOT have additional properties `amount`. [path: components.examples.post-ACCOUNT_HOLDER_CREATED-accountHolderCreated-failed.value.content.amount]
Location: N/A
Fixed: False
Source: System
Issue Source: redocly-validator
Issue Target: import-url_root-spec
Action: COULD NOT PROCESS: Issue definition for code 'no-invalid-media-type-examples' not found in registry.
--------------------------------------------------
Time: 2025-10-13T22:25:31.168688
Issue: no-invalid-media-type-examples | N/A
Message: Example value must conform to the schema: `content` property must NOT have additional properties `totalAmountBeforeLimit`. [path: components.examples.post-ACCOUNT_HOLDER_CREATED-accountHolderCreated-failed.value.content.totalAmountBeforeLimit]
Location: N/A
Fixed: False
Source: System
Issue Source: redocly-validator
Issue Target: import-url_root-spec
Action: COULD NOT PROCESS: Issue definition for code 'no-invalid-media-type-examples' not found in registry.
--------------------------------------------------
Time: 2025-10-13T22:25:31.168754
Issue: no-invalid-media-type-examples | N/A
Message: Example value must conform to the schema: `content` property must NOT have additional properties `transactionDate`. [path: components.examples.post-ACCOUNT_HOLDER_CREATED-accountHolderCreated-failed.value.content.transactionDate]
Location: N/A
Fixed: False
Source: System
Issue Source: redocly-validator
Issue Target: import-url_root-spec
Action: COULD NOT PROCESS: Issue definition for code 'no-invalid-media-type-examples' not found in registry.
--------------------------------------------------
Time: 2025-10-13T22:25:31.168822
Issue: no-invalid-media-type-examples | N/A
Message: Example value must conform to the schema: `content` property must NOT have additional properties `transactionFailed`. [path: components.examples.post-ACCOUNT_HOLDER_CREATED-accountHolderCreated-failed.value.content.transactionFailed]
Location: N/A
Fixed: False
Source: System
Issue Source: redocly-validator
Issue Target: import-url_root-spec
Action: COULD NOT PROCESS: Issue definition for code 'no-invalid-media-type-examples' not found in registry.
--------------------------------------------------
Time: 2025-10-13T22:25:31.168887
Issue: no-invalid-media-type-examples | N/A
Message: Example value must conform to the schema: `accountHolderDetails` property must NOT have additional properties `payoutInstrumentTokens`. [path: components.examples.post-ACCOUNT_HOLDER_CREATED-accountHolderCreated-individuals.value.content.accountHolderDetails.payoutInstrumentTokens]
Location: N/A
Fixed: False
Source: System
Issue Source: redocly-validator
Issue Target: import-url_root-spec
Action: COULD NOT PROCESS: Issue definition for code 'no-invalid-media-type-examples' not found in registry.
--------------------------------------------------
Time: 2025-10-13T22:25:31.168951
Issue: no-invalid-media-type-examples | N/A
Message: Example value must conform to the schema: `verification` property must NOT have additional properties `bankAccounts`. [path: components.examples.post-ACCOUNT_HOLDER_CREATED-accountHolderCreated-individuals.value.content.verification.bankAccounts]
Location: N/A
Fixed: False
Source: System
Issue Source: redocly-validator
Issue Target: import-url_root-spec
Action: COULD NOT PROCESS: Issue definition for code 'no-invalid-media-type-examples' not found in registry.
--------------------------------------------------
Time: 2025-10-13T22:25:31.169032
Issue: no-invalid-media-type-examples | N/A
Message: Example value must conform to the schema: `0` property must NOT have additional properties `AccountEvent`. [path: components.examples.post-ACCOUNT_HOLDER_STATUS_CHANGE-accountHolderStatusChange.value.content.newStatus.events.0.AccountEvent]
Location: N/A
Fixed: False
Source: System
Issue Source: redocly-validator
Issue Target: import-url_root-spec
Action: COULD NOT PROCESS: Issue definition for code 'no-invalid-media-type-examples' not found in registry.
--------------------------------------------------
Time: 2025-10-13T22:25:31.169104
Issue: no-invalid-media-type-examples | N/A
Message: Example value must conform to the schema: must have required property 'executingUserKey'. [path: components.examples.post-ACCOUNT_HOLDER_UPCOMING_DEADLINE-accountHolderUpcomingDeadline.value]
Location: N/A
Fixed: False
Source: System
Issue Source: redocly-validator
Issue Target: import-url_root-spec
Action: COULD NOT PROCESS: Issue definition for code 'no-invalid-media-type-examples' not found in registry.
--------------------------------------------------
Time: 2025-10-13T22:25:31.169172
Issue: no-invalid-media-type-examples | N/A
Message: Example value must conform to the schema: `executionDate` property must match format "date-time". [path: components.examples.post-ACCOUNT_HOLDER_UPCOMING_DEADLINE-accountHolderUpcomingDeadline.value.content.executionDate]
Location: N/A
Fixed: False
Source: System
Issue Source: redocly-validator
Issue Target: import-url_root-spec
Action: COULD NOT PROCESS: Issue definition for code 'no-invalid-media-type-examples' not found in registry.
--------------------------------------------------
Time: 2025-10-13T22:25:31.169239
Issue: no-invalid-media-type-examples | N/A
Message: Example value must conform to the schema: `content` property must NOT have additional properties `status`. [path: components.examples.post-ACCOUNT_HOLDER_UPDATED-accountHolderUpdated.value.content.status]
Location: N/A
Fixed: False
Source: System
Issue Source: redocly-validator
Issue Target: import-url_root-spec
Action: COULD NOT PROCESS: Issue definition for code 'no-invalid-media-type-examples' not found in registry.
--------------------------------------------------
Time: 2025-10-13T22:25:31.169319
Issue: no-invalid-media-type-examples | N/A
Message: Example value must conform to the schema: must have required property 'eventDate'. [path: components.examples.post-COMPENSATE_NEGATIVE_BALANCE-compensateNegativeBalance.value]
Location: N/A
Fixed: False
Source: System
Issue Source: redocly-validator
Issue Target: import-url_root-spec
Action: COULD NOT PROCESS: Issue definition for code 'no-invalid-media-type-examples' not found in registry.
--------------------------------------------------
Time: 2025-10-13T22:25:31.169396
Issue: no-invalid-media-type-examples | N/A
Message: Example value must conform to the schema: `content` property must have required property 'accountCode'. [path: components.examples.post-DIRECT_DEBIT_INITIATED-directDebitInitiated.value.content]
Location: N/A
Fixed: False
Source: System
Issue Source: redocly-validator
Issue Target: import-url_root-spec
Action: COULD NOT PROCESS: Issue definition for code 'no-invalid-media-type-examples' not found in registry.
--------------------------------------------------
Time: 2025-10-13T22:25:31.169469
Issue: no-invalid-media-type-examples | N/A
Message: Example value must conform to the schema: `content` property must have required property 'merchantAccountCode'. [path: components.examples.post-DIRECT_DEBIT_INITIATED-directDebitInitiated.value.content]
Location: N/A
Fixed: False
Source: System
Issue Source: redocly-validator
Issue Target: import-url_root-spec
Action: COULD NOT PROCESS: Issue definition for code 'no-invalid-media-type-examples' not found in registry.
--------------------------------------------------
Time: 2025-10-13T22:25:31.169540
Issue: no-invalid-media-type-examples | N/A
Message: Example value must conform to the schema: `content` property must NOT have additional properties `destinationAccountCode`. [path: components.examples.post-DIRECT_DEBIT_INITIATED-directDebitInitiated.value.content.destinationAccountCode]
Location: N/A
Fixed: False
Source: System
Issue Source: redocly-validator
Issue Target: import-url_root-spec
Action: COULD NOT PROCESS: Issue definition for code 'no-invalid-media-type-examples' not found in registry.
--------------------------------------------------
Time: 2025-10-13T22:25:31.169607
Issue: no-invalid-media-type-examples | N/A
Message: Example value must conform to the schema: `content` property must NOT have additional properties `merchantReference`. [path: components.examples.post-DIRECT_DEBIT_INITIATED-directDebitInitiated.value.content.merchantReference]
Location: N/A
Fixed: False
Source: System
Issue Source: redocly-validator
Issue Target: import-url_root-spec
Action: COULD NOT PROCESS: Issue definition for code 'no-invalid-media-type-examples' not found in registry.
--------------------------------------------------
Time: 2025-10-13T22:25:31.174957
Issue: no-invalid-media-type-examples | N/A
Message: Example value must conform to the schema: `content` property must NOT have additional properties `sourceAccountCode`. [path: components.examples.post-DIRECT_DEBIT_INITIATED-directDebitInitiated.value.content.sourceAccountCode]
Location: N/A
Fixed: False
Source: System
Issue Source: redocly-validator
Issue Target: import-url_root-spec
Action: COULD NOT PROCESS: Issue definition for code 'no-invalid-media-type-examples' not found in registry.
--------------------------------------------------
Time: 2025-10-13T22:25:31.175871
Issue: no-invalid-media-type-examples | N/A
Message: Example value must conform to the schema: `content` property must NOT have additional properties `transferCode`. [path: components.examples.post-DIRECT_DEBIT_INITIATED-directDebitInitiated.value.content.transferCode]
Location: N/A
Fixed: False
Source: System
Issue Source: redocly-validator
Issue Target: import-url_root-spec
Action: COULD NOT PROCESS: Issue definition for code 'no-invalid-media-type-examples' not found in registry.
--------------------------------------------------
Time: 2025-10-13T22:25:31.176001
Issue: no-invalid-media-type-examples | N/A
Message: Example value must conform to the schema: `content` property must NOT have additional properties `amount`. [path: components.examples.post-PAYMENT_FAILURE-paymentFailure.value.content.amount]
Location: N/A
Fixed: False
Source: System
Issue Source: redocly-validator
Issue Target: import-url_root-spec
Action: COULD NOT PROCESS: Issue definition for code 'no-invalid-media-type-examples' not found in registry.
--------------------------------------------------
Time: 2025-10-13T22:25:31.203941
Issue: no-invalid-media-type-examples | N/A
Message: Example value must conform to the schema: `content` property must NOT have additional properties `destinationAccountCode`. [path: components.examples.post-PAYMENT_FAILURE-paymentFailure.value.content.destinationAccountCode]
Location: N/A
Fixed: False
Source: System
Issue Source: redocly-validator
Issue Target: import-url_root-spec
Action: COULD NOT PROCESS: Issue definition for code 'no-invalid-media-type-examples' not found in registry.
--------------------------------------------------
Time: 2025-10-13T22:25:31.211118
Issue: no-invalid-media-type-examples | N/A
Message: Example value must conform to the schema: `content` property must NOT have additional properties `invalidFields`. [path: components.examples.post-PAYMENT_FAILURE-paymentFailure.value.content.invalidFields]
Location: N/A
Fixed: False
Source: System
Issue Source: redocly-validator
Issue Target: import-url_root-spec
Action: COULD NOT PROCESS: Issue definition for code 'no-invalid-media-type-examples' not found in registry.
--------------------------------------------------
Time: 2025-10-13T22:25:31.237199
Issue: no-invalid-media-type-examples | N/A
Message: Example value must conform to the schema: `content` property must NOT have additional properties `merchantReference`. [path: components.examples.post-PAYMENT_FAILURE-paymentFailure.value.content.merchantReference]
Location: N/A
Fixed: False
Source: System
Issue Source: redocly-validator
Issue Target: import-url_root-spec
Action: COULD NOT PROCESS: Issue definition for code 'no-invalid-media-type-examples' not found in registry.
--------------------------------------------------
Time: 2025-10-13T22:25:31.239693
Issue: no-invalid-media-type-examples | N/A
Message: Example value must conform to the schema: `content` property must NOT have additional properties `sourceAccountCode`. [path: components.examples.post-PAYMENT_FAILURE-paymentFailure.value.content.sourceAccountCode]
Location: N/A
Fixed: False
Source: System
Issue Source: redocly-validator
Issue Target: import-url_root-spec
Action: COULD NOT PROCESS: Issue definition for code 'no-invalid-media-type-examples' not found in registry.
--------------------------------------------------
Time: 2025-10-13T22:25:31.246132
Issue: no-invalid-media-type-examples | N/A
Message: Example value must conform to the schema: `content` property must NOT have additional properties `status`. [path: components.examples.post-PAYMENT_FAILURE-paymentFailure.value.content.status]
Location: N/A
Fixed: False
Source: System
Issue Source: redocly-validator
Issue Target: import-url_root-spec
Action: COULD NOT PROCESS: Issue definition for code 'no-invalid-media-type-examples' not found in registry.
--------------------------------------------------
Time: 2025-10-13T22:25:31.262507
Issue: no-invalid-media-type-examples | N/A
Message: Example value must conform to the schema: `content` property must NOT have additional properties `transferCode`. [path: components.examples.post-PAYMENT_FAILURE-paymentFailure.value.content.transferCode]
Location: N/A
Fixed: False
Source: System
Issue Source: redocly-validator
Issue Target: import-url_root-spec
Action: COULD NOT PROCESS: Issue definition for code 'no-invalid-media-type-examples' not found in registry.
--------------------------------------------------
Time: 2025-10-13T22:25:31.262729
Issue: no-invalid-media-type-examples | N/A
Message: Example value must conform to the schema: `content` property must have required property 'originalReference'. [path: components.examples.post-REFUND_FUNDS_TRANSFER-refundFundsTransfer.value.content]
Location: N/A
Fixed: False
Source: System
Issue Source: redocly-validator
Issue Target: import-url_root-spec
Action: COULD NOT PROCESS: Issue definition for code 'no-invalid-media-type-examples' not found in registry.
--------------------------------------------------
Time: 2025-10-13T22:25:31.262832
Issue: no-invalid-media-type-examples | N/A
Message: Example value must conform to the schema: `content` property must NOT have additional properties `destinationAccountCode`. [path: components.examples.post-REFUND_FUNDS_TRANSFER-refundFundsTransfer.value.content.destinationAccountCode]
Location: N/A
Fixed: False
Source: System
Issue Source: redocly-validator
Issue Target: import-url_root-spec
Action: COULD NOT PROCESS: Issue definition for code 'no-invalid-media-type-examples' not found in registry.
--------------------------------------------------
Time: 2025-10-13T22:25:31.262917
Issue: no-invalid-media-type-examples | N/A
Message: Example value must conform to the schema: `content` property must NOT have additional properties `sourceAccountCode`. [path: components.examples.post-REFUND_FUNDS_TRANSFER-refundFundsTransfer.value.content.sourceAccountCode]
Location: N/A
Fixed: False
Source: System
Issue Source: redocly-validator
Issue Target: import-url_root-spec
Action: COULD NOT PROCESS: Issue definition for code 'no-invalid-media-type-examples' not found in registry.
--------------------------------------------------
Time: 2025-10-13T22:25:31.263008
Issue: no-invalid-media-type-examples | N/A
Message: Example value must conform to the schema: `content` property must NOT have additional properties `transferCode`. [path: components.examples.post-REFUND_FUNDS_TRANSFER-refundFundsTransfer.value.content.transferCode]
Location: N/A
Fixed: False
Source: System
Issue Source: redocly-validator
Issue Target: import-url_root-spec
Action: COULD NOT PROCESS: Issue definition for code 'no-invalid-media-type-examples' not found in registry.
--------------------------------------------------
Time: 2025-10-13T22:25:31.263097
Issue: no-invalid-media-type-examples | N/A
Message: Example value must conform to the schema: `content` property must NOT have additional properties `amount`. [path: components.examples.post-REPORT_AVAILABLE-reportAvailable.value.content.amount]
Location: N/A
Fixed: False
Source: System
Issue Source: redocly-validator
Issue Target: import-url_root-spec
Action: COULD NOT PROCESS: Issue definition for code 'no-invalid-media-type-examples' not found in registry.
--------------------------------------------------
Time: 2025-10-13T22:25:31.263183
Issue: no-invalid-media-type-examples | N/A
Message: Example value must conform to the schema: `content` property must NOT have additional properties `destinationAccountCode`. [path: components.examples.post-REPORT_AVAILABLE-reportAvailable.value.content.destinationAccountCode]
Location: N/A
Fixed: False
Source: System
Issue Source: redocly-validator
Issue Target: import-url_root-spec
Action: COULD NOT PROCESS: Issue definition for code 'no-invalid-media-type-examples' not found in registry.
--------------------------------------------------
Time: 2025-10-13T22:25:31.263747
Issue: no-invalid-media-type-examples | N/A
Message: Example value must conform to the schema: `content` property must NOT have additional properties `invalidFields`. [path: components.examples.post-REPORT_AVAILABLE-reportAvailable.value.content.invalidFields]
Location: N/A
Fixed: False
Source: System
Issue Source: redocly-validator
Issue Target: import-url_root-spec
Action: COULD NOT PROCESS: Issue definition for code 'no-invalid-media-type-examples' not found in registry.
--------------------------------------------------
Time: 2025-10-13T22:25:31.263837
Issue: no-invalid-media-type-examples | N/A
Message: Example value must conform to the schema: `content` property must NOT have additional properties `merchantReference`. [path: components.examples.post-REPORT_AVAILABLE-reportAvailable.value.content.merchantReference]
Location: N/A
Fixed: False
Source: System
Issue Source: redocly-validator
Issue Target: import-url_root-spec
Action: COULD NOT PROCESS: Issue definition for code 'no-invalid-media-type-examples' not found in registry.
--------------------------------------------------
Time: 2025-10-13T22:25:31.264173
Issue: no-invalid-media-type-examples | N/A
Message: Example value must conform to the schema: `content` property must NOT have additional properties `sourceAccountCode`. [path: components.examples.post-REPORT_AVAILABLE-reportAvailable.value.content.sourceAccountCode]
Location: N/A
Fixed: False
Source: System
Issue Source: redocly-validator
Issue Target: import-url_root-spec
Action: COULD NOT PROCESS: Issue definition for code 'no-invalid-media-type-examples' not found in registry.
--------------------------------------------------
Time: 2025-10-13T22:25:31.270220
Issue: no-invalid-media-type-examples | N/A
Message: Example value must conform to the schema: `content` property must NOT have additional properties `status`. [path: components.examples.post-REPORT_AVAILABLE-reportAvailable.value.content.status]
Location: N/A
Fixed: False
Source: System
Issue Source: redocly-validator
Issue Target: import-url_root-spec
Action: COULD NOT PROCESS: Issue definition for code 'no-invalid-media-type-examples' not found in registry.
--------------------------------------------------
Time: 2025-10-13T22:25:31.288164
Issue: no-invalid-media-type-examples | N/A
Message: Example value must conform to the schema: `content` property must NOT have additional properties `transferCode`. [path: components.examples.post-REPORT_AVAILABLE-reportAvailable.value.content.transferCode]
Location: N/A
Fixed: False
Source: System
Issue Source: redocly-validator
Issue Target: import-url_root-spec
Action: COULD NOT PROCESS: Issue definition for code 'no-invalid-media-type-examples' not found in registry.
--------------------------------------------------
Time: 2025-10-13T22:25:31.307700
Issue: no-invalid-media-type-examples | N/A
Message: Example value must conform to the schema: must have required property 'eventDate'. [path: components.examples.post-SCHEDULED_REFUNDS-scheduledRefunds.value]
Location: N/A
Fixed: False
Source: System
Issue Source: redocly-validator
Issue Target: import-url_root-spec
Action: COULD NOT PROCESS: Issue definition for code 'no-invalid-media-type-examples' not found in registry.
--------------------------------------------------
Time: 2025-10-13T22:25:31.309718
Issue: oas3-valid-media-example | N/A
Message: "content" property must have required property "merchantAccountCode" [path: components.examples.post-ACCOUNT_FUNDS_BELOW_THRESHOLD-accountFundsBelowThreshold.value.content]
Location: N/A
Fixed: False
Source: System
Issue Source: spectral-validator
Issue Target: import-url_root-spec
Action: COULD NOT PROCESS: Issue definition for code 'oas3-valid-media-example' not found in registry.
--------------------------------------------------
Time: 2025-10-13T22:25:31.311109
Issue: oas3-valid-media-example | N/A
Message: Property "payoutInstrumentTokens" is not expected to be here [path: components.examples.post-ACCOUNT_HOLDER_CREATED-accountHolderCreated-businesses.value.content.accountHolderDetails]
Location: N/A
Fixed: False
Source: System
Issue Source: spectral-validator
Issue Target: import-url_root-spec
Action: COULD NOT PROCESS: Issue definition for code 'oas3-valid-media-example' not found in registry.
--------------------------------------------------
Time: 2025-10-13T22:25:31.311439
Issue: oas3-valid-media-example | N/A
Message: Property "mimeType" is not expected to be here [path: components.examples.post-ACCOUNT_HOLDER_CREATED-accountHolderCreated-failed.value]
Location: N/A
Fixed: False
Source: System
Issue Source: spectral-validator
Issue Target: import-url_root-spec
Action: COULD NOT PROCESS: Issue definition for code 'oas3-valid-media-example' not found in registry.
--------------------------------------------------
Time: 2025-10-13T22:25:31.323598
Issue: oas3-valid-media-example | N/A
Message: Property "payoutInstrumentTokens" is not expected to be here [path: components.examples.post-ACCOUNT_HOLDER_CREATED-accountHolderCreated-individuals.value.content.accountHolderDetails]
Location: N/A
Fixed: False
Source: System
Issue Source: spectral-validator
Issue Target: import-url_root-spec
Action: COULD NOT PROCESS: Issue definition for code 'oas3-valid-media-example' not found in registry.
--------------------------------------------------
Time: 2025-10-13T22:25:31.335858
Issue: oas3-valid-media-example | N/A
Message: Property "AccountEvent" is not expected to be here [path: components.examples.post-ACCOUNT_HOLDER_STATUS_CHANGE-accountHolderStatusChange.value.content.newStatus.events.0]
Location: N/A
Fixed: False
Source: System
Issue Source: spectral-validator
Issue Target: import-url_root-spec
Action: COULD NOT PROCESS: Issue definition for code 'oas3-valid-media-example' not found in registry.
--------------------------------------------------
Time: 2025-10-13T22:25:31.365404
Issue: oas3-valid-media-example | N/A
Message: "value" property must have required property "executingUserKey" [path: components.examples.post-ACCOUNT_HOLDER_UPCOMING_DEADLINE-accountHolderUpcomingDeadline.value]
Location: N/A
Fixed: False
Source: System
Issue Source: spectral-validator
Issue Target: import-url_root-spec
Action: COULD NOT PROCESS: Issue definition for code 'oas3-valid-media-example' not found in registry.
--------------------------------------------------
Time: 2025-10-13T22:25:31.372106
Issue: oas3-valid-media-example | N/A
Message: Property "status" is not expected to be here [path: components.examples.post-ACCOUNT_HOLDER_UPDATED-accountHolderUpdated.value.content]
Location: N/A
Fixed: False
Source: System
Issue Source: spectral-validator
Issue Target: import-url_root-spec
Action: COULD NOT PROCESS: Issue definition for code 'oas3-valid-media-example' not found in registry.
--------------------------------------------------
Time: 2025-10-13T22:25:31.383760
Issue: oas3-valid-media-example | N/A
Message: "value" property must have required property "eventDate" [path: components.examples.post-COMPENSATE_NEGATIVE_BALANCE-compensateNegativeBalance.value]
Location: N/A
Fixed: False
Source: System
Issue Source: spectral-validator
Issue Target: import-url_root-spec
Action: COULD NOT PROCESS: Issue definition for code 'oas3-valid-media-example' not found in registry.
--------------------------------------------------
Time: 2025-10-13T22:25:31.396884
Issue: oas3-valid-media-example | N/A
Message: "content" property must have required property "accountCode" [path: components.examples.post-DIRECT_DEBIT_INITIATED-directDebitInitiated.value.content]
Location: N/A
Fixed: False
Source: System
Issue Source: spectral-validator
Issue Target: import-url_root-spec
Action: COULD NOT PROCESS: Issue definition for code 'oas3-valid-media-example' not found in registry.
--------------------------------------------------
Time: 2025-10-13T22:25:31.402492
Issue: oas3-valid-media-example | N/A
Message: Property "amount" is not expected to be here [path: components.examples.post-PAYMENT_FAILURE-paymentFailure.value.content]
Location: N/A
Fixed: False
Source: System
Issue Source: spectral-validator
Issue Target: import-url_root-spec
Action: COULD NOT PROCESS: Issue definition for code 'oas3-valid-media-example' not found in registry.
--------------------------------------------------
Time: 2025-10-13T22:25:31.409831
Issue: oas3-valid-media-example | N/A
Message: "content" property must have required property "originalReference" [path: components.examples.post-REFUND_FUNDS_TRANSFER-refundFundsTransfer.value.content]
Location: N/A
Fixed: False
Source: System
Issue Source: spectral-validator
Issue Target: import-url_root-spec
Action: COULD NOT PROCESS: Issue definition for code 'oas3-valid-media-example' not found in registry.
--------------------------------------------------
Time: 2025-10-13T22:25:31.426404
Issue: oas3-valid-media-example | N/A
Message: Property "amount" is not expected to be here [path: components.examples.post-REPORT_AVAILABLE-reportAvailable.value.content]
Location: N/A
Fixed: False
Source: System
Issue Source: spectral-validator
Issue Target: import-url_root-spec
Action: COULD NOT PROCESS: Issue definition for code 'oas3-valid-media-example' not found in registry.
--------------------------------------------------
Time: 2025-10-13T22:25:31.438425
Issue: oas3-valid-media-example | N/A
Message: "value" property must have required property "eventDate" [path: components.examples.post-SCHEDULED_REFUNDS-scheduledRefunds.value]
Location: N/A
Fixed: False
Source: System
Issue Source: spectral-validator
Issue Target: import-url_root-spec
Action: COULD NOT PROCESS: Issue definition for code 'oas3-valid-media-example' not found in registry.
