Repair Log
Processed Timestamp: 2025-10-13T22:54:58.277430

--------------------------------------------------
Time: 2025-10-13T22:54:49.287822
Issue: oneOf | N/A
Message: {'description': "Defines the contact information associated with a `Registration`. [ICANN](https://icann.org/) requires all domain names to have associated contact information. The `registrant_contact` is considered the domain's legal owner, and often the other contacts are identical.", 'properties': {'adminContact': {'$ref': '#/components/schemas/Contact', 'description': 'Required. The administrative contact for the `Registration`.'}, 'privacy': {'description': 'Required. Privacy setting for the contacts associated with the `Registration`.', 'enum': ['CONTACT_PRIVACY_UNSPECIFIED', 'PUBLIC_CONTACT_DATA', 'PRIVATE_CONTACT_DATA', 'REDACTED_CONTACT_DATA'], 'enumDeprecated': [False, False, True, False], 'type': 'string'}, 'registrantContact': {'$ref': '#/components/schemas/Contact', 'description': 'Required. The registrant contact for the `Registration`. *Caution: Anyone with access to this email address, phone number, and/or postal address can take control of the domain.* *Warning: For new `Registration`s, the registrant receives an email confirmation that they must complete within 15 days to avoid domain suspension.*'}, 'technicalContact': {'$ref': '#/components/schemas/Contact', 'description': 'Required. The technical contact for the `Registration`.'}}, 'type': 'object'} is not valid under any of the given schemas
Location: N/A
Fixed: False
Source: System
Issue Source: openapi-spec-validator
Issue Target: import-url_root-spec
Action: COULD NOT PROCESS: Issue definition for code 'oneOf' not found in registry.
--------------------------------------------------
Time: 2025-10-13T22:54:49.305044
Issue: oneOf | N/A
Message: {'description': 'Defines renewal, billing, and transfer settings for a `Registration`.', 'properties': {'effectiveTransferLockState': {'description': 'Output only. The actual transfer lock state for this `Registration`.', 'enum': ['TRANSFER_LOCK_STATE_UNSPECIFIED', 'UNLOCKED', 'LOCKED'], 'readOnly': True, 'type': 'string'}, 'preferredRenewalMethod': {'description': 'Optional. The desired renewal method for this `Registration`. The actual `renewal_method` is automatically updated to reflect this choice. If unset or equal to `RENEWAL_METHOD_UNSPECIFIED`, the actual `renewalMethod` is treated as if it were set to `AUTOMATIC_RENEWAL`. You cannot use `RENEWAL_DISABLED` during resource creation, and you can update the renewal status only when the `Registration` resource has state `ACTIVE` or `SUSPENDED`. When `preferred_renewal_method` is set to `AUTOMATIC_RENEWAL`, the actual `renewal_method` can be set to `RENEWAL_DISABLED` in case of problems with the billing account or reported domain abuse. In such cases, check the `issues` field on the `Registration`. After the problem is resolved, the `renewal_method` is automatically updated to `preferred_renewal_method` in a few hours.', 'enum': ['RENEWAL_METHOD_UNSPECIFIED', 'AUTOMATIC_RENEWAL', 'MANUAL_RENEWAL', 'RENEWAL_DISABLED'], 'enumDeprecated': [False, False, True, False], 'type': 'string'}, 'renewalMethod': {'description': 'Output only. The actual renewal method for this `Registration`. When `preferred_renewal_method` is set to `AUTOMATIC_RENEWAL`, the actual `renewal_method` can be equal to `RENEWAL_DISABLED`â€”for example, when there are problems with the billing account or reported domain abuse. In such cases, check the `issues` field on the `Registration`. After the problem is resolved, the `renewal_method` is automatically updated to `preferred_renewal_method` in a few hours.', 'enum': ['RENEWAL_METHOD_UNSPECIFIED', 'AUTOMATIC_RENEWAL', 'MANUAL_RENEWAL', 'RENEWAL_DISABLED'], 'enumDeprecated': [False, False, True, False], 'readOnly': True, 'type': 'string'}, 'transferLockState': {'description': 'This is the desired transfer lock state for this `Registration`. A transfer lock controls whether the domain can be transferred to another registrar. The transfer lock state of the domain is returned in the `effective_transfer_lock_state` property. The transfer lock state values might be different for the following reasons: * `transfer_lock_state` was updated only a short time ago. * Domains with the `TRANSFER_LOCK_UNSUPPORTED_BY_REGISTRY` state are in the list of `domain_properties`. These domains are always in the `UNLOCKED` state.', 'enum': ['TRANSFER_LOCK_STATE_UNSPECIFIED', 'UNLOCKED', 'LOCKED'], 'type': 'string'}}, 'type': 'object'} is not valid under any of the given schemas
Location: N/A
Fixed: False
Source: System
Issue Source: openapi-spec-validator
Issue Target: import-url_root-spec
Action: COULD NOT PROCESS: Issue definition for code 'oneOf' not found in registry.
--------------------------------------------------
Time: 2025-10-13T22:54:49.310297
Issue: oneOf | N/A
Message: {'description': 'Parameters required to register a new domain.', 'properties': {'availability': {'description': 'Indicates whether the domain is available for registration. This value is accurate when obtained by calling `RetrieveRegisterParameters`, but is approximate when obtained by calling `SearchDomains`.', 'enum': ['AVAILABILITY_UNSPECIFIED', 'AVAILABLE', 'UNAVAILABLE', 'UNSUPPORTED', 'UNKNOWN'], 'type': 'string'}, 'domainName': {'description': 'The domain name. Unicode domain names are expressed in Punycode format.', 'type': 'string'}, 'domainNotices': {'description': 'Notices about special properties of the domain.', 'items': {'enum': ['DOMAIN_NOTICE_UNSPECIFIED', 'HSTS_PRELOADED'], 'type': 'string'}, 'type': 'array'}, 'supportedPrivacy': {'description': 'Contact privacy options that the domain supports.', 'items': {'enum': ['CONTACT_PRIVACY_UNSPECIFIED', 'PUBLIC_CONTACT_DATA', 'PRIVATE_CONTACT_DATA', 'REDACTED_CONTACT_DATA'], 'enumDeprecated': [False, False, True, False], 'type': 'string'}, 'type': 'array'}, 'yearlyPrice': {'$ref': '#/components/schemas/Money', 'description': 'Price to register or renew the domain for one year.'}}, 'type': 'object'} is not valid under any of the given schemas
Location: N/A
Fixed: False
Source: System
Issue Source: openapi-spec-validator
Issue Target: import-url_root-spec
Action: COULD NOT PROCESS: Issue definition for code 'oneOf' not found in registry.
--------------------------------------------------
Time: 2025-10-13T22:54:49.317516
Issue: oneOf | N/A
Message: {'description': "The `Registration` resource facilitates managing and configuring domain name registrations. There are several ways to create a new `Registration` resource: To create a new `Registration` resource, find a suitable domain name by calling the `SearchDomains` method with a query to see available domain name options. After choosing a name, call `RetrieveRegisterParameters` to ensure availability and obtain information like pricing, which is needed to build a call to `RegisterDomain`. Another way to create a new `Registration` is to transfer an existing domain from another registrar (Deprecated: For more information, see [Cloud Domains feature deprecation](https://cloud.google.com/domains/docs/deprecations/feature-deprecations)). First, go to the current registrar to unlock the domain for transfer and retrieve the domain's transfer authorization code. Then call `RetrieveTransferParameters` to confirm that the domain is unlocked and to get values needed to build a call to `TransferDomain`. Finally, you can create a new `Registration` by importing an existing domain managed with [Google Domains](https://domains.google/) (Deprecated: For more information, see [Cloud Domains feature deprecation](https://cloud.google.com/domains/docs/deprecations/feature-deprecations)). First, call `RetrieveImportableDomains` to list domains to which the calling user has sufficient access. Then call `ImportDomain` on any domain names you want to use with Cloud Domains.", 'properties': {'contactSettings': {'$ref': '#/components/schemas/ContactSettings', 'description': 'Required. Settings for contact information linked to the `Registration`. You cannot update these with the `UpdateRegistration` method. To update these settings, use the `ConfigureContactSettings` method.'}, 'createTime': {'description': 'Output only. The creation timestamp of the `Registration` resource.', 'format': 'google-datetime', 'readOnly': True, 'type': 'string'}, 'dnsSettings': {'$ref': '#/components/schemas/DnsSettings', 'description': 'Settings controlling the DNS configuration of the `Registration`. You cannot update these with the `UpdateRegistration` method. To update these settings, use the `ConfigureDnsSettings` method.'}, 'domainName': {'description': 'Required. Immutable. The domain name. Unicode domain names must be expressed in Punycode format.', 'type': 'string'}, 'domainProperties': {'description': 'Output only. Special properties of the domain.', 'items': {'enum': ['DOMAIN_PROPERTY_UNSPECIFIED', 'TRANSFER_LOCK_UNSUPPORTED_BY_REGISTRY', 'REQUIRE_PUSH_TRANSFER'], 'type': 'string'}, 'readOnly': True, 'type': 'array'}, 'expireTime': {'description': 'Output only. The expiration timestamp of the `Registration`.', 'format': 'google-datetime', 'readOnly': True, 'type': 'string'}, 'issues': {'description': 'Output only. The set of issues with the `Registration` that require attention.', 'items': {'enum': ['ISSUE_UNSPECIFIED', 'CONTACT_SUPPORT', 'UNVERIFIED_EMAIL', 'PROBLEM_WITH_BILLING', 'DNS_NOT_ACTIVATED'], 'type': 'string'}, 'readOnly': True, 'type': 'array'}, 'labels': {'additionalProperties': {'type': 'string'}, 'description': 'Set of labels associated with the `Registration`.', 'type': 'object'}, 'managementSettings': {'$ref': '#/components/schemas/ManagementSettings', 'description': 'Settings for management of the `Registration`, including renewal, billing, and transfer. You cannot update these with the `UpdateRegistration` method. To update these settings, use the `ConfigureManagementSettings` method.'}, 'name': {'description': 'Output only. Name of the `Registration` resource, in the format `projects/*/locations/*/registrations/`.', 'readOnly': True, 'type': 'string'}, 'pendingContactSettings': {'$ref': '#/components/schemas/ContactSettings', 'description': 'Output only. Pending contact settings for the `Registration`. Updates to the `contact_settings` field that change its `registrant_contact` or `privacy` fields require email confirmation by the `registrant_contact` before taking effect. This field is set only if there are pending updates to the `contact_settings` that have not been confirmed. To confirm the changes, the `registrant_contact` must follow the instructions in the email they receive.', 'readOnly': True}, 'registerFailureReason': {'description': 'Output only. The reason the domain registration failed. Only set for domains in REGISTRATION_FAILED state.', 'enum': ['REGISTER_FAILURE_REASON_UNSPECIFIED', 'REGISTER_FAILURE_REASON_UNKNOWN', 'DOMAIN_NOT_AVAILABLE', 'INVALID_CONTACTS'], 'readOnly': True, 'type': 'string'}, 'state': {'description': 'Output only. The state of the `Registration`', 'enum': ['STATE_UNSPECIFIED', 'REGISTRATION_PENDING', 'REGISTRATION_FAILED', 'TRANSFER_PENDING', 'TRANSFER_FAILED', 'IMPORT_PENDING', 'ACTIVE', 'SUSPENDED', 'EXPORTED', 'EXPIRED'], 'enumDeprecated': [False, False, False, True, True, True, False, False, False, False], 'readOnly': True, 'type': 'string'}, 'supportedPrivacy': {'description': 'Output only. Set of options for the `contact_settings.privacy` field that this `Registration` supports.', 'items': {'enum': ['CONTACT_PRIVACY_UNSPECIFIED', 'PUBLIC_CONTACT_DATA', 'PRIVATE_CONTACT_DATA', 'REDACTED_CONTACT_DATA'], 'enumDeprecated': [False, False, True, False], 'type': 'string'}, 'readOnly': True, 'type': 'array'}, 'transferFailureReason': {'deprecated': True, 'description': 'Output only. Deprecated: For more information, see [Cloud Domains feature deprecation](https://cloud.google.com/domains/docs/deprecations/feature-deprecations). The reason the domain transfer failed. Only set for domains in TRANSFER_FAILED state.', 'enum': ['TRANSFER_FAILURE_REASON_UNSPECIFIED', 'TRANSFER_FAILURE_REASON_UNKNOWN', 'EMAIL_CONFIRMATION_FAILURE', 'DOMAIN_NOT_REGISTERED', 'DOMAIN_HAS_TRANSFER_LOCK', 'INVALID_AUTHORIZATION_CODE', 'TRANSFER_CANCELLED', 'TRANSFER_REJECTED', 'INVALID_REGISTRANT_EMAIL_ADDRESS', 'DOMAIN_NOT_ELIGIBLE_FOR_TRANSFER', 'TRANSFER_ALREADY_PENDING'], 'readOnly': True, 'type': 'string'}}, 'type': 'object'} is not valid under any of the given schemas
Location: N/A
Fixed: False
Source: System
Issue Source: openapi-spec-validator
Issue Target: import-url_root-spec
Action: COULD NOT PROCESS: Issue definition for code 'oneOf' not found in registry.
--------------------------------------------------
Time: 2025-10-13T22:54:49.326983
Issue: oneOf | N/A
Message: {'deprecated': True, 'description': 'Deprecated: For more information, see [Cloud Domains feature deprecation](https://cloud.google.com/domains/docs/deprecations/feature-deprecations). Parameters required to transfer a domain from another registrar.', 'properties': {'currentRegistrar': {'description': 'The registrar that currently manages the domain.', 'type': 'string'}, 'currentRegistrarUri': {'description': 'The URL of the registrar that currently manages the domain.', 'type': 'string'}, 'domainName': {'description': 'The domain name. Unicode domain names are expressed in Punycode format.', 'type': 'string'}, 'nameServers': {'description': 'The name servers that currently store the configuration of the domain.', 'items': {'type': 'string'}, 'type': 'array'}, 'supportedPrivacy': {'description': 'Contact privacy options that the domain supports.', 'items': {'enum': ['CONTACT_PRIVACY_UNSPECIFIED', 'PUBLIC_CONTACT_DATA', 'PRIVATE_CONTACT_DATA', 'REDACTED_CONTACT_DATA'], 'enumDeprecated': [False, False, True, False], 'type': 'string'}, 'type': 'array'}, 'transferLockState': {'description': 'Indicates whether the domain is protected by a transfer lock. For a transfer to succeed, this must show `UNLOCKED`. To unlock a domain, go to its current registrar.', 'enum': ['TRANSFER_LOCK_STATE_UNSPECIFIED', 'UNLOCKED', 'LOCKED'], 'type': 'string'}, 'yearlyPrice': {'$ref': '#/components/schemas/Money', 'description': 'Price to transfer or renew the domain for one year.'}}, 'type': 'object'} is not valid under any of the given schemas
Location: N/A
Fixed: False
Source: System
Issue Source: openapi-spec-validator
Issue Target: import-url_root-spec
Action: COULD NOT PROCESS: Issue definition for code 'oneOf' not found in registry.
--------------------------------------------------
Time: 2025-10-13T22:54:49.336780
Issue: <unset> | N/A
Message: Path parameter '+location' for 'get' operation in '/v1beta1/{+location}/registrations:retrieveImportableDomains' was not resolved
Location: N/A
Fixed: False
Source: System
Issue Source: openapi-spec-validator
Issue Target: import-url_root-spec
Action: COULD NOT PROCESS: Issue definition for code '<unset>' not found in registry.
--------------------------------------------------
Time: 2025-10-13T22:54:49.342812
Issue: <unset> | N/A
Message: Path parameter '+location' for 'get' operation in '/v1beta1/{+location}/registrations:retrieveRegisterParameters' was not resolved
Location: N/A
Fixed: False
Source: System
Issue Source: openapi-spec-validator
Issue Target: import-url_root-spec
Action: COULD NOT PROCESS: Issue definition for code '<unset>' not found in registry.
--------------------------------------------------
Time: 2025-10-13T22:54:49.352715
Issue: <unset> | N/A
Message: Path parameter '+location' for 'get' operation in '/v1beta1/{+location}/registrations:retrieveTransferParameters' was not resolved
Location: N/A
Fixed: False
Source: System
Issue Source: openapi-spec-validator
Issue Target: import-url_root-spec
Action: COULD NOT PROCESS: Issue definition for code '<unset>' not found in registry.
--------------------------------------------------
Time: 2025-10-13T22:54:49.355648
Issue: <unset> | N/A
Message: Path parameter '+location' for 'get' operation in '/v1beta1/{+location}/registrations:searchDomains' was not resolved
Location: N/A
Fixed: False
Source: System
Issue Source: openapi-spec-validator
Issue Target: import-url_root-spec
Action: COULD NOT PROCESS: Issue definition for code '<unset>' not found in registry.
--------------------------------------------------
Time: 2025-10-13T22:54:49.361062
Issue: <unset> | N/A
Message: Path parameter '+name' for 'delete' operation in '/v1beta1/{+name}' was not resolved
Location: N/A
Fixed: False
Source: System
Issue Source: openapi-spec-validator
Issue Target: import-url_root-spec
Action: COULD NOT PROCESS: Issue definition for code '<unset>' not found in registry.
--------------------------------------------------
Time: 2025-10-13T22:54:49.486053
Issue: <unset> | N/A
Message: Path parameter '+name' for 'get' operation in '/v1beta1/{+name}' was not resolved
Location: N/A
Fixed: False
Source: System
Issue Source: openapi-spec-validator
Issue Target: import-url_root-spec
Action: COULD NOT PROCESS: Issue definition for code '<unset>' not found in registry.
--------------------------------------------------
Time: 2025-10-13T22:54:49.722847
Issue: <unset> | N/A
Message: Path parameter '+name' for 'patch' operation in '/v1beta1/{+name}' was not resolved
Location: N/A
Fixed: False
Source: System
Issue Source: openapi-spec-validator
Issue Target: import-url_root-spec
Action: COULD NOT PROCESS: Issue definition for code '<unset>' not found in registry.
--------------------------------------------------
Time: 2025-10-13T22:54:49.905683
Issue: <unset> | N/A
Message: Path parameter '+name' for 'get' operation in '/v1beta1/{+name}/locations' was not resolved
Location: N/A
Fixed: False
Source: System
Issue Source: openapi-spec-validator
Issue Target: import-url_root-spec
Action: COULD NOT PROCESS: Issue definition for code '<unset>' not found in registry.
--------------------------------------------------
Time: 2025-10-13T22:54:49.940843
Issue: <unset> | N/A
Message: Path parameter '+name' for 'get' operation in '/v1beta1/{+name}/operations' was not resolved
Location: N/A
Fixed: False
Source: System
Issue Source: openapi-spec-validator
Issue Target: import-url_root-spec
Action: COULD NOT PROCESS: Issue definition for code '<unset>' not found in registry.
--------------------------------------------------
Time: 2025-10-13T22:54:49.966223
Issue: <unset> | N/A
Message: Path parameter '+name' for 'post' operation in '/v1beta1/{+name}:export' was not resolved
Location: N/A
Fixed: False
Source: System
Issue Source: openapi-spec-validator
Issue Target: import-url_root-spec
Action: COULD NOT PROCESS: Issue definition for code '<unset>' not found in registry.
--------------------------------------------------
Time: 2025-10-13T22:54:49.978123
Issue: <unset> | N/A
Message: Path parameter '+parent' for 'get' operation in '/v1beta1/{+parent}/registrations' was not resolved
Location: N/A
Fixed: False
Source: System
Issue Source: openapi-spec-validator
Issue Target: import-url_root-spec
Action: COULD NOT PROCESS: Issue definition for code '<unset>' not found in registry.
--------------------------------------------------
Time: 2025-10-13T22:54:49.982222
Issue: <unset> | N/A
Message: Path parameter '+parent' for 'post' operation in '/v1beta1/{+parent}/registrations:import' was not resolved
Location: N/A
Fixed: False
Source: System
Issue Source: openapi-spec-validator
Issue Target: import-url_root-spec
Action: COULD NOT PROCESS: Issue definition for code '<unset>' not found in registry.
--------------------------------------------------
Time: 2025-10-13T22:54:49.987311
Issue: <unset> | N/A
Message: Path parameter '+parent' for 'post' operation in '/v1beta1/{+parent}/registrations:register' was not resolved
Location: N/A
Fixed: False
Source: System
Issue Source: openapi-spec-validator
Issue Target: import-url_root-spec
Action: COULD NOT PROCESS: Issue definition for code '<unset>' not found in registry.
--------------------------------------------------
Time: 2025-10-13T22:54:49.994172
Issue: <unset> | N/A
Message: Path parameter '+parent' for 'post' operation in '/v1beta1/{+parent}/registrations:transfer' was not resolved
Location: N/A
Fixed: False
Source: System
Issue Source: openapi-spec-validator
Issue Target: import-url_root-spec
Action: COULD NOT PROCESS: Issue definition for code '<unset>' not found in registry.
--------------------------------------------------
Time: 2025-10-13T22:54:50.003713
Issue: <unset> | N/A
Message: Path parameter '+registration' for 'post' operation in '/v1beta1/{+registration}:configureContactSettings' was not resolved
Location: N/A
Fixed: False
Source: System
Issue Source: openapi-spec-validator
Issue Target: import-url_root-spec
Action: COULD NOT PROCESS: Issue definition for code '<unset>' not found in registry.
--------------------------------------------------
Time: 2025-10-13T22:54:50.009026
Issue: <unset> | N/A
Message: Path parameter '+registration' for 'post' operation in '/v1beta1/{+registration}:configureDnsSettings' was not resolved
Location: N/A
Fixed: False
Source: System
Issue Source: openapi-spec-validator
Issue Target: import-url_root-spec
Action: COULD NOT PROCESS: Issue definition for code '<unset>' not found in registry.
--------------------------------------------------
Time: 2025-10-13T22:54:50.015858
Issue: <unset> | N/A
Message: Path parameter '+registration' for 'post' operation in '/v1beta1/{+registration}:configureManagementSettings' was not resolved
Location: N/A
Fixed: False
Source: System
Issue Source: openapi-spec-validator
Issue Target: import-url_root-spec
Action: COULD NOT PROCESS: Issue definition for code '<unset>' not found in registry.
--------------------------------------------------
Time: 2025-10-13T22:54:50.022872
Issue: <unset> | N/A
Message: Path parameter '+registration' for 'post' operation in '/v1beta1/{+registration}:initiatePushTransfer' was not resolved
Location: N/A
Fixed: False
Source: System
Issue Source: openapi-spec-validator
Issue Target: import-url_root-spec
Action: COULD NOT PROCESS: Issue definition for code '<unset>' not found in registry.
--------------------------------------------------
Time: 2025-10-13T22:54:50.095502
Issue: <unset> | N/A
Message: Path parameter '+registration' for 'post' operation in '/v1beta1/{+registration}:renewDomain' was not resolved
Location: N/A
Fixed: False
Source: System
Issue Source: openapi-spec-validator
Issue Target: import-url_root-spec
Action: COULD NOT PROCESS: Issue definition for code '<unset>' not found in registry.
--------------------------------------------------
Time: 2025-10-13T22:54:50.213255
Issue: <unset> | N/A
Message: Path parameter '+registration' for 'post' operation in '/v1beta1/{+registration}:resetAuthorizationCode' was not resolved
Location: N/A
Fixed: False
Source: System
Issue Source: openapi-spec-validator
Issue Target: import-url_root-spec
Action: COULD NOT PROCESS: Issue definition for code '<unset>' not found in registry.
--------------------------------------------------
Time: 2025-10-13T22:54:50.272895
Issue: <unset> | N/A
Message: Path parameter '+registration' for 'get' operation in '/v1beta1/{+registration}:retrieveAuthorizationCode' was not resolved
Location: N/A
Fixed: False
Source: System
Issue Source: openapi-spec-validator
Issue Target: import-url_root-spec
Action: COULD NOT PROCESS: Issue definition for code '<unset>' not found in registry.
--------------------------------------------------
Time: 2025-10-13T22:54:50.296225
Issue: <unset> | N/A
Message: Path parameter '+registration' for 'get' operation in '/v1beta1/{+registration}:retrieveGoogleDomainsDnsRecords' was not resolved
Location: N/A
Fixed: False
Source: System
Issue Source: openapi-spec-validator
Issue Target: import-url_root-spec
Action: COULD NOT PROCESS: Issue definition for code '<unset>' not found in registry.
--------------------------------------------------
Time: 2025-10-13T22:54:50.309678
Issue: <unset> | N/A
Message: Path parameter '+registration' for 'get' operation in '/v1beta1/{+registration}:retrieveGoogleDomainsForwardingConfig' was not resolved
Location: N/A
Fixed: False
Source: System
Issue Source: openapi-spec-validator
Issue Target: import-url_root-spec
Action: COULD NOT PROCESS: Issue definition for code '<unset>' not found in registry.
--------------------------------------------------
Time: 2025-10-13T22:54:50.312981
Issue: <unset> | N/A
Message: Path parameter '+resource' for 'get' operation in '/v1beta1/{+resource}:getIamPolicy' was not resolved
Location: N/A
Fixed: False
Source: System
Issue Source: openapi-spec-validator
Issue Target: import-url_root-spec
Action: COULD NOT PROCESS: Issue definition for code '<unset>' not found in registry.
--------------------------------------------------
Time: 2025-10-13T22:54:50.315359
Issue: <unset> | N/A
Message: Path parameter '+resource' for 'post' operation in '/v1beta1/{+resource}:setIamPolicy' was not resolved
Location: N/A
Fixed: False
Source: System
Issue Source: openapi-spec-validator
Issue Target: import-url_root-spec
Action: COULD NOT PROCESS: Issue definition for code '<unset>' not found in registry.
--------------------------------------------------
Time: 2025-10-13T22:54:50.320071
Issue: <unset> | N/A
Message: Path parameter '+resource' for 'post' operation in '/v1beta1/{+resource}:testIamPermissions' was not resolved
Location: N/A
Fixed: False
Source: System
Issue Source: openapi-spec-validator
Issue Target: import-url_root-spec
Action: COULD NOT PROCESS: Issue definition for code '<unset>' not found in registry.
--------------------------------------------------
Time: 2025-10-13T22:54:50.391832
Issue: no-server-trailing-slash | N/A
Message: Server `url` should not have a trailing slash. [path: servers.0.url]
Location: N/A
Fixed: False
Source: System
Issue Source: redocly-validator
Issue Target: import-url_root-spec
Action: COULD NOT PROCESS: Issue definition for code 'no-server-trailing-slash' not found in registry.
--------------------------------------------------
Time: 2025-10-13T22:54:50.464298
Issue: operation-summary | N/A
Message: Operation object should contain `summary` field. [path: paths./v1beta1/{+location}/registrations:retrieveImportableDomains.get.summary]
Location: N/A
Fixed: False
Source: System
Issue Source: redocly-validator
Issue Target: import-url_root-spec
Action: COULD NOT PROCESS: Issue definition for code 'operation-summary' not found in registry.
--------------------------------------------------
Time: 2025-10-13T22:54:50.579364
Issue: path-parameters-defined | N/A
Message: Path parameter `location` is not used in the path `/v1beta1/{+location}/registrations:retrieveImportableDomains`. [path: paths./v1beta1/{+location}/registrations:retrieveImportableDomains.get.parameters.0.name]
Location: N/A
Fixed: False
Source: System
Issue Source: redocly-validator
Issue Target: import-url_root-spec
Action: COULD NOT PROCESS: Issue definition for code 'path-parameters-defined' not found in registry.
--------------------------------------------------
Time: 2025-10-13T22:54:50.609168
Issue: operation-summary | N/A
Message: Operation object should contain `summary` field. [path: paths./v1beta1/{+location}/registrations:retrieveRegisterParameters.get.summary]
Location: N/A
Fixed: False
Source: System
Issue Source: redocly-validator
Issue Target: import-url_root-spec
Action: COULD NOT PROCESS: Issue definition for code 'operation-summary' not found in registry.
--------------------------------------------------
Time: 2025-10-13T22:54:50.619117
Issue: path-parameters-defined | N/A
Message: Path parameter `location` is not used in the path `/v1beta1/{+location}/registrations:retrieveRegisterParameters`. [path: paths./v1beta1/{+location}/registrations:retrieveRegisterParameters.get.parameters.0.name]
Location: N/A
Fixed: False
Source: System
Issue Source: redocly-validator
Issue Target: import-url_root-spec
Action: COULD NOT PROCESS: Issue definition for code 'path-parameters-defined' not found in registry.
--------------------------------------------------
Time: 2025-10-13T22:54:50.624149
Issue: struct | N/A
Message: Property `enumDeprecated` is not expected here. [path: components.schemas.RegisterParameters.properties.supportedPrivacy.items.enumDeprecated]
Location: N/A
Fixed: False
Source: System
Issue Source: redocly-validator
Issue Target: import-url_root-spec
Action: COULD NOT PROCESS: Issue definition for code 'struct' not found in registry.
--------------------------------------------------
Time: 2025-10-13T22:54:50.634671
Issue: operation-summary | N/A
Message: Operation object should contain `summary` field. [path: paths./v1beta1/{+location}/registrations:retrieveTransferParameters.get.summary]
Location: N/A
Fixed: False
Source: System
Issue Source: redocly-validator
Issue Target: import-url_root-spec
Action: COULD NOT PROCESS: Issue definition for code 'operation-summary' not found in registry.
--------------------------------------------------
Time: 2025-10-13T22:54:50.644834
Issue: path-parameters-defined | N/A
Message: Path parameter `location` is not used in the path `/v1beta1/{+location}/registrations:retrieveTransferParameters`. [path: paths./v1beta1/{+location}/registrations:retrieveTransferParameters.get.parameters.0.name]
Location: N/A
Fixed: False
Source: System
Issue Source: redocly-validator
Issue Target: import-url_root-spec
Action: COULD NOT PROCESS: Issue definition for code 'path-parameters-defined' not found in registry.
--------------------------------------------------
Time: 2025-10-13T22:54:50.713492
Issue: struct | N/A
Message: Property `enumDeprecated` is not expected here. [path: components.schemas.TransferParameters.properties.supportedPrivacy.items.enumDeprecated]
Location: N/A
Fixed: False
Source: System
Issue Source: redocly-validator
Issue Target: import-url_root-spec
Action: COULD NOT PROCESS: Issue definition for code 'struct' not found in registry.
--------------------------------------------------
Time: 2025-10-13T22:54:50.840258
Issue: operation-summary | N/A
Message: Operation object should contain `summary` field. [path: paths./v1beta1/{+location}/registrations:searchDomains.get.summary]
Location: N/A
Fixed: False
Source: System
Issue Source: redocly-validator
Issue Target: import-url_root-spec
Action: COULD NOT PROCESS: Issue definition for code 'operation-summary' not found in registry.
--------------------------------------------------
Time: 2025-10-13T22:54:50.957286
Issue: path-parameters-defined | N/A
Message: Path parameter `location` is not used in the path `/v1beta1/{+location}/registrations:searchDomains`. [path: paths./v1beta1/{+location}/registrations:searchDomains.get.parameters.0.name]
Location: N/A
Fixed: False
Source: System
Issue Source: redocly-validator
Issue Target: import-url_root-spec
Action: COULD NOT PROCESS: Issue definition for code 'path-parameters-defined' not found in registry.
--------------------------------------------------
Time: 2025-10-13T22:54:51.006352
Issue: operation-summary | N/A
Message: Operation object should contain `summary` field. [path: paths./v1beta1/{+name}.get.summary]
Location: N/A
Fixed: False
Source: System
Issue Source: redocly-validator
Issue Target: import-url_root-spec
Action: COULD NOT PROCESS: Issue definition for code 'operation-summary' not found in registry.
--------------------------------------------------
Time: 2025-10-13T22:54:51.151828
Issue: path-parameters-defined | N/A
Message: Path parameter `name` is not used in the path `/v1beta1/{+name}`. [path: paths./v1beta1/{+name}.get.parameters.0.name]
Location: N/A
Fixed: False
Source: System
Issue Source: redocly-validator
Issue Target: import-url_root-spec
Action: COULD NOT PROCESS: Issue definition for code 'path-parameters-defined' not found in registry.
--------------------------------------------------
Time: 2025-10-13T22:54:51.291482
Issue: struct | N/A
Message: Property `enumDeprecated` is not expected here. [path: components.schemas.ContactSettings.properties.privacy.enumDeprecated]
Location: N/A
Fixed: False
Source: System
Issue Source: redocly-validator
Issue Target: import-url_root-spec
Action: COULD NOT PROCESS: Issue definition for code 'struct' not found in registry.
--------------------------------------------------
Time: 2025-10-13T22:54:51.380827
Issue: struct | N/A
Message: Property `enumDeprecated` is not expected here. [path: components.schemas.ManagementSettings.properties.preferredRenewalMethod.enumDeprecated]
Location: N/A
Fixed: False
Source: System
Issue Source: redocly-validator
Issue Target: import-url_root-spec
Action: COULD NOT PROCESS: Issue definition for code 'struct' not found in registry.
--------------------------------------------------
Time: 2025-10-13T22:54:51.437604
Issue: struct | N/A
Message: Property `enumDeprecated` is not expected here. [path: components.schemas.ManagementSettings.properties.renewalMethod.enumDeprecated]
Location: N/A
Fixed: False
Source: System
Issue Source: redocly-validator
Issue Target: import-url_root-spec
Action: COULD NOT PROCESS: Issue definition for code 'struct' not found in registry.
--------------------------------------------------
Time: 2025-10-13T22:54:51.490066
Issue: struct | N/A
Message: Property `enumDeprecated` is not expected here. [path: components.schemas.Registration.properties.state.enumDeprecated]
Location: N/A
Fixed: False
Source: System
Issue Source: redocly-validator
Issue Target: import-url_root-spec
Action: COULD NOT PROCESS: Issue definition for code 'struct' not found in registry.
--------------------------------------------------
Time: 2025-10-13T22:54:51.568029
Issue: struct | N/A
Message: Property `enumDeprecated` is not expected here. [path: components.schemas.Registration.properties.supportedPrivacy.items.enumDeprecated]
Location: N/A
Fixed: False
Source: System
Issue Source: redocly-validator
Issue Target: import-url_root-spec
Action: COULD NOT PROCESS: Issue definition for code 'struct' not found in registry.
--------------------------------------------------
Time: 2025-10-13T22:54:51.671926
Issue: operation-summary | N/A
Message: Operation object should contain `summary` field. [path: paths./v1beta1/{+name}.delete.summary]
Location: N/A
Fixed: False
Source: System
Issue Source: redocly-validator
Issue Target: import-url_root-spec
Action: COULD NOT PROCESS: Issue definition for code 'operation-summary' not found in registry.
--------------------------------------------------
Time: 2025-10-13T22:54:51.687817
Issue: path-parameters-defined | N/A
Message: Path parameter `name` is not used in the path `/v1beta1/{+name}`. [path: paths./v1beta1/{+name}.delete.parameters.0.name]
Location: N/A
Fixed: False
Source: System
Issue Source: redocly-validator
Issue Target: import-url_root-spec
Action: COULD NOT PROCESS: Issue definition for code 'path-parameters-defined' not found in registry.
--------------------------------------------------
Time: 2025-10-13T22:54:51.693257
Issue: operation-summary | N/A
Message: Operation object should contain `summary` field. [path: paths./v1beta1/{+name}.patch.summary]
Location: N/A
Fixed: False
Source: System
Issue Source: redocly-validator
Issue Target: import-url_root-spec
Action: COULD NOT PROCESS: Issue definition for code 'operation-summary' not found in registry.
--------------------------------------------------
Time: 2025-10-13T22:54:51.697627
Issue: path-parameters-defined | N/A
Message: Path parameter `name` is not used in the path `/v1beta1/{+name}`. [path: paths./v1beta1/{+name}.patch.parameters.0.name]
Location: N/A
Fixed: False
Source: System
Issue Source: redocly-validator
Issue Target: import-url_root-spec
Action: COULD NOT PROCESS: Issue definition for code 'path-parameters-defined' not found in registry.
--------------------------------------------------
Time: 2025-10-13T22:54:51.703228
Issue: operation-summary | N/A
Message: Operation object should contain `summary` field. [path: paths./v1beta1/{+name}/locations.get.summary]
Location: N/A
Fixed: False
Source: System
Issue Source: redocly-validator
Issue Target: import-url_root-spec
Action: COULD NOT PROCESS: Issue definition for code 'operation-summary' not found in registry.
--------------------------------------------------
Time: 2025-10-13T22:54:51.708532
Issue: path-parameters-defined | N/A
Message: Path parameter `name` is not used in the path `/v1beta1/{+name}/locations`. [path: paths./v1beta1/{+name}/locations.get.parameters.0.name]
Location: N/A
Fixed: False
Source: System
Issue Source: redocly-validator
Issue Target: import-url_root-spec
Action: COULD NOT PROCESS: Issue definition for code 'path-parameters-defined' not found in registry.
--------------------------------------------------
Time: 2025-10-13T22:54:51.711553
Issue: operation-summary | N/A
Message: Operation object should contain `summary` field. [path: paths./v1beta1/{+name}/operations.get.summary]
Location: N/A
Fixed: False
Source: System
Issue Source: redocly-validator
Issue Target: import-url_root-spec
Action: COULD NOT PROCESS: Issue definition for code 'operation-summary' not found in registry.
--------------------------------------------------
Time: 2025-10-13T22:54:51.734494
Issue: path-parameters-defined | N/A
Message: Path parameter `name` is not used in the path `/v1beta1/{+name}/operations`. [path: paths./v1beta1/{+name}/operations.get.parameters.0.name]
Location: N/A
Fixed: False
Source: System
Issue Source: redocly-validator
Issue Target: import-url_root-spec
Action: COULD NOT PROCESS: Issue definition for code 'path-parameters-defined' not found in registry.
--------------------------------------------------
Time: 2025-10-13T22:54:51.824191
Issue: operation-summary | N/A
Message: Operation object should contain `summary` field. [path: paths./v1beta1/{+name}:export.post.summary]
Location: N/A
Fixed: False
Source: System
Issue Source: redocly-validator
Issue Target: import-url_root-spec
Action: COULD NOT PROCESS: Issue definition for code 'operation-summary' not found in registry.
--------------------------------------------------
Time: 2025-10-13T22:54:51.902791
Issue: path-parameters-defined | N/A
Message: Path parameter `name` is not used in the path `/v1beta1/{+name}:export`. [path: paths./v1beta1/{+name}:export.post.parameters.0.name]
Location: N/A
Fixed: False
Source: System
Issue Source: redocly-validator
Issue Target: import-url_root-spec
Action: COULD NOT PROCESS: Issue definition for code 'path-parameters-defined' not found in registry.
--------------------------------------------------
Time: 2025-10-13T22:54:51.951093
Issue: operation-summary | N/A
Message: Operation object should contain `summary` field. [path: paths./v1beta1/{+parent}/registrations.get.summary]
Location: N/A
Fixed: False
Source: System
Issue Source: redocly-validator
Issue Target: import-url_root-spec
Action: COULD NOT PROCESS: Issue definition for code 'operation-summary' not found in registry.
--------------------------------------------------
Time: 2025-10-13T22:54:51.993867
Issue: path-parameters-defined | N/A
Message: Path parameter `parent` is not used in the path `/v1beta1/{+parent}/registrations`. [path: paths./v1beta1/{+parent}/registrations.get.parameters.0.name]
Location: N/A
Fixed: False
Source: System
Issue Source: redocly-validator
Issue Target: import-url_root-spec
Action: COULD NOT PROCESS: Issue definition for code 'path-parameters-defined' not found in registry.
--------------------------------------------------
Time: 2025-10-13T22:54:52.065324
Issue: operation-summary | N/A
Message: Operation object should contain `summary` field. [path: paths./v1beta1/{+parent}/registrations:import.post.summary]
Location: N/A
Fixed: False
Source: System
Issue Source: redocly-validator
Issue Target: import-url_root-spec
Action: COULD NOT PROCESS: Issue definition for code 'operation-summary' not found in registry.
--------------------------------------------------
Time: 2025-10-13T22:54:52.156260
Issue: path-parameters-defined | N/A
Message: Path parameter `parent` is not used in the path `/v1beta1/{+parent}/registrations:import`. [path: paths./v1beta1/{+parent}/registrations:import.post.parameters.0.name]
Location: N/A
Fixed: False
Source: System
Issue Source: redocly-validator
Issue Target: import-url_root-spec
Action: COULD NOT PROCESS: Issue definition for code 'path-parameters-defined' not found in registry.
--------------------------------------------------
Time: 2025-10-13T22:54:52.159791
Issue: operation-summary | N/A
Message: Operation object should contain `summary` field. [path: paths./v1beta1/{+parent}/registrations:register.post.summary]
Location: N/A
Fixed: False
Source: System
Issue Source: redocly-validator
Issue Target: import-url_root-spec
Action: COULD NOT PROCESS: Issue definition for code 'operation-summary' not found in registry.
--------------------------------------------------
Time: 2025-10-13T22:54:52.166292
Issue: path-parameters-defined | N/A
Message: Path parameter `parent` is not used in the path `/v1beta1/{+parent}/registrations:register`. [path: paths./v1beta1/{+parent}/registrations:register.post.parameters.0.name]
Location: N/A
Fixed: False
Source: System
Issue Source: redocly-validator
Issue Target: import-url_root-spec
Action: COULD NOT PROCESS: Issue definition for code 'path-parameters-defined' not found in registry.
--------------------------------------------------
Time: 2025-10-13T22:54:52.173222
Issue: operation-summary | N/A
Message: Operation object should contain `summary` field. [path: paths./v1beta1/{+parent}/registrations:transfer.post.summary]
Location: N/A
Fixed: False
Source: System
Issue Source: redocly-validator
Issue Target: import-url_root-spec
Action: COULD NOT PROCESS: Issue definition for code 'operation-summary' not found in registry.
--------------------------------------------------
Time: 2025-10-13T22:54:52.178541
Issue: path-parameters-defined | N/A
Message: Path parameter `parent` is not used in the path `/v1beta1/{+parent}/registrations:transfer`. [path: paths./v1beta1/{+parent}/registrations:transfer.post.parameters.0.name]
Location: N/A
Fixed: False
Source: System
Issue Source: redocly-validator
Issue Target: import-url_root-spec
Action: COULD NOT PROCESS: Issue definition for code 'path-parameters-defined' not found in registry.
--------------------------------------------------
Time: 2025-10-13T22:54:52.190847
Issue: operation-summary | N/A
Message: Operation object should contain `summary` field. [path: paths./v1beta1/{+registration}:configureContactSettings.post.summary]
Location: N/A
Fixed: False
Source: System
Issue Source: redocly-validator
Issue Target: import-url_root-spec
Action: COULD NOT PROCESS: Issue definition for code 'operation-summary' not found in registry.
--------------------------------------------------
Time: 2025-10-13T22:54:52.193211
Issue: path-parameters-defined | N/A
Message: Path parameter `registration` is not used in the path `/v1beta1/{+registration}:configureContactSettings`. [path: paths./v1beta1/{+registration}:configureContactSettings.post.parameters.0.name]
Location: N/A
Fixed: False
Source: System
Issue Source: redocly-validator
Issue Target: import-url_root-spec
Action: COULD NOT PROCESS: Issue definition for code 'path-parameters-defined' not found in registry.
--------------------------------------------------
Time: 2025-10-13T22:54:52.195901
Issue: operation-summary | N/A
Message: Operation object should contain `summary` field. [path: paths./v1beta1/{+registration}:configureDnsSettings.post.summary]
Location: N/A
Fixed: False
Source: System
Issue Source: redocly-validator
Issue Target: import-url_root-spec
Action: COULD NOT PROCESS: Issue definition for code 'operation-summary' not found in registry.
--------------------------------------------------
Time: 2025-10-13T22:54:52.197835
Issue: path-parameters-defined | N/A
Message: Path parameter `registration` is not used in the path `/v1beta1/{+registration}:configureDnsSettings`. [path: paths./v1beta1/{+registration}:configureDnsSettings.post.parameters.0.name]
Location: N/A
Fixed: False
Source: System
Issue Source: redocly-validator
Issue Target: import-url_root-spec
Action: COULD NOT PROCESS: Issue definition for code 'path-parameters-defined' not found in registry.
--------------------------------------------------
Time: 2025-10-13T22:54:52.200068
Issue: operation-summary | N/A
Message: Operation object should contain `summary` field. [path: paths./v1beta1/{+registration}:configureManagementSettings.post.summary]
Location: N/A
Fixed: False
Source: System
Issue Source: redocly-validator
Issue Target: import-url_root-spec
Action: COULD NOT PROCESS: Issue definition for code 'operation-summary' not found in registry.
--------------------------------------------------
Time: 2025-10-13T22:54:52.212221
Issue: path-parameters-defined | N/A
Message: Path parameter `registration` is not used in the path `/v1beta1/{+registration}:configureManagementSettings`. [path: paths./v1beta1/{+registration}:configureManagementSettings.post.parameters.0.name]
Location: N/A
Fixed: False
Source: System
Issue Source: redocly-validator
Issue Target: import-url_root-spec
Action: COULD NOT PROCESS: Issue definition for code 'path-parameters-defined' not found in registry.
--------------------------------------------------
Time: 2025-10-13T22:54:52.311849
Issue: operation-summary | N/A
Message: Operation object should contain `summary` field. [path: paths./v1beta1/{+registration}:initiatePushTransfer.post.summary]
Location: N/A
Fixed: False
Source: System
Issue Source: redocly-validator
Issue Target: import-url_root-spec
Action: COULD NOT PROCESS: Issue definition for code 'operation-summary' not found in registry.
--------------------------------------------------
Time: 2025-10-13T22:54:52.426285
Issue: path-parameters-defined | N/A
Message: Path parameter `registration` is not used in the path `/v1beta1/{+registration}:initiatePushTransfer`. [path: paths./v1beta1/{+registration}:initiatePushTransfer.post.parameters.0.name]
Location: N/A
Fixed: False
Source: System
Issue Source: redocly-validator
Issue Target: import-url_root-spec
Action: COULD NOT PROCESS: Issue definition for code 'path-parameters-defined' not found in registry.
--------------------------------------------------
Time: 2025-10-13T22:54:52.445791
Issue: operation-summary | N/A
Message: Operation object should contain `summary` field. [path: paths./v1beta1/{+registration}:renewDomain.post.summary]
Location: N/A
Fixed: False
Source: System
Issue Source: redocly-validator
Issue Target: import-url_root-spec
Action: COULD NOT PROCESS: Issue definition for code 'operation-summary' not found in registry.
--------------------------------------------------
Time: 2025-10-13T22:54:52.452006
Issue: path-parameters-defined | N/A
Message: Path parameter `registration` is not used in the path `/v1beta1/{+registration}:renewDomain`. [path: paths./v1beta1/{+registration}:renewDomain.post.parameters.0.name]
Location: N/A
Fixed: False
Source: System
Issue Source: redocly-validator
Issue Target: import-url_root-spec
Action: COULD NOT PROCESS: Issue definition for code 'path-parameters-defined' not found in registry.
--------------------------------------------------
Time: 2025-10-13T22:54:52.457667
Issue: operation-summary | N/A
Message: Operation object should contain `summary` field. [path: paths./v1beta1/{+registration}:resetAuthorizationCode.post.summary]
Location: N/A
Fixed: False
Source: System
Issue Source: redocly-validator
Issue Target: import-url_root-spec
Action: COULD NOT PROCESS: Issue definition for code 'operation-summary' not found in registry.
--------------------------------------------------
Time: 2025-10-13T22:54:52.462479
Issue: path-parameters-defined | N/A
Message: Path parameter `registration` is not used in the path `/v1beta1/{+registration}:resetAuthorizationCode`. [path: paths./v1beta1/{+registration}:resetAuthorizationCode.post.parameters.0.name]
Location: N/A
Fixed: False
Source: System
Issue Source: redocly-validator
Issue Target: import-url_root-spec
Action: COULD NOT PROCESS: Issue definition for code 'path-parameters-defined' not found in registry.
--------------------------------------------------
Time: 2025-10-13T22:54:52.473127
Issue: operation-summary | N/A
Message: Operation object should contain `summary` field. [path: paths./v1beta1/{+registration}:retrieveAuthorizationCode.get.summary]
Location: N/A
Fixed: False
Source: System
Issue Source: redocly-validator
Issue Target: import-url_root-spec
Action: COULD NOT PROCESS: Issue definition for code 'operation-summary' not found in registry.
--------------------------------------------------
Time: 2025-10-13T22:54:52.480104
Issue: path-parameters-defined | N/A
Message: Path parameter `registration` is not used in the path `/v1beta1/{+registration}:retrieveAuthorizationCode`. [path: paths./v1beta1/{+registration}:retrieveAuthorizationCode.get.parameters.0.name]
Location: N/A
Fixed: False
Source: System
Issue Source: redocly-validator
Issue Target: import-url_root-spec
Action: COULD NOT PROCESS: Issue definition for code 'path-parameters-defined' not found in registry.
--------------------------------------------------
Time: 2025-10-13T22:54:52.486221
Issue: operation-summary | N/A
Message: Operation object should contain `summary` field. [path: paths./v1beta1/{+registration}:retrieveGoogleDomainsDnsRecords.get.summary]
Location: N/A
Fixed: False
Source: System
Issue Source: redocly-validator
Issue Target: import-url_root-spec
Action: COULD NOT PROCESS: Issue definition for code 'operation-summary' not found in registry.
--------------------------------------------------
Time: 2025-10-13T22:54:52.488771
Issue: path-parameters-defined | N/A
Message: Path parameter `registration` is not used in the path `/v1beta1/{+registration}:retrieveGoogleDomainsDnsRecords`. [path: paths./v1beta1/{+registration}:retrieveGoogleDomainsDnsRecords.get.parameters.0.name]
Location: N/A
Fixed: False
Source: System
Issue Source: redocly-validator
Issue Target: import-url_root-spec
Action: COULD NOT PROCESS: Issue definition for code 'path-parameters-defined' not found in registry.
--------------------------------------------------
Time: 2025-10-13T22:54:52.494171
Issue: operation-summary | N/A
Message: Operation object should contain `summary` field. [path: paths./v1beta1/{+registration}:retrieveGoogleDomainsForwardingConfig.get.summary]
Location: N/A
Fixed: False
Source: System
Issue Source: redocly-validator
Issue Target: import-url_root-spec
Action: COULD NOT PROCESS: Issue definition for code 'operation-summary' not found in registry.
--------------------------------------------------
Time: 2025-10-13T22:54:52.500225
Issue: path-parameters-defined | N/A
Message: Path parameter `registration` is not used in the path `/v1beta1/{+registration}:retrieveGoogleDomainsForwardingConfig`. [path: paths./v1beta1/{+registration}:retrieveGoogleDomainsForwardingConfig.get.parameters.0.name]
Location: N/A
Fixed: False
Source: System
Issue Source: redocly-validator
Issue Target: import-url_root-spec
Action: COULD NOT PROCESS: Issue definition for code 'path-parameters-defined' not found in registry.
--------------------------------------------------
Time: 2025-10-13T22:54:52.506505
Issue: operation-summary | N/A
Message: Operation object should contain `summary` field. [path: paths./v1beta1/{+resource}:getIamPolicy.get.summary]
Location: N/A
Fixed: False
Source: System
Issue Source: redocly-validator
Issue Target: import-url_root-spec
Action: COULD NOT PROCESS: Issue definition for code 'operation-summary' not found in registry.
--------------------------------------------------
Time: 2025-10-13T22:54:52.509398
Issue: path-parameters-defined | N/A
Message: Path parameter `resource` is not used in the path `/v1beta1/{+resource}:getIamPolicy`. [path: paths./v1beta1/{+resource}:getIamPolicy.get.parameters.0.name]
Location: N/A
Fixed: False
Source: System
Issue Source: redocly-validator
Issue Target: import-url_root-spec
Action: COULD NOT PROCESS: Issue definition for code 'path-parameters-defined' not found in registry.
--------------------------------------------------
Time: 2025-10-13T22:54:52.511617
Issue: operation-summary | N/A
Message: Operation object should contain `summary` field. [path: paths./v1beta1/{+resource}:setIamPolicy.post.summary]
Location: N/A
Fixed: False
Source: System
Issue Source: redocly-validator
Issue Target: import-url_root-spec
Action: COULD NOT PROCESS: Issue definition for code 'operation-summary' not found in registry.
--------------------------------------------------
Time: 2025-10-13T22:54:52.513648
Issue: path-parameters-defined | N/A
Message: Path parameter `resource` is not used in the path `/v1beta1/{+resource}:setIamPolicy`. [path: paths./v1beta1/{+resource}:setIamPolicy.post.parameters.0.name]
Location: N/A
Fixed: False
Source: System
Issue Source: redocly-validator
Issue Target: import-url_root-spec
Action: COULD NOT PROCESS: Issue definition for code 'path-parameters-defined' not found in registry.
--------------------------------------------------
Time: 2025-10-13T22:54:52.531773
Issue: operation-summary | N/A
Message: Operation object should contain `summary` field. [path: paths./v1beta1/{+resource}:testIamPermissions.post.summary]
Location: N/A
Fixed: False
Source: System
Issue Source: redocly-validator
Issue Target: import-url_root-spec
Action: COULD NOT PROCESS: Issue definition for code 'operation-summary' not found in registry.
--------------------------------------------------
Time: 2025-10-13T22:54:52.599688
Issue: path-parameters-defined | N/A
Message: Path parameter `resource` is not used in the path `/v1beta1/{+resource}:testIamPermissions`. [path: paths./v1beta1/{+resource}:testIamPermissions.post.parameters.0.name]
Location: N/A
Fixed: False
Source: System
Issue Source: redocly-validator
Issue Target: import-url_root-spec
Action: COULD NOT PROCESS: Issue definition for code 'path-parameters-defined' not found in registry.
--------------------------------------------------
Time: 2025-10-13T22:54:52.725444
Issue: tag-description | N/A
Message: Tag object should contain `description` field. [path: tags.0.description]
Location: N/A
Fixed: False
Source: System
Issue Source: redocly-validator
Issue Target: import-url_root-spec
Action: COULD NOT PROCESS: Issue definition for code 'tag-description' not found in registry.
--------------------------------------------------
Time: 2025-10-13T22:54:52.822652
Issue: operation-4xx-response | N/A
Message: Operation must have at least one `4XX` response. [path: paths./v1beta1/{+location}/registrations:retrieveImportableDomains.get.responses]
Location: N/A
Fixed: False
Source: System
Issue Source: redocly-validator
Issue Target: import-url_root-spec
Action: COULD NOT PROCESS: Issue definition for code 'operation-4xx-response' not found in registry.
--------------------------------------------------
Time: 2025-10-13T22:54:52.882589
Issue: operation-4xx-response | N/A
Message: Operation must have at least one `4XX` response. [path: paths./v1beta1/{+location}/registrations:retrieveRegisterParameters.get.responses]
Location: N/A
Fixed: False
Source: System
Issue Source: redocly-validator
Issue Target: import-url_root-spec
Action: COULD NOT PROCESS: Issue definition for code 'operation-4xx-response' not found in registry.
--------------------------------------------------
Time: 2025-10-13T22:54:52.938106
Issue: operation-4xx-response | N/A
Message: Operation must have at least one `4XX` response. [path: paths./v1beta1/{+location}/registrations:retrieveTransferParameters.get.responses]
Location: N/A
Fixed: False
Source: System
Issue Source: redocly-validator
Issue Target: import-url_root-spec
Action: COULD NOT PROCESS: Issue definition for code 'operation-4xx-response' not found in registry.
--------------------------------------------------
Time: 2025-10-13T22:54:53.017610
Issue: operation-4xx-response | N/A
Message: Operation must have at least one `4XX` response. [path: paths./v1beta1/{+location}/registrations:searchDomains.get.responses]
Location: N/A
Fixed: False
Source: System
Issue Source: redocly-validator
Issue Target: import-url_root-spec
Action: COULD NOT PROCESS: Issue definition for code 'operation-4xx-response' not found in registry.
--------------------------------------------------
Time: 2025-10-13T22:54:53.018899
Issue: operation-4xx-response | N/A
Message: Operation must have at least one `4XX` response. [path: paths./v1beta1/{+name}.get.responses]
Location: N/A
Fixed: False
Source: System
Issue Source: redocly-validator
Issue Target: import-url_root-spec
Action: COULD NOT PROCESS: Issue definition for code 'operation-4xx-response' not found in registry.
--------------------------------------------------
Time: 2025-10-13T22:54:53.082278
Issue: operation-4xx-response | N/A
Message: Operation must have at least one `4XX` response. [path: paths./v1beta1/{+name}.delete.responses]
Location: N/A
Fixed: False
Source: System
Issue Source: redocly-validator
Issue Target: import-url_root-spec
Action: COULD NOT PROCESS: Issue definition for code 'operation-4xx-response' not found in registry.
--------------------------------------------------
Time: 2025-10-13T22:54:53.107611
Issue: operation-4xx-response | N/A
Message: Operation must have at least one `4XX` response. [path: paths./v1beta1/{+name}.patch.responses]
Location: N/A
Fixed: False
Source: System
Issue Source: redocly-validator
Issue Target: import-url_root-spec
Action: COULD NOT PROCESS: Issue definition for code 'operation-4xx-response' not found in registry.
--------------------------------------------------
Time: 2025-10-13T22:54:53.110571
Issue: operation-4xx-response | N/A
Message: Operation must have at least one `4XX` response. [path: paths./v1beta1/{+name}/locations.get.responses]
Location: N/A
Fixed: False
Source: System
Issue Source: redocly-validator
Issue Target: import-url_root-spec
Action: COULD NOT PROCESS: Issue definition for code 'operation-4xx-response' not found in registry.
--------------------------------------------------
Time: 2025-10-13T22:54:53.114515
Issue: operation-4xx-response | N/A
Message: Operation must have at least one `4XX` response. [path: paths./v1beta1/{+name}/operations.get.responses]
Location: N/A
Fixed: False
Source: System
Issue Source: redocly-validator
Issue Target: import-url_root-spec
Action: COULD NOT PROCESS: Issue definition for code 'operation-4xx-response' not found in registry.
--------------------------------------------------
Time: 2025-10-13T22:54:53.118212
Issue: operation-4xx-response | N/A
Message: Operation must have at least one `4XX` response. [path: paths./v1beta1/{+name}:export.post.responses]
Location: N/A
Fixed: False
Source: System
Issue Source: redocly-validator
Issue Target: import-url_root-spec
Action: COULD NOT PROCESS: Issue definition for code 'operation-4xx-response' not found in registry.
--------------------------------------------------
Time: 2025-10-13T22:54:53.121176
Issue: operation-4xx-response | N/A
Message: Operation must have at least one `4XX` response. [path: paths./v1beta1/{+parent}/registrations.get.responses]
Location: N/A
Fixed: False
Source: System
Issue Source: redocly-validator
Issue Target: import-url_root-spec
Action: COULD NOT PROCESS: Issue definition for code 'operation-4xx-response' not found in registry.
--------------------------------------------------
Time: 2025-10-13T22:54:53.125171
Issue: operation-4xx-response | N/A
Message: Operation must have at least one `4XX` response. [path: paths./v1beta1/{+parent}/registrations:import.post.responses]
Location: N/A
Fixed: False
Source: System
Issue Source: redocly-validator
Issue Target: import-url_root-spec
Action: COULD NOT PROCESS: Issue definition for code 'operation-4xx-response' not found in registry.
--------------------------------------------------
Time: 2025-10-13T22:54:53.128837
Issue: operation-4xx-response | N/A
Message: Operation must have at least one `4XX` response. [path: paths./v1beta1/{+parent}/registrations:register.post.responses]
Location: N/A
Fixed: False
Source: System
Issue Source: redocly-validator
Issue Target: import-url_root-spec
Action: COULD NOT PROCESS: Issue definition for code 'operation-4xx-response' not found in registry.
--------------------------------------------------
Time: 2025-10-13T22:54:53.131595
Issue: operation-4xx-response | N/A
Message: Operation must have at least one `4XX` response. [path: paths./v1beta1/{+parent}/registrations:transfer.post.responses]
Location: N/A
Fixed: False
Source: System
Issue Source: redocly-validator
Issue Target: import-url_root-spec
Action: COULD NOT PROCESS: Issue definition for code 'operation-4xx-response' not found in registry.
--------------------------------------------------
Time: 2025-10-13T22:54:53.134778
Issue: operation-4xx-response | N/A
Message: Operation must have at least one `4XX` response. [path: paths./v1beta1/{+registration}:configureContactSettings.post.responses]
Location: N/A
Fixed: False
Source: System
Issue Source: redocly-validator
Issue Target: import-url_root-spec
Action: COULD NOT PROCESS: Issue definition for code 'operation-4xx-response' not found in registry.
--------------------------------------------------
Time: 2025-10-13T22:54:53.137495
Issue: operation-4xx-response | N/A
Message: Operation must have at least one `4XX` response. [path: paths./v1beta1/{+registration}:configureDnsSettings.post.responses]
Location: N/A
Fixed: False
Source: System
Issue Source: redocly-validator
Issue Target: import-url_root-spec
Action: COULD NOT PROCESS: Issue definition for code 'operation-4xx-response' not found in registry.
--------------------------------------------------
Time: 2025-10-13T22:54:53.141296
Issue: operation-4xx-response | N/A
Message: Operation must have at least one `4XX` response. [path: paths./v1beta1/{+registration}:configureManagementSettings.post.responses]
Location: N/A
Fixed: False
Source: System
Issue Source: redocly-validator
Issue Target: import-url_root-spec
Action: COULD NOT PROCESS: Issue definition for code 'operation-4xx-response' not found in registry.
--------------------------------------------------
Time: 2025-10-13T22:54:53.146539
Issue: operation-4xx-response | N/A
Message: Operation must have at least one `4XX` response. [path: paths./v1beta1/{+registration}:initiatePushTransfer.post.responses]
Location: N/A
Fixed: False
Source: System
Issue Source: redocly-validator
Issue Target: import-url_root-spec
Action: COULD NOT PROCESS: Issue definition for code 'operation-4xx-response' not found in registry.
--------------------------------------------------
Time: 2025-10-13T22:54:53.148780
Issue: operation-4xx-response | N/A
Message: Operation must have at least one `4XX` response. [path: paths./v1beta1/{+registration}:renewDomain.post.responses]
Location: N/A
Fixed: False
Source: System
Issue Source: redocly-validator
Issue Target: import-url_root-spec
Action: COULD NOT PROCESS: Issue definition for code 'operation-4xx-response' not found in registry.
--------------------------------------------------
Time: 2025-10-13T22:54:53.151554
Issue: operation-4xx-response | N/A
Message: Operation must have at least one `4XX` response. [path: paths./v1beta1/{+registration}:resetAuthorizationCode.post.responses]
Location: N/A
Fixed: False
Source: System
Issue Source: redocly-validator
Issue Target: import-url_root-spec
Action: COULD NOT PROCESS: Issue definition for code 'operation-4xx-response' not found in registry.
--------------------------------------------------
Time: 2025-10-13T22:54:53.153912
Issue: operation-4xx-response | N/A
Message: Operation must have at least one `4XX` response. [path: paths./v1beta1/{+registration}:retrieveAuthorizationCode.get.responses]
Location: N/A
Fixed: False
Source: System
Issue Source: redocly-validator
Issue Target: import-url_root-spec
Action: COULD NOT PROCESS: Issue definition for code 'operation-4xx-response' not found in registry.
--------------------------------------------------
Time: 2025-10-13T22:54:53.155849
Issue: operation-4xx-response | N/A
Message: Operation must have at least one `4XX` response. [path: paths./v1beta1/{+registration}:retrieveGoogleDomainsDnsRecords.get.responses]
Location: N/A
Fixed: False
Source: System
Issue Source: redocly-validator
Issue Target: import-url_root-spec
Action: COULD NOT PROCESS: Issue definition for code 'operation-4xx-response' not found in registry.
--------------------------------------------------
Time: 2025-10-13T22:54:53.157482
Issue: operation-4xx-response | N/A
Message: Operation must have at least one `4XX` response. [path: paths./v1beta1/{+registration}:retrieveGoogleDomainsForwardingConfig.get.responses]
Location: N/A
Fixed: False
Source: System
Issue Source: redocly-validator
Issue Target: import-url_root-spec
Action: COULD NOT PROCESS: Issue definition for code 'operation-4xx-response' not found in registry.
--------------------------------------------------
Time: 2025-10-13T22:54:53.159151
Issue: operation-4xx-response | N/A
Message: Operation must have at least one `4XX` response. [path: paths./v1beta1/{+resource}:getIamPolicy.get.responses]
Location: N/A
Fixed: False
Source: System
Issue Source: redocly-validator
Issue Target: import-url_root-spec
Action: COULD NOT PROCESS: Issue definition for code 'operation-4xx-response' not found in registry.
--------------------------------------------------
Time: 2025-10-13T22:54:53.160733
Issue: operation-4xx-response | N/A
Message: Operation must have at least one `4XX` response. [path: paths./v1beta1/{+resource}:setIamPolicy.post.responses]
Location: N/A
Fixed: False
Source: System
Issue Source: redocly-validator
Issue Target: import-url_root-spec
Action: COULD NOT PROCESS: Issue definition for code 'operation-4xx-response' not found in registry.
--------------------------------------------------
Time: 2025-10-13T22:54:53.162296
Issue: operation-4xx-response | N/A
Message: Operation must have at least one `4XX` response. [path: paths./v1beta1/{+resource}:testIamPermissions.post.responses]
Location: N/A
Fixed: False
Source: System
Issue Source: redocly-validator
Issue Target: import-url_root-spec
Action: COULD NOT PROCESS: Issue definition for code 'operation-4xx-response' not found in registry.
--------------------------------------------------
Time: 2025-10-13T22:54:53.163719
Issue: no-unused-components | N/A
Message: Component: "OperationMetadata" is never used. [path: components.schemas.OperationMetadata]
Location: N/A
Fixed: False
Source: System
Issue Source: redocly-validator
Issue Target: import-url_root-spec
Action: COULD NOT PROCESS: Issue definition for code 'no-unused-components' not found in registry.
--------------------------------------------------
Time: 2025-10-13T22:54:53.164945
Issue: oas3-server-trailing-slash | N/A
Message: Server URL must not have trailing slash. [path: servers.0.url]
Location: N/A
Fixed: False
Source: System
Issue Source: spectral-validator
Issue Target: import-url_root-spec
Action: COULD NOT PROCESS: Issue definition for code 'oas3-server-trailing-slash' not found in registry.
--------------------------------------------------
Time: 2025-10-13T22:54:53.166366
Issue: path-params | N/A
Message: Parameter "location" must be used in path "/v1beta1/{+location}/registrations:retrieveImportableDomains". [path: paths./v1beta1/{+location}/registrations:retrieveImportableDomains.get.parameters.0]
Location: N/A
Fixed: False
Source: System
Issue Source: spectral-validator
Issue Target: import-url_root-spec
Action: COULD NOT PROCESS: Issue definition for code 'path-params' not found in registry.
--------------------------------------------------
Time: 2025-10-13T22:54:53.168598
Issue: path-params | N/A
Message: Parameter "location" must be used in path "/v1beta1/{+location}/registrations:retrieveRegisterParameters". [path: paths./v1beta1/{+location}/registrations:retrieveRegisterParameters.get.parameters.0]
Location: N/A
Fixed: False
Source: System
Issue Source: spectral-validator
Issue Target: import-url_root-spec
Action: COULD NOT PROCESS: Issue definition for code 'path-params' not found in registry.
--------------------------------------------------
Time: 2025-10-13T22:54:53.170584
Issue: path-params | N/A
Message: Parameter "location" must be used in path "/v1beta1/{+location}/registrations:retrieveTransferParameters". [path: paths./v1beta1/{+location}/registrations:retrieveTransferParameters.get.parameters.0]
Location: N/A
Fixed: False
Source: System
Issue Source: spectral-validator
Issue Target: import-url_root-spec
Action: COULD NOT PROCESS: Issue definition for code 'path-params' not found in registry.
--------------------------------------------------
Time: 2025-10-13T22:54:53.172240
Issue: path-params | N/A
Message: Parameter "location" must be used in path "/v1beta1/{+location}/registrations:searchDomains". [path: paths./v1beta1/{+location}/registrations:searchDomains.get.parameters.0]
Location: N/A
Fixed: False
Source: System
Issue Source: spectral-validator
Issue Target: import-url_root-spec
Action: COULD NOT PROCESS: Issue definition for code 'path-params' not found in registry.
--------------------------------------------------
Time: 2025-10-13T22:54:53.173445
Issue: path-params | N/A
Message: Parameter "name" must be used in path "/v1beta1/{+name}". [path: paths./v1beta1/{+name}.delete.parameters.0]
Location: N/A
Fixed: False
Source: System
Issue Source: spectral-validator
Issue Target: import-url_root-spec
Action: COULD NOT PROCESS: Issue definition for code 'path-params' not found in registry.
--------------------------------------------------
Time: 2025-10-13T22:54:53.174518
Issue: path-params | N/A
Message: Parameter "name" must be used in path "/v1beta1/{+name}". [path: paths./v1beta1/{+name}.get.parameters.0]
Location: N/A
Fixed: False
Source: System
Issue Source: spectral-validator
Issue Target: import-url_root-spec
Action: COULD NOT PROCESS: Issue definition for code 'path-params' not found in registry.
--------------------------------------------------
Time: 2025-10-13T22:54:53.175962
Issue: path-params | N/A
Message: Parameter "name" must be used in path "/v1beta1/{+name}". [path: paths./v1beta1/{+name}.patch.parameters.0]
Location: N/A
Fixed: False
Source: System
Issue Source: spectral-validator
Issue Target: import-url_root-spec
Action: COULD NOT PROCESS: Issue definition for code 'path-params' not found in registry.
--------------------------------------------------
Time: 2025-10-13T22:54:53.177445
Issue: path-params | N/A
Message: Parameter "name" must be used in path "/v1beta1/{+name}/locations". [path: paths./v1beta1/{+name}/locations.get.parameters.0]
Location: N/A
Fixed: False
Source: System
Issue Source: spectral-validator
Issue Target: import-url_root-spec
Action: COULD NOT PROCESS: Issue definition for code 'path-params' not found in registry.
--------------------------------------------------
Time: 2025-10-13T22:54:53.178621
Issue: path-params | N/A
Message: Parameter "name" must be used in path "/v1beta1/{+name}/operations". [path: paths./v1beta1/{+name}/operations.get.parameters.0]
Location: N/A
Fixed: False
Source: System
Issue Source: spectral-validator
Issue Target: import-url_root-spec
Action: COULD NOT PROCESS: Issue definition for code 'path-params' not found in registry.
--------------------------------------------------
Time: 2025-10-13T22:54:53.179619
Issue: path-params | N/A
Message: Parameter "name" must be used in path "/v1beta1/{+name}:export". [path: paths./v1beta1/{+name}:export.post.parameters.0]
Location: N/A
Fixed: False
Source: System
Issue Source: spectral-validator
Issue Target: import-url_root-spec
Action: COULD NOT PROCESS: Issue definition for code 'path-params' not found in registry.
--------------------------------------------------
Time: 2025-10-13T22:54:53.181189
Issue: path-params | N/A
Message: Parameter "parent" must be used in path "/v1beta1/{+parent}/registrations". [path: paths./v1beta1/{+parent}/registrations.get.parameters.0]
Location: N/A
Fixed: False
Source: System
Issue Source: spectral-validator
Issue Target: import-url_root-spec
Action: COULD NOT PROCESS: Issue definition for code 'path-params' not found in registry.
--------------------------------------------------
Time: 2025-10-13T22:54:53.182752
Issue: path-params | N/A
Message: Parameter "parent" must be used in path "/v1beta1/{+parent}/registrations:import". [path: paths./v1beta1/{+parent}/registrations:import.post.parameters.0]
Location: N/A
Fixed: False
Source: System
Issue Source: spectral-validator
Issue Target: import-url_root-spec
Action: COULD NOT PROCESS: Issue definition for code 'path-params' not found in registry.
--------------------------------------------------
Time: 2025-10-13T22:54:53.184272
Issue: path-params | N/A
Message: Parameter "parent" must be used in path "/v1beta1/{+parent}/registrations:register". [path: paths./v1beta1/{+parent}/registrations:register.post.parameters.0]
Location: N/A
Fixed: False
Source: System
Issue Source: spectral-validator
Issue Target: import-url_root-spec
Action: COULD NOT PROCESS: Issue definition for code 'path-params' not found in registry.
--------------------------------------------------
Time: 2025-10-13T22:54:53.185819
Issue: path-params | N/A
Message: Parameter "parent" must be used in path "/v1beta1/{+parent}/registrations:transfer". [path: paths./v1beta1/{+parent}/registrations:transfer.post.parameters.0]
Location: N/A
Fixed: False
Source: System
Issue Source: spectral-validator
Issue Target: import-url_root-spec
Action: COULD NOT PROCESS: Issue definition for code 'path-params' not found in registry.
--------------------------------------------------
Time: 2025-10-13T22:54:53.187188
Issue: path-params | N/A
Message: Parameter "registration" must be used in path "/v1beta1/{+registration}:configureContactSettings". [path: paths./v1beta1/{+registration}:configureContactSettings.post.parameters.0]
Location: N/A
Fixed: False
Source: System
Issue Source: spectral-validator
Issue Target: import-url_root-spec
Action: COULD NOT PROCESS: Issue definition for code 'path-params' not found in registry.
--------------------------------------------------
Time: 2025-10-13T22:54:53.188206
Issue: path-params | N/A
Message: Parameter "registration" must be used in path "/v1beta1/{+registration}:configureDnsSettings". [path: paths./v1beta1/{+registration}:configureDnsSettings.post.parameters.0]
Location: N/A
Fixed: False
Source: System
Issue Source: spectral-validator
Issue Target: import-url_root-spec
Action: COULD NOT PROCESS: Issue definition for code 'path-params' not found in registry.
--------------------------------------------------
Time: 2025-10-13T22:54:53.189206
Issue: path-params | N/A
Message: Parameter "registration" must be used in path "/v1beta1/{+registration}:configureManagementSettings". [path: paths./v1beta1/{+registration}:configureManagementSettings.post.parameters.0]
Location: N/A
Fixed: False
Source: System
Issue Source: spectral-validator
Issue Target: import-url_root-spec
Action: COULD NOT PROCESS: Issue definition for code 'path-params' not found in registry.
--------------------------------------------------
Time: 2025-10-13T22:54:53.190824
Issue: path-params | N/A
Message: Parameter "registration" must be used in path "/v1beta1/{+registration}:initiatePushTransfer". [path: paths./v1beta1/{+registration}:initiatePushTransfer.post.parameters.0]
Location: N/A
Fixed: False
Source: System
Issue Source: spectral-validator
Issue Target: import-url_root-spec
Action: COULD NOT PROCESS: Issue definition for code 'path-params' not found in registry.
--------------------------------------------------
Time: 2025-10-13T22:54:53.192050
Issue: path-params | N/A
Message: Parameter "registration" must be used in path "/v1beta1/{+registration}:renewDomain". [path: paths./v1beta1/{+registration}:renewDomain.post.parameters.0]
Location: N/A
Fixed: False
Source: System
Issue Source: spectral-validator
Issue Target: import-url_root-spec
Action: COULD NOT PROCESS: Issue definition for code 'path-params' not found in registry.
--------------------------------------------------
Time: 2025-10-13T22:54:53.193570
Issue: path-params | N/A
Message: Parameter "registration" must be used in path "/v1beta1/{+registration}:resetAuthorizationCode". [path: paths./v1beta1/{+registration}:resetAuthorizationCode.post.parameters.0]
Location: N/A
Fixed: False
Source: System
Issue Source: spectral-validator
Issue Target: import-url_root-spec
Action: COULD NOT PROCESS: Issue definition for code 'path-params' not found in registry.
--------------------------------------------------
Time: 2025-10-13T22:54:53.194958
Issue: path-params | N/A
Message: Parameter "registration" must be used in path "/v1beta1/{+registration}:retrieveAuthorizationCode". [path: paths./v1beta1/{+registration}:retrieveAuthorizationCode.get.parameters.0]
Location: N/A
Fixed: False
Source: System
Issue Source: spectral-validator
Issue Target: import-url_root-spec
Action: COULD NOT PROCESS: Issue definition for code 'path-params' not found in registry.
--------------------------------------------------
Time: 2025-10-13T22:54:53.197256
Issue: path-params | N/A
Message: Parameter "registration" must be used in path "/v1beta1/{+registration}:retrieveGoogleDomainsDnsRecords". [path: paths./v1beta1/{+registration}:retrieveGoogleDomainsDnsRecords.get.parameters.0]
Location: N/A
Fixed: False
Source: System
Issue Source: spectral-validator
Issue Target: import-url_root-spec
Action: COULD NOT PROCESS: Issue definition for code 'path-params' not found in registry.
--------------------------------------------------
Time: 2025-10-13T22:54:53.198893
Issue: path-params | N/A
Message: Parameter "registration" must be used in path "/v1beta1/{+registration}:retrieveGoogleDomainsForwardingConfig". [path: paths./v1beta1/{+registration}:retrieveGoogleDomainsForwardingConfig.get.parameters.0]
Location: N/A
Fixed: False
Source: System
Issue Source: spectral-validator
Issue Target: import-url_root-spec
Action: COULD NOT PROCESS: Issue definition for code 'path-params' not found in registry.
--------------------------------------------------
Time: 2025-10-13T22:54:53.200384
Issue: path-params | N/A
Message: Parameter "resource" must be used in path "/v1beta1/{+resource}:getIamPolicy". [path: paths./v1beta1/{+resource}:getIamPolicy.get.parameters.0]
Location: N/A
Fixed: False
Source: System
Issue Source: spectral-validator
Issue Target: import-url_root-spec
Action: COULD NOT PROCESS: Issue definition for code 'path-params' not found in registry.
--------------------------------------------------
Time: 2025-10-13T22:54:53.201846
Issue: path-params | N/A
Message: Parameter "resource" must be used in path "/v1beta1/{+resource}:setIamPolicy". [path: paths./v1beta1/{+resource}:setIamPolicy.post.parameters.0]
Location: N/A
Fixed: False
Source: System
Issue Source: spectral-validator
Issue Target: import-url_root-spec
Action: COULD NOT PROCESS: Issue definition for code 'path-params' not found in registry.
--------------------------------------------------
Time: 2025-10-13T22:54:53.203325
Issue: path-params | N/A
Message: Parameter "resource" must be used in path "/v1beta1/{+resource}:testIamPermissions". [path: paths./v1beta1/{+resource}:testIamPermissions.post.parameters.0]
Location: N/A
Fixed: False
Source: System
Issue Source: spectral-validator
Issue Target: import-url_root-spec
Action: COULD NOT PROCESS: Issue definition for code 'path-params' not found in registry.
--------------------------------------------------
Time: 2025-10-13T22:54:53.204636
Issue: no-$ref-siblings | N/A
Message: $ref must not be placed next to any other properties [path: components.schemas.Binding.properties.condition.description]
Location: N/A
Fixed: False
Source: System
Issue Source: spectral-validator
Issue Target: import-url_root-spec
Action: COULD NOT PROCESS: Issue definition for code 'no-$ref-siblings' not found in registry.
--------------------------------------------------
Time: 2025-10-13T22:54:53.206465
Issue: no-$ref-siblings | N/A
Message: $ref must not be placed next to any other properties [path: components.schemas.ConfigureContactSettingsRequest.properties.contactSettings.description]
Location: N/A
Fixed: False
Source: System
Issue Source: spectral-validator
Issue Target: import-url_root-spec
Action: COULD NOT PROCESS: Issue definition for code 'no-$ref-siblings' not found in registry.
--------------------------------------------------
Time: 2025-10-13T22:54:53.208179
Issue: no-$ref-siblings | N/A
Message: $ref must not be placed next to any other properties [path: components.schemas.ConfigureDnsSettingsRequest.properties.dnsSettings.description]
Location: N/A
Fixed: False
Source: System
Issue Source: spectral-validator
Issue Target: import-url_root-spec
Action: COULD NOT PROCESS: Issue definition for code 'no-$ref-siblings' not found in registry.
--------------------------------------------------
Time: 2025-10-13T22:54:53.209714
Issue: no-$ref-siblings | N/A
Message: $ref must not be placed next to any other properties [path: components.schemas.ConfigureManagementSettingsRequest.properties.managementSettings.description]
Location: N/A
Fixed: False
Source: System
Issue Source: spectral-validator
Issue Target: import-url_root-spec
Action: COULD NOT PROCESS: Issue definition for code 'no-$ref-siblings' not found in registry.
--------------------------------------------------
Time: 2025-10-13T22:54:53.211470
Issue: no-$ref-siblings | N/A
Message: $ref must not be placed next to any other properties [path: components.schemas.Contact.properties.postalAddress.description]
Location: N/A
Fixed: False
Source: System
Issue Source: spectral-validator
Issue Target: import-url_root-spec
Action: COULD NOT PROCESS: Issue definition for code 'no-$ref-siblings' not found in registry.
--------------------------------------------------
Time: 2025-10-13T22:54:53.213234
Issue: no-$ref-siblings | N/A
Message: $ref must not be placed next to any other properties [path: components.schemas.ContactSettings.properties.adminContact.description]
Location: N/A
Fixed: False
Source: System
Issue Source: spectral-validator
Issue Target: import-url_root-spec
Action: COULD NOT PROCESS: Issue definition for code 'no-$ref-siblings' not found in registry.
--------------------------------------------------
Time: 2025-10-13T22:54:53.214916
Issue: oas3-schema | N/A
Message: Property "enumDeprecated" is not expected to be here. [path: components.schemas.ContactSettings.properties.privacy.enumDeprecated]
Location: N/A
Fixed: False
Source: System
Issue Source: spectral-validator
Issue Target: import-url_root-spec
Action: COULD NOT PROCESS: Issue definition for code 'oas3-schema' not found in registry.
--------------------------------------------------
Time: 2025-10-13T22:54:53.216612
Issue: no-$ref-siblings | N/A
Message: $ref must not be placed next to any other properties [path: components.schemas.ContactSettings.properties.registrantContact.description]
Location: N/A
Fixed: False
Source: System
Issue Source: spectral-validator
Issue Target: import-url_root-spec
Action: COULD NOT PROCESS: Issue definition for code 'no-$ref-siblings' not found in registry.
--------------------------------------------------
Time: 2025-10-13T22:54:53.217855
Issue: no-$ref-siblings | N/A
Message: $ref must not be placed next to any other properties [path: components.schemas.ContactSettings.properties.technicalContact.description]
Location: N/A
Fixed: False
Source: System
Issue Source: spectral-validator
Issue Target: import-url_root-spec
Action: COULD NOT PROCESS: Issue definition for code 'no-$ref-siblings' not found in registry.
--------------------------------------------------
Time: 2025-10-13T22:54:53.219372
Issue: no-$ref-siblings | N/A
Message: $ref must not be placed next to any other properties [path: components.schemas.DnsSettings.properties.customDns.description]
Location: N/A
Fixed: False
Source: System
Issue Source: spectral-validator
Issue Target: import-url_root-spec
Action: COULD NOT PROCESS: Issue definition for code 'no-$ref-siblings' not found in registry.
--------------------------------------------------
Time: 2025-10-13T22:54:53.220547
Issue: no-$ref-siblings | N/A
Message: $ref must not be placed next to any other properties [path: components.schemas.DnsSettings.properties.googleDomainsDns.deprecated]
Location: N/A
Fixed: False
Source: System
Issue Source: spectral-validator
Issue Target: import-url_root-spec
Action: COULD NOT PROCESS: Issue definition for code 'no-$ref-siblings' not found in registry.
--------------------------------------------------
Time: 2025-10-13T22:54:53.221866
Issue: no-$ref-siblings | N/A
Message: $ref must not be placed next to any other properties [path: components.schemas.DnsSettings.properties.googleDomainsDns.description]
Location: N/A
Fixed: False
Source: System
Issue Source: spectral-validator
Issue Target: import-url_root-spec
Action: COULD NOT PROCESS: Issue definition for code 'no-$ref-siblings' not found in registry.
--------------------------------------------------
Time: 2025-10-13T22:54:53.223263
Issue: no-$ref-siblings | N/A
Message: $ref must not be placed next to any other properties [path: components.schemas.Domain.properties.yearlyPrice.description]
Location: N/A
Fixed: False
Source: System
Issue Source: spectral-validator
Issue Target: import-url_root-spec
Action: COULD NOT PROCESS: Issue definition for code 'no-$ref-siblings' not found in registry.
--------------------------------------------------
Time: 2025-10-13T22:54:53.225624
Issue: no-$ref-siblings | N/A
Message: $ref must not be placed next to any other properties [path: components.schemas.GeoPolicyItem.properties.healthCheckedTargets.description]
Location: N/A
Fixed: False
Source: System
Issue Source: spectral-validator
Issue Target: import-url_root-spec
Action: COULD NOT PROCESS: Issue definition for code 'no-$ref-siblings' not found in registry.
--------------------------------------------------
Time: 2025-10-13T22:54:53.227486
Issue: oas3-schema | N/A
Message: Property "enumDeprecated" is not expected to be here. [path: components.schemas.ManagementSettings.properties.preferredRenewalMethod.enumDeprecated]
Location: N/A
Fixed: False
Source: System
Issue Source: spectral-validator
Issue Target: import-url_root-spec
Action: COULD NOT PROCESS: Issue definition for code 'oas3-schema' not found in registry.
--------------------------------------------------
Time: 2025-10-13T22:54:53.229448
Issue: oas3-schema | N/A
Message: Property "enumDeprecated" is not expected to be here. [path: components.schemas.ManagementSettings.properties.renewalMethod.enumDeprecated]
Location: N/A
Fixed: False
Source: System
Issue Source: spectral-validator
Issue Target: import-url_root-spec
Action: COULD NOT PROCESS: Issue definition for code 'oas3-schema' not found in registry.
--------------------------------------------------
Time: 2025-10-13T22:54:53.231017
Issue: no-$ref-siblings | N/A
Message: $ref must not be placed next to any other properties [path: components.schemas.Operation.properties.error.description]
Location: N/A
Fixed: False
Source: System
Issue Source: spectral-validator
Issue Target: import-url_root-spec
Action: COULD NOT PROCESS: Issue definition for code 'no-$ref-siblings' not found in registry.
--------------------------------------------------
Time: 2025-10-13T22:54:53.232840
Issue: oas3-unused-component | N/A
Message: Potentially unused component has been detected. [path: components.schemas.OperationMetadata]
Location: N/A
Fixed: False
Source: System
Issue Source: spectral-validator
Issue Target: import-url_root-spec
Action: COULD NOT PROCESS: Issue definition for code 'oas3-unused-component' not found in registry.
--------------------------------------------------
Time: 2025-10-13T22:54:53.234395
Issue: no-$ref-siblings | N/A
Message: $ref must not be placed next to any other properties [path: components.schemas.PrimaryBackupPolicy.properties.backupGeoTargets.description]
Location: N/A
Fixed: False
Source: System
Issue Source: spectral-validator
Issue Target: import-url_root-spec
Action: COULD NOT PROCESS: Issue definition for code 'no-$ref-siblings' not found in registry.
--------------------------------------------------
Time: 2025-10-13T22:54:53.235704
Issue: no-$ref-siblings | N/A
Message: $ref must not be placed next to any other properties [path: components.schemas.PrimaryBackupPolicy.properties.primaryTargets.description]
Location: N/A
Fixed: False
Source: System
Issue Source: spectral-validator
Issue Target: import-url_root-spec
Action: COULD NOT PROCESS: Issue definition for code 'no-$ref-siblings' not found in registry.
--------------------------------------------------
Time: 2025-10-13T22:54:53.236968
Issue: no-$ref-siblings | N/A
Message: $ref must not be placed next to any other properties [path: components.schemas.RRSetRoutingPolicy.properties.geoPolicy.deprecated]
Location: N/A
Fixed: False
Source: System
Issue Source: spectral-validator
Issue Target: import-url_root-spec
Action: COULD NOT PROCESS: Issue definition for code 'no-$ref-siblings' not found in registry.
--------------------------------------------------
Time: 2025-10-13T22:54:53.239586
Issue: no-$ref-siblings | N/A
Message: $ref must not be placed next to any other properties [path: components.schemas.RRSetRoutingPolicy.properties.wrrPolicy.deprecated]
Location: N/A
Fixed: False
Source: System
Issue Source: spectral-validator
Issue Target: import-url_root-spec
Action: COULD NOT PROCESS: Issue definition for code 'no-$ref-siblings' not found in registry.
--------------------------------------------------
Time: 2025-10-13T22:54:53.241640
Issue: no-$ref-siblings | N/A
Message: $ref must not be placed next to any other properties [path: components.schemas.RegisterDomainRequest.properties.registration.description]
Location: N/A
Fixed: False
Source: System
Issue Source: spectral-validator
Issue Target: import-url_root-spec
Action: COULD NOT PROCESS: Issue definition for code 'no-$ref-siblings' not found in registry.
--------------------------------------------------
Time: 2025-10-13T22:54:53.243094
Issue: no-$ref-siblings | N/A
Message: $ref must not be placed next to any other properties [path: components.schemas.RegisterDomainRequest.properties.yearlyPrice.description]
Location: N/A
Fixed: False
Source: System
Issue Source: spectral-validator
Issue Target: import-url_root-spec
Action: COULD NOT PROCESS: Issue definition for code 'no-$ref-siblings' not found in registry.
--------------------------------------------------
Time: 2025-10-13T22:54:53.244619
Issue: oas3-schema | N/A
Message: Property "enumDeprecated" is not expected to be here. [path: components.schemas.RegisterParameters.properties.supportedPrivacy.items.enumDeprecated]
Location: N/A
Fixed: False
Source: System
Issue Source: spectral-validator
Issue Target: import-url_root-spec
Action: COULD NOT PROCESS: Issue definition for code 'oas3-schema' not found in registry.
--------------------------------------------------
Time: 2025-10-13T22:54:53.246436
Issue: no-$ref-siblings | N/A
Message: $ref must not be placed next to any other properties [path: components.schemas.RegisterParameters.properties.yearlyPrice.description]
Location: N/A
Fixed: False
Source: System
Issue Source: spectral-validator
Issue Target: import-url_root-spec
Action: COULD NOT PROCESS: Issue definition for code 'no-$ref-siblings' not found in registry.
--------------------------------------------------
Time: 2025-10-13T22:54:53.247985
Issue: no-$ref-siblings | N/A
Message: $ref must not be placed next to any other properties [path: components.schemas.Registration.properties.contactSettings.description]
Location: N/A
Fixed: False
Source: System
Issue Source: spectral-validator
Issue Target: import-url_root-spec
Action: COULD NOT PROCESS: Issue definition for code 'no-$ref-siblings' not found in registry.
--------------------------------------------------
Time: 2025-10-13T22:54:53.249742
Issue: no-$ref-siblings | N/A
Message: $ref must not be placed next to any other properties [path: components.schemas.Registration.properties.dnsSettings.description]
Location: N/A
Fixed: False
Source: System
Issue Source: spectral-validator
Issue Target: import-url_root-spec
Action: COULD NOT PROCESS: Issue definition for code 'no-$ref-siblings' not found in registry.
--------------------------------------------------
Time: 2025-10-13T22:54:53.251640
Issue: no-$ref-siblings | N/A
Message: $ref must not be placed next to any other properties [path: components.schemas.Registration.properties.managementSettings.description]
Location: N/A
Fixed: False
Source: System
Issue Source: spectral-validator
Issue Target: import-url_root-spec
Action: COULD NOT PROCESS: Issue definition for code 'no-$ref-siblings' not found in registry.
--------------------------------------------------
Time: 2025-10-13T22:54:53.253468
Issue: no-$ref-siblings | N/A
Message: $ref must not be placed next to any other properties [path: components.schemas.Registration.properties.pendingContactSettings.description]
Location: N/A
Fixed: False
Source: System
Issue Source: spectral-validator
Issue Target: import-url_root-spec
Action: COULD NOT PROCESS: Issue definition for code 'no-$ref-siblings' not found in registry.
--------------------------------------------------
Time: 2025-10-13T22:54:53.255427
Issue: no-$ref-siblings | N/A
Message: $ref must not be placed next to any other properties [path: components.schemas.Registration.properties.pendingContactSettings.readOnly]
Location: N/A
Fixed: False
Source: System
Issue Source: spectral-validator
Issue Target: import-url_root-spec
Action: COULD NOT PROCESS: Issue definition for code 'no-$ref-siblings' not found in registry.
--------------------------------------------------
Time: 2025-10-13T22:54:53.257191
Issue: oas3-schema | N/A
Message: Property "enumDeprecated" is not expected to be here. [path: components.schemas.Registration.properties.state.enumDeprecated]
Location: N/A
Fixed: False
Source: System
Issue Source: spectral-validator
Issue Target: import-url_root-spec
Action: COULD NOT PROCESS: Issue definition for code 'oas3-schema' not found in registry.
--------------------------------------------------
Time: 2025-10-13T22:54:53.258569
Issue: oas3-schema | N/A
Message: Property "enumDeprecated" is not expected to be here. [path: components.schemas.Registration.properties.supportedPrivacy.items.enumDeprecated]
Location: N/A
Fixed: False
Source: System
Issue Source: spectral-validator
Issue Target: import-url_root-spec
Action: COULD NOT PROCESS: Issue definition for code 'oas3-schema' not found in registry.
--------------------------------------------------
Time: 2025-10-13T22:54:53.260306
Issue: no-$ref-siblings | N/A
Message: $ref must not be placed next to any other properties [path: components.schemas.RenewDomainRequest.properties.yearlyPrice.description]
Location: N/A
Fixed: False
Source: System
Issue Source: spectral-validator
Issue Target: import-url_root-spec
Action: COULD NOT PROCESS: Issue definition for code 'no-$ref-siblings' not found in registry.
--------------------------------------------------
Time: 2025-10-13T22:54:53.261962
Issue: no-$ref-siblings | N/A
Message: $ref must not be placed next to any other properties [path: components.schemas.ResourceRecordSet.properties.routingPolicy.description]
Location: N/A
Fixed: False
Source: System
Issue Source: spectral-validator
Issue Target: import-url_root-spec
Action: COULD NOT PROCESS: Issue definition for code 'no-$ref-siblings' not found in registry.
--------------------------------------------------
Time: 2025-10-13T22:54:53.263326
Issue: no-$ref-siblings | N/A
Message: $ref must not be placed next to any other properties [path: components.schemas.RetrieveRegisterParametersResponse.properties.registerParameters.description]
Location: N/A
Fixed: False
Source: System
Issue Source: spectral-validator
Issue Target: import-url_root-spec
Action: COULD NOT PROCESS: Issue definition for code 'no-$ref-siblings' not found in registry.
--------------------------------------------------
Time: 2025-10-13T22:54:53.264558
Issue: no-$ref-siblings | N/A
Message: $ref must not be placed next to any other properties [path: components.schemas.RetrieveTransferParametersResponse.properties.transferParameters.description]
Location: N/A
Fixed: False
Source: System
Issue Source: spectral-validator
Issue Target: import-url_root-spec
Action: COULD NOT PROCESS: Issue definition for code 'no-$ref-siblings' not found in registry.
--------------------------------------------------
Time: 2025-10-13T22:54:53.265611
Issue: no-$ref-siblings | N/A
Message: $ref must not be placed next to any other properties [path: components.schemas.SetIamPolicyRequest.properties.policy.description]
Location: N/A
Fixed: False
Source: System
Issue Source: spectral-validator
Issue Target: import-url_root-spec
Action: COULD NOT PROCESS: Issue definition for code 'no-$ref-siblings' not found in registry.
--------------------------------------------------
Time: 2025-10-13T22:54:53.267145
Issue: no-$ref-siblings | N/A
Message: $ref must not be placed next to any other properties [path: components.schemas.TransferDomainRequest.properties.authorizationCode.description]
Location: N/A
Fixed: False
Source: System
Issue Source: spectral-validator
Issue Target: import-url_root-spec
Action: COULD NOT PROCESS: Issue definition for code 'no-$ref-siblings' not found in registry.
--------------------------------------------------
Time: 2025-10-13T22:54:53.268978
Issue: no-$ref-siblings | N/A
Message: $ref must not be placed next to any other properties [path: components.schemas.TransferDomainRequest.properties.registration.description]
Location: N/A
Fixed: False
Source: System
Issue Source: spectral-validator
Issue Target: import-url_root-spec
Action: COULD NOT PROCESS: Issue definition for code 'no-$ref-siblings' not found in registry.
--------------------------------------------------
Time: 2025-10-13T22:54:53.271183
Issue: no-$ref-siblings | N/A
Message: $ref must not be placed next to any other properties [path: components.schemas.TransferDomainRequest.properties.yearlyPrice.description]
Location: N/A
Fixed: False
Source: System
Issue Source: spectral-validator
Issue Target: import-url_root-spec
Action: COULD NOT PROCESS: Issue definition for code 'no-$ref-siblings' not found in registry.
--------------------------------------------------
Time: 2025-10-13T22:54:53.274763
Issue: oas3-schema | N/A
Message: Property "enumDeprecated" is not expected to be here. [path: components.schemas.TransferParameters.properties.supportedPrivacy.items.enumDeprecated]
Location: N/A
Fixed: False
Source: System
Issue Source: spectral-validator
Issue Target: import-url_root-spec
Action: COULD NOT PROCESS: Issue definition for code 'oas3-schema' not found in registry.
--------------------------------------------------
Time: 2025-10-13T22:54:53.276408
Issue: no-$ref-siblings | N/A
Message: $ref must not be placed next to any other properties [path: components.schemas.TransferParameters.properties.yearlyPrice.description]
Location: N/A
Fixed: False
Source: System
Issue Source: spectral-validator
Issue Target: import-url_root-spec
Action: COULD NOT PROCESS: Issue definition for code 'no-$ref-siblings' not found in registry.
--------------------------------------------------
Time: 2025-10-13T22:54:53.277937
Issue: no-$ref-siblings | N/A
Message: $ref must not be placed next to any other properties [path: components.schemas.WrrPolicyItem.properties.healthCheckedTargets.description]
Location: N/A
Fixed: False
Source: System
Issue Source: spectral-validator
Issue Target: import-url_root-spec
Action: COULD NOT PROCESS: Issue definition for code 'no-$ref-siblings' not found in registry.
