Repair Log
Processed Timestamp: 2025-10-13T22:55:22.166207

--------------------------------------------------
Time: 2025-10-13T22:55:16.845392
Issue: oneOf | N/A
Message: {'description': "Defines the contact information associated with a `Registration`. [ICANN](https://icann.org/) requires all domain names to have associated contact information. The `registrant_contact` is considered the domain's legal owner, and often the other contacts are identical.", 'properties': {'adminContact': {'$ref': '#/components/schemas/Contact', 'description': 'Required. The administrative contact for the `Registration`.'}, 'privacy': {'description': 'Required. Privacy setting for the contacts associated with the `Registration`.', 'enum': ['CONTACT_PRIVACY_UNSPECIFIED', 'PUBLIC_CONTACT_DATA', 'PRIVATE_CONTACT_DATA', 'REDACTED_CONTACT_DATA'], 'enumDeprecated': [False, False, True, False], 'type': 'string'}, 'registrantContact': {'$ref': '#/components/schemas/Contact', 'description': 'Required. The registrant contact for the `Registration`. *Caution: Anyone with access to this email address, phone number, and/or postal address can take control of the domain.* *Warning: For new `Registration`s, the registrant receives an email confirmation that they must complete within 15 days to avoid domain suspension.*'}, 'technicalContact': {'$ref': '#/components/schemas/Contact', 'description': 'Required. The technical contact for the `Registration`.'}}, 'type': 'object'} is not valid under any of the given schemas
Location: N/A
Fixed: False
Source: System
Issue Source: openapi-spec-validator
Issue Target: import-url_bundled-spec
Action: COULD NOT PROCESS: Issue definition for code 'oneOf' not found in registry.
--------------------------------------------------
Time: 2025-10-13T22:55:16.852132
Issue: oneOf | N/A
Message: {'description': 'Defines renewal, billing, and transfer settings for a `Registration`.', 'properties': {'effectiveTransferLockState': {'description': 'Output only. The actual transfer lock state for this `Registration`.', 'enum': ['TRANSFER_LOCK_STATE_UNSPECIFIED', 'UNLOCKED', 'LOCKED'], 'readOnly': True, 'type': 'string'}, 'preferredRenewalMethod': {'description': 'Optional. The desired renewal method for this `Registration`. The actual `renewal_method` is automatically updated to reflect this choice. If unset or equal to `RENEWAL_METHOD_UNSPECIFIED`, the actual `renewalMethod` is treated as if it were set to `AUTOMATIC_RENEWAL`. You cannot use `RENEWAL_DISABLED` during resource creation, and you can update the renewal status only when the `Registration` resource has state `ACTIVE` or `SUSPENDED`. When `preferred_renewal_method` is set to `AUTOMATIC_RENEWAL`, the actual `renewal_method` can be set to `RENEWAL_DISABLED` in case of problems with the billing account or reported domain abuse. In such cases, check the `issues` field on the `Registration`. After the problem is resolved, the `renewal_method` is automatically updated to `preferred_renewal_method` in a few hours.', 'enum': ['RENEWAL_METHOD_UNSPECIFIED', 'AUTOMATIC_RENEWAL', 'MANUAL_RENEWAL', 'RENEWAL_DISABLED'], 'enumDeprecated': [False, False, True, False], 'type': 'string'}, 'renewalMethod': {'description': 'Output only. The actual renewal method for this `Registration`. When `preferred_renewal_method` is set to `AUTOMATIC_RENEWAL`, the actual `renewal_method` can be equal to `RENEWAL_DISABLED`â€”for example, when there are problems with the billing account or reported domain abuse. In such cases, check the `issues` field on the `Registration`. After the problem is resolved, the `renewal_method` is automatically updated to `preferred_renewal_method` in a few hours.', 'enum': ['RENEWAL_METHOD_UNSPECIFIED', 'AUTOMATIC_RENEWAL', 'MANUAL_RENEWAL', 'RENEWAL_DISABLED'], 'enumDeprecated': [False, False, True, False], 'readOnly': True, 'type': 'string'}, 'transferLockState': {'description': 'This is the desired transfer lock state for this `Registration`. A transfer lock controls whether the domain can be transferred to another registrar. The transfer lock state of the domain is returned in the `effective_transfer_lock_state` property. The transfer lock state values might be different for the following reasons: * `transfer_lock_state` was updated only a short time ago. * Domains with the `TRANSFER_LOCK_UNSUPPORTED_BY_REGISTRY` state are in the list of `domain_properties`. These domains are always in the `UNLOCKED` state.', 'enum': ['TRANSFER_LOCK_STATE_UNSPECIFIED', 'UNLOCKED', 'LOCKED'], 'type': 'string'}}, 'type': 'object'} is not valid under any of the given schemas
Location: N/A
Fixed: False
Source: System
Issue Source: openapi-spec-validator
Issue Target: import-url_bundled-spec
Action: COULD NOT PROCESS: Issue definition for code 'oneOf' not found in registry.
--------------------------------------------------
Time: 2025-10-13T22:55:16.857826
Issue: oneOf | N/A
Message: {'description': 'Parameters required to register a new domain.', 'properties': {'availability': {'description': 'Indicates whether the domain is available for registration. This value is accurate when obtained by calling `RetrieveRegisterParameters`, but is approximate when obtained by calling `SearchDomains`.', 'enum': ['AVAILABILITY_UNSPECIFIED', 'AVAILABLE', 'UNAVAILABLE', 'UNSUPPORTED', 'UNKNOWN'], 'type': 'string'}, 'domainName': {'description': 'The domain name. Unicode domain names are expressed in Punycode format.', 'type': 'string'}, 'domainNotices': {'description': 'Notices about special properties of the domain.', 'items': {'enum': ['DOMAIN_NOTICE_UNSPECIFIED', 'HSTS_PRELOADED'], 'type': 'string'}, 'type': 'array'}, 'supportedPrivacy': {'description': 'Contact privacy options that the domain supports.', 'items': {'enum': ['CONTACT_PRIVACY_UNSPECIFIED', 'PUBLIC_CONTACT_DATA', 'PRIVATE_CONTACT_DATA', 'REDACTED_CONTACT_DATA'], 'enumDeprecated': [False, False, True, False], 'type': 'string'}, 'type': 'array'}, 'yearlyPrice': {'$ref': '#/components/schemas/Money', 'description': 'Price to register or renew the domain for one year.'}}, 'type': 'object'} is not valid under any of the given schemas
Location: N/A
Fixed: False
Source: System
Issue Source: openapi-spec-validator
Issue Target: import-url_bundled-spec
Action: COULD NOT PROCESS: Issue definition for code 'oneOf' not found in registry.
--------------------------------------------------
Time: 2025-10-13T22:55:16.871029
Issue: oneOf | N/A
Message: {'description': "The `Registration` resource facilitates managing and configuring domain name registrations. There are several ways to create a new `Registration` resource: To create a new `Registration` resource, find a suitable domain name by calling the `SearchDomains` method with a query to see available domain name options. After choosing a name, call `RetrieveRegisterParameters` to ensure availability and obtain information like pricing, which is needed to build a call to `RegisterDomain`. Another way to create a new `Registration` is to transfer an existing domain from another registrar (Deprecated: For more information, see [Cloud Domains feature deprecation](https://cloud.google.com/domains/docs/deprecations/feature-deprecations)). First, go to the current registrar to unlock the domain for transfer and retrieve the domain's transfer authorization code. Then call `RetrieveTransferParameters` to confirm that the domain is unlocked and to get values needed to build a call to `TransferDomain`. Finally, you can create a new `Registration` by importing an existing domain managed with [Google Domains](https://domains.google/) (Deprecated: For more information, see [Cloud Domains feature deprecation](https://cloud.google.com/domains/docs/deprecations/feature-deprecations)). First, call `RetrieveImportableDomains` to list domains to which the calling user has sufficient access. Then call `ImportDomain` on any domain names you want to use with Cloud Domains.", 'properties': {'contactSettings': {'$ref': '#/components/schemas/ContactSettings', 'description': 'Required. Settings for contact information linked to the `Registration`. You cannot update these with the `UpdateRegistration` method. To update these settings, use the `ConfigureContactSettings` method.'}, 'createTime': {'description': 'Output only. The creation timestamp of the `Registration` resource.', 'format': 'google-datetime', 'readOnly': True, 'type': 'string'}, 'dnsSettings': {'$ref': '#/components/schemas/DnsSettings', 'description': 'Settings controlling the DNS configuration of the `Registration`. You cannot update these with the `UpdateRegistration` method. To update these settings, use the `ConfigureDnsSettings` method.'}, 'domainName': {'description': 'Required. Immutable. The domain name. Unicode domain names must be expressed in Punycode format.', 'type': 'string'}, 'domainProperties': {'description': 'Output only. Special properties of the domain.', 'items': {'enum': ['DOMAIN_PROPERTY_UNSPECIFIED', 'TRANSFER_LOCK_UNSUPPORTED_BY_REGISTRY', 'REQUIRE_PUSH_TRANSFER'], 'type': 'string'}, 'readOnly': True, 'type': 'array'}, 'expireTime': {'description': 'Output only. The expiration timestamp of the `Registration`.', 'format': 'google-datetime', 'readOnly': True, 'type': 'string'}, 'issues': {'description': 'Output only. The set of issues with the `Registration` that require attention.', 'items': {'enum': ['ISSUE_UNSPECIFIED', 'CONTACT_SUPPORT', 'UNVERIFIED_EMAIL', 'PROBLEM_WITH_BILLING', 'DNS_NOT_ACTIVATED'], 'type': 'string'}, 'readOnly': True, 'type': 'array'}, 'labels': {'additionalProperties': {'type': 'string'}, 'description': 'Set of labels associated with the `Registration`.', 'type': 'object'}, 'managementSettings': {'$ref': '#/components/schemas/ManagementSettings', 'description': 'Settings for management of the `Registration`, including renewal, billing, and transfer. You cannot update these with the `UpdateRegistration` method. To update these settings, use the `ConfigureManagementSettings` method.'}, 'name': {'description': 'Output only. Name of the `Registration` resource, in the format `projects/*/locations/*/registrations/`.', 'readOnly': True, 'type': 'string'}, 'pendingContactSettings': {'$ref': '#/components/schemas/ContactSettings', 'description': 'Output only. Pending contact settings for the `Registration`. Updates to the `contact_settings` field that change its `registrant_contact` or `privacy` fields require email confirmation by the `registrant_contact` before taking effect. This field is set only if there are pending updates to the `contact_settings` that have not been confirmed. To confirm the changes, the `registrant_contact` must follow the instructions in the email they receive.', 'readOnly': True}, 'registerFailureReason': {'description': 'Output only. The reason the domain registration failed. Only set for domains in REGISTRATION_FAILED state.', 'enum': ['REGISTER_FAILURE_REASON_UNSPECIFIED', 'REGISTER_FAILURE_REASON_UNKNOWN', 'DOMAIN_NOT_AVAILABLE', 'INVALID_CONTACTS'], 'readOnly': True, 'type': 'string'}, 'state': {'description': 'Output only. The state of the `Registration`', 'enum': ['STATE_UNSPECIFIED', 'REGISTRATION_PENDING', 'REGISTRATION_FAILED', 'TRANSFER_PENDING', 'TRANSFER_FAILED', 'IMPORT_PENDING', 'ACTIVE', 'SUSPENDED', 'EXPORTED', 'EXPIRED'], 'enumDeprecated': [False, False, False, True, True, True, False, False, False, False], 'readOnly': True, 'type': 'string'}, 'supportedPrivacy': {'description': 'Output only. Set of options for the `contact_settings.privacy` field that this `Registration` supports.', 'items': {'enum': ['CONTACT_PRIVACY_UNSPECIFIED', 'PUBLIC_CONTACT_DATA', 'PRIVATE_CONTACT_DATA', 'REDACTED_CONTACT_DATA'], 'enumDeprecated': [False, False, True, False], 'type': 'string'}, 'readOnly': True, 'type': 'array'}, 'transferFailureReason': {'deprecated': True, 'description': 'Output only. Deprecated: For more information, see [Cloud Domains feature deprecation](https://cloud.google.com/domains/docs/deprecations/feature-deprecations). The reason the domain transfer failed. Only set for domains in TRANSFER_FAILED state.', 'enum': ['TRANSFER_FAILURE_REASON_UNSPECIFIED', 'TRANSFER_FAILURE_REASON_UNKNOWN', 'EMAIL_CONFIRMATION_FAILURE', 'DOMAIN_NOT_REGISTERED', 'DOMAIN_HAS_TRANSFER_LOCK', 'INVALID_AUTHORIZATION_CODE', 'TRANSFER_CANCELLED', 'TRANSFER_REJECTED', 'INVALID_REGISTRANT_EMAIL_ADDRESS', 'DOMAIN_NOT_ELIGIBLE_FOR_TRANSFER', 'TRANSFER_ALREADY_PENDING'], 'readOnly': True, 'type': 'string'}}, 'type': 'object'} is not valid under any of the given schemas
Location: N/A
Fixed: False
Source: System
Issue Source: openapi-spec-validator
Issue Target: import-url_bundled-spec
Action: COULD NOT PROCESS: Issue definition for code 'oneOf' not found in registry.
--------------------------------------------------
Time: 2025-10-13T22:55:16.876221
Issue: oneOf | N/A
Message: {'deprecated': True, 'description': 'Deprecated: For more information, see [Cloud Domains feature deprecation](https://cloud.google.com/domains/docs/deprecations/feature-deprecations). Parameters required to transfer a domain from another registrar.', 'properties': {'currentRegistrar': {'description': 'The registrar that currently manages the domain.', 'type': 'string'}, 'currentRegistrarUri': {'description': 'The URL of the registrar that currently manages the domain.', 'type': 'string'}, 'domainName': {'description': 'The domain name. Unicode domain names are expressed in Punycode format.', 'type': 'string'}, 'nameServers': {'description': 'The name servers that currently store the configuration of the domain.', 'items': {'type': 'string'}, 'type': 'array'}, 'supportedPrivacy': {'description': 'Contact privacy options that the domain supports.', 'items': {'enum': ['CONTACT_PRIVACY_UNSPECIFIED', 'PUBLIC_CONTACT_DATA', 'PRIVATE_CONTACT_DATA', 'REDACTED_CONTACT_DATA'], 'enumDeprecated': [False, False, True, False], 'type': 'string'}, 'type': 'array'}, 'transferLockState': {'description': 'Indicates whether the domain is protected by a transfer lock. For a transfer to succeed, this must show `UNLOCKED`. To unlock a domain, go to its current registrar.', 'enum': ['TRANSFER_LOCK_STATE_UNSPECIFIED', 'UNLOCKED', 'LOCKED'], 'type': 'string'}, 'yearlyPrice': {'$ref': '#/components/schemas/Money', 'description': 'Price to transfer or renew the domain for one year.'}}, 'type': 'object'} is not valid under any of the given schemas
Location: N/A
Fixed: False
Source: System
Issue Source: openapi-spec-validator
Issue Target: import-url_bundled-spec
Action: COULD NOT PROCESS: Issue definition for code 'oneOf' not found in registry.
--------------------------------------------------
Time: 2025-10-13T22:55:16.880959
Issue: <unset> | N/A
Message: Path parameter '+location' for 'get' operation in '/v1beta1/{+location}/registrations:retrieveImportableDomains' was not resolved
Location: N/A
Fixed: False
Source: System
Issue Source: openapi-spec-validator
Issue Target: import-url_bundled-spec
Action: COULD NOT PROCESS: Issue definition for code '<unset>' not found in registry.
--------------------------------------------------
Time: 2025-10-13T22:55:16.927137
Issue: <unset> | N/A
Message: Path parameter '+location' for 'get' operation in '/v1beta1/{+location}/registrations:retrieveRegisterParameters' was not resolved
Location: N/A
Fixed: False
Source: System
Issue Source: openapi-spec-validator
Issue Target: import-url_bundled-spec
Action: COULD NOT PROCESS: Issue definition for code '<unset>' not found in registry.
--------------------------------------------------
Time: 2025-10-13T22:55:16.989286
Issue: <unset> | N/A
Message: Path parameter '+location' for 'get' operation in '/v1beta1/{+location}/registrations:retrieveTransferParameters' was not resolved
Location: N/A
Fixed: False
Source: System
Issue Source: openapi-spec-validator
Issue Target: import-url_bundled-spec
Action: COULD NOT PROCESS: Issue definition for code '<unset>' not found in registry.
--------------------------------------------------
Time: 2025-10-13T22:55:16.998265
Issue: <unset> | N/A
Message: Path parameter '+location' for 'get' operation in '/v1beta1/{+location}/registrations:searchDomains' was not resolved
Location: N/A
Fixed: False
Source: System
Issue Source: openapi-spec-validator
Issue Target: import-url_bundled-spec
Action: COULD NOT PROCESS: Issue definition for code '<unset>' not found in registry.
--------------------------------------------------
Time: 2025-10-13T22:55:17.002664
Issue: <unset> | N/A
Message: Path parameter '+name' for 'delete' operation in '/v1beta1/{+name}' was not resolved
Location: N/A
Fixed: False
Source: System
Issue Source: openapi-spec-validator
Issue Target: import-url_bundled-spec
Action: COULD NOT PROCESS: Issue definition for code '<unset>' not found in registry.
--------------------------------------------------
Time: 2025-10-13T22:55:17.012756
Issue: <unset> | N/A
Message: Path parameter '+name' for 'get' operation in '/v1beta1/{+name}' was not resolved
Location: N/A
Fixed: False
Source: System
Issue Source: openapi-spec-validator
Issue Target: import-url_bundled-spec
Action: COULD NOT PROCESS: Issue definition for code '<unset>' not found in registry.
--------------------------------------------------
Time: 2025-10-13T22:55:17.020392
Issue: <unset> | N/A
Message: Path parameter '+name' for 'patch' operation in '/v1beta1/{+name}' was not resolved
Location: N/A
Fixed: False
Source: System
Issue Source: openapi-spec-validator
Issue Target: import-url_bundled-spec
Action: COULD NOT PROCESS: Issue definition for code '<unset>' not found in registry.
--------------------------------------------------
Time: 2025-10-13T22:55:17.089863
Issue: <unset> | N/A
Message: Path parameter '+name' for 'get' operation in '/v1beta1/{+name}/locations' was not resolved
Location: N/A
Fixed: False
Source: System
Issue Source: openapi-spec-validator
Issue Target: import-url_bundled-spec
Action: COULD NOT PROCESS: Issue definition for code '<unset>' not found in registry.
--------------------------------------------------
Time: 2025-10-13T22:55:17.102604
Issue: <unset> | N/A
Message: Path parameter '+name' for 'get' operation in '/v1beta1/{+name}/operations' was not resolved
Location: N/A
Fixed: False
Source: System
Issue Source: openapi-spec-validator
Issue Target: import-url_bundled-spec
Action: COULD NOT PROCESS: Issue definition for code '<unset>' not found in registry.
--------------------------------------------------
Time: 2025-10-13T22:55:17.111703
Issue: <unset> | N/A
Message: Path parameter '+name' for 'post' operation in '/v1beta1/{+name}:export' was not resolved
Location: N/A
Fixed: False
Source: System
Issue Source: openapi-spec-validator
Issue Target: import-url_bundled-spec
Action: COULD NOT PROCESS: Issue definition for code '<unset>' not found in registry.
--------------------------------------------------
Time: 2025-10-13T22:55:17.116701
Issue: <unset> | N/A
Message: Path parameter '+parent' for 'get' operation in '/v1beta1/{+parent}/registrations' was not resolved
Location: N/A
Fixed: False
Source: System
Issue Source: openapi-spec-validator
Issue Target: import-url_bundled-spec
Action: COULD NOT PROCESS: Issue definition for code '<unset>' not found in registry.
--------------------------------------------------
Time: 2025-10-13T22:55:17.160602
Issue: <unset> | N/A
Message: Path parameter '+parent' for 'post' operation in '/v1beta1/{+parent}/registrations:import' was not resolved
Location: N/A
Fixed: False
Source: System
Issue Source: openapi-spec-validator
Issue Target: import-url_bundled-spec
Action: COULD NOT PROCESS: Issue definition for code '<unset>' not found in registry.
--------------------------------------------------
Time: 2025-10-13T22:55:17.171336
Issue: <unset> | N/A
Message: Path parameter '+parent' for 'post' operation in '/v1beta1/{+parent}/registrations:register' was not resolved
Location: N/A
Fixed: False
Source: System
Issue Source: openapi-spec-validator
Issue Target: import-url_bundled-spec
Action: COULD NOT PROCESS: Issue definition for code '<unset>' not found in registry.
--------------------------------------------------
Time: 2025-10-13T22:55:17.219716
Issue: <unset> | N/A
Message: Path parameter '+parent' for 'post' operation in '/v1beta1/{+parent}/registrations:transfer' was not resolved
Location: N/A
Fixed: False
Source: System
Issue Source: openapi-spec-validator
Issue Target: import-url_bundled-spec
Action: COULD NOT PROCESS: Issue definition for code '<unset>' not found in registry.
--------------------------------------------------
Time: 2025-10-13T22:55:17.222475
Issue: <unset> | N/A
Message: Path parameter '+registration' for 'post' operation in '/v1beta1/{+registration}:configureContactSettings' was not resolved
Location: N/A
Fixed: False
Source: System
Issue Source: openapi-spec-validator
Issue Target: import-url_bundled-spec
Action: COULD NOT PROCESS: Issue definition for code '<unset>' not found in registry.
--------------------------------------------------
Time: 2025-10-13T22:55:17.226366
Issue: <unset> | N/A
Message: Path parameter '+registration' for 'post' operation in '/v1beta1/{+registration}:configureDnsSettings' was not resolved
Location: N/A
Fixed: False
Source: System
Issue Source: openapi-spec-validator
Issue Target: import-url_bundled-spec
Action: COULD NOT PROCESS: Issue definition for code '<unset>' not found in registry.
--------------------------------------------------
Time: 2025-10-13T22:55:17.265507
Issue: <unset> | N/A
Message: Path parameter '+registration' for 'post' operation in '/v1beta1/{+registration}:configureManagementSettings' was not resolved
Location: N/A
Fixed: False
Source: System
Issue Source: openapi-spec-validator
Issue Target: import-url_bundled-spec
Action: COULD NOT PROCESS: Issue definition for code '<unset>' not found in registry.
--------------------------------------------------
Time: 2025-10-13T22:55:17.285571
Issue: <unset> | N/A
Message: Path parameter '+registration' for 'post' operation in '/v1beta1/{+registration}:initiatePushTransfer' was not resolved
Location: N/A
Fixed: False
Source: System
Issue Source: openapi-spec-validator
Issue Target: import-url_bundled-spec
Action: COULD NOT PROCESS: Issue definition for code '<unset>' not found in registry.
--------------------------------------------------
Time: 2025-10-13T22:55:17.291784
Issue: <unset> | N/A
Message: Path parameter '+registration' for 'post' operation in '/v1beta1/{+registration}:renewDomain' was not resolved
Location: N/A
Fixed: False
Source: System
Issue Source: openapi-spec-validator
Issue Target: import-url_bundled-spec
Action: COULD NOT PROCESS: Issue definition for code '<unset>' not found in registry.
--------------------------------------------------
Time: 2025-10-13T22:55:17.297365
Issue: <unset> | N/A
Message: Path parameter '+registration' for 'post' operation in '/v1beta1/{+registration}:resetAuthorizationCode' was not resolved
Location: N/A
Fixed: False
Source: System
Issue Source: openapi-spec-validator
Issue Target: import-url_bundled-spec
Action: COULD NOT PROCESS: Issue definition for code '<unset>' not found in registry.
--------------------------------------------------
Time: 2025-10-13T22:55:17.300631
Issue: <unset> | N/A
Message: Path parameter '+registration' for 'get' operation in '/v1beta1/{+registration}:retrieveAuthorizationCode' was not resolved
Location: N/A
Fixed: False
Source: System
Issue Source: openapi-spec-validator
Issue Target: import-url_bundled-spec
Action: COULD NOT PROCESS: Issue definition for code '<unset>' not found in registry.
--------------------------------------------------
Time: 2025-10-13T22:55:17.304801
Issue: <unset> | N/A
Message: Path parameter '+registration' for 'get' operation in '/v1beta1/{+registration}:retrieveGoogleDomainsDnsRecords' was not resolved
Location: N/A
Fixed: False
Source: System
Issue Source: openapi-spec-validator
Issue Target: import-url_bundled-spec
Action: COULD NOT PROCESS: Issue definition for code '<unset>' not found in registry.
--------------------------------------------------
Time: 2025-10-13T22:55:17.310478
Issue: <unset> | N/A
Message: Path parameter '+registration' for 'get' operation in '/v1beta1/{+registration}:retrieveGoogleDomainsForwardingConfig' was not resolved
Location: N/A
Fixed: False
Source: System
Issue Source: openapi-spec-validator
Issue Target: import-url_bundled-spec
Action: COULD NOT PROCESS: Issue definition for code '<unset>' not found in registry.
--------------------------------------------------
Time: 2025-10-13T22:55:17.317979
Issue: <unset> | N/A
Message: Path parameter '+resource' for 'get' operation in '/v1beta1/{+resource}:getIamPolicy' was not resolved
Location: N/A
Fixed: False
Source: System
Issue Source: openapi-spec-validator
Issue Target: import-url_bundled-spec
Action: COULD NOT PROCESS: Issue definition for code '<unset>' not found in registry.
--------------------------------------------------
Time: 2025-10-13T22:55:17.321459
Issue: <unset> | N/A
Message: Path parameter '+resource' for 'post' operation in '/v1beta1/{+resource}:setIamPolicy' was not resolved
Location: N/A
Fixed: False
Source: System
Issue Source: openapi-spec-validator
Issue Target: import-url_bundled-spec
Action: COULD NOT PROCESS: Issue definition for code '<unset>' not found in registry.
--------------------------------------------------
Time: 2025-10-13T22:55:17.325546
Issue: <unset> | N/A
Message: Path parameter '+resource' for 'post' operation in '/v1beta1/{+resource}:testIamPermissions' was not resolved
Location: N/A
Fixed: False
Source: System
Issue Source: openapi-spec-validator
Issue Target: import-url_bundled-spec
Action: COULD NOT PROCESS: Issue definition for code '<unset>' not found in registry.
--------------------------------------------------
Time: 2025-10-13T22:55:17.329711
Issue: no-server-trailing-slash | N/A
Message: Server `url` should not have a trailing slash. [path: servers.0.url]
Location: N/A
Fixed: False
Source: System
Issue Source: redocly-validator
Issue Target: import-url_bundled-spec
Action: COULD NOT PROCESS: Issue definition for code 'no-server-trailing-slash' not found in registry.
--------------------------------------------------
Time: 2025-10-13T22:55:17.334064
Issue: operation-summary | N/A
Message: Operation object should contain `summary` field. [path: paths./v1beta1/{+location}/registrations:retrieveImportableDomains.get.summary]
Location: N/A
Fixed: False
Source: System
Issue Source: redocly-validator
Issue Target: import-url_bundled-spec
Action: COULD NOT PROCESS: Issue definition for code 'operation-summary' not found in registry.
--------------------------------------------------
Time: 2025-10-13T22:55:17.337590
Issue: path-parameters-defined | N/A
Message: Path parameter `location` is not used in the path `/v1beta1/{+location}/registrations:retrieveImportableDomains`. [path: paths./v1beta1/{+location}/registrations:retrieveImportableDomains.get.parameters.0.name]
Location: N/A
Fixed: False
Source: System
Issue Source: redocly-validator
Issue Target: import-url_bundled-spec
Action: COULD NOT PROCESS: Issue definition for code 'path-parameters-defined' not found in registry.
--------------------------------------------------
Time: 2025-10-13T22:55:17.340800
Issue: operation-summary | N/A
Message: Operation object should contain `summary` field. [path: paths./v1beta1/{+location}/registrations:retrieveRegisterParameters.get.summary]
Location: N/A
Fixed: False
Source: System
Issue Source: redocly-validator
Issue Target: import-url_bundled-spec
Action: COULD NOT PROCESS: Issue definition for code 'operation-summary' not found in registry.
--------------------------------------------------
Time: 2025-10-13T22:55:17.345373
Issue: path-parameters-defined | N/A
Message: Path parameter `location` is not used in the path `/v1beta1/{+location}/registrations:retrieveRegisterParameters`. [path: paths./v1beta1/{+location}/registrations:retrieveRegisterParameters.get.parameters.0.name]
Location: N/A
Fixed: False
Source: System
Issue Source: redocly-validator
Issue Target: import-url_bundled-spec
Action: COULD NOT PROCESS: Issue definition for code 'path-parameters-defined' not found in registry.
--------------------------------------------------
Time: 2025-10-13T22:55:17.352578
Issue: struct | N/A
Message: Property `enumDeprecated` is not expected here. [path: components.schemas.RegisterParameters.properties.supportedPrivacy.items.enumDeprecated]
Location: N/A
Fixed: False
Source: System
Issue Source: redocly-validator
Issue Target: import-url_bundled-spec
Action: COULD NOT PROCESS: Issue definition for code 'struct' not found in registry.
--------------------------------------------------
Time: 2025-10-13T22:55:17.358984
Issue: operation-summary | N/A
Message: Operation object should contain `summary` field. [path: paths./v1beta1/{+location}/registrations:retrieveTransferParameters.get.summary]
Location: N/A
Fixed: False
Source: System
Issue Source: redocly-validator
Issue Target: import-url_bundled-spec
Action: COULD NOT PROCESS: Issue definition for code 'operation-summary' not found in registry.
--------------------------------------------------
Time: 2025-10-13T22:55:17.365231
Issue: path-parameters-defined | N/A
Message: Path parameter `location` is not used in the path `/v1beta1/{+location}/registrations:retrieveTransferParameters`. [path: paths./v1beta1/{+location}/registrations:retrieveTransferParameters.get.parameters.0.name]
Location: N/A
Fixed: False
Source: System
Issue Source: redocly-validator
Issue Target: import-url_bundled-spec
Action: COULD NOT PROCESS: Issue definition for code 'path-parameters-defined' not found in registry.
--------------------------------------------------
Time: 2025-10-13T22:55:17.370335
Issue: struct | N/A
Message: Property `enumDeprecated` is not expected here. [path: components.schemas.TransferParameters.properties.supportedPrivacy.items.enumDeprecated]
Location: N/A
Fixed: False
Source: System
Issue Source: redocly-validator
Issue Target: import-url_bundled-spec
Action: COULD NOT PROCESS: Issue definition for code 'struct' not found in registry.
--------------------------------------------------
Time: 2025-10-13T22:55:17.379671
Issue: operation-summary | N/A
Message: Operation object should contain `summary` field. [path: paths./v1beta1/{+location}/registrations:searchDomains.get.summary]
Location: N/A
Fixed: False
Source: System
Issue Source: redocly-validator
Issue Target: import-url_bundled-spec
Action: COULD NOT PROCESS: Issue definition for code 'operation-summary' not found in registry.
--------------------------------------------------
Time: 2025-10-13T22:55:17.386135
Issue: path-parameters-defined | N/A
Message: Path parameter `location` is not used in the path `/v1beta1/{+location}/registrations:searchDomains`. [path: paths./v1beta1/{+location}/registrations:searchDomains.get.parameters.0.name]
Location: N/A
Fixed: False
Source: System
Issue Source: redocly-validator
Issue Target: import-url_bundled-spec
Action: COULD NOT PROCESS: Issue definition for code 'path-parameters-defined' not found in registry.
--------------------------------------------------
Time: 2025-10-13T22:55:17.389468
Issue: operation-summary | N/A
Message: Operation object should contain `summary` field. [path: paths./v1beta1/{+name}.get.summary]
Location: N/A
Fixed: False
Source: System
Issue Source: redocly-validator
Issue Target: import-url_bundled-spec
Action: COULD NOT PROCESS: Issue definition for code 'operation-summary' not found in registry.
--------------------------------------------------
Time: 2025-10-13T22:55:17.392730
Issue: path-parameters-defined | N/A
Message: Path parameter `name` is not used in the path `/v1beta1/{+name}`. [path: paths./v1beta1/{+name}.get.parameters.0.name]
Location: N/A
Fixed: False
Source: System
Issue Source: redocly-validator
Issue Target: import-url_bundled-spec
Action: COULD NOT PROCESS: Issue definition for code 'path-parameters-defined' not found in registry.
--------------------------------------------------
Time: 2025-10-13T22:55:17.405697
Issue: struct | N/A
Message: Property `enumDeprecated` is not expected here. [path: components.schemas.ContactSettings.properties.privacy.enumDeprecated]
Location: N/A
Fixed: False
Source: System
Issue Source: redocly-validator
Issue Target: import-url_bundled-spec
Action: COULD NOT PROCESS: Issue definition for code 'struct' not found in registry.
--------------------------------------------------
Time: 2025-10-13T22:55:17.471652
Issue: struct | N/A
Message: Property `enumDeprecated` is not expected here. [path: components.schemas.ManagementSettings.properties.preferredRenewalMethod.enumDeprecated]
Location: N/A
Fixed: False
Source: System
Issue Source: redocly-validator
Issue Target: import-url_bundled-spec
Action: COULD NOT PROCESS: Issue definition for code 'struct' not found in registry.
--------------------------------------------------
Time: 2025-10-13T22:55:17.524398
Issue: struct | N/A
Message: Property `enumDeprecated` is not expected here. [path: components.schemas.ManagementSettings.properties.renewalMethod.enumDeprecated]
Location: N/A
Fixed: False
Source: System
Issue Source: redocly-validator
Issue Target: import-url_bundled-spec
Action: COULD NOT PROCESS: Issue definition for code 'struct' not found in registry.
--------------------------------------------------
Time: 2025-10-13T22:55:17.528188
Issue: struct | N/A
Message: Property `enumDeprecated` is not expected here. [path: components.schemas.Registration.properties.state.enumDeprecated]
Location: N/A
Fixed: False
Source: System
Issue Source: redocly-validator
Issue Target: import-url_bundled-spec
Action: COULD NOT PROCESS: Issue definition for code 'struct' not found in registry.
--------------------------------------------------
Time: 2025-10-13T22:55:17.532953
Issue: struct | N/A
Message: Property `enumDeprecated` is not expected here. [path: components.schemas.Registration.properties.supportedPrivacy.items.enumDeprecated]
Location: N/A
Fixed: False
Source: System
Issue Source: redocly-validator
Issue Target: import-url_bundled-spec
Action: COULD NOT PROCESS: Issue definition for code 'struct' not found in registry.
--------------------------------------------------
Time: 2025-10-13T22:55:17.538185
Issue: operation-summary | N/A
Message: Operation object should contain `summary` field. [path: paths./v1beta1/{+name}.delete.summary]
Location: N/A
Fixed: False
Source: System
Issue Source: redocly-validator
Issue Target: import-url_bundled-spec
Action: COULD NOT PROCESS: Issue definition for code 'operation-summary' not found in registry.
--------------------------------------------------
Time: 2025-10-13T22:55:17.546386
Issue: path-parameters-defined | N/A
Message: Path parameter `name` is not used in the path `/v1beta1/{+name}`. [path: paths./v1beta1/{+name}.delete.parameters.0.name]
Location: N/A
Fixed: False
Source: System
Issue Source: redocly-validator
Issue Target: import-url_bundled-spec
Action: COULD NOT PROCESS: Issue definition for code 'path-parameters-defined' not found in registry.
--------------------------------------------------
Time: 2025-10-13T22:55:17.555452
Issue: operation-summary | N/A
Message: Operation object should contain `summary` field. [path: paths./v1beta1/{+name}.patch.summary]
Location: N/A
Fixed: False
Source: System
Issue Source: redocly-validator
Issue Target: import-url_bundled-spec
Action: COULD NOT PROCESS: Issue definition for code 'operation-summary' not found in registry.
--------------------------------------------------
Time: 2025-10-13T22:55:17.562849
Issue: path-parameters-defined | N/A
Message: Path parameter `name` is not used in the path `/v1beta1/{+name}`. [path: paths./v1beta1/{+name}.patch.parameters.0.name]
Location: N/A
Fixed: False
Source: System
Issue Source: redocly-validator
Issue Target: import-url_bundled-spec
Action: COULD NOT PROCESS: Issue definition for code 'path-parameters-defined' not found in registry.
--------------------------------------------------
Time: 2025-10-13T22:55:17.573694
Issue: operation-summary | N/A
Message: Operation object should contain `summary` field. [path: paths./v1beta1/{+name}/locations.get.summary]
Location: N/A
Fixed: False
Source: System
Issue Source: redocly-validator
Issue Target: import-url_bundled-spec
Action: COULD NOT PROCESS: Issue definition for code 'operation-summary' not found in registry.
--------------------------------------------------
Time: 2025-10-13T22:55:17.581806
Issue: path-parameters-defined | N/A
Message: Path parameter `name` is not used in the path `/v1beta1/{+name}/locations`. [path: paths./v1beta1/{+name}/locations.get.parameters.0.name]
Location: N/A
Fixed: False
Source: System
Issue Source: redocly-validator
Issue Target: import-url_bundled-spec
Action: COULD NOT PROCESS: Issue definition for code 'path-parameters-defined' not found in registry.
--------------------------------------------------
Time: 2025-10-13T22:55:17.586069
Issue: operation-summary | N/A
Message: Operation object should contain `summary` field. [path: paths./v1beta1/{+name}/operations.get.summary]
Location: N/A
Fixed: False
Source: System
Issue Source: redocly-validator
Issue Target: import-url_bundled-spec
Action: COULD NOT PROCESS: Issue definition for code 'operation-summary' not found in registry.
--------------------------------------------------
Time: 2025-10-13T22:55:17.589108
Issue: path-parameters-defined | N/A
Message: Path parameter `name` is not used in the path `/v1beta1/{+name}/operations`. [path: paths./v1beta1/{+name}/operations.get.parameters.0.name]
Location: N/A
Fixed: False
Source: System
Issue Source: redocly-validator
Issue Target: import-url_bundled-spec
Action: COULD NOT PROCESS: Issue definition for code 'path-parameters-defined' not found in registry.
--------------------------------------------------
Time: 2025-10-13T22:55:17.592290
Issue: operation-summary | N/A
Message: Operation object should contain `summary` field. [path: paths./v1beta1/{+name}:export.post.summary]
Location: N/A
Fixed: False
Source: System
Issue Source: redocly-validator
Issue Target: import-url_bundled-spec
Action: COULD NOT PROCESS: Issue definition for code 'operation-summary' not found in registry.
--------------------------------------------------
Time: 2025-10-13T22:55:17.605400
Issue: path-parameters-defined | N/A
Message: Path parameter `name` is not used in the path `/v1beta1/{+name}:export`. [path: paths./v1beta1/{+name}:export.post.parameters.0.name]
Location: N/A
Fixed: False
Source: System
Issue Source: redocly-validator
Issue Target: import-url_bundled-spec
Action: COULD NOT PROCESS: Issue definition for code 'path-parameters-defined' not found in registry.
--------------------------------------------------
Time: 2025-10-13T22:55:17.735672
Issue: operation-summary | N/A
Message: Operation object should contain `summary` field. [path: paths./v1beta1/{+parent}/registrations.get.summary]
Location: N/A
Fixed: False
Source: System
Issue Source: redocly-validator
Issue Target: import-url_bundled-spec
Action: COULD NOT PROCESS: Issue definition for code 'operation-summary' not found in registry.
--------------------------------------------------
Time: 2025-10-13T22:55:17.749593
Issue: path-parameters-defined | N/A
Message: Path parameter `parent` is not used in the path `/v1beta1/{+parent}/registrations`. [path: paths./v1beta1/{+parent}/registrations.get.parameters.0.name]
Location: N/A
Fixed: False
Source: System
Issue Source: redocly-validator
Issue Target: import-url_bundled-spec
Action: COULD NOT PROCESS: Issue definition for code 'path-parameters-defined' not found in registry.
--------------------------------------------------
Time: 2025-10-13T22:55:17.883374
Issue: operation-summary | N/A
Message: Operation object should contain `summary` field. [path: paths./v1beta1/{+parent}/registrations:import.post.summary]
Location: N/A
Fixed: False
Source: System
Issue Source: redocly-validator
Issue Target: import-url_bundled-spec
Action: COULD NOT PROCESS: Issue definition for code 'operation-summary' not found in registry.
--------------------------------------------------
Time: 2025-10-13T22:55:17.886508
Issue: path-parameters-defined | N/A
Message: Path parameter `parent` is not used in the path `/v1beta1/{+parent}/registrations:import`. [path: paths./v1beta1/{+parent}/registrations:import.post.parameters.0.name]
Location: N/A
Fixed: False
Source: System
Issue Source: redocly-validator
Issue Target: import-url_bundled-spec
Action: COULD NOT PROCESS: Issue definition for code 'path-parameters-defined' not found in registry.
--------------------------------------------------
Time: 2025-10-13T22:55:17.891468
Issue: operation-summary | N/A
Message: Operation object should contain `summary` field. [path: paths./v1beta1/{+parent}/registrations:register.post.summary]
Location: N/A
Fixed: False
Source: System
Issue Source: redocly-validator
Issue Target: import-url_bundled-spec
Action: COULD NOT PROCESS: Issue definition for code 'operation-summary' not found in registry.
--------------------------------------------------
Time: 2025-10-13T22:55:17.897915
Issue: path-parameters-defined | N/A
Message: Path parameter `parent` is not used in the path `/v1beta1/{+parent}/registrations:register`. [path: paths./v1beta1/{+parent}/registrations:register.post.parameters.0.name]
Location: N/A
Fixed: False
Source: System
Issue Source: redocly-validator
Issue Target: import-url_bundled-spec
Action: COULD NOT PROCESS: Issue definition for code 'path-parameters-defined' not found in registry.
--------------------------------------------------
Time: 2025-10-13T22:55:17.901738
Issue: operation-summary | N/A
Message: Operation object should contain `summary` field. [path: paths./v1beta1/{+parent}/registrations:transfer.post.summary]
Location: N/A
Fixed: False
Source: System
Issue Source: redocly-validator
Issue Target: import-url_bundled-spec
Action: COULD NOT PROCESS: Issue definition for code 'operation-summary' not found in registry.
--------------------------------------------------
Time: 2025-10-13T22:55:17.905926
Issue: path-parameters-defined | N/A
Message: Path parameter `parent` is not used in the path `/v1beta1/{+parent}/registrations:transfer`. [path: paths./v1beta1/{+parent}/registrations:transfer.post.parameters.0.name]
Location: N/A
Fixed: False
Source: System
Issue Source: redocly-validator
Issue Target: import-url_bundled-spec
Action: COULD NOT PROCESS: Issue definition for code 'path-parameters-defined' not found in registry.
--------------------------------------------------
Time: 2025-10-13T22:55:17.910745
Issue: operation-summary | N/A
Message: Operation object should contain `summary` field. [path: paths./v1beta1/{+registration}:configureContactSettings.post.summary]
Location: N/A
Fixed: False
Source: System
Issue Source: redocly-validator
Issue Target: import-url_bundled-spec
Action: COULD NOT PROCESS: Issue definition for code 'operation-summary' not found in registry.
--------------------------------------------------
Time: 2025-10-13T22:55:17.912976
Issue: path-parameters-defined | N/A
Message: Path parameter `registration` is not used in the path `/v1beta1/{+registration}:configureContactSettings`. [path: paths./v1beta1/{+registration}:configureContactSettings.post.parameters.0.name]
Location: N/A
Fixed: False
Source: System
Issue Source: redocly-validator
Issue Target: import-url_bundled-spec
Action: COULD NOT PROCESS: Issue definition for code 'path-parameters-defined' not found in registry.
--------------------------------------------------
Time: 2025-10-13T22:55:17.917099
Issue: operation-summary | N/A
Message: Operation object should contain `summary` field. [path: paths./v1beta1/{+registration}:configureDnsSettings.post.summary]
Location: N/A
Fixed: False
Source: System
Issue Source: redocly-validator
Issue Target: import-url_bundled-spec
Action: COULD NOT PROCESS: Issue definition for code 'operation-summary' not found in registry.
--------------------------------------------------
Time: 2025-10-13T22:55:17.924913
Issue: path-parameters-defined | N/A
Message: Path parameter `registration` is not used in the path `/v1beta1/{+registration}:configureDnsSettings`. [path: paths./v1beta1/{+registration}:configureDnsSettings.post.parameters.0.name]
Location: N/A
Fixed: False
Source: System
Issue Source: redocly-validator
Issue Target: import-url_bundled-spec
Action: COULD NOT PROCESS: Issue definition for code 'path-parameters-defined' not found in registry.
--------------------------------------------------
Time: 2025-10-13T22:55:17.928295
Issue: operation-summary | N/A
Message: Operation object should contain `summary` field. [path: paths./v1beta1/{+registration}:configureManagementSettings.post.summary]
Location: N/A
Fixed: False
Source: System
Issue Source: redocly-validator
Issue Target: import-url_bundled-spec
Action: COULD NOT PROCESS: Issue definition for code 'operation-summary' not found in registry.
--------------------------------------------------
Time: 2025-10-13T22:55:17.931179
Issue: path-parameters-defined | N/A
Message: Path parameter `registration` is not used in the path `/v1beta1/{+registration}:configureManagementSettings`. [path: paths./v1beta1/{+registration}:configureManagementSettings.post.parameters.0.name]
Location: N/A
Fixed: False
Source: System
Issue Source: redocly-validator
Issue Target: import-url_bundled-spec
Action: COULD NOT PROCESS: Issue definition for code 'path-parameters-defined' not found in registry.
--------------------------------------------------
Time: 2025-10-13T22:55:17.934285
Issue: operation-summary | N/A
Message: Operation object should contain `summary` field. [path: paths./v1beta1/{+registration}:initiatePushTransfer.post.summary]
Location: N/A
Fixed: False
Source: System
Issue Source: redocly-validator
Issue Target: import-url_bundled-spec
Action: COULD NOT PROCESS: Issue definition for code 'operation-summary' not found in registry.
--------------------------------------------------
Time: 2025-10-13T22:55:17.935966
Issue: path-parameters-defined | N/A
Message: Path parameter `registration` is not used in the path `/v1beta1/{+registration}:initiatePushTransfer`. [path: paths./v1beta1/{+registration}:initiatePushTransfer.post.parameters.0.name]
Location: N/A
Fixed: False
Source: System
Issue Source: redocly-validator
Issue Target: import-url_bundled-spec
Action: COULD NOT PROCESS: Issue definition for code 'path-parameters-defined' not found in registry.
--------------------------------------------------
Time: 2025-10-13T22:55:17.937328
Issue: operation-summary | N/A
Message: Operation object should contain `summary` field. [path: paths./v1beta1/{+registration}:renewDomain.post.summary]
Location: N/A
Fixed: False
Source: System
Issue Source: redocly-validator
Issue Target: import-url_bundled-spec
Action: COULD NOT PROCESS: Issue definition for code 'operation-summary' not found in registry.
--------------------------------------------------
Time: 2025-10-13T22:55:17.938718
Issue: path-parameters-defined | N/A
Message: Path parameter `registration` is not used in the path `/v1beta1/{+registration}:renewDomain`. [path: paths./v1beta1/{+registration}:renewDomain.post.parameters.0.name]
Location: N/A
Fixed: False
Source: System
Issue Source: redocly-validator
Issue Target: import-url_bundled-spec
Action: COULD NOT PROCESS: Issue definition for code 'path-parameters-defined' not found in registry.
--------------------------------------------------
Time: 2025-10-13T22:55:17.939852
Issue: operation-summary | N/A
Message: Operation object should contain `summary` field. [path: paths./v1beta1/{+registration}:resetAuthorizationCode.post.summary]
Location: N/A
Fixed: False
Source: System
Issue Source: redocly-validator
Issue Target: import-url_bundled-spec
Action: COULD NOT PROCESS: Issue definition for code 'operation-summary' not found in registry.
--------------------------------------------------
Time: 2025-10-13T22:55:17.940948
Issue: path-parameters-defined | N/A
Message: Path parameter `registration` is not used in the path `/v1beta1/{+registration}:resetAuthorizationCode`. [path: paths./v1beta1/{+registration}:resetAuthorizationCode.post.parameters.0.name]
Location: N/A
Fixed: False
Source: System
Issue Source: redocly-validator
Issue Target: import-url_bundled-spec
Action: COULD NOT PROCESS: Issue definition for code 'path-parameters-defined' not found in registry.
--------------------------------------------------
Time: 2025-10-13T22:55:17.942347
Issue: operation-summary | N/A
Message: Operation object should contain `summary` field. [path: paths./v1beta1/{+registration}:retrieveAuthorizationCode.get.summary]
Location: N/A
Fixed: False
Source: System
Issue Source: redocly-validator
Issue Target: import-url_bundled-spec
Action: COULD NOT PROCESS: Issue definition for code 'operation-summary' not found in registry.
--------------------------------------------------
Time: 2025-10-13T22:55:17.943645
Issue: path-parameters-defined | N/A
Message: Path parameter `registration` is not used in the path `/v1beta1/{+registration}:retrieveAuthorizationCode`. [path: paths./v1beta1/{+registration}:retrieveAuthorizationCode.get.parameters.0.name]
Location: N/A
Fixed: False
Source: System
Issue Source: redocly-validator
Issue Target: import-url_bundled-spec
Action: COULD NOT PROCESS: Issue definition for code 'path-parameters-defined' not found in registry.
--------------------------------------------------
Time: 2025-10-13T22:55:17.944905
Issue: operation-summary | N/A
Message: Operation object should contain `summary` field. [path: paths./v1beta1/{+registration}:retrieveGoogleDomainsDnsRecords.get.summary]
Location: N/A
Fixed: False
Source: System
Issue Source: redocly-validator
Issue Target: import-url_bundled-spec
Action: COULD NOT PROCESS: Issue definition for code 'operation-summary' not found in registry.
--------------------------------------------------
Time: 2025-10-13T22:55:17.946236
Issue: path-parameters-defined | N/A
Message: Path parameter `registration` is not used in the path `/v1beta1/{+registration}:retrieveGoogleDomainsDnsRecords`. [path: paths./v1beta1/{+registration}:retrieveGoogleDomainsDnsRecords.get.parameters.0.name]
Location: N/A
Fixed: False
Source: System
Issue Source: redocly-validator
Issue Target: import-url_bundled-spec
Action: COULD NOT PROCESS: Issue definition for code 'path-parameters-defined' not found in registry.
--------------------------------------------------
Time: 2025-10-13T22:55:17.948042
Issue: operation-summary | N/A
Message: Operation object should contain `summary` field. [path: paths./v1beta1/{+registration}:retrieveGoogleDomainsForwardingConfig.get.summary]
Location: N/A
Fixed: False
Source: System
Issue Source: redocly-validator
Issue Target: import-url_bundled-spec
Action: COULD NOT PROCESS: Issue definition for code 'operation-summary' not found in registry.
--------------------------------------------------
Time: 2025-10-13T22:55:17.949323
Issue: path-parameters-defined | N/A
Message: Path parameter `registration` is not used in the path `/v1beta1/{+registration}:retrieveGoogleDomainsForwardingConfig`. [path: paths./v1beta1/{+registration}:retrieveGoogleDomainsForwardingConfig.get.parameters.0.name]
Location: N/A
Fixed: False
Source: System
Issue Source: redocly-validator
Issue Target: import-url_bundled-spec
Action: COULD NOT PROCESS: Issue definition for code 'path-parameters-defined' not found in registry.
--------------------------------------------------
Time: 2025-10-13T22:55:17.950762
Issue: operation-summary | N/A
Message: Operation object should contain `summary` field. [path: paths./v1beta1/{+resource}:getIamPolicy.get.summary]
Location: N/A
Fixed: False
Source: System
Issue Source: redocly-validator
Issue Target: import-url_bundled-spec
Action: COULD NOT PROCESS: Issue definition for code 'operation-summary' not found in registry.
--------------------------------------------------
Time: 2025-10-13T22:55:17.951916
Issue: path-parameters-defined | N/A
Message: Path parameter `resource` is not used in the path `/v1beta1/{+resource}:getIamPolicy`. [path: paths./v1beta1/{+resource}:getIamPolicy.get.parameters.0.name]
Location: N/A
Fixed: False
Source: System
Issue Source: redocly-validator
Issue Target: import-url_bundled-spec
Action: COULD NOT PROCESS: Issue definition for code 'path-parameters-defined' not found in registry.
--------------------------------------------------
Time: 2025-10-13T22:55:17.953934
Issue: operation-summary | N/A
Message: Operation object should contain `summary` field. [path: paths./v1beta1/{+resource}:setIamPolicy.post.summary]
Location: N/A
Fixed: False
Source: System
Issue Source: redocly-validator
Issue Target: import-url_bundled-spec
Action: COULD NOT PROCESS: Issue definition for code 'operation-summary' not found in registry.
--------------------------------------------------
Time: 2025-10-13T22:55:17.956227
Issue: path-parameters-defined | N/A
Message: Path parameter `resource` is not used in the path `/v1beta1/{+resource}:setIamPolicy`. [path: paths./v1beta1/{+resource}:setIamPolicy.post.parameters.0.name]
Location: N/A
Fixed: False
Source: System
Issue Source: redocly-validator
Issue Target: import-url_bundled-spec
Action: COULD NOT PROCESS: Issue definition for code 'path-parameters-defined' not found in registry.
--------------------------------------------------
Time: 2025-10-13T22:55:17.958196
Issue: operation-summary | N/A
Message: Operation object should contain `summary` field. [path: paths./v1beta1/{+resource}:testIamPermissions.post.summary]
Location: N/A
Fixed: False
Source: System
Issue Source: redocly-validator
Issue Target: import-url_bundled-spec
Action: COULD NOT PROCESS: Issue definition for code 'operation-summary' not found in registry.
--------------------------------------------------
Time: 2025-10-13T22:55:17.960207
Issue: path-parameters-defined | N/A
Message: Path parameter `resource` is not used in the path `/v1beta1/{+resource}:testIamPermissions`. [path: paths./v1beta1/{+resource}:testIamPermissions.post.parameters.0.name]
Location: N/A
Fixed: False
Source: System
Issue Source: redocly-validator
Issue Target: import-url_bundled-spec
Action: COULD NOT PROCESS: Issue definition for code 'path-parameters-defined' not found in registry.
--------------------------------------------------
Time: 2025-10-13T22:55:17.961867
Issue: tag-description | N/A
Message: Tag object should contain `description` field. [path: tags.0.description]
Location: N/A
Fixed: False
Source: System
Issue Source: redocly-validator
Issue Target: import-url_bundled-spec
Action: COULD NOT PROCESS: Issue definition for code 'tag-description' not found in registry.
--------------------------------------------------
Time: 2025-10-13T22:55:17.963487
Issue: operation-4xx-response | N/A
Message: Operation must have at least one `4XX` response. [path: paths./v1beta1/{+location}/registrations:retrieveImportableDomains.get.responses]
Location: N/A
Fixed: False
Source: System
Issue Source: redocly-validator
Issue Target: import-url_bundled-spec
Action: COULD NOT PROCESS: Issue definition for code 'operation-4xx-response' not found in registry.
--------------------------------------------------
Time: 2025-10-13T22:55:17.965509
Issue: operation-4xx-response | N/A
Message: Operation must have at least one `4XX` response. [path: paths./v1beta1/{+location}/registrations:retrieveRegisterParameters.get.responses]
Location: N/A
Fixed: False
Source: System
Issue Source: redocly-validator
Issue Target: import-url_bundled-spec
Action: COULD NOT PROCESS: Issue definition for code 'operation-4xx-response' not found in registry.
--------------------------------------------------
Time: 2025-10-13T22:55:17.967113
Issue: operation-4xx-response | N/A
Message: Operation must have at least one `4XX` response. [path: paths./v1beta1/{+location}/registrations:retrieveTransferParameters.get.responses]
Location: N/A
Fixed: False
Source: System
Issue Source: redocly-validator
Issue Target: import-url_bundled-spec
Action: COULD NOT PROCESS: Issue definition for code 'operation-4xx-response' not found in registry.
--------------------------------------------------
Time: 2025-10-13T22:55:17.968479
Issue: operation-4xx-response | N/A
Message: Operation must have at least one `4XX` response. [path: paths./v1beta1/{+location}/registrations:searchDomains.get.responses]
Location: N/A
Fixed: False
Source: System
Issue Source: redocly-validator
Issue Target: import-url_bundled-spec
Action: COULD NOT PROCESS: Issue definition for code 'operation-4xx-response' not found in registry.
--------------------------------------------------
Time: 2025-10-13T22:55:17.969811
Issue: operation-4xx-response | N/A
Message: Operation must have at least one `4XX` response. [path: paths./v1beta1/{+name}.get.responses]
Location: N/A
Fixed: False
Source: System
Issue Source: redocly-validator
Issue Target: import-url_bundled-spec
Action: COULD NOT PROCESS: Issue definition for code 'operation-4xx-response' not found in registry.
--------------------------------------------------
Time: 2025-10-13T22:55:17.971731
Issue: operation-4xx-response | N/A
Message: Operation must have at least one `4XX` response. [path: paths./v1beta1/{+name}.delete.responses]
Location: N/A
Fixed: False
Source: System
Issue Source: redocly-validator
Issue Target: import-url_bundled-spec
Action: COULD NOT PROCESS: Issue definition for code 'operation-4xx-response' not found in registry.
--------------------------------------------------
Time: 2025-10-13T22:55:17.973862
Issue: operation-4xx-response | N/A
Message: Operation must have at least one `4XX` response. [path: paths./v1beta1/{+name}.patch.responses]
Location: N/A
Fixed: False
Source: System
Issue Source: redocly-validator
Issue Target: import-url_bundled-spec
Action: COULD NOT PROCESS: Issue definition for code 'operation-4xx-response' not found in registry.
--------------------------------------------------
Time: 2025-10-13T22:55:17.975512
Issue: operation-4xx-response | N/A
Message: Operation must have at least one `4XX` response. [path: paths./v1beta1/{+name}/locations.get.responses]
Location: N/A
Fixed: False
Source: System
Issue Source: redocly-validator
Issue Target: import-url_bundled-spec
Action: COULD NOT PROCESS: Issue definition for code 'operation-4xx-response' not found in registry.
--------------------------------------------------
Time: 2025-10-13T22:55:17.977879
Issue: operation-4xx-response | N/A
Message: Operation must have at least one `4XX` response. [path: paths./v1beta1/{+name}/operations.get.responses]
Location: N/A
Fixed: False
Source: System
Issue Source: redocly-validator
Issue Target: import-url_bundled-spec
Action: COULD NOT PROCESS: Issue definition for code 'operation-4xx-response' not found in registry.
--------------------------------------------------
Time: 2025-10-13T22:55:17.980036
Issue: operation-4xx-response | N/A
Message: Operation must have at least one `4XX` response. [path: paths./v1beta1/{+name}:export.post.responses]
Location: N/A
Fixed: False
Source: System
Issue Source: redocly-validator
Issue Target: import-url_bundled-spec
Action: COULD NOT PROCESS: Issue definition for code 'operation-4xx-response' not found in registry.
--------------------------------------------------
Time: 2025-10-13T22:55:17.981873
Issue: operation-4xx-response | N/A
Message: Operation must have at least one `4XX` response. [path: paths./v1beta1/{+parent}/registrations.get.responses]
Location: N/A
Fixed: False
Source: System
Issue Source: redocly-validator
Issue Target: import-url_bundled-spec
Action: COULD NOT PROCESS: Issue definition for code 'operation-4xx-response' not found in registry.
--------------------------------------------------
Time: 2025-10-13T22:55:17.983541
Issue: operation-4xx-response | N/A
Message: Operation must have at least one `4XX` response. [path: paths./v1beta1/{+parent}/registrations:import.post.responses]
Location: N/A
Fixed: False
Source: System
Issue Source: redocly-validator
Issue Target: import-url_bundled-spec
Action: COULD NOT PROCESS: Issue definition for code 'operation-4xx-response' not found in registry.
--------------------------------------------------
Time: 2025-10-13T22:55:17.985220
Issue: operation-4xx-response | N/A
Message: Operation must have at least one `4XX` response. [path: paths./v1beta1/{+parent}/registrations:register.post.responses]
Location: N/A
Fixed: False
Source: System
Issue Source: redocly-validator
Issue Target: import-url_bundled-spec
Action: COULD NOT PROCESS: Issue definition for code 'operation-4xx-response' not found in registry.
--------------------------------------------------
Time: 2025-10-13T22:55:17.986606
Issue: operation-4xx-response | N/A
Message: Operation must have at least one `4XX` response. [path: paths./v1beta1/{+parent}/registrations:transfer.post.responses]
Location: N/A
Fixed: False
Source: System
Issue Source: redocly-validator
Issue Target: import-url_bundled-spec
Action: COULD NOT PROCESS: Issue definition for code 'operation-4xx-response' not found in registry.
--------------------------------------------------
Time: 2025-10-13T22:55:17.988412
Issue: operation-4xx-response | N/A
Message: Operation must have at least one `4XX` response. [path: paths./v1beta1/{+registration}:configureContactSettings.post.responses]
Location: N/A
Fixed: False
Source: System
Issue Source: redocly-validator
Issue Target: import-url_bundled-spec
Action: COULD NOT PROCESS: Issue definition for code 'operation-4xx-response' not found in registry.
--------------------------------------------------
Time: 2025-10-13T22:55:17.990068
Issue: operation-4xx-response | N/A
Message: Operation must have at least one `4XX` response. [path: paths./v1beta1/{+registration}:configureDnsSettings.post.responses]
Location: N/A
Fixed: False
Source: System
Issue Source: redocly-validator
Issue Target: import-url_bundled-spec
Action: COULD NOT PROCESS: Issue definition for code 'operation-4xx-response' not found in registry.
--------------------------------------------------
Time: 2025-10-13T22:55:17.991652
Issue: operation-4xx-response | N/A
Message: Operation must have at least one `4XX` response. [path: paths./v1beta1/{+registration}:configureManagementSettings.post.responses]
Location: N/A
Fixed: False
Source: System
Issue Source: redocly-validator
Issue Target: import-url_bundled-spec
Action: COULD NOT PROCESS: Issue definition for code 'operation-4xx-response' not found in registry.
--------------------------------------------------
Time: 2025-10-13T22:55:17.993143
Issue: operation-4xx-response | N/A
Message: Operation must have at least one `4XX` response. [path: paths./v1beta1/{+registration}:initiatePushTransfer.post.responses]
Location: N/A
Fixed: False
Source: System
Issue Source: redocly-validator
Issue Target: import-url_bundled-spec
Action: COULD NOT PROCESS: Issue definition for code 'operation-4xx-response' not found in registry.
--------------------------------------------------
Time: 2025-10-13T22:55:17.994783
Issue: operation-4xx-response | N/A
Message: Operation must have at least one `4XX` response. [path: paths./v1beta1/{+registration}:renewDomain.post.responses]
Location: N/A
Fixed: False
Source: System
Issue Source: redocly-validator
Issue Target: import-url_bundled-spec
Action: COULD NOT PROCESS: Issue definition for code 'operation-4xx-response' not found in registry.
--------------------------------------------------
Time: 2025-10-13T22:55:17.996555
Issue: operation-4xx-response | N/A
Message: Operation must have at least one `4XX` response. [path: paths./v1beta1/{+registration}:resetAuthorizationCode.post.responses]
Location: N/A
Fixed: False
Source: System
Issue Source: redocly-validator
Issue Target: import-url_bundled-spec
Action: COULD NOT PROCESS: Issue definition for code 'operation-4xx-response' not found in registry.
--------------------------------------------------
Time: 2025-10-13T22:55:17.998915
Issue: operation-4xx-response | N/A
Message: Operation must have at least one `4XX` response. [path: paths./v1beta1/{+registration}:retrieveAuthorizationCode.get.responses]
Location: N/A
Fixed: False
Source: System
Issue Source: redocly-validator
Issue Target: import-url_bundled-spec
Action: COULD NOT PROCESS: Issue definition for code 'operation-4xx-response' not found in registry.
--------------------------------------------------
Time: 2025-10-13T22:55:18.000890
Issue: operation-4xx-response | N/A
Message: Operation must have at least one `4XX` response. [path: paths./v1beta1/{+registration}:retrieveGoogleDomainsDnsRecords.get.responses]
Location: N/A
Fixed: False
Source: System
Issue Source: redocly-validator
Issue Target: import-url_bundled-spec
Action: COULD NOT PROCESS: Issue definition for code 'operation-4xx-response' not found in registry.
--------------------------------------------------
Time: 2025-10-13T22:55:18.003233
Issue: operation-4xx-response | N/A
Message: Operation must have at least one `4XX` response. [path: paths./v1beta1/{+registration}:retrieveGoogleDomainsForwardingConfig.get.responses]
Location: N/A
Fixed: False
Source: System
Issue Source: redocly-validator
Issue Target: import-url_bundled-spec
Action: COULD NOT PROCESS: Issue definition for code 'operation-4xx-response' not found in registry.
--------------------------------------------------
Time: 2025-10-13T22:55:18.005846
Issue: operation-4xx-response | N/A
Message: Operation must have at least one `4XX` response. [path: paths./v1beta1/{+resource}:getIamPolicy.get.responses]
Location: N/A
Fixed: False
Source: System
Issue Source: redocly-validator
Issue Target: import-url_bundled-spec
Action: COULD NOT PROCESS: Issue definition for code 'operation-4xx-response' not found in registry.
--------------------------------------------------
Time: 2025-10-13T22:55:18.008221
Issue: operation-4xx-response | N/A
Message: Operation must have at least one `4XX` response. [path: paths./v1beta1/{+resource}:setIamPolicy.post.responses]
Location: N/A
Fixed: False
Source: System
Issue Source: redocly-validator
Issue Target: import-url_bundled-spec
Action: COULD NOT PROCESS: Issue definition for code 'operation-4xx-response' not found in registry.
--------------------------------------------------
Time: 2025-10-13T22:55:18.010703
Issue: operation-4xx-response | N/A
Message: Operation must have at least one `4XX` response. [path: paths./v1beta1/{+resource}:testIamPermissions.post.responses]
Location: N/A
Fixed: False
Source: System
Issue Source: redocly-validator
Issue Target: import-url_bundled-spec
Action: COULD NOT PROCESS: Issue definition for code 'operation-4xx-response' not found in registry.
--------------------------------------------------
Time: 2025-10-13T22:55:18.013032
Issue: no-unused-components | N/A
Message: Component: "OperationMetadata" is never used. [path: components.schemas.OperationMetadata]
Location: N/A
Fixed: False
Source: System
Issue Source: redocly-validator
Issue Target: import-url_bundled-spec
Action: COULD NOT PROCESS: Issue definition for code 'no-unused-components' not found in registry.
--------------------------------------------------
Time: 2025-10-13T22:55:18.015172
Issue: oas3-server-trailing-slash | N/A
Message: Server URL must not have trailing slash. [path: servers.0.url]
Location: N/A
Fixed: False
Source: System
Issue Source: spectral-validator
Issue Target: import-url_bundled-spec
Action: COULD NOT PROCESS: Issue definition for code 'oas3-server-trailing-slash' not found in registry.
--------------------------------------------------
Time: 2025-10-13T22:55:18.016855
Issue: path-params | N/A
Message: Parameter "location" must be used in path "/v1beta1/{+location}/registrations:retrieveImportableDomains". [path: paths./v1beta1/{+location}/registrations:retrieveImportableDomains.get.parameters.0]
Location: N/A
Fixed: False
Source: System
Issue Source: spectral-validator
Issue Target: import-url_bundled-spec
Action: COULD NOT PROCESS: Issue definition for code 'path-params' not found in registry.
--------------------------------------------------
Time: 2025-10-13T22:55:18.018642
Issue: path-params | N/A
Message: Parameter "location" must be used in path "/v1beta1/{+location}/registrations:retrieveRegisterParameters". [path: paths./v1beta1/{+location}/registrations:retrieveRegisterParameters.get.parameters.0]
Location: N/A
Fixed: False
Source: System
Issue Source: spectral-validator
Issue Target: import-url_bundled-spec
Action: COULD NOT PROCESS: Issue definition for code 'path-params' not found in registry.
--------------------------------------------------
Time: 2025-10-13T22:55:18.020662
Issue: path-params | N/A
Message: Parameter "location" must be used in path "/v1beta1/{+location}/registrations:retrieveTransferParameters". [path: paths./v1beta1/{+location}/registrations:retrieveTransferParameters.get.parameters.0]
Location: N/A
Fixed: False
Source: System
Issue Source: spectral-validator
Issue Target: import-url_bundled-spec
Action: COULD NOT PROCESS: Issue definition for code 'path-params' not found in registry.
--------------------------------------------------
Time: 2025-10-13T22:55:18.022946
Issue: path-params | N/A
Message: Parameter "location" must be used in path "/v1beta1/{+location}/registrations:searchDomains". [path: paths./v1beta1/{+location}/registrations:searchDomains.get.parameters.0]
Location: N/A
Fixed: False
Source: System
Issue Source: spectral-validator
Issue Target: import-url_bundled-spec
Action: COULD NOT PROCESS: Issue definition for code 'path-params' not found in registry.
--------------------------------------------------
Time: 2025-10-13T22:55:18.025720
Issue: path-params | N/A
Message: Parameter "name" must be used in path "/v1beta1/{+name}". [path: paths./v1beta1/{+name}.delete.parameters.0]
Location: N/A
Fixed: False
Source: System
Issue Source: spectral-validator
Issue Target: import-url_bundled-spec
Action: COULD NOT PROCESS: Issue definition for code 'path-params' not found in registry.
--------------------------------------------------
Time: 2025-10-13T22:55:18.027834
Issue: path-params | N/A
Message: Parameter "name" must be used in path "/v1beta1/{+name}". [path: paths./v1beta1/{+name}.get.parameters.0]
Location: N/A
Fixed: False
Source: System
Issue Source: spectral-validator
Issue Target: import-url_bundled-spec
Action: COULD NOT PROCESS: Issue definition for code 'path-params' not found in registry.
--------------------------------------------------
Time: 2025-10-13T22:55:18.029435
Issue: path-params | N/A
Message: Parameter "name" must be used in path "/v1beta1/{+name}". [path: paths./v1beta1/{+name}.patch.parameters.0]
Location: N/A
Fixed: False
Source: System
Issue Source: spectral-validator
Issue Target: import-url_bundled-spec
Action: COULD NOT PROCESS: Issue definition for code 'path-params' not found in registry.
--------------------------------------------------
Time: 2025-10-13T22:55:18.031337
Issue: path-params | N/A
Message: Parameter "name" must be used in path "/v1beta1/{+name}/locations". [path: paths./v1beta1/{+name}/locations.get.parameters.0]
Location: N/A
Fixed: False
Source: System
Issue Source: spectral-validator
Issue Target: import-url_bundled-spec
Action: COULD NOT PROCESS: Issue definition for code 'path-params' not found in registry.
--------------------------------------------------
Time: 2025-10-13T22:55:18.033435
Issue: path-params | N/A
Message: Parameter "name" must be used in path "/v1beta1/{+name}/operations". [path: paths./v1beta1/{+name}/operations.get.parameters.0]
Location: N/A
Fixed: False
Source: System
Issue Source: spectral-validator
Issue Target: import-url_bundled-spec
Action: COULD NOT PROCESS: Issue definition for code 'path-params' not found in registry.
--------------------------------------------------
Time: 2025-10-13T22:55:18.037586
Issue: path-params | N/A
Message: Parameter "name" must be used in path "/v1beta1/{+name}:export". [path: paths./v1beta1/{+name}:export.post.parameters.0]
Location: N/A
Fixed: False
Source: System
Issue Source: spectral-validator
Issue Target: import-url_bundled-spec
Action: COULD NOT PROCESS: Issue definition for code 'path-params' not found in registry.
--------------------------------------------------
Time: 2025-10-13T22:55:18.039863
Issue: path-params | N/A
Message: Parameter "parent" must be used in path "/v1beta1/{+parent}/registrations". [path: paths./v1beta1/{+parent}/registrations.get.parameters.0]
Location: N/A
Fixed: False
Source: System
Issue Source: spectral-validator
Issue Target: import-url_bundled-spec
Action: COULD NOT PROCESS: Issue definition for code 'path-params' not found in registry.
--------------------------------------------------
Time: 2025-10-13T22:55:18.041909
Issue: path-params | N/A
Message: Parameter "parent" must be used in path "/v1beta1/{+parent}/registrations:import". [path: paths./v1beta1/{+parent}/registrations:import.post.parameters.0]
Location: N/A
Fixed: False
Source: System
Issue Source: spectral-validator
Issue Target: import-url_bundled-spec
Action: COULD NOT PROCESS: Issue definition for code 'path-params' not found in registry.
--------------------------------------------------
Time: 2025-10-13T22:55:18.043930
Issue: path-params | N/A
Message: Parameter "parent" must be used in path "/v1beta1/{+parent}/registrations:register". [path: paths./v1beta1/{+parent}/registrations:register.post.parameters.0]
Location: N/A
Fixed: False
Source: System
Issue Source: spectral-validator
Issue Target: import-url_bundled-spec
Action: COULD NOT PROCESS: Issue definition for code 'path-params' not found in registry.
--------------------------------------------------
Time: 2025-10-13T22:55:18.045742
Issue: path-params | N/A
Message: Parameter "parent" must be used in path "/v1beta1/{+parent}/registrations:transfer". [path: paths./v1beta1/{+parent}/registrations:transfer.post.parameters.0]
Location: N/A
Fixed: False
Source: System
Issue Source: spectral-validator
Issue Target: import-url_bundled-spec
Action: COULD NOT PROCESS: Issue definition for code 'path-params' not found in registry.
--------------------------------------------------
Time: 2025-10-13T22:55:18.047404
Issue: path-params | N/A
Message: Parameter "registration" must be used in path "/v1beta1/{+registration}:configureContactSettings". [path: paths./v1beta1/{+registration}:configureContactSettings.post.parameters.0]
Location: N/A
Fixed: False
Source: System
Issue Source: spectral-validator
Issue Target: import-url_bundled-spec
Action: COULD NOT PROCESS: Issue definition for code 'path-params' not found in registry.
--------------------------------------------------
Time: 2025-10-13T22:55:18.050143
Issue: path-params | N/A
Message: Parameter "registration" must be used in path "/v1beta1/{+registration}:configureDnsSettings". [path: paths./v1beta1/{+registration}:configureDnsSettings.post.parameters.0]
Location: N/A
Fixed: False
Source: System
Issue Source: spectral-validator
Issue Target: import-url_bundled-spec
Action: COULD NOT PROCESS: Issue definition for code 'path-params' not found in registry.
--------------------------------------------------
Time: 2025-10-13T22:55:18.051939
Issue: path-params | N/A
Message: Parameter "registration" must be used in path "/v1beta1/{+registration}:configureManagementSettings". [path: paths./v1beta1/{+registration}:configureManagementSettings.post.parameters.0]
Location: N/A
Fixed: False
Source: System
Issue Source: spectral-validator
Issue Target: import-url_bundled-spec
Action: COULD NOT PROCESS: Issue definition for code 'path-params' not found in registry.
--------------------------------------------------
Time: 2025-10-13T22:55:18.053935
Issue: path-params | N/A
Message: Parameter "registration" must be used in path "/v1beta1/{+registration}:initiatePushTransfer". [path: paths./v1beta1/{+registration}:initiatePushTransfer.post.parameters.0]
Location: N/A
Fixed: False
Source: System
Issue Source: spectral-validator
Issue Target: import-url_bundled-spec
Action: COULD NOT PROCESS: Issue definition for code 'path-params' not found in registry.
--------------------------------------------------
Time: 2025-10-13T22:55:18.055863
Issue: path-params | N/A
Message: Parameter "registration" must be used in path "/v1beta1/{+registration}:renewDomain". [path: paths./v1beta1/{+registration}:renewDomain.post.parameters.0]
Location: N/A
Fixed: False
Source: System
Issue Source: spectral-validator
Issue Target: import-url_bundled-spec
Action: COULD NOT PROCESS: Issue definition for code 'path-params' not found in registry.
--------------------------------------------------
Time: 2025-10-13T22:55:18.057757
Issue: path-params | N/A
Message: Parameter "registration" must be used in path "/v1beta1/{+registration}:resetAuthorizationCode". [path: paths./v1beta1/{+registration}:resetAuthorizationCode.post.parameters.0]
Location: N/A
Fixed: False
Source: System
Issue Source: spectral-validator
Issue Target: import-url_bundled-spec
Action: COULD NOT PROCESS: Issue definition for code 'path-params' not found in registry.
--------------------------------------------------
Time: 2025-10-13T22:55:18.059471
Issue: path-params | N/A
Message: Parameter "registration" must be used in path "/v1beta1/{+registration}:retrieveAuthorizationCode". [path: paths./v1beta1/{+registration}:retrieveAuthorizationCode.get.parameters.0]
Location: N/A
Fixed: False
Source: System
Issue Source: spectral-validator
Issue Target: import-url_bundled-spec
Action: COULD NOT PROCESS: Issue definition for code 'path-params' not found in registry.
--------------------------------------------------
Time: 2025-10-13T22:55:18.060783
Issue: path-params | N/A
Message: Parameter "registration" must be used in path "/v1beta1/{+registration}:retrieveGoogleDomainsDnsRecords". [path: paths./v1beta1/{+registration}:retrieveGoogleDomainsDnsRecords.get.parameters.0]
Location: N/A
Fixed: False
Source: System
Issue Source: spectral-validator
Issue Target: import-url_bundled-spec
Action: COULD NOT PROCESS: Issue definition for code 'path-params' not found in registry.
--------------------------------------------------
Time: 2025-10-13T22:55:18.062404
Issue: path-params | N/A
Message: Parameter "registration" must be used in path "/v1beta1/{+registration}:retrieveGoogleDomainsForwardingConfig". [path: paths./v1beta1/{+registration}:retrieveGoogleDomainsForwardingConfig.get.parameters.0]
Location: N/A
Fixed: False
Source: System
Issue Source: spectral-validator
Issue Target: import-url_bundled-spec
Action: COULD NOT PROCESS: Issue definition for code 'path-params' not found in registry.
--------------------------------------------------
Time: 2025-10-13T22:55:18.064465
Issue: path-params | N/A
Message: Parameter "resource" must be used in path "/v1beta1/{+resource}:getIamPolicy". [path: paths./v1beta1/{+resource}:getIamPolicy.get.parameters.0]
Location: N/A
Fixed: False
Source: System
Issue Source: spectral-validator
Issue Target: import-url_bundled-spec
Action: COULD NOT PROCESS: Issue definition for code 'path-params' not found in registry.
--------------------------------------------------
Time: 2025-10-13T22:55:18.066584
Issue: path-params | N/A
Message: Parameter "resource" must be used in path "/v1beta1/{+resource}:setIamPolicy". [path: paths./v1beta1/{+resource}:setIamPolicy.post.parameters.0]
Location: N/A
Fixed: False
Source: System
Issue Source: spectral-validator
Issue Target: import-url_bundled-spec
Action: COULD NOT PROCESS: Issue definition for code 'path-params' not found in registry.
--------------------------------------------------
Time: 2025-10-13T22:55:18.068844
Issue: path-params | N/A
Message: Parameter "resource" must be used in path "/v1beta1/{+resource}:testIamPermissions". [path: paths./v1beta1/{+resource}:testIamPermissions.post.parameters.0]
Location: N/A
Fixed: False
Source: System
Issue Source: spectral-validator
Issue Target: import-url_bundled-spec
Action: COULD NOT PROCESS: Issue definition for code 'path-params' not found in registry.
--------------------------------------------------
Time: 2025-10-13T22:55:18.071002
Issue: no-$ref-siblings | N/A
Message: $ref must not be placed next to any other properties [path: components.schemas.Binding.properties.condition.description]
Location: N/A
Fixed: False
Source: System
Issue Source: spectral-validator
Issue Target: import-url_bundled-spec
Action: COULD NOT PROCESS: Issue definition for code 'no-$ref-siblings' not found in registry.
--------------------------------------------------
Time: 2025-10-13T22:55:18.072548
Issue: no-$ref-siblings | N/A
Message: $ref must not be placed next to any other properties [path: components.schemas.ConfigureContactSettingsRequest.properties.contactSettings.description]
Location: N/A
Fixed: False
Source: System
Issue Source: spectral-validator
Issue Target: import-url_bundled-spec
Action: COULD NOT PROCESS: Issue definition for code 'no-$ref-siblings' not found in registry.
--------------------------------------------------
Time: 2025-10-13T22:55:18.073585
Issue: no-$ref-siblings | N/A
Message: $ref must not be placed next to any other properties [path: components.schemas.ConfigureDnsSettingsRequest.properties.dnsSettings.description]
Location: N/A
Fixed: False
Source: System
Issue Source: spectral-validator
Issue Target: import-url_bundled-spec
Action: COULD NOT PROCESS: Issue definition for code 'no-$ref-siblings' not found in registry.
--------------------------------------------------
Time: 2025-10-13T22:55:18.075414
Issue: no-$ref-siblings | N/A
Message: $ref must not be placed next to any other properties [path: components.schemas.ConfigureManagementSettingsRequest.properties.managementSettings.description]
Location: N/A
Fixed: False
Source: System
Issue Source: spectral-validator
Issue Target: import-url_bundled-spec
Action: COULD NOT PROCESS: Issue definition for code 'no-$ref-siblings' not found in registry.
--------------------------------------------------
Time: 2025-10-13T22:55:18.077604
Issue: no-$ref-siblings | N/A
Message: $ref must not be placed next to any other properties [path: components.schemas.Contact.properties.postalAddress.description]
Location: N/A
Fixed: False
Source: System
Issue Source: spectral-validator
Issue Target: import-url_bundled-spec
Action: COULD NOT PROCESS: Issue definition for code 'no-$ref-siblings' not found in registry.
--------------------------------------------------
Time: 2025-10-13T22:55:18.079785
Issue: no-$ref-siblings | N/A
Message: $ref must not be placed next to any other properties [path: components.schemas.ContactSettings.properties.adminContact.description]
Location: N/A
Fixed: False
Source: System
Issue Source: spectral-validator
Issue Target: import-url_bundled-spec
Action: COULD NOT PROCESS: Issue definition for code 'no-$ref-siblings' not found in registry.
--------------------------------------------------
Time: 2025-10-13T22:55:18.081850
Issue: oas3-schema | N/A
Message: Property "enumDeprecated" is not expected to be here. [path: components.schemas.ContactSettings.properties.privacy.enumDeprecated]
Location: N/A
Fixed: False
Source: System
Issue Source: spectral-validator
Issue Target: import-url_bundled-spec
Action: COULD NOT PROCESS: Issue definition for code 'oas3-schema' not found in registry.
--------------------------------------------------
Time: 2025-10-13T22:55:18.083597
Issue: no-$ref-siblings | N/A
Message: $ref must not be placed next to any other properties [path: components.schemas.ContactSettings.properties.registrantContact.description]
Location: N/A
Fixed: False
Source: System
Issue Source: spectral-validator
Issue Target: import-url_bundled-spec
Action: COULD NOT PROCESS: Issue definition for code 'no-$ref-siblings' not found in registry.
--------------------------------------------------
Time: 2025-10-13T22:55:18.085935
Issue: no-$ref-siblings | N/A
Message: $ref must not be placed next to any other properties [path: components.schemas.ContactSettings.properties.technicalContact.description]
Location: N/A
Fixed: False
Source: System
Issue Source: spectral-validator
Issue Target: import-url_bundled-spec
Action: COULD NOT PROCESS: Issue definition for code 'no-$ref-siblings' not found in registry.
--------------------------------------------------
Time: 2025-10-13T22:55:18.088412
Issue: no-$ref-siblings | N/A
Message: $ref must not be placed next to any other properties [path: components.schemas.DnsSettings.properties.customDns.description]
Location: N/A
Fixed: False
Source: System
Issue Source: spectral-validator
Issue Target: import-url_bundled-spec
Action: COULD NOT PROCESS: Issue definition for code 'no-$ref-siblings' not found in registry.
--------------------------------------------------
Time: 2025-10-13T22:55:18.090770
Issue: no-$ref-siblings | N/A
Message: $ref must not be placed next to any other properties [path: components.schemas.DnsSettings.properties.googleDomainsDns.deprecated]
Location: N/A
Fixed: False
Source: System
Issue Source: spectral-validator
Issue Target: import-url_bundled-spec
Action: COULD NOT PROCESS: Issue definition for code 'no-$ref-siblings' not found in registry.
--------------------------------------------------
Time: 2025-10-13T22:55:18.092826
Issue: no-$ref-siblings | N/A
Message: $ref must not be placed next to any other properties [path: components.schemas.DnsSettings.properties.googleDomainsDns.description]
Location: N/A
Fixed: False
Source: System
Issue Source: spectral-validator
Issue Target: import-url_bundled-spec
Action: COULD NOT PROCESS: Issue definition for code 'no-$ref-siblings' not found in registry.
--------------------------------------------------
Time: 2025-10-13T22:55:18.094531
Issue: no-$ref-siblings | N/A
Message: $ref must not be placed next to any other properties [path: components.schemas.Domain.properties.yearlyPrice.description]
Location: N/A
Fixed: False
Source: System
Issue Source: spectral-validator
Issue Target: import-url_bundled-spec
Action: COULD NOT PROCESS: Issue definition for code 'no-$ref-siblings' not found in registry.
--------------------------------------------------
Time: 2025-10-13T22:55:18.097022
Issue: no-$ref-siblings | N/A
Message: $ref must not be placed next to any other properties [path: components.schemas.GeoPolicyItem.properties.healthCheckedTargets.description]
Location: N/A
Fixed: False
Source: System
Issue Source: spectral-validator
Issue Target: import-url_bundled-spec
Action: COULD NOT PROCESS: Issue definition for code 'no-$ref-siblings' not found in registry.
--------------------------------------------------
Time: 2025-10-13T22:55:18.098786
Issue: oas3-schema | N/A
Message: Property "enumDeprecated" is not expected to be here. [path: components.schemas.ManagementSettings.properties.preferredRenewalMethod.enumDeprecated]
Location: N/A
Fixed: False
Source: System
Issue Source: spectral-validator
Issue Target: import-url_bundled-spec
Action: COULD NOT PROCESS: Issue definition for code 'oas3-schema' not found in registry.
--------------------------------------------------
Time: 2025-10-13T22:55:18.100957
Issue: oas3-schema | N/A
Message: Property "enumDeprecated" is not expected to be here. [path: components.schemas.ManagementSettings.properties.renewalMethod.enumDeprecated]
Location: N/A
Fixed: False
Source: System
Issue Source: spectral-validator
Issue Target: import-url_bundled-spec
Action: COULD NOT PROCESS: Issue definition for code 'oas3-schema' not found in registry.
--------------------------------------------------
Time: 2025-10-13T22:55:18.102469
Issue: no-$ref-siblings | N/A
Message: $ref must not be placed next to any other properties [path: components.schemas.Operation.properties.error.description]
Location: N/A
Fixed: False
Source: System
Issue Source: spectral-validator
Issue Target: import-url_bundled-spec
Action: COULD NOT PROCESS: Issue definition for code 'no-$ref-siblings' not found in registry.
--------------------------------------------------
Time: 2025-10-13T22:55:18.103816
Issue: oas3-unused-component | N/A
Message: Potentially unused component has been detected. [path: components.schemas.OperationMetadata]
Location: N/A
Fixed: False
Source: System
Issue Source: spectral-validator
Issue Target: import-url_bundled-spec
Action: COULD NOT PROCESS: Issue definition for code 'oas3-unused-component' not found in registry.
--------------------------------------------------
Time: 2025-10-13T22:55:18.105083
Issue: no-$ref-siblings | N/A
Message: $ref must not be placed next to any other properties [path: components.schemas.PrimaryBackupPolicy.properties.backupGeoTargets.description]
Location: N/A
Fixed: False
Source: System
Issue Source: spectral-validator
Issue Target: import-url_bundled-spec
Action: COULD NOT PROCESS: Issue definition for code 'no-$ref-siblings' not found in registry.
--------------------------------------------------
Time: 2025-10-13T22:55:18.107012
Issue: no-$ref-siblings | N/A
Message: $ref must not be placed next to any other properties [path: components.schemas.PrimaryBackupPolicy.properties.primaryTargets.description]
Location: N/A
Fixed: False
Source: System
Issue Source: spectral-validator
Issue Target: import-url_bundled-spec
Action: COULD NOT PROCESS: Issue definition for code 'no-$ref-siblings' not found in registry.
--------------------------------------------------
Time: 2025-10-13T22:55:18.109019
Issue: no-$ref-siblings | N/A
Message: $ref must not be placed next to any other properties [path: components.schemas.RRSetRoutingPolicy.properties.geoPolicy.deprecated]
Location: N/A
Fixed: False
Source: System
Issue Source: spectral-validator
Issue Target: import-url_bundled-spec
Action: COULD NOT PROCESS: Issue definition for code 'no-$ref-siblings' not found in registry.
--------------------------------------------------
Time: 2025-10-13T22:55:18.110523
Issue: no-$ref-siblings | N/A
Message: $ref must not be placed next to any other properties [path: components.schemas.RRSetRoutingPolicy.properties.wrrPolicy.deprecated]
Location: N/A
Fixed: False
Source: System
Issue Source: spectral-validator
Issue Target: import-url_bundled-spec
Action: COULD NOT PROCESS: Issue definition for code 'no-$ref-siblings' not found in registry.
--------------------------------------------------
Time: 2025-10-13T22:55:18.112493
Issue: no-$ref-siblings | N/A
Message: $ref must not be placed next to any other properties [path: components.schemas.RegisterDomainRequest.properties.registration.description]
Location: N/A
Fixed: False
Source: System
Issue Source: spectral-validator
Issue Target: import-url_bundled-spec
Action: COULD NOT PROCESS: Issue definition for code 'no-$ref-siblings' not found in registry.
--------------------------------------------------
Time: 2025-10-13T22:55:18.114930
Issue: no-$ref-siblings | N/A
Message: $ref must not be placed next to any other properties [path: components.schemas.RegisterDomainRequest.properties.yearlyPrice.description]
Location: N/A
Fixed: False
Source: System
Issue Source: spectral-validator
Issue Target: import-url_bundled-spec
Action: COULD NOT PROCESS: Issue definition for code 'no-$ref-siblings' not found in registry.
--------------------------------------------------
Time: 2025-10-13T22:55:18.117057
Issue: oas3-schema | N/A
Message: Property "enumDeprecated" is not expected to be here. [path: components.schemas.RegisterParameters.properties.supportedPrivacy.items.enumDeprecated]
Location: N/A
Fixed: False
Source: System
Issue Source: spectral-validator
Issue Target: import-url_bundled-spec
Action: COULD NOT PROCESS: Issue definition for code 'oas3-schema' not found in registry.
--------------------------------------------------
Time: 2025-10-13T22:55:18.119327
Issue: no-$ref-siblings | N/A
Message: $ref must not be placed next to any other properties [path: components.schemas.RegisterParameters.properties.yearlyPrice.description]
Location: N/A
Fixed: False
Source: System
Issue Source: spectral-validator
Issue Target: import-url_bundled-spec
Action: COULD NOT PROCESS: Issue definition for code 'no-$ref-siblings' not found in registry.
--------------------------------------------------
Time: 2025-10-13T22:55:18.121444
Issue: no-$ref-siblings | N/A
Message: $ref must not be placed next to any other properties [path: components.schemas.Registration.properties.contactSettings.description]
Location: N/A
Fixed: False
Source: System
Issue Source: spectral-validator
Issue Target: import-url_bundled-spec
Action: COULD NOT PROCESS: Issue definition for code 'no-$ref-siblings' not found in registry.
--------------------------------------------------
Time: 2025-10-13T22:55:18.123505
Issue: no-$ref-siblings | N/A
Message: $ref must not be placed next to any other properties [path: components.schemas.Registration.properties.dnsSettings.description]
Location: N/A
Fixed: False
Source: System
Issue Source: spectral-validator
Issue Target: import-url_bundled-spec
Action: COULD NOT PROCESS: Issue definition for code 'no-$ref-siblings' not found in registry.
--------------------------------------------------
Time: 2025-10-13T22:55:18.125055
Issue: no-$ref-siblings | N/A
Message: $ref must not be placed next to any other properties [path: components.schemas.Registration.properties.managementSettings.description]
Location: N/A
Fixed: False
Source: System
Issue Source: spectral-validator
Issue Target: import-url_bundled-spec
Action: COULD NOT PROCESS: Issue definition for code 'no-$ref-siblings' not found in registry.
--------------------------------------------------
Time: 2025-10-13T22:55:18.126919
Issue: no-$ref-siblings | N/A
Message: $ref must not be placed next to any other properties [path: components.schemas.Registration.properties.pendingContactSettings.description]
Location: N/A
Fixed: False
Source: System
Issue Source: spectral-validator
Issue Target: import-url_bundled-spec
Action: COULD NOT PROCESS: Issue definition for code 'no-$ref-siblings' not found in registry.
--------------------------------------------------
Time: 2025-10-13T22:55:18.128780
Issue: no-$ref-siblings | N/A
Message: $ref must not be placed next to any other properties [path: components.schemas.Registration.properties.pendingContactSettings.readOnly]
Location: N/A
Fixed: False
Source: System
Issue Source: spectral-validator
Issue Target: import-url_bundled-spec
Action: COULD NOT PROCESS: Issue definition for code 'no-$ref-siblings' not found in registry.
--------------------------------------------------
Time: 2025-10-13T22:55:18.130737
Issue: oas3-schema | N/A
Message: Property "enumDeprecated" is not expected to be here. [path: components.schemas.Registration.properties.state.enumDeprecated]
Location: N/A
Fixed: False
Source: System
Issue Source: spectral-validator
Issue Target: import-url_bundled-spec
Action: COULD NOT PROCESS: Issue definition for code 'oas3-schema' not found in registry.
--------------------------------------------------
Time: 2025-10-13T22:55:18.132897
Issue: oas3-schema | N/A
Message: Property "enumDeprecated" is not expected to be here. [path: components.schemas.Registration.properties.supportedPrivacy.items.enumDeprecated]
Location: N/A
Fixed: False
Source: System
Issue Source: spectral-validator
Issue Target: import-url_bundled-spec
Action: COULD NOT PROCESS: Issue definition for code 'oas3-schema' not found in registry.
--------------------------------------------------
Time: 2025-10-13T22:55:18.134782
Issue: no-$ref-siblings | N/A
Message: $ref must not be placed next to any other properties [path: components.schemas.RenewDomainRequest.properties.yearlyPrice.description]
Location: N/A
Fixed: False
Source: System
Issue Source: spectral-validator
Issue Target: import-url_bundled-spec
Action: COULD NOT PROCESS: Issue definition for code 'no-$ref-siblings' not found in registry.
--------------------------------------------------
Time: 2025-10-13T22:55:18.136487
Issue: no-$ref-siblings | N/A
Message: $ref must not be placed next to any other properties [path: components.schemas.ResourceRecordSet.properties.routingPolicy.description]
Location: N/A
Fixed: False
Source: System
Issue Source: spectral-validator
Issue Target: import-url_bundled-spec
Action: COULD NOT PROCESS: Issue definition for code 'no-$ref-siblings' not found in registry.
--------------------------------------------------
Time: 2025-10-13T22:55:18.138555
Issue: no-$ref-siblings | N/A
Message: $ref must not be placed next to any other properties [path: components.schemas.RetrieveRegisterParametersResponse.properties.registerParameters.description]
Location: N/A
Fixed: False
Source: System
Issue Source: spectral-validator
Issue Target: import-url_bundled-spec
Action: COULD NOT PROCESS: Issue definition for code 'no-$ref-siblings' not found in registry.
--------------------------------------------------
Time: 2025-10-13T22:55:18.140058
Issue: no-$ref-siblings | N/A
Message: $ref must not be placed next to any other properties [path: components.schemas.RetrieveTransferParametersResponse.properties.transferParameters.description]
Location: N/A
Fixed: False
Source: System
Issue Source: spectral-validator
Issue Target: import-url_bundled-spec
Action: COULD NOT PROCESS: Issue definition for code 'no-$ref-siblings' not found in registry.
--------------------------------------------------
Time: 2025-10-13T22:55:18.142682
Issue: no-$ref-siblings | N/A
Message: $ref must not be placed next to any other properties [path: components.schemas.SetIamPolicyRequest.properties.policy.description]
Location: N/A
Fixed: False
Source: System
Issue Source: spectral-validator
Issue Target: import-url_bundled-spec
Action: COULD NOT PROCESS: Issue definition for code 'no-$ref-siblings' not found in registry.
--------------------------------------------------
Time: 2025-10-13T22:55:18.145142
Issue: no-$ref-siblings | N/A
Message: $ref must not be placed next to any other properties [path: components.schemas.TransferDomainRequest.properties.authorizationCode.description]
Location: N/A
Fixed: False
Source: System
Issue Source: spectral-validator
Issue Target: import-url_bundled-spec
Action: COULD NOT PROCESS: Issue definition for code 'no-$ref-siblings' not found in registry.
--------------------------------------------------
Time: 2025-10-13T22:55:18.147346
Issue: no-$ref-siblings | N/A
Message: $ref must not be placed next to any other properties [path: components.schemas.TransferDomainRequest.properties.registration.description]
Location: N/A
Fixed: False
Source: System
Issue Source: spectral-validator
Issue Target: import-url_bundled-spec
Action: COULD NOT PROCESS: Issue definition for code 'no-$ref-siblings' not found in registry.
--------------------------------------------------
Time: 2025-10-13T22:55:18.149757
Issue: no-$ref-siblings | N/A
Message: $ref must not be placed next to any other properties [path: components.schemas.TransferDomainRequest.properties.yearlyPrice.description]
Location: N/A
Fixed: False
Source: System
Issue Source: spectral-validator
Issue Target: import-url_bundled-spec
Action: COULD NOT PROCESS: Issue definition for code 'no-$ref-siblings' not found in registry.
--------------------------------------------------
Time: 2025-10-13T22:55:18.152076
Issue: oas3-schema | N/A
Message: Property "enumDeprecated" is not expected to be here. [path: components.schemas.TransferParameters.properties.supportedPrivacy.items.enumDeprecated]
Location: N/A
Fixed: False
Source: System
Issue Source: spectral-validator
Issue Target: import-url_bundled-spec
Action: COULD NOT PROCESS: Issue definition for code 'oas3-schema' not found in registry.
--------------------------------------------------
Time: 2025-10-13T22:55:18.153911
Issue: no-$ref-siblings | N/A
Message: $ref must not be placed next to any other properties [path: components.schemas.TransferParameters.properties.yearlyPrice.description]
Location: N/A
Fixed: False
Source: System
Issue Source: spectral-validator
Issue Target: import-url_bundled-spec
Action: COULD NOT PROCESS: Issue definition for code 'no-$ref-siblings' not found in registry.
--------------------------------------------------
Time: 2025-10-13T22:55:18.155877
Issue: no-$ref-siblings | N/A
Message: $ref must not be placed next to any other properties [path: components.schemas.WrrPolicyItem.properties.healthCheckedTargets.description]
Location: N/A
Fixed: False
Source: System
Issue Source: spectral-validator
Issue Target: import-url_bundled-spec
Action: COULD NOT PROCESS: Issue definition for code 'no-$ref-siblings' not found in registry.
