Repair Log
Processed Timestamp: 2025-10-13T22:55:21.600082

--------------------------------------------------
Time: 2025-10-13T22:55:14.681243
Issue: oneOf | N/A
Message: {'description': "Defines the contact information associated with a `Registration`. [ICANN](https://icann.org/) requires all domain names to have associated contact information. The `registrant_contact` is considered the domain's legal owner, and often the other contacts are identical.", 'properties': {'adminContact': {'$ref': '#/components/schemas/Contact', 'description': 'Required. The administrative contact for the `Registration`.'}, 'privacy': {'description': 'Required. Privacy setting for the contacts associated with the `Registration`.', 'enum': ['CONTACT_PRIVACY_UNSPECIFIED', 'PUBLIC_CONTACT_DATA', 'PRIVATE_CONTACT_DATA', 'REDACTED_CONTACT_DATA'], 'enumDeprecated': [False, False, True, False], 'type': 'string'}, 'registrantContact': {'$ref': '#/components/schemas/Contact', 'description': 'Required. The registrant contact for the `Registration`. *Caution: Anyone with access to this email address, phone number, and/or postal address can take control of the domain.* *Warning: For new `Registration`s, the registrant receives an email confirmation that they must complete within 15 days to avoid domain suspension.*'}, 'technicalContact': {'$ref': '#/components/schemas/Contact', 'description': 'Required. The technical contact for the `Registration`.'}}, 'type': 'object'} is not valid under any of the given schemas
Location: N/A
Fixed: False
Source: System
Issue Source: openapi-spec-validator
Issue Target: import-url_bundled-spec
Action: COULD NOT PROCESS: Issue definition for code 'oneOf' not found in registry.
--------------------------------------------------
Time: 2025-10-13T22:55:14.707732
Issue: oneOf | N/A
Message: {'description': 'Defines renewal, billing, and transfer settings for a `Registration`.', 'properties': {'effectiveTransferLockState': {'description': 'Output only. The actual transfer lock state for this `Registration`.', 'enum': ['TRANSFER_LOCK_STATE_UNSPECIFIED', 'UNLOCKED', 'LOCKED'], 'readOnly': True, 'type': 'string'}, 'preferredRenewalMethod': {'description': 'Optional. The desired renewal method for this `Registration`. The actual `renewal_method` is automatically updated to reflect this choice. If unset or equal to `RENEWAL_METHOD_UNSPECIFIED`, the actual `renewalMethod` is treated as if it were set to `AUTOMATIC_RENEWAL`. You cannot use `RENEWAL_DISABLED` during resource creation, and you can update the renewal status only when the `Registration` resource has state `ACTIVE` or `SUSPENDED`. When `preferred_renewal_method` is set to `AUTOMATIC_RENEWAL`, the actual `renewal_method` can be set to `RENEWAL_DISABLED` in case of problems with the billing account or reported domain abuse. In such cases, check the `issues` field on the `Registration`. After the problem is resolved, the `renewal_method` is automatically updated to `preferred_renewal_method` in a few hours.', 'enum': ['RENEWAL_METHOD_UNSPECIFIED', 'AUTOMATIC_RENEWAL', 'MANUAL_RENEWAL', 'RENEWAL_DISABLED'], 'enumDeprecated': [False, False, True, False], 'type': 'string'}, 'renewalMethod': {'description': 'Output only. The actual renewal method for this `Registration`. When `preferred_renewal_method` is set to `AUTOMATIC_RENEWAL`, the actual `renewal_method` can be equal to `RENEWAL_DISABLED`â€”for example, when there are problems with the billing account or reported domain abuse. In such cases, check the `issues` field on the `Registration`. After the problem is resolved, the `renewal_method` is automatically updated to `preferred_renewal_method` in a few hours.', 'enum': ['RENEWAL_METHOD_UNSPECIFIED', 'AUTOMATIC_RENEWAL', 'MANUAL_RENEWAL', 'RENEWAL_DISABLED'], 'enumDeprecated': [False, False, True, False], 'readOnly': True, 'type': 'string'}, 'transferLockState': {'description': 'This is the desired transfer lock state for this `Registration`. A transfer lock controls whether the domain can be transferred to another registrar. The transfer lock state of the domain is returned in the `effective_transfer_lock_state` property. The transfer lock state values might be different for the following reasons: * `transfer_lock_state` was updated only a short time ago. * Domains with the `TRANSFER_LOCK_UNSUPPORTED_BY_REGISTRY` state are in the list of `domain_properties`. These domains are always in the `UNLOCKED` state.', 'enum': ['TRANSFER_LOCK_STATE_UNSPECIFIED', 'UNLOCKED', 'LOCKED'], 'type': 'string'}}, 'type': 'object'} is not valid under any of the given schemas
Location: N/A
Fixed: False
Source: System
Issue Source: openapi-spec-validator
Issue Target: import-url_bundled-spec
Action: COULD NOT PROCESS: Issue definition for code 'oneOf' not found in registry.
--------------------------------------------------
Time: 2025-10-13T22:55:14.726481
Issue: oneOf | N/A
Message: {'description': 'Parameters required to register a new domain.', 'properties': {'availability': {'description': 'Indicates whether the domain is available for registration. This value is accurate when obtained by calling `RetrieveRegisterParameters`, but is approximate when obtained by calling `SearchDomains`.', 'enum': ['AVAILABILITY_UNSPECIFIED', 'AVAILABLE', 'UNAVAILABLE', 'UNSUPPORTED', 'UNKNOWN'], 'type': 'string'}, 'domainName': {'description': 'The domain name. Unicode domain names are expressed in Punycode format.', 'type': 'string'}, 'domainNotices': {'description': 'Notices about special properties of the domain.', 'items': {'enum': ['DOMAIN_NOTICE_UNSPECIFIED', 'HSTS_PRELOADED'], 'type': 'string'}, 'type': 'array'}, 'supportedPrivacy': {'description': 'Contact privacy options that the domain supports.', 'items': {'enum': ['CONTACT_PRIVACY_UNSPECIFIED', 'PUBLIC_CONTACT_DATA', 'PRIVATE_CONTACT_DATA', 'REDACTED_CONTACT_DATA'], 'enumDeprecated': [False, False, True, False], 'type': 'string'}, 'type': 'array'}, 'yearlyPrice': {'$ref': '#/components/schemas/Money', 'description': 'Price to register or renew the domain for one year.'}}, 'type': 'object'} is not valid under any of the given schemas
Location: N/A
Fixed: False
Source: System
Issue Source: openapi-spec-validator
Issue Target: import-url_bundled-spec
Action: COULD NOT PROCESS: Issue definition for code 'oneOf' not found in registry.
--------------------------------------------------
Time: 2025-10-13T22:55:14.730665
Issue: oneOf | N/A
Message: {'description': "The `Registration` resource facilitates managing and configuring domain name registrations. There are several ways to create a new `Registration` resource: To create a new `Registration` resource, find a suitable domain name by calling the `SearchDomains` method with a query to see available domain name options. After choosing a name, call `RetrieveRegisterParameters` to ensure availability and obtain information like pricing, which is needed to build a call to `RegisterDomain`. Another way to create a new `Registration` is to transfer an existing domain from another registrar (Deprecated: For more information, see [Cloud Domains feature deprecation](https://cloud.google.com/domains/docs/deprecations/feature-deprecations)). First, go to the current registrar to unlock the domain for transfer and retrieve the domain's transfer authorization code. Then call `RetrieveTransferParameters` to confirm that the domain is unlocked and to get values needed to build a call to `TransferDomain`. Finally, you can create a new `Registration` by importing an existing domain managed with [Google Domains](https://domains.google/) (Deprecated: For more information, see [Cloud Domains feature deprecation](https://cloud.google.com/domains/docs/deprecations/feature-deprecations)). First, call `RetrieveImportableDomains` to list domains to which the calling user has sufficient access. Then call `ImportDomain` on any domain names you want to use with Cloud Domains.", 'properties': {'contactSettings': {'$ref': '#/components/schemas/ContactSettings', 'description': 'Required. Settings for contact information linked to the `Registration`. You cannot update these with the `UpdateRegistration` method. To update these settings, use the `ConfigureContactSettings` method.'}, 'createTime': {'description': 'Output only. The creation timestamp of the `Registration` resource.', 'format': 'google-datetime', 'readOnly': True, 'type': 'string'}, 'dnsSettings': {'$ref': '#/components/schemas/DnsSettings', 'description': 'Settings controlling the DNS configuration of the `Registration`. You cannot update these with the `UpdateRegistration` method. To update these settings, use the `ConfigureDnsSettings` method.'}, 'domainName': {'description': 'Required. Immutable. The domain name. Unicode domain names must be expressed in Punycode format.', 'type': 'string'}, 'domainProperties': {'description': 'Output only. Special properties of the domain.', 'items': {'enum': ['DOMAIN_PROPERTY_UNSPECIFIED', 'TRANSFER_LOCK_UNSUPPORTED_BY_REGISTRY', 'REQUIRE_PUSH_TRANSFER'], 'type': 'string'}, 'readOnly': True, 'type': 'array'}, 'expireTime': {'description': 'Output only. The expiration timestamp of the `Registration`.', 'format': 'google-datetime', 'readOnly': True, 'type': 'string'}, 'issues': {'description': 'Output only. The set of issues with the `Registration` that require attention.', 'items': {'enum': ['ISSUE_UNSPECIFIED', 'CONTACT_SUPPORT', 'UNVERIFIED_EMAIL', 'PROBLEM_WITH_BILLING', 'DNS_NOT_ACTIVATED'], 'type': 'string'}, 'readOnly': True, 'type': 'array'}, 'labels': {'additionalProperties': {'type': 'string'}, 'description': 'Set of labels associated with the `Registration`.', 'type': 'object'}, 'managementSettings': {'$ref': '#/components/schemas/ManagementSettings', 'description': 'Settings for management of the `Registration`, including renewal, billing, and transfer. You cannot update these with the `UpdateRegistration` method. To update these settings, use the `ConfigureManagementSettings` method.'}, 'name': {'description': 'Output only. Name of the `Registration` resource, in the format `projects/*/locations/*/registrations/`.', 'readOnly': True, 'type': 'string'}, 'pendingContactSettings': {'$ref': '#/components/schemas/ContactSettings', 'description': 'Output only. Pending contact settings for the `Registration`. Updates to the `contact_settings` field that change its `registrant_contact` or `privacy` fields require email confirmation by the `registrant_contact` before taking effect. This field is set only if there are pending updates to the `contact_settings` that have not been confirmed. To confirm the changes, the `registrant_contact` must follow the instructions in the email they receive.', 'readOnly': True}, 'provider': {'description': 'Output only. Current domain management provider.', 'enum': ['REGISTRAR_UNSPECIFIED', 'GOOGLE_DOMAINS', 'SQUARESPACE'], 'readOnly': True, 'type': 'string'}, 'registerFailureReason': {'description': 'Output only. The reason the domain registration failed. Only set for domains in REGISTRATION_FAILED state.', 'enum': ['REGISTER_FAILURE_REASON_UNSPECIFIED', 'REGISTER_FAILURE_REASON_UNKNOWN', 'DOMAIN_NOT_AVAILABLE', 'INVALID_CONTACTS'], 'readOnly': True, 'type': 'string'}, 'state': {'description': 'Output only. The state of the `Registration`', 'enum': ['STATE_UNSPECIFIED', 'REGISTRATION_PENDING', 'REGISTRATION_FAILED', 'TRANSFER_PENDING', 'TRANSFER_FAILED', 'IMPORT_PENDING', 'ACTIVE', 'SUSPENDED', 'EXPORTED', 'EXPIRED'], 'enumDeprecated': [False, False, False, True, True, True, False, False, False, False], 'readOnly': True, 'type': 'string'}, 'supportedPrivacy': {'description': 'Output only. Set of options for the `contact_settings.privacy` field that this `Registration` supports.', 'items': {'enum': ['CONTACT_PRIVACY_UNSPECIFIED', 'PUBLIC_CONTACT_DATA', 'PRIVATE_CONTACT_DATA', 'REDACTED_CONTACT_DATA'], 'enumDeprecated': [False, False, True, False], 'type': 'string'}, 'readOnly': True, 'type': 'array'}, 'transferFailureReason': {'deprecated': True, 'description': 'Output only. Deprecated: For more information, see [Cloud Domains feature deprecation](https://cloud.google.com/domains/docs/deprecations/feature-deprecations). The reason the domain transfer failed. Only set for domains in TRANSFER_FAILED state.', 'enum': ['TRANSFER_FAILURE_REASON_UNSPECIFIED', 'TRANSFER_FAILURE_REASON_UNKNOWN', 'EMAIL_CONFIRMATION_FAILURE', 'DOMAIN_NOT_REGISTERED', 'DOMAIN_HAS_TRANSFER_LOCK', 'INVALID_AUTHORIZATION_CODE', 'TRANSFER_CANCELLED', 'TRANSFER_REJECTED', 'INVALID_REGISTRANT_EMAIL_ADDRESS', 'DOMAIN_NOT_ELIGIBLE_FOR_TRANSFER', 'TRANSFER_ALREADY_PENDING'], 'readOnly': True, 'type': 'string'}}, 'type': 'object'} is not valid under any of the given schemas
Location: N/A
Fixed: False
Source: System
Issue Source: openapi-spec-validator
Issue Target: import-url_bundled-spec
Action: COULD NOT PROCESS: Issue definition for code 'oneOf' not found in registry.
--------------------------------------------------
Time: 2025-10-13T22:55:14.733770
Issue: oneOf | N/A
Message: {'deprecated': True, 'description': 'Deprecated: For more information, see [Cloud Domains feature deprecation](https://cloud.google.com/domains/docs/deprecations/feature-deprecations). Parameters required to transfer a domain from another registrar.', 'properties': {'currentRegistrar': {'description': 'The registrar that currently manages the domain.', 'type': 'string'}, 'currentRegistrarUri': {'description': 'The URL of the registrar that currently manages the domain.', 'type': 'string'}, 'domainName': {'description': 'The domain name. Unicode domain names are expressed in Punycode format.', 'type': 'string'}, 'nameServers': {'description': 'The name servers that currently store the configuration of the domain.', 'items': {'type': 'string'}, 'type': 'array'}, 'supportedPrivacy': {'description': 'Contact privacy options that the domain supports.', 'items': {'enum': ['CONTACT_PRIVACY_UNSPECIFIED', 'PUBLIC_CONTACT_DATA', 'PRIVATE_CONTACT_DATA', 'REDACTED_CONTACT_DATA'], 'enumDeprecated': [False, False, True, False], 'type': 'string'}, 'type': 'array'}, 'transferLockState': {'description': 'Indicates whether the domain is protected by a transfer lock. For a transfer to succeed, this must show `UNLOCKED`. To unlock a domain, go to its current registrar.', 'enum': ['TRANSFER_LOCK_STATE_UNSPECIFIED', 'UNLOCKED', 'LOCKED'], 'type': 'string'}, 'yearlyPrice': {'$ref': '#/components/schemas/Money', 'description': 'Price to transfer or renew the domain for one year.'}}, 'type': 'object'} is not valid under any of the given schemas
Location: N/A
Fixed: False
Source: System
Issue Source: openapi-spec-validator
Issue Target: import-url_bundled-spec
Action: COULD NOT PROCESS: Issue definition for code 'oneOf' not found in registry.
--------------------------------------------------
Time: 2025-10-13T22:55:14.737087
Issue: <unset> | N/A
Message: Path parameter '+location' for 'get' operation in '/v1alpha2/{+location}/registrations:retrieveImportableDomains' was not resolved
Location: N/A
Fixed: False
Source: System
Issue Source: openapi-spec-validator
Issue Target: import-url_bundled-spec
Action: COULD NOT PROCESS: Issue definition for code '<unset>' not found in registry.
--------------------------------------------------
Time: 2025-10-13T22:55:14.740243
Issue: <unset> | N/A
Message: Path parameter '+location' for 'get' operation in '/v1alpha2/{+location}/registrations:retrieveRegisterParameters' was not resolved
Location: N/A
Fixed: False
Source: System
Issue Source: openapi-spec-validator
Issue Target: import-url_bundled-spec
Action: COULD NOT PROCESS: Issue definition for code '<unset>' not found in registry.
--------------------------------------------------
Time: 2025-10-13T22:55:14.819969
Issue: <unset> | N/A
Message: Path parameter '+location' for 'get' operation in '/v1alpha2/{+location}/registrations:retrieveTransferParameters' was not resolved
Location: N/A
Fixed: False
Source: System
Issue Source: openapi-spec-validator
Issue Target: import-url_bundled-spec
Action: COULD NOT PROCESS: Issue definition for code '<unset>' not found in registry.
--------------------------------------------------
Time: 2025-10-13T22:55:14.893160
Issue: <unset> | N/A
Message: Path parameter '+location' for 'get' operation in '/v1alpha2/{+location}/registrations:searchDomains' was not resolved
Location: N/A
Fixed: False
Source: System
Issue Source: openapi-spec-validator
Issue Target: import-url_bundled-spec
Action: COULD NOT PROCESS: Issue definition for code '<unset>' not found in registry.
--------------------------------------------------
Time: 2025-10-13T22:55:14.958449
Issue: <unset> | N/A
Message: Path parameter '+name' for 'delete' operation in '/v1alpha2/{+name}' was not resolved
Location: N/A
Fixed: False
Source: System
Issue Source: openapi-spec-validator
Issue Target: import-url_bundled-spec
Action: COULD NOT PROCESS: Issue definition for code '<unset>' not found in registry.
--------------------------------------------------
Time: 2025-10-13T22:55:15.024536
Issue: <unset> | N/A
Message: Path parameter '+name' for 'get' operation in '/v1alpha2/{+name}' was not resolved
Location: N/A
Fixed: False
Source: System
Issue Source: openapi-spec-validator
Issue Target: import-url_bundled-spec
Action: COULD NOT PROCESS: Issue definition for code '<unset>' not found in registry.
--------------------------------------------------
Time: 2025-10-13T22:55:15.125978
Issue: <unset> | N/A
Message: Path parameter '+name' for 'patch' operation in '/v1alpha2/{+name}' was not resolved
Location: N/A
Fixed: False
Source: System
Issue Source: openapi-spec-validator
Issue Target: import-url_bundled-spec
Action: COULD NOT PROCESS: Issue definition for code '<unset>' not found in registry.
--------------------------------------------------
Time: 2025-10-13T22:55:15.169831
Issue: <unset> | N/A
Message: Path parameter '+name' for 'get' operation in '/v1alpha2/{+name}/locations' was not resolved
Location: N/A
Fixed: False
Source: System
Issue Source: openapi-spec-validator
Issue Target: import-url_bundled-spec
Action: COULD NOT PROCESS: Issue definition for code '<unset>' not found in registry.
--------------------------------------------------
Time: 2025-10-13T22:55:15.220745
Issue: <unset> | N/A
Message: Path parameter '+name' for 'get' operation in '/v1alpha2/{+name}/operations' was not resolved
Location: N/A
Fixed: False
Source: System
Issue Source: openapi-spec-validator
Issue Target: import-url_bundled-spec
Action: COULD NOT PROCESS: Issue definition for code '<unset>' not found in registry.
--------------------------------------------------
Time: 2025-10-13T22:55:15.301470
Issue: <unset> | N/A
Message: Path parameter '+name' for 'post' operation in '/v1alpha2/{+name}:export' was not resolved
Location: N/A
Fixed: False
Source: System
Issue Source: openapi-spec-validator
Issue Target: import-url_bundled-spec
Action: COULD NOT PROCESS: Issue definition for code '<unset>' not found in registry.
--------------------------------------------------
Time: 2025-10-13T22:55:15.356098
Issue: <unset> | N/A
Message: Path parameter '+parent' for 'get' operation in '/v1alpha2/{+parent}/registrations' was not resolved
Location: N/A
Fixed: False
Source: System
Issue Source: openapi-spec-validator
Issue Target: import-url_bundled-spec
Action: COULD NOT PROCESS: Issue definition for code '<unset>' not found in registry.
--------------------------------------------------
Time: 2025-10-13T22:55:15.369312
Issue: <unset> | N/A
Message: Path parameter '+parent' for 'post' operation in '/v1alpha2/{+parent}/registrations:import' was not resolved
Location: N/A
Fixed: False
Source: System
Issue Source: openapi-spec-validator
Issue Target: import-url_bundled-spec
Action: COULD NOT PROCESS: Issue definition for code '<unset>' not found in registry.
--------------------------------------------------
Time: 2025-10-13T22:55:15.391014
Issue: <unset> | N/A
Message: Path parameter '+parent' for 'post' operation in '/v1alpha2/{+parent}/registrations:register' was not resolved
Location: N/A
Fixed: False
Source: System
Issue Source: openapi-spec-validator
Issue Target: import-url_bundled-spec
Action: COULD NOT PROCESS: Issue definition for code '<unset>' not found in registry.
--------------------------------------------------
Time: 2025-10-13T22:55:15.416202
Issue: <unset> | N/A
Message: Path parameter '+parent' for 'post' operation in '/v1alpha2/{+parent}/registrations:transfer' was not resolved
Location: N/A
Fixed: False
Source: System
Issue Source: openapi-spec-validator
Issue Target: import-url_bundled-spec
Action: COULD NOT PROCESS: Issue definition for code '<unset>' not found in registry.
--------------------------------------------------
Time: 2025-10-13T22:55:15.426828
Issue: <unset> | N/A
Message: Path parameter '+registration' for 'post' operation in '/v1alpha2/{+registration}:configureContactSettings' was not resolved
Location: N/A
Fixed: False
Source: System
Issue Source: openapi-spec-validator
Issue Target: import-url_bundled-spec
Action: COULD NOT PROCESS: Issue definition for code '<unset>' not found in registry.
--------------------------------------------------
Time: 2025-10-13T22:55:15.435653
Issue: <unset> | N/A
Message: Path parameter '+registration' for 'post' operation in '/v1alpha2/{+registration}:configureDnsSettings' was not resolved
Location: N/A
Fixed: False
Source: System
Issue Source: openapi-spec-validator
Issue Target: import-url_bundled-spec
Action: COULD NOT PROCESS: Issue definition for code '<unset>' not found in registry.
--------------------------------------------------
Time: 2025-10-13T22:55:15.441312
Issue: <unset> | N/A
Message: Path parameter '+registration' for 'post' operation in '/v1alpha2/{+registration}:configureManagementSettings' was not resolved
Location: N/A
Fixed: False
Source: System
Issue Source: openapi-spec-validator
Issue Target: import-url_bundled-spec
Action: COULD NOT PROCESS: Issue definition for code '<unset>' not found in registry.
--------------------------------------------------
Time: 2025-10-13T22:55:15.444371
Issue: <unset> | N/A
Message: Path parameter '+registration' for 'post' operation in '/v1alpha2/{+registration}:initiatePushTransfer' was not resolved
Location: N/A
Fixed: False
Source: System
Issue Source: openapi-spec-validator
Issue Target: import-url_bundled-spec
Action: COULD NOT PROCESS: Issue definition for code '<unset>' not found in registry.
--------------------------------------------------
Time: 2025-10-13T22:55:15.448428
Issue: <unset> | N/A
Message: Path parameter '+registration' for 'post' operation in '/v1alpha2/{+registration}:renewDomain' was not resolved
Location: N/A
Fixed: False
Source: System
Issue Source: openapi-spec-validator
Issue Target: import-url_bundled-spec
Action: COULD NOT PROCESS: Issue definition for code '<unset>' not found in registry.
--------------------------------------------------
Time: 2025-10-13T22:55:15.452611
Issue: <unset> | N/A
Message: Path parameter '+registration' for 'post' operation in '/v1alpha2/{+registration}:resetAuthorizationCode' was not resolved
Location: N/A
Fixed: False
Source: System
Issue Source: openapi-spec-validator
Issue Target: import-url_bundled-spec
Action: COULD NOT PROCESS: Issue definition for code '<unset>' not found in registry.
--------------------------------------------------
Time: 2025-10-13T22:55:15.509947
Issue: <unset> | N/A
Message: Path parameter '+registration' for 'get' operation in '/v1alpha2/{+registration}:retrieveAuthorizationCode' was not resolved
Location: N/A
Fixed: False
Source: System
Issue Source: openapi-spec-validator
Issue Target: import-url_bundled-spec
Action: COULD NOT PROCESS: Issue definition for code '<unset>' not found in registry.
--------------------------------------------------
Time: 2025-10-13T22:55:15.615163
Issue: <unset> | N/A
Message: Path parameter '+registration' for 'get' operation in '/v1alpha2/{+registration}:retrieveGoogleDomainsDnsRecords' was not resolved
Location: N/A
Fixed: False
Source: System
Issue Source: openapi-spec-validator
Issue Target: import-url_bundled-spec
Action: COULD NOT PROCESS: Issue definition for code '<unset>' not found in registry.
--------------------------------------------------
Time: 2025-10-13T22:55:15.697890
Issue: <unset> | N/A
Message: Path parameter '+registration' for 'get' operation in '/v1alpha2/{+registration}:retrieveGoogleDomainsForwardingConfig' was not resolved
Location: N/A
Fixed: False
Source: System
Issue Source: openapi-spec-validator
Issue Target: import-url_bundled-spec
Action: COULD NOT PROCESS: Issue definition for code '<unset>' not found in registry.
--------------------------------------------------
Time: 2025-10-13T22:55:15.765284
Issue: <unset> | N/A
Message: Path parameter '+resource' for 'get' operation in '/v1alpha2/{+resource}:getIamPolicy' was not resolved
Location: N/A
Fixed: False
Source: System
Issue Source: openapi-spec-validator
Issue Target: import-url_bundled-spec
Action: COULD NOT PROCESS: Issue definition for code '<unset>' not found in registry.
--------------------------------------------------
Time: 2025-10-13T22:55:15.813687
Issue: <unset> | N/A
Message: Path parameter '+resource' for 'post' operation in '/v1alpha2/{+resource}:setIamPolicy' was not resolved
Location: N/A
Fixed: False
Source: System
Issue Source: openapi-spec-validator
Issue Target: import-url_bundled-spec
Action: COULD NOT PROCESS: Issue definition for code '<unset>' not found in registry.
--------------------------------------------------
Time: 2025-10-13T22:55:15.874543
Issue: <unset> | N/A
Message: Path parameter '+resource' for 'post' operation in '/v1alpha2/{+resource}:testIamPermissions' was not resolved
Location: N/A
Fixed: False
Source: System
Issue Source: openapi-spec-validator
Issue Target: import-url_bundled-spec
Action: COULD NOT PROCESS: Issue definition for code '<unset>' not found in registry.
--------------------------------------------------
Time: 2025-10-13T22:55:15.984974
Issue: no-server-trailing-slash | N/A
Message: Server `url` should not have a trailing slash. [path: servers.0.url]
Location: N/A
Fixed: False
Source: System
Issue Source: redocly-validator
Issue Target: import-url_bundled-spec
Action: COULD NOT PROCESS: Issue definition for code 'no-server-trailing-slash' not found in registry.
--------------------------------------------------
Time: 2025-10-13T22:55:16.076391
Issue: operation-summary | N/A
Message: Operation object should contain `summary` field. [path: paths./v1alpha2/{+location}/registrations:retrieveImportableDomains.get.summary]
Location: N/A
Fixed: False
Source: System
Issue Source: redocly-validator
Issue Target: import-url_bundled-spec
Action: COULD NOT PROCESS: Issue definition for code 'operation-summary' not found in registry.
--------------------------------------------------
Time: 2025-10-13T22:55:16.082492
Issue: path-parameters-defined | N/A
Message: Path parameter `location` is not used in the path `/v1alpha2/{+location}/registrations:retrieveImportableDomains`. [path: paths./v1alpha2/{+location}/registrations:retrieveImportableDomains.get.parameters.0.name]
Location: N/A
Fixed: False
Source: System
Issue Source: redocly-validator
Issue Target: import-url_bundled-spec
Action: COULD NOT PROCESS: Issue definition for code 'path-parameters-defined' not found in registry.
--------------------------------------------------
Time: 2025-10-13T22:55:16.199597
Issue: operation-summary | N/A
Message: Operation object should contain `summary` field. [path: paths./v1alpha2/{+location}/registrations:retrieveRegisterParameters.get.summary]
Location: N/A
Fixed: False
Source: System
Issue Source: redocly-validator
Issue Target: import-url_bundled-spec
Action: COULD NOT PROCESS: Issue definition for code 'operation-summary' not found in registry.
--------------------------------------------------
Time: 2025-10-13T22:55:16.266872
Issue: path-parameters-defined | N/A
Message: Path parameter `location` is not used in the path `/v1alpha2/{+location}/registrations:retrieveRegisterParameters`. [path: paths./v1alpha2/{+location}/registrations:retrieveRegisterParameters.get.parameters.0.name]
Location: N/A
Fixed: False
Source: System
Issue Source: redocly-validator
Issue Target: import-url_bundled-spec
Action: COULD NOT PROCESS: Issue definition for code 'path-parameters-defined' not found in registry.
--------------------------------------------------
Time: 2025-10-13T22:55:16.349084
Issue: struct | N/A
Message: Property `enumDeprecated` is not expected here. [path: components.schemas.RegisterParameters.properties.supportedPrivacy.items.enumDeprecated]
Location: N/A
Fixed: False
Source: System
Issue Source: redocly-validator
Issue Target: import-url_bundled-spec
Action: COULD NOT PROCESS: Issue definition for code 'struct' not found in registry.
--------------------------------------------------
Time: 2025-10-13T22:55:16.464944
Issue: operation-summary | N/A
Message: Operation object should contain `summary` field. [path: paths./v1alpha2/{+location}/registrations:retrieveTransferParameters.get.summary]
Location: N/A
Fixed: False
Source: System
Issue Source: redocly-validator
Issue Target: import-url_bundled-spec
Action: COULD NOT PROCESS: Issue definition for code 'operation-summary' not found in registry.
--------------------------------------------------
Time: 2025-10-13T22:55:16.593473
Issue: path-parameters-defined | N/A
Message: Path parameter `location` is not used in the path `/v1alpha2/{+location}/registrations:retrieveTransferParameters`. [path: paths./v1alpha2/{+location}/registrations:retrieveTransferParameters.get.parameters.0.name]
Location: N/A
Fixed: False
Source: System
Issue Source: redocly-validator
Issue Target: import-url_bundled-spec
Action: COULD NOT PROCESS: Issue definition for code 'path-parameters-defined' not found in registry.
--------------------------------------------------
Time: 2025-10-13T22:55:16.604446
Issue: struct | N/A
Message: Property `enumDeprecated` is not expected here. [path: components.schemas.TransferParameters.properties.supportedPrivacy.items.enumDeprecated]
Location: N/A
Fixed: False
Source: System
Issue Source: redocly-validator
Issue Target: import-url_bundled-spec
Action: COULD NOT PROCESS: Issue definition for code 'struct' not found in registry.
--------------------------------------------------
Time: 2025-10-13T22:55:16.612211
Issue: operation-summary | N/A
Message: Operation object should contain `summary` field. [path: paths./v1alpha2/{+location}/registrations:searchDomains.get.summary]
Location: N/A
Fixed: False
Source: System
Issue Source: redocly-validator
Issue Target: import-url_bundled-spec
Action: COULD NOT PROCESS: Issue definition for code 'operation-summary' not found in registry.
--------------------------------------------------
Time: 2025-10-13T22:55:16.618346
Issue: path-parameters-defined | N/A
Message: Path parameter `location` is not used in the path `/v1alpha2/{+location}/registrations:searchDomains`. [path: paths./v1alpha2/{+location}/registrations:searchDomains.get.parameters.0.name]
Location: N/A
Fixed: False
Source: System
Issue Source: redocly-validator
Issue Target: import-url_bundled-spec
Action: COULD NOT PROCESS: Issue definition for code 'path-parameters-defined' not found in registry.
--------------------------------------------------
Time: 2025-10-13T22:55:16.626170
Issue: operation-summary | N/A
Message: Operation object should contain `summary` field. [path: paths./v1alpha2/{+name}.get.summary]
Location: N/A
Fixed: False
Source: System
Issue Source: redocly-validator
Issue Target: import-url_bundled-spec
Action: COULD NOT PROCESS: Issue definition for code 'operation-summary' not found in registry.
--------------------------------------------------
Time: 2025-10-13T22:55:16.679032
Issue: path-parameters-defined | N/A
Message: Path parameter `name` is not used in the path `/v1alpha2/{+name}`. [path: paths./v1alpha2/{+name}.get.parameters.0.name]
Location: N/A
Fixed: False
Source: System
Issue Source: redocly-validator
Issue Target: import-url_bundled-spec
Action: COULD NOT PROCESS: Issue definition for code 'path-parameters-defined' not found in registry.
--------------------------------------------------
Time: 2025-10-13T22:55:16.694276
Issue: struct | N/A
Message: Property `enumDeprecated` is not expected here. [path: components.schemas.ContactSettings.properties.privacy.enumDeprecated]
Location: N/A
Fixed: False
Source: System
Issue Source: redocly-validator
Issue Target: import-url_bundled-spec
Action: COULD NOT PROCESS: Issue definition for code 'struct' not found in registry.
--------------------------------------------------
Time: 2025-10-13T22:55:16.708465
Issue: struct | N/A
Message: Property `enumDeprecated` is not expected here. [path: components.schemas.ManagementSettings.properties.preferredRenewalMethod.enumDeprecated]
Location: N/A
Fixed: False
Source: System
Issue Source: redocly-validator
Issue Target: import-url_bundled-spec
Action: COULD NOT PROCESS: Issue definition for code 'struct' not found in registry.
--------------------------------------------------
Time: 2025-10-13T22:55:16.718329
Issue: struct | N/A
Message: Property `enumDeprecated` is not expected here. [path: components.schemas.ManagementSettings.properties.renewalMethod.enumDeprecated]
Location: N/A
Fixed: False
Source: System
Issue Source: redocly-validator
Issue Target: import-url_bundled-spec
Action: COULD NOT PROCESS: Issue definition for code 'struct' not found in registry.
--------------------------------------------------
Time: 2025-10-13T22:55:16.723157
Issue: struct | N/A
Message: Property `enumDeprecated` is not expected here. [path: components.schemas.Registration.properties.state.enumDeprecated]
Location: N/A
Fixed: False
Source: System
Issue Source: redocly-validator
Issue Target: import-url_bundled-spec
Action: COULD NOT PROCESS: Issue definition for code 'struct' not found in registry.
--------------------------------------------------
Time: 2025-10-13T22:55:16.732355
Issue: struct | N/A
Message: Property `enumDeprecated` is not expected here. [path: components.schemas.Registration.properties.supportedPrivacy.items.enumDeprecated]
Location: N/A
Fixed: False
Source: System
Issue Source: redocly-validator
Issue Target: import-url_bundled-spec
Action: COULD NOT PROCESS: Issue definition for code 'struct' not found in registry.
--------------------------------------------------
Time: 2025-10-13T22:55:16.795908
Issue: operation-summary | N/A
Message: Operation object should contain `summary` field. [path: paths./v1alpha2/{+name}.delete.summary]
Location: N/A
Fixed: False
Source: System
Issue Source: redocly-validator
Issue Target: import-url_bundled-spec
Action: COULD NOT PROCESS: Issue definition for code 'operation-summary' not found in registry.
--------------------------------------------------
Time: 2025-10-13T22:55:16.820944
Issue: path-parameters-defined | N/A
Message: Path parameter `name` is not used in the path `/v1alpha2/{+name}`. [path: paths./v1alpha2/{+name}.delete.parameters.0.name]
Location: N/A
Fixed: False
Source: System
Issue Source: redocly-validator
Issue Target: import-url_bundled-spec
Action: COULD NOT PROCESS: Issue definition for code 'path-parameters-defined' not found in registry.
--------------------------------------------------
Time: 2025-10-13T22:55:16.835801
Issue: operation-summary | N/A
Message: Operation object should contain `summary` field. [path: paths./v1alpha2/{+name}.patch.summary]
Location: N/A
Fixed: False
Source: System
Issue Source: redocly-validator
Issue Target: import-url_bundled-spec
Action: COULD NOT PROCESS: Issue definition for code 'operation-summary' not found in registry.
--------------------------------------------------
Time: 2025-10-13T22:55:16.841454
Issue: path-parameters-defined | N/A
Message: Path parameter `name` is not used in the path `/v1alpha2/{+name}`. [path: paths./v1alpha2/{+name}.patch.parameters.0.name]
Location: N/A
Fixed: False
Source: System
Issue Source: redocly-validator
Issue Target: import-url_bundled-spec
Action: COULD NOT PROCESS: Issue definition for code 'path-parameters-defined' not found in registry.
--------------------------------------------------
Time: 2025-10-13T22:55:16.846283
Issue: operation-summary | N/A
Message: Operation object should contain `summary` field. [path: paths./v1alpha2/{+name}/locations.get.summary]
Location: N/A
Fixed: False
Source: System
Issue Source: redocly-validator
Issue Target: import-url_bundled-spec
Action: COULD NOT PROCESS: Issue definition for code 'operation-summary' not found in registry.
--------------------------------------------------
Time: 2025-10-13T22:55:16.853805
Issue: path-parameters-defined | N/A
Message: Path parameter `name` is not used in the path `/v1alpha2/{+name}/locations`. [path: paths./v1alpha2/{+name}/locations.get.parameters.0.name]
Location: N/A
Fixed: False
Source: System
Issue Source: redocly-validator
Issue Target: import-url_bundled-spec
Action: COULD NOT PROCESS: Issue definition for code 'path-parameters-defined' not found in registry.
--------------------------------------------------
Time: 2025-10-13T22:55:16.863489
Issue: operation-summary | N/A
Message: Operation object should contain `summary` field. [path: paths./v1alpha2/{+name}/operations.get.summary]
Location: N/A
Fixed: False
Source: System
Issue Source: redocly-validator
Issue Target: import-url_bundled-spec
Action: COULD NOT PROCESS: Issue definition for code 'operation-summary' not found in registry.
--------------------------------------------------
Time: 2025-10-13T22:55:16.871363
Issue: path-parameters-defined | N/A
Message: Path parameter `name` is not used in the path `/v1alpha2/{+name}/operations`. [path: paths./v1alpha2/{+name}/operations.get.parameters.0.name]
Location: N/A
Fixed: False
Source: System
Issue Source: redocly-validator
Issue Target: import-url_bundled-spec
Action: COULD NOT PROCESS: Issue definition for code 'path-parameters-defined' not found in registry.
--------------------------------------------------
Time: 2025-10-13T22:55:16.876451
Issue: operation-summary | N/A
Message: Operation object should contain `summary` field. [path: paths./v1alpha2/{+name}:export.post.summary]
Location: N/A
Fixed: False
Source: System
Issue Source: redocly-validator
Issue Target: import-url_bundled-spec
Action: COULD NOT PROCESS: Issue definition for code 'operation-summary' not found in registry.
--------------------------------------------------
Time: 2025-10-13T22:55:16.881686
Issue: path-parameters-defined | N/A
Message: Path parameter `name` is not used in the path `/v1alpha2/{+name}:export`. [path: paths./v1alpha2/{+name}:export.post.parameters.0.name]
Location: N/A
Fixed: False
Source: System
Issue Source: redocly-validator
Issue Target: import-url_bundled-spec
Action: COULD NOT PROCESS: Issue definition for code 'path-parameters-defined' not found in registry.
--------------------------------------------------
Time: 2025-10-13T22:55:16.943506
Issue: operation-summary | N/A
Message: Operation object should contain `summary` field. [path: paths./v1alpha2/{+parent}/registrations.get.summary]
Location: N/A
Fixed: False
Source: System
Issue Source: redocly-validator
Issue Target: import-url_bundled-spec
Action: COULD NOT PROCESS: Issue definition for code 'operation-summary' not found in registry.
--------------------------------------------------
Time: 2025-10-13T22:55:16.989934
Issue: path-parameters-defined | N/A
Message: Path parameter `parent` is not used in the path `/v1alpha2/{+parent}/registrations`. [path: paths./v1alpha2/{+parent}/registrations.get.parameters.0.name]
Location: N/A
Fixed: False
Source: System
Issue Source: redocly-validator
Issue Target: import-url_bundled-spec
Action: COULD NOT PROCESS: Issue definition for code 'path-parameters-defined' not found in registry.
--------------------------------------------------
Time: 2025-10-13T22:55:16.999203
Issue: operation-summary | N/A
Message: Operation object should contain `summary` field. [path: paths./v1alpha2/{+parent}/registrations:import.post.summary]
Location: N/A
Fixed: False
Source: System
Issue Source: redocly-validator
Issue Target: import-url_bundled-spec
Action: COULD NOT PROCESS: Issue definition for code 'operation-summary' not found in registry.
--------------------------------------------------
Time: 2025-10-13T22:55:17.002853
Issue: path-parameters-defined | N/A
Message: Path parameter `parent` is not used in the path `/v1alpha2/{+parent}/registrations:import`. [path: paths./v1alpha2/{+parent}/registrations:import.post.parameters.0.name]
Location: N/A
Fixed: False
Source: System
Issue Source: redocly-validator
Issue Target: import-url_bundled-spec
Action: COULD NOT PROCESS: Issue definition for code 'path-parameters-defined' not found in registry.
--------------------------------------------------
Time: 2025-10-13T22:55:17.013757
Issue: operation-summary | N/A
Message: Operation object should contain `summary` field. [path: paths./v1alpha2/{+parent}/registrations:register.post.summary]
Location: N/A
Fixed: False
Source: System
Issue Source: redocly-validator
Issue Target: import-url_bundled-spec
Action: COULD NOT PROCESS: Issue definition for code 'operation-summary' not found in registry.
--------------------------------------------------
Time: 2025-10-13T22:55:17.020875
Issue: path-parameters-defined | N/A
Message: Path parameter `parent` is not used in the path `/v1alpha2/{+parent}/registrations:register`. [path: paths./v1alpha2/{+parent}/registrations:register.post.parameters.0.name]
Location: N/A
Fixed: False
Source: System
Issue Source: redocly-validator
Issue Target: import-url_bundled-spec
Action: COULD NOT PROCESS: Issue definition for code 'path-parameters-defined' not found in registry.
--------------------------------------------------
Time: 2025-10-13T22:55:17.099090
Issue: operation-summary | N/A
Message: Operation object should contain `summary` field. [path: paths./v1alpha2/{+parent}/registrations:transfer.post.summary]
Location: N/A
Fixed: False
Source: System
Issue Source: redocly-validator
Issue Target: import-url_bundled-spec
Action: COULD NOT PROCESS: Issue definition for code 'operation-summary' not found in registry.
--------------------------------------------------
Time: 2025-10-13T22:55:17.107738
Issue: path-parameters-defined | N/A
Message: Path parameter `parent` is not used in the path `/v1alpha2/{+parent}/registrations:transfer`. [path: paths./v1alpha2/{+parent}/registrations:transfer.post.parameters.0.name]
Location: N/A
Fixed: False
Source: System
Issue Source: redocly-validator
Issue Target: import-url_bundled-spec
Action: COULD NOT PROCESS: Issue definition for code 'path-parameters-defined' not found in registry.
--------------------------------------------------
Time: 2025-10-13T22:55:17.113218
Issue: operation-summary | N/A
Message: Operation object should contain `summary` field. [path: paths./v1alpha2/{+registration}:configureContactSettings.post.summary]
Location: N/A
Fixed: False
Source: System
Issue Source: redocly-validator
Issue Target: import-url_bundled-spec
Action: COULD NOT PROCESS: Issue definition for code 'operation-summary' not found in registry.
--------------------------------------------------
Time: 2025-10-13T22:55:17.118905
Issue: path-parameters-defined | N/A
Message: Path parameter `registration` is not used in the path `/v1alpha2/{+registration}:configureContactSettings`. [path: paths./v1alpha2/{+registration}:configureContactSettings.post.parameters.0.name]
Location: N/A
Fixed: False
Source: System
Issue Source: redocly-validator
Issue Target: import-url_bundled-spec
Action: COULD NOT PROCESS: Issue definition for code 'path-parameters-defined' not found in registry.
--------------------------------------------------
Time: 2025-10-13T22:55:17.166062
Issue: operation-summary | N/A
Message: Operation object should contain `summary` field. [path: paths./v1alpha2/{+registration}:configureDnsSettings.post.summary]
Location: N/A
Fixed: False
Source: System
Issue Source: redocly-validator
Issue Target: import-url_bundled-spec
Action: COULD NOT PROCESS: Issue definition for code 'operation-summary' not found in registry.
--------------------------------------------------
Time: 2025-10-13T22:55:17.183076
Issue: path-parameters-defined | N/A
Message: Path parameter `registration` is not used in the path `/v1alpha2/{+registration}:configureDnsSettings`. [path: paths./v1alpha2/{+registration}:configureDnsSettings.post.parameters.0.name]
Location: N/A
Fixed: False
Source: System
Issue Source: redocly-validator
Issue Target: import-url_bundled-spec
Action: COULD NOT PROCESS: Issue definition for code 'path-parameters-defined' not found in registry.
--------------------------------------------------
Time: 2025-10-13T22:55:17.220101
Issue: operation-summary | N/A
Message: Operation object should contain `summary` field. [path: paths./v1alpha2/{+registration}:configureManagementSettings.post.summary]
Location: N/A
Fixed: False
Source: System
Issue Source: redocly-validator
Issue Target: import-url_bundled-spec
Action: COULD NOT PROCESS: Issue definition for code 'operation-summary' not found in registry.
--------------------------------------------------
Time: 2025-10-13T22:55:17.222857
Issue: path-parameters-defined | N/A
Message: Path parameter `registration` is not used in the path `/v1alpha2/{+registration}:configureManagementSettings`. [path: paths./v1alpha2/{+registration}:configureManagementSettings.post.parameters.0.name]
Location: N/A
Fixed: False
Source: System
Issue Source: redocly-validator
Issue Target: import-url_bundled-spec
Action: COULD NOT PROCESS: Issue definition for code 'path-parameters-defined' not found in registry.
--------------------------------------------------
Time: 2025-10-13T22:55:17.226699
Issue: operation-summary | N/A
Message: Operation object should contain `summary` field. [path: paths./v1alpha2/{+registration}:initiatePushTransfer.post.summary]
Location: N/A
Fixed: False
Source: System
Issue Source: redocly-validator
Issue Target: import-url_bundled-spec
Action: COULD NOT PROCESS: Issue definition for code 'operation-summary' not found in registry.
--------------------------------------------------
Time: 2025-10-13T22:55:17.270920
Issue: path-parameters-defined | N/A
Message: Path parameter `registration` is not used in the path `/v1alpha2/{+registration}:initiatePushTransfer`. [path: paths./v1alpha2/{+registration}:initiatePushTransfer.post.parameters.0.name]
Location: N/A
Fixed: False
Source: System
Issue Source: redocly-validator
Issue Target: import-url_bundled-spec
Action: COULD NOT PROCESS: Issue definition for code 'path-parameters-defined' not found in registry.
--------------------------------------------------
Time: 2025-10-13T22:55:17.285988
Issue: operation-summary | N/A
Message: Operation object should contain `summary` field. [path: paths./v1alpha2/{+registration}:renewDomain.post.summary]
Location: N/A
Fixed: False
Source: System
Issue Source: redocly-validator
Issue Target: import-url_bundled-spec
Action: COULD NOT PROCESS: Issue definition for code 'operation-summary' not found in registry.
--------------------------------------------------
Time: 2025-10-13T22:55:17.293025
Issue: path-parameters-defined | N/A
Message: Path parameter `registration` is not used in the path `/v1alpha2/{+registration}:renewDomain`. [path: paths./v1alpha2/{+registration}:renewDomain.post.parameters.0.name]
Location: N/A
Fixed: False
Source: System
Issue Source: redocly-validator
Issue Target: import-url_bundled-spec
Action: COULD NOT PROCESS: Issue definition for code 'path-parameters-defined' not found in registry.
--------------------------------------------------
Time: 2025-10-13T22:55:17.297733
Issue: operation-summary | N/A
Message: Operation object should contain `summary` field. [path: paths./v1alpha2/{+registration}:resetAuthorizationCode.post.summary]
Location: N/A
Fixed: False
Source: System
Issue Source: redocly-validator
Issue Target: import-url_bundled-spec
Action: COULD NOT PROCESS: Issue definition for code 'operation-summary' not found in registry.
--------------------------------------------------
Time: 2025-10-13T22:55:17.301235
Issue: path-parameters-defined | N/A
Message: Path parameter `registration` is not used in the path `/v1alpha2/{+registration}:resetAuthorizationCode`. [path: paths./v1alpha2/{+registration}:resetAuthorizationCode.post.parameters.0.name]
Location: N/A
Fixed: False
Source: System
Issue Source: redocly-validator
Issue Target: import-url_bundled-spec
Action: COULD NOT PROCESS: Issue definition for code 'path-parameters-defined' not found in registry.
--------------------------------------------------
Time: 2025-10-13T22:55:17.305153
Issue: operation-summary | N/A
Message: Operation object should contain `summary` field. [path: paths./v1alpha2/{+registration}:retrieveAuthorizationCode.get.summary]
Location: N/A
Fixed: False
Source: System
Issue Source: redocly-validator
Issue Target: import-url_bundled-spec
Action: COULD NOT PROCESS: Issue definition for code 'operation-summary' not found in registry.
--------------------------------------------------
Time: 2025-10-13T22:55:17.311111
Issue: path-parameters-defined | N/A
Message: Path parameter `registration` is not used in the path `/v1alpha2/{+registration}:retrieveAuthorizationCode`. [path: paths./v1alpha2/{+registration}:retrieveAuthorizationCode.get.parameters.0.name]
Location: N/A
Fixed: False
Source: System
Issue Source: redocly-validator
Issue Target: import-url_bundled-spec
Action: COULD NOT PROCESS: Issue definition for code 'path-parameters-defined' not found in registry.
--------------------------------------------------
Time: 2025-10-13T22:55:17.318703
Issue: operation-summary | N/A
Message: Operation object should contain `summary` field. [path: paths./v1alpha2/{+registration}:retrieveGoogleDomainsDnsRecords.get.summary]
Location: N/A
Fixed: False
Source: System
Issue Source: redocly-validator
Issue Target: import-url_bundled-spec
Action: COULD NOT PROCESS: Issue definition for code 'operation-summary' not found in registry.
--------------------------------------------------
Time: 2025-10-13T22:55:17.321677
Issue: path-parameters-defined | N/A
Message: Path parameter `registration` is not used in the path `/v1alpha2/{+registration}:retrieveGoogleDomainsDnsRecords`. [path: paths./v1alpha2/{+registration}:retrieveGoogleDomainsDnsRecords.get.parameters.0.name]
Location: N/A
Fixed: False
Source: System
Issue Source: redocly-validator
Issue Target: import-url_bundled-spec
Action: COULD NOT PROCESS: Issue definition for code 'path-parameters-defined' not found in registry.
--------------------------------------------------
Time: 2025-10-13T22:55:17.325817
Issue: operation-summary | N/A
Message: Operation object should contain `summary` field. [path: paths./v1alpha2/{+registration}:retrieveGoogleDomainsForwardingConfig.get.summary]
Location: N/A
Fixed: False
Source: System
Issue Source: redocly-validator
Issue Target: import-url_bundled-spec
Action: COULD NOT PROCESS: Issue definition for code 'operation-summary' not found in registry.
--------------------------------------------------
Time: 2025-10-13T22:55:17.330167
Issue: path-parameters-defined | N/A
Message: Path parameter `registration` is not used in the path `/v1alpha2/{+registration}:retrieveGoogleDomainsForwardingConfig`. [path: paths./v1alpha2/{+registration}:retrieveGoogleDomainsForwardingConfig.get.parameters.0.name]
Location: N/A
Fixed: False
Source: System
Issue Source: redocly-validator
Issue Target: import-url_bundled-spec
Action: COULD NOT PROCESS: Issue definition for code 'path-parameters-defined' not found in registry.
--------------------------------------------------
Time: 2025-10-13T22:55:17.334743
Issue: operation-summary | N/A
Message: Operation object should contain `summary` field. [path: paths./v1alpha2/{+resource}:getIamPolicy.get.summary]
Location: N/A
Fixed: False
Source: System
Issue Source: redocly-validator
Issue Target: import-url_bundled-spec
Action: COULD NOT PROCESS: Issue definition for code 'operation-summary' not found in registry.
--------------------------------------------------
Time: 2025-10-13T22:55:17.338553
Issue: path-parameters-defined | N/A
Message: Path parameter `resource` is not used in the path `/v1alpha2/{+resource}:getIamPolicy`. [path: paths./v1alpha2/{+resource}:getIamPolicy.get.parameters.0.name]
Location: N/A
Fixed: False
Source: System
Issue Source: redocly-validator
Issue Target: import-url_bundled-spec
Action: COULD NOT PROCESS: Issue definition for code 'path-parameters-defined' not found in registry.
--------------------------------------------------
Time: 2025-10-13T22:55:17.341895
Issue: operation-summary | N/A
Message: Operation object should contain `summary` field. [path: paths./v1alpha2/{+resource}:setIamPolicy.post.summary]
Location: N/A
Fixed: False
Source: System
Issue Source: redocly-validator
Issue Target: import-url_bundled-spec
Action: COULD NOT PROCESS: Issue definition for code 'operation-summary' not found in registry.
--------------------------------------------------
Time: 2025-10-13T22:55:17.348845
Issue: path-parameters-defined | N/A
Message: Path parameter `resource` is not used in the path `/v1alpha2/{+resource}:setIamPolicy`. [path: paths./v1alpha2/{+resource}:setIamPolicy.post.parameters.0.name]
Location: N/A
Fixed: False
Source: System
Issue Source: redocly-validator
Issue Target: import-url_bundled-spec
Action: COULD NOT PROCESS: Issue definition for code 'path-parameters-defined' not found in registry.
--------------------------------------------------
Time: 2025-10-13T22:55:17.355395
Issue: operation-summary | N/A
Message: Operation object should contain `summary` field. [path: paths./v1alpha2/{+resource}:testIamPermissions.post.summary]
Location: N/A
Fixed: False
Source: System
Issue Source: redocly-validator
Issue Target: import-url_bundled-spec
Action: COULD NOT PROCESS: Issue definition for code 'operation-summary' not found in registry.
--------------------------------------------------
Time: 2025-10-13T22:55:17.360608
Issue: path-parameters-defined | N/A
Message: Path parameter `resource` is not used in the path `/v1alpha2/{+resource}:testIamPermissions`. [path: paths./v1alpha2/{+resource}:testIamPermissions.post.parameters.0.name]
Location: N/A
Fixed: False
Source: System
Issue Source: redocly-validator
Issue Target: import-url_bundled-spec
Action: COULD NOT PROCESS: Issue definition for code 'path-parameters-defined' not found in registry.
--------------------------------------------------
Time: 2025-10-13T22:55:17.366222
Issue: tag-description | N/A
Message: Tag object should contain `description` field. [path: tags.0.description]
Location: N/A
Fixed: False
Source: System
Issue Source: redocly-validator
Issue Target: import-url_bundled-spec
Action: COULD NOT PROCESS: Issue definition for code 'tag-description' not found in registry.
--------------------------------------------------
Time: 2025-10-13T22:55:17.371752
Issue: operation-4xx-response | N/A
Message: Operation must have at least one `4XX` response. [path: paths./v1alpha2/{+location}/registrations:retrieveImportableDomains.get.responses]
Location: N/A
Fixed: False
Source: System
Issue Source: redocly-validator
Issue Target: import-url_bundled-spec
Action: COULD NOT PROCESS: Issue definition for code 'operation-4xx-response' not found in registry.
--------------------------------------------------
Time: 2025-10-13T22:55:17.380198
Issue: operation-4xx-response | N/A
Message: Operation must have at least one `4XX` response. [path: paths./v1alpha2/{+location}/registrations:retrieveRegisterParameters.get.responses]
Location: N/A
Fixed: False
Source: System
Issue Source: redocly-validator
Issue Target: import-url_bundled-spec
Action: COULD NOT PROCESS: Issue definition for code 'operation-4xx-response' not found in registry.
--------------------------------------------------
Time: 2025-10-13T22:55:17.386621
Issue: operation-4xx-response | N/A
Message: Operation must have at least one `4XX` response. [path: paths./v1alpha2/{+location}/registrations:retrieveTransferParameters.get.responses]
Location: N/A
Fixed: False
Source: System
Issue Source: redocly-validator
Issue Target: import-url_bundled-spec
Action: COULD NOT PROCESS: Issue definition for code 'operation-4xx-response' not found in registry.
--------------------------------------------------
Time: 2025-10-13T22:55:17.389696
Issue: operation-4xx-response | N/A
Message: Operation must have at least one `4XX` response. [path: paths./v1alpha2/{+location}/registrations:searchDomains.get.responses]
Location: N/A
Fixed: False
Source: System
Issue Source: redocly-validator
Issue Target: import-url_bundled-spec
Action: COULD NOT PROCESS: Issue definition for code 'operation-4xx-response' not found in registry.
--------------------------------------------------
Time: 2025-10-13T22:55:17.392969
Issue: operation-4xx-response | N/A
Message: Operation must have at least one `4XX` response. [path: paths./v1alpha2/{+name}.get.responses]
Location: N/A
Fixed: False
Source: System
Issue Source: redocly-validator
Issue Target: import-url_bundled-spec
Action: COULD NOT PROCESS: Issue definition for code 'operation-4xx-response' not found in registry.
--------------------------------------------------
Time: 2025-10-13T22:55:17.411107
Issue: operation-4xx-response | N/A
Message: Operation must have at least one `4XX` response. [path: paths./v1alpha2/{+name}.delete.responses]
Location: N/A
Fixed: False
Source: System
Issue Source: redocly-validator
Issue Target: import-url_bundled-spec
Action: COULD NOT PROCESS: Issue definition for code 'operation-4xx-response' not found in registry.
--------------------------------------------------
Time: 2025-10-13T22:55:17.472145
Issue: operation-4xx-response | N/A
Message: Operation must have at least one `4XX` response. [path: paths./v1alpha2/{+name}.patch.responses]
Location: N/A
Fixed: False
Source: System
Issue Source: redocly-validator
Issue Target: import-url_bundled-spec
Action: COULD NOT PROCESS: Issue definition for code 'operation-4xx-response' not found in registry.
--------------------------------------------------
Time: 2025-10-13T22:55:17.524816
Issue: operation-4xx-response | N/A
Message: Operation must have at least one `4XX` response. [path: paths./v1alpha2/{+name}/locations.get.responses]
Location: N/A
Fixed: False
Source: System
Issue Source: redocly-validator
Issue Target: import-url_bundled-spec
Action: COULD NOT PROCESS: Issue definition for code 'operation-4xx-response' not found in registry.
--------------------------------------------------
Time: 2025-10-13T22:55:17.528603
Issue: operation-4xx-response | N/A
Message: Operation must have at least one `4XX` response. [path: paths./v1alpha2/{+name}/operations.get.responses]
Location: N/A
Fixed: False
Source: System
Issue Source: redocly-validator
Issue Target: import-url_bundled-spec
Action: COULD NOT PROCESS: Issue definition for code 'operation-4xx-response' not found in registry.
--------------------------------------------------
Time: 2025-10-13T22:55:17.533307
Issue: operation-4xx-response | N/A
Message: Operation must have at least one `4XX` response. [path: paths./v1alpha2/{+name}:export.post.responses]
Location: N/A
Fixed: False
Source: System
Issue Source: redocly-validator
Issue Target: import-url_bundled-spec
Action: COULD NOT PROCESS: Issue definition for code 'operation-4xx-response' not found in registry.
--------------------------------------------------
Time: 2025-10-13T22:55:17.539671
Issue: operation-4xx-response | N/A
Message: Operation must have at least one `4XX` response. [path: paths./v1alpha2/{+parent}/registrations.get.responses]
Location: N/A
Fixed: False
Source: System
Issue Source: redocly-validator
Issue Target: import-url_bundled-spec
Action: COULD NOT PROCESS: Issue definition for code 'operation-4xx-response' not found in registry.
--------------------------------------------------
Time: 2025-10-13T22:55:17.547709
Issue: operation-4xx-response | N/A
Message: Operation must have at least one `4XX` response. [path: paths./v1alpha2/{+parent}/registrations:import.post.responses]
Location: N/A
Fixed: False
Source: System
Issue Source: redocly-validator
Issue Target: import-url_bundled-spec
Action: COULD NOT PROCESS: Issue definition for code 'operation-4xx-response' not found in registry.
--------------------------------------------------
Time: 2025-10-13T22:55:17.556938
Issue: operation-4xx-response | N/A
Message: Operation must have at least one `4XX` response. [path: paths./v1alpha2/{+parent}/registrations:register.post.responses]
Location: N/A
Fixed: False
Source: System
Issue Source: redocly-validator
Issue Target: import-url_bundled-spec
Action: COULD NOT PROCESS: Issue definition for code 'operation-4xx-response' not found in registry.
--------------------------------------------------
Time: 2025-10-13T22:55:17.563629
Issue: operation-4xx-response | N/A
Message: Operation must have at least one `4XX` response. [path: paths./v1alpha2/{+parent}/registrations:transfer.post.responses]
Location: N/A
Fixed: False
Source: System
Issue Source: redocly-validator
Issue Target: import-url_bundled-spec
Action: COULD NOT PROCESS: Issue definition for code 'operation-4xx-response' not found in registry.
--------------------------------------------------
Time: 2025-10-13T22:55:17.577106
Issue: operation-4xx-response | N/A
Message: Operation must have at least one `4XX` response. [path: paths./v1alpha2/{+registration}:configureContactSettings.post.responses]
Location: N/A
Fixed: False
Source: System
Issue Source: redocly-validator
Issue Target: import-url_bundled-spec
Action: COULD NOT PROCESS: Issue definition for code 'operation-4xx-response' not found in registry.
--------------------------------------------------
Time: 2025-10-13T22:55:17.582495
Issue: operation-4xx-response | N/A
Message: Operation must have at least one `4XX` response. [path: paths./v1alpha2/{+registration}:configureDnsSettings.post.responses]
Location: N/A
Fixed: False
Source: System
Issue Source: redocly-validator
Issue Target: import-url_bundled-spec
Action: COULD NOT PROCESS: Issue definition for code 'operation-4xx-response' not found in registry.
--------------------------------------------------
Time: 2025-10-13T22:55:17.586431
Issue: operation-4xx-response | N/A
Message: Operation must have at least one `4XX` response. [path: paths./v1alpha2/{+registration}:configureManagementSettings.post.responses]
Location: N/A
Fixed: False
Source: System
Issue Source: redocly-validator
Issue Target: import-url_bundled-spec
Action: COULD NOT PROCESS: Issue definition for code 'operation-4xx-response' not found in registry.
--------------------------------------------------
Time: 2025-10-13T22:55:17.589665
Issue: operation-4xx-response | N/A
Message: Operation must have at least one `4XX` response. [path: paths./v1alpha2/{+registration}:initiatePushTransfer.post.responses]
Location: N/A
Fixed: False
Source: System
Issue Source: redocly-validator
Issue Target: import-url_bundled-spec
Action: COULD NOT PROCESS: Issue definition for code 'operation-4xx-response' not found in registry.
--------------------------------------------------
Time: 2025-10-13T22:55:17.593161
Issue: operation-4xx-response | N/A
Message: Operation must have at least one `4XX` response. [path: paths./v1alpha2/{+registration}:renewDomain.post.responses]
Location: N/A
Fixed: False
Source: System
Issue Source: redocly-validator
Issue Target: import-url_bundled-spec
Action: COULD NOT PROCESS: Issue definition for code 'operation-4xx-response' not found in registry.
--------------------------------------------------
Time: 2025-10-13T22:55:17.626623
Issue: operation-4xx-response | N/A
Message: Operation must have at least one `4XX` response. [path: paths./v1alpha2/{+registration}:resetAuthorizationCode.post.responses]
Location: N/A
Fixed: False
Source: System
Issue Source: redocly-validator
Issue Target: import-url_bundled-spec
Action: COULD NOT PROCESS: Issue definition for code 'operation-4xx-response' not found in registry.
--------------------------------------------------
Time: 2025-10-13T22:55:17.747797
Issue: operation-4xx-response | N/A
Message: Operation must have at least one `4XX` response. [path: paths./v1alpha2/{+registration}:retrieveAuthorizationCode.get.responses]
Location: N/A
Fixed: False
Source: System
Issue Source: redocly-validator
Issue Target: import-url_bundled-spec
Action: COULD NOT PROCESS: Issue definition for code 'operation-4xx-response' not found in registry.
--------------------------------------------------
Time: 2025-10-13T22:55:17.781351
Issue: operation-4xx-response | N/A
Message: Operation must have at least one `4XX` response. [path: paths./v1alpha2/{+registration}:retrieveGoogleDomainsDnsRecords.get.responses]
Location: N/A
Fixed: False
Source: System
Issue Source: redocly-validator
Issue Target: import-url_bundled-spec
Action: COULD NOT PROCESS: Issue definition for code 'operation-4xx-response' not found in registry.
--------------------------------------------------
Time: 2025-10-13T22:55:17.883911
Issue: operation-4xx-response | N/A
Message: Operation must have at least one `4XX` response. [path: paths./v1alpha2/{+registration}:retrieveGoogleDomainsForwardingConfig.get.responses]
Location: N/A
Fixed: False
Source: System
Issue Source: redocly-validator
Issue Target: import-url_bundled-spec
Action: COULD NOT PROCESS: Issue definition for code 'operation-4xx-response' not found in registry.
--------------------------------------------------
Time: 2025-10-13T22:55:17.886842
Issue: operation-4xx-response | N/A
Message: Operation must have at least one `4XX` response. [path: paths./v1alpha2/{+resource}:getIamPolicy.get.responses]
Location: N/A
Fixed: False
Source: System
Issue Source: redocly-validator
Issue Target: import-url_bundled-spec
Action: COULD NOT PROCESS: Issue definition for code 'operation-4xx-response' not found in registry.
--------------------------------------------------
Time: 2025-10-13T22:55:17.892660
Issue: operation-4xx-response | N/A
Message: Operation must have at least one `4XX` response. [path: paths./v1alpha2/{+resource}:setIamPolicy.post.responses]
Location: N/A
Fixed: False
Source: System
Issue Source: redocly-validator
Issue Target: import-url_bundled-spec
Action: COULD NOT PROCESS: Issue definition for code 'operation-4xx-response' not found in registry.
--------------------------------------------------
Time: 2025-10-13T22:55:17.898511
Issue: operation-4xx-response | N/A
Message: Operation must have at least one `4XX` response. [path: paths./v1alpha2/{+resource}:testIamPermissions.post.responses]
Location: N/A
Fixed: False
Source: System
Issue Source: redocly-validator
Issue Target: import-url_bundled-spec
Action: COULD NOT PROCESS: Issue definition for code 'operation-4xx-response' not found in registry.
--------------------------------------------------
Time: 2025-10-13T22:55:17.902544
Issue: no-unused-components | N/A
Message: Component: "OperationMetadata" is never used. [path: components.schemas.OperationMetadata]
Location: N/A
Fixed: False
Source: System
Issue Source: redocly-validator
Issue Target: import-url_bundled-spec
Action: COULD NOT PROCESS: Issue definition for code 'no-unused-components' not found in registry.
--------------------------------------------------
Time: 2025-10-13T22:55:17.906548
Issue: oas3-server-trailing-slash | N/A
Message: Server URL must not have trailing slash. [path: servers.0.url]
Location: N/A
Fixed: False
Source: System
Issue Source: spectral-validator
Issue Target: import-url_bundled-spec
Action: COULD NOT PROCESS: Issue definition for code 'oas3-server-trailing-slash' not found in registry.
--------------------------------------------------
Time: 2025-10-13T22:55:17.911125
Issue: path-params | N/A
Message: Parameter "location" must be used in path "/v1alpha2/{+location}/registrations:retrieveImportableDomains". [path: paths./v1alpha2/{+location}/registrations:retrieveImportableDomains.get.parameters.0]
Location: N/A
Fixed: False
Source: System
Issue Source: spectral-validator
Issue Target: import-url_bundled-spec
Action: COULD NOT PROCESS: Issue definition for code 'path-params' not found in registry.
--------------------------------------------------
Time: 2025-10-13T22:55:17.913420
Issue: path-params | N/A
Message: Parameter "location" must be used in path "/v1alpha2/{+location}/registrations:retrieveRegisterParameters". [path: paths./v1alpha2/{+location}/registrations:retrieveRegisterParameters.get.parameters.0]
Location: N/A
Fixed: False
Source: System
Issue Source: spectral-validator
Issue Target: import-url_bundled-spec
Action: COULD NOT PROCESS: Issue definition for code 'path-params' not found in registry.
--------------------------------------------------
Time: 2025-10-13T22:55:17.918018
Issue: path-params | N/A
Message: Parameter "location" must be used in path "/v1alpha2/{+location}/registrations:retrieveTransferParameters". [path: paths./v1alpha2/{+location}/registrations:retrieveTransferParameters.get.parameters.0]
Location: N/A
Fixed: False
Source: System
Issue Source: spectral-validator
Issue Target: import-url_bundled-spec
Action: COULD NOT PROCESS: Issue definition for code 'path-params' not found in registry.
--------------------------------------------------
Time: 2025-10-13T22:55:17.926002
Issue: path-params | N/A
Message: Parameter "location" must be used in path "/v1alpha2/{+location}/registrations:searchDomains". [path: paths./v1alpha2/{+location}/registrations:searchDomains.get.parameters.0]
Location: N/A
Fixed: False
Source: System
Issue Source: spectral-validator
Issue Target: import-url_bundled-spec
Action: COULD NOT PROCESS: Issue definition for code 'path-params' not found in registry.
--------------------------------------------------
Time: 2025-10-13T22:55:17.928781
Issue: path-params | N/A
Message: Parameter "name" must be used in path "/v1alpha2/{+name}". [path: paths./v1alpha2/{+name}.delete.parameters.0]
Location: N/A
Fixed: False
Source: System
Issue Source: spectral-validator
Issue Target: import-url_bundled-spec
Action: COULD NOT PROCESS: Issue definition for code 'path-params' not found in registry.
--------------------------------------------------
Time: 2025-10-13T22:55:17.931621
Issue: path-params | N/A
Message: Parameter "name" must be used in path "/v1alpha2/{+name}". [path: paths./v1alpha2/{+name}.get.parameters.0]
Location: N/A
Fixed: False
Source: System
Issue Source: spectral-validator
Issue Target: import-url_bundled-spec
Action: COULD NOT PROCESS: Issue definition for code 'path-params' not found in registry.
--------------------------------------------------
Time: 2025-10-13T22:55:17.934918
Issue: path-params | N/A
Message: Parameter "name" must be used in path "/v1alpha2/{+name}". [path: paths./v1alpha2/{+name}.patch.parameters.0]
Location: N/A
Fixed: False
Source: System
Issue Source: spectral-validator
Issue Target: import-url_bundled-spec
Action: COULD NOT PROCESS: Issue definition for code 'path-params' not found in registry.
--------------------------------------------------
Time: 2025-10-13T22:55:17.936256
Issue: path-params | N/A
Message: Parameter "name" must be used in path "/v1alpha2/{+name}/locations". [path: paths./v1alpha2/{+name}/locations.get.parameters.0]
Location: N/A
Fixed: False
Source: System
Issue Source: spectral-validator
Issue Target: import-url_bundled-spec
Action: COULD NOT PROCESS: Issue definition for code 'path-params' not found in registry.
--------------------------------------------------
Time: 2025-10-13T22:55:17.937507
Issue: path-params | N/A
Message: Parameter "name" must be used in path "/v1alpha2/{+name}/operations". [path: paths./v1alpha2/{+name}/operations.get.parameters.0]
Location: N/A
Fixed: False
Source: System
Issue Source: spectral-validator
Issue Target: import-url_bundled-spec
Action: COULD NOT PROCESS: Issue definition for code 'path-params' not found in registry.
--------------------------------------------------
Time: 2025-10-13T22:55:17.938852
Issue: path-params | N/A
Message: Parameter "name" must be used in path "/v1alpha2/{+name}:export". [path: paths./v1alpha2/{+name}:export.post.parameters.0]
Location: N/A
Fixed: False
Source: System
Issue Source: spectral-validator
Issue Target: import-url_bundled-spec
Action: COULD NOT PROCESS: Issue definition for code 'path-params' not found in registry.
--------------------------------------------------
Time: 2025-10-13T22:55:17.940118
Issue: path-params | N/A
Message: Parameter "parent" must be used in path "/v1alpha2/{+parent}/registrations". [path: paths./v1alpha2/{+parent}/registrations.get.parameters.0]
Location: N/A
Fixed: False
Source: System
Issue Source: spectral-validator
Issue Target: import-url_bundled-spec
Action: COULD NOT PROCESS: Issue definition for code 'path-params' not found in registry.
--------------------------------------------------
Time: 2025-10-13T22:55:17.941162
Issue: path-params | N/A
Message: Parameter "parent" must be used in path "/v1alpha2/{+parent}/registrations:import". [path: paths./v1alpha2/{+parent}/registrations:import.post.parameters.0]
Location: N/A
Fixed: False
Source: System
Issue Source: spectral-validator
Issue Target: import-url_bundled-spec
Action: COULD NOT PROCESS: Issue definition for code 'path-params' not found in registry.
--------------------------------------------------
Time: 2025-10-13T22:55:17.942528
Issue: path-params | N/A
Message: Parameter "parent" must be used in path "/v1alpha2/{+parent}/registrations:register". [path: paths./v1alpha2/{+parent}/registrations:register.post.parameters.0]
Location: N/A
Fixed: False
Source: System
Issue Source: spectral-validator
Issue Target: import-url_bundled-spec
Action: COULD NOT PROCESS: Issue definition for code 'path-params' not found in registry.
--------------------------------------------------
Time: 2025-10-13T22:55:17.943778
Issue: path-params | N/A
Message: Parameter "parent" must be used in path "/v1alpha2/{+parent}/registrations:transfer". [path: paths./v1alpha2/{+parent}/registrations:transfer.post.parameters.0]
Location: N/A
Fixed: False
Source: System
Issue Source: spectral-validator
Issue Target: import-url_bundled-spec
Action: COULD NOT PROCESS: Issue definition for code 'path-params' not found in registry.
--------------------------------------------------
Time: 2025-10-13T22:55:17.945115
Issue: path-params | N/A
Message: Parameter "registration" must be used in path "/v1alpha2/{+registration}:configureContactSettings". [path: paths./v1alpha2/{+registration}:configureContactSettings.post.parameters.0]
Location: N/A
Fixed: False
Source: System
Issue Source: spectral-validator
Issue Target: import-url_bundled-spec
Action: COULD NOT PROCESS: Issue definition for code 'path-params' not found in registry.
--------------------------------------------------
Time: 2025-10-13T22:55:17.946834
Issue: path-params | N/A
Message: Parameter "registration" must be used in path "/v1alpha2/{+registration}:configureDnsSettings". [path: paths./v1alpha2/{+registration}:configureDnsSettings.post.parameters.0]
Location: N/A
Fixed: False
Source: System
Issue Source: spectral-validator
Issue Target: import-url_bundled-spec
Action: COULD NOT PROCESS: Issue definition for code 'path-params' not found in registry.
--------------------------------------------------
Time: 2025-10-13T22:55:17.948331
Issue: path-params | N/A
Message: Parameter "registration" must be used in path "/v1alpha2/{+registration}:configureManagementSettings". [path: paths./v1alpha2/{+registration}:configureManagementSettings.post.parameters.0]
Location: N/A
Fixed: False
Source: System
Issue Source: spectral-validator
Issue Target: import-url_bundled-spec
Action: COULD NOT PROCESS: Issue definition for code 'path-params' not found in registry.
--------------------------------------------------
Time: 2025-10-13T22:55:17.949474
Issue: path-params | N/A
Message: Parameter "registration" must be used in path "/v1alpha2/{+registration}:initiatePushTransfer". [path: paths./v1alpha2/{+registration}:initiatePushTransfer.post.parameters.0]
Location: N/A
Fixed: False
Source: System
Issue Source: spectral-validator
Issue Target: import-url_bundled-spec
Action: COULD NOT PROCESS: Issue definition for code 'path-params' not found in registry.
--------------------------------------------------
Time: 2025-10-13T22:55:17.951137
Issue: path-params | N/A
Message: Parameter "registration" must be used in path "/v1alpha2/{+registration}:renewDomain". [path: paths./v1alpha2/{+registration}:renewDomain.post.parameters.0]
Location: N/A
Fixed: False
Source: System
Issue Source: spectral-validator
Issue Target: import-url_bundled-spec
Action: COULD NOT PROCESS: Issue definition for code 'path-params' not found in registry.
--------------------------------------------------
Time: 2025-10-13T22:55:17.952182
Issue: path-params | N/A
Message: Parameter "registration" must be used in path "/v1alpha2/{+registration}:resetAuthorizationCode". [path: paths./v1alpha2/{+registration}:resetAuthorizationCode.post.parameters.0]
Location: N/A
Fixed: False
Source: System
Issue Source: spectral-validator
Issue Target: import-url_bundled-spec
Action: COULD NOT PROCESS: Issue definition for code 'path-params' not found in registry.
--------------------------------------------------
Time: 2025-10-13T22:55:17.954607
Issue: path-params | N/A
Message: Parameter "registration" must be used in path "/v1alpha2/{+registration}:retrieveAuthorizationCode". [path: paths./v1alpha2/{+registration}:retrieveAuthorizationCode.get.parameters.0]
Location: N/A
Fixed: False
Source: System
Issue Source: spectral-validator
Issue Target: import-url_bundled-spec
Action: COULD NOT PROCESS: Issue definition for code 'path-params' not found in registry.
--------------------------------------------------
Time: 2025-10-13T22:55:17.956550
Issue: path-params | N/A
Message: Parameter "registration" must be used in path "/v1alpha2/{+registration}:retrieveGoogleDomainsDnsRecords". [path: paths./v1alpha2/{+registration}:retrieveGoogleDomainsDnsRecords.get.parameters.0]
Location: N/A
Fixed: False
Source: System
Issue Source: spectral-validator
Issue Target: import-url_bundled-spec
Action: COULD NOT PROCESS: Issue definition for code 'path-params' not found in registry.
--------------------------------------------------
Time: 2025-10-13T22:55:17.958699
Issue: path-params | N/A
Message: Parameter "registration" must be used in path "/v1alpha2/{+registration}:retrieveGoogleDomainsForwardingConfig". [path: paths./v1alpha2/{+registration}:retrieveGoogleDomainsForwardingConfig.get.parameters.0]
Location: N/A
Fixed: False
Source: System
Issue Source: spectral-validator
Issue Target: import-url_bundled-spec
Action: COULD NOT PROCESS: Issue definition for code 'path-params' not found in registry.
--------------------------------------------------
Time: 2025-10-13T22:55:17.960502
Issue: path-params | N/A
Message: Parameter "resource" must be used in path "/v1alpha2/{+resource}:getIamPolicy". [path: paths./v1alpha2/{+resource}:getIamPolicy.get.parameters.0]
Location: N/A
Fixed: False
Source: System
Issue Source: spectral-validator
Issue Target: import-url_bundled-spec
Action: COULD NOT PROCESS: Issue definition for code 'path-params' not found in registry.
--------------------------------------------------
Time: 2025-10-13T22:55:17.962159
Issue: path-params | N/A
Message: Parameter "resource" must be used in path "/v1alpha2/{+resource}:setIamPolicy". [path: paths./v1alpha2/{+resource}:setIamPolicy.post.parameters.0]
Location: N/A
Fixed: False
Source: System
Issue Source: spectral-validator
Issue Target: import-url_bundled-spec
Action: COULD NOT PROCESS: Issue definition for code 'path-params' not found in registry.
--------------------------------------------------
Time: 2025-10-13T22:55:17.963757
Issue: path-params | N/A
Message: Parameter "resource" must be used in path "/v1alpha2/{+resource}:testIamPermissions". [path: paths./v1alpha2/{+resource}:testIamPermissions.post.parameters.0]
Location: N/A
Fixed: False
Source: System
Issue Source: spectral-validator
Issue Target: import-url_bundled-spec
Action: COULD NOT PROCESS: Issue definition for code 'path-params' not found in registry.
--------------------------------------------------
Time: 2025-10-13T22:55:17.965805
Issue: no-$ref-siblings | N/A
Message: $ref must not be placed next to any other properties [path: components.schemas.Binding.properties.condition.description]
Location: N/A
Fixed: False
Source: System
Issue Source: spectral-validator
Issue Target: import-url_bundled-spec
Action: COULD NOT PROCESS: Issue definition for code 'no-$ref-siblings' not found in registry.
--------------------------------------------------
Time: 2025-10-13T22:55:17.967409
Issue: no-$ref-siblings | N/A
Message: $ref must not be placed next to any other properties [path: components.schemas.ConfigureContactSettingsRequest.properties.contactSettings.description]
Location: N/A
Fixed: False
Source: System
Issue Source: spectral-validator
Issue Target: import-url_bundled-spec
Action: COULD NOT PROCESS: Issue definition for code 'no-$ref-siblings' not found in registry.
--------------------------------------------------
Time: 2025-10-13T22:55:17.968763
Issue: no-$ref-siblings | N/A
Message: $ref must not be placed next to any other properties [path: components.schemas.ConfigureDnsSettingsRequest.properties.dnsSettings.description]
Location: N/A
Fixed: False
Source: System
Issue Source: spectral-validator
Issue Target: import-url_bundled-spec
Action: COULD NOT PROCESS: Issue definition for code 'no-$ref-siblings' not found in registry.
--------------------------------------------------
Time: 2025-10-13T22:55:17.970080
Issue: no-$ref-siblings | N/A
Message: $ref must not be placed next to any other properties [path: components.schemas.ConfigureManagementSettingsRequest.properties.managementSettings.description]
Location: N/A
Fixed: False
Source: System
Issue Source: spectral-validator
Issue Target: import-url_bundled-spec
Action: COULD NOT PROCESS: Issue definition for code 'no-$ref-siblings' not found in registry.
--------------------------------------------------
Time: 2025-10-13T22:55:17.972397
Issue: no-$ref-siblings | N/A
Message: $ref must not be placed next to any other properties [path: components.schemas.Contact.properties.postalAddress.description]
Location: N/A
Fixed: False
Source: System
Issue Source: spectral-validator
Issue Target: import-url_bundled-spec
Action: COULD NOT PROCESS: Issue definition for code 'no-$ref-siblings' not found in registry.
--------------------------------------------------
Time: 2025-10-13T22:55:17.974305
Issue: no-$ref-siblings | N/A
Message: $ref must not be placed next to any other properties [path: components.schemas.ContactSettings.properties.adminContact.description]
Location: N/A
Fixed: False
Source: System
Issue Source: spectral-validator
Issue Target: import-url_bundled-spec
Action: COULD NOT PROCESS: Issue definition for code 'no-$ref-siblings' not found in registry.
--------------------------------------------------
Time: 2025-10-13T22:55:17.975720
Issue: oas3-schema | N/A
Message: Property "enumDeprecated" is not expected to be here. [path: components.schemas.ContactSettings.properties.privacy.enumDeprecated]
Location: N/A
Fixed: False
Source: System
Issue Source: spectral-validator
Issue Target: import-url_bundled-spec
Action: COULD NOT PROCESS: Issue definition for code 'oas3-schema' not found in registry.
--------------------------------------------------
Time: 2025-10-13T22:55:17.978288
Issue: no-$ref-siblings | N/A
Message: $ref must not be placed next to any other properties [path: components.schemas.ContactSettings.properties.registrantContact.description]
Location: N/A
Fixed: False
Source: System
Issue Source: spectral-validator
Issue Target: import-url_bundled-spec
Action: COULD NOT PROCESS: Issue definition for code 'no-$ref-siblings' not found in registry.
--------------------------------------------------
Time: 2025-10-13T22:55:17.980410
Issue: no-$ref-siblings | N/A
Message: $ref must not be placed next to any other properties [path: components.schemas.ContactSettings.properties.technicalContact.description]
Location: N/A
Fixed: False
Source: System
Issue Source: spectral-validator
Issue Target: import-url_bundled-spec
Action: COULD NOT PROCESS: Issue definition for code 'no-$ref-siblings' not found in registry.
--------------------------------------------------
Time: 2025-10-13T22:55:17.982190
Issue: no-$ref-siblings | N/A
Message: $ref must not be placed next to any other properties [path: components.schemas.DnsSettings.properties.customDns.description]
Location: N/A
Fixed: False
Source: System
Issue Source: spectral-validator
Issue Target: import-url_bundled-spec
Action: COULD NOT PROCESS: Issue definition for code 'no-$ref-siblings' not found in registry.
--------------------------------------------------
Time: 2025-10-13T22:55:17.983848
Issue: no-$ref-siblings | N/A
Message: $ref must not be placed next to any other properties [path: components.schemas.DnsSettings.properties.googleDomainsDns.deprecated]
Location: N/A
Fixed: False
Source: System
Issue Source: spectral-validator
Issue Target: import-url_bundled-spec
Action: COULD NOT PROCESS: Issue definition for code 'no-$ref-siblings' not found in registry.
--------------------------------------------------
Time: 2025-10-13T22:55:17.985427
Issue: no-$ref-siblings | N/A
Message: $ref must not be placed next to any other properties [path: components.schemas.DnsSettings.properties.googleDomainsDns.description]
Location: N/A
Fixed: False
Source: System
Issue Source: spectral-validator
Issue Target: import-url_bundled-spec
Action: COULD NOT PROCESS: Issue definition for code 'no-$ref-siblings' not found in registry.
--------------------------------------------------
Time: 2025-10-13T22:55:17.986908
Issue: no-$ref-siblings | N/A
Message: $ref must not be placed next to any other properties [path: components.schemas.Domain.properties.yearlyPrice.description]
Location: N/A
Fixed: False
Source: System
Issue Source: spectral-validator
Issue Target: import-url_bundled-spec
Action: COULD NOT PROCESS: Issue definition for code 'no-$ref-siblings' not found in registry.
--------------------------------------------------
Time: 2025-10-13T22:55:17.988764
Issue: no-$ref-siblings | N/A
Message: $ref must not be placed next to any other properties [path: components.schemas.GeoPolicyItem.properties.healthCheckedTargets.description]
Location: N/A
Fixed: False
Source: System
Issue Source: spectral-validator
Issue Target: import-url_bundled-spec
Action: COULD NOT PROCESS: Issue definition for code 'no-$ref-siblings' not found in registry.
--------------------------------------------------
Time: 2025-10-13T22:55:17.990375
Issue: oas3-schema | N/A
Message: Property "enumDeprecated" is not expected to be here. [path: components.schemas.ManagementSettings.properties.preferredRenewalMethod.enumDeprecated]
Location: N/A
Fixed: False
Source: System
Issue Source: spectral-validator
Issue Target: import-url_bundled-spec
Action: COULD NOT PROCESS: Issue definition for code 'oas3-schema' not found in registry.
--------------------------------------------------
Time: 2025-10-13T22:55:17.991961
Issue: oas3-schema | N/A
Message: Property "enumDeprecated" is not expected to be here. [path: components.schemas.ManagementSettings.properties.renewalMethod.enumDeprecated]
Location: N/A
Fixed: False
Source: System
Issue Source: spectral-validator
Issue Target: import-url_bundled-spec
Action: COULD NOT PROCESS: Issue definition for code 'oas3-schema' not found in registry.
--------------------------------------------------
Time: 2025-10-13T22:55:17.993458
Issue: no-$ref-siblings | N/A
Message: $ref must not be placed next to any other properties [path: components.schemas.Operation.properties.error.description]
Location: N/A
Fixed: False
Source: System
Issue Source: spectral-validator
Issue Target: import-url_bundled-spec
Action: COULD NOT PROCESS: Issue definition for code 'no-$ref-siblings' not found in registry.
--------------------------------------------------
Time: 2025-10-13T22:55:17.995151
Issue: oas3-unused-component | N/A
Message: Potentially unused component has been detected. [path: components.schemas.OperationMetadata]
Location: N/A
Fixed: False
Source: System
Issue Source: spectral-validator
Issue Target: import-url_bundled-spec
Action: COULD NOT PROCESS: Issue definition for code 'oas3-unused-component' not found in registry.
--------------------------------------------------
Time: 2025-10-13T22:55:17.997152
Issue: no-$ref-siblings | N/A
Message: $ref must not be placed next to any other properties [path: components.schemas.PrimaryBackupPolicy.properties.backupGeoTargets.description]
Location: N/A
Fixed: False
Source: System
Issue Source: spectral-validator
Issue Target: import-url_bundled-spec
Action: COULD NOT PROCESS: Issue definition for code 'no-$ref-siblings' not found in registry.
--------------------------------------------------
Time: 2025-10-13T22:55:17.999362
Issue: no-$ref-siblings | N/A
Message: $ref must not be placed next to any other properties [path: components.schemas.PrimaryBackupPolicy.properties.primaryTargets.description]
Location: N/A
Fixed: False
Source: System
Issue Source: spectral-validator
Issue Target: import-url_bundled-spec
Action: COULD NOT PROCESS: Issue definition for code 'no-$ref-siblings' not found in registry.
--------------------------------------------------
Time: 2025-10-13T22:55:18.001265
Issue: no-$ref-siblings | N/A
Message: $ref must not be placed next to any other properties [path: components.schemas.RRSetRoutingPolicy.properties.geoPolicy.deprecated]
Location: N/A
Fixed: False
Source: System
Issue Source: spectral-validator
Issue Target: import-url_bundled-spec
Action: COULD NOT PROCESS: Issue definition for code 'no-$ref-siblings' not found in registry.
--------------------------------------------------
Time: 2025-10-13T22:55:18.003701
Issue: no-$ref-siblings | N/A
Message: $ref must not be placed next to any other properties [path: components.schemas.RRSetRoutingPolicy.properties.wrrPolicy.deprecated]
Location: N/A
Fixed: False
Source: System
Issue Source: spectral-validator
Issue Target: import-url_bundled-spec
Action: COULD NOT PROCESS: Issue definition for code 'no-$ref-siblings' not found in registry.
--------------------------------------------------
Time: 2025-10-13T22:55:18.006352
Issue: no-$ref-siblings | N/A
Message: $ref must not be placed next to any other properties [path: components.schemas.RegisterDomainRequest.properties.registration.description]
Location: N/A
Fixed: False
Source: System
Issue Source: spectral-validator
Issue Target: import-url_bundled-spec
Action: COULD NOT PROCESS: Issue definition for code 'no-$ref-siblings' not found in registry.
--------------------------------------------------
Time: 2025-10-13T22:55:18.008628
Issue: no-$ref-siblings | N/A
Message: $ref must not be placed next to any other properties [path: components.schemas.RegisterDomainRequest.properties.yearlyPrice.description]
Location: N/A
Fixed: False
Source: System
Issue Source: spectral-validator
Issue Target: import-url_bundled-spec
Action: COULD NOT PROCESS: Issue definition for code 'no-$ref-siblings' not found in registry.
--------------------------------------------------
Time: 2025-10-13T22:55:18.011240
Issue: oas3-schema | N/A
Message: Property "enumDeprecated" is not expected to be here. [path: components.schemas.RegisterParameters.properties.supportedPrivacy.items.enumDeprecated]
Location: N/A
Fixed: False
Source: System
Issue Source: spectral-validator
Issue Target: import-url_bundled-spec
Action: COULD NOT PROCESS: Issue definition for code 'oas3-schema' not found in registry.
--------------------------------------------------
Time: 2025-10-13T22:55:18.013421
Issue: no-$ref-siblings | N/A
Message: $ref must not be placed next to any other properties [path: components.schemas.RegisterParameters.properties.yearlyPrice.description]
Location: N/A
Fixed: False
Source: System
Issue Source: spectral-validator
Issue Target: import-url_bundled-spec
Action: COULD NOT PROCESS: Issue definition for code 'no-$ref-siblings' not found in registry.
--------------------------------------------------
Time: 2025-10-13T22:55:18.015486
Issue: no-$ref-siblings | N/A
Message: $ref must not be placed next to any other properties [path: components.schemas.Registration.properties.contactSettings.description]
Location: N/A
Fixed: False
Source: System
Issue Source: spectral-validator
Issue Target: import-url_bundled-spec
Action: COULD NOT PROCESS: Issue definition for code 'no-$ref-siblings' not found in registry.
--------------------------------------------------
Time: 2025-10-13T22:55:18.017274
Issue: no-$ref-siblings | N/A
Message: $ref must not be placed next to any other properties [path: components.schemas.Registration.properties.dnsSettings.description]
Location: N/A
Fixed: False
Source: System
Issue Source: spectral-validator
Issue Target: import-url_bundled-spec
Action: COULD NOT PROCESS: Issue definition for code 'no-$ref-siblings' not found in registry.
--------------------------------------------------
Time: 2025-10-13T22:55:18.019177
Issue: no-$ref-siblings | N/A
Message: $ref must not be placed next to any other properties [path: components.schemas.Registration.properties.managementSettings.description]
Location: N/A
Fixed: False
Source: System
Issue Source: spectral-validator
Issue Target: import-url_bundled-spec
Action: COULD NOT PROCESS: Issue definition for code 'no-$ref-siblings' not found in registry.
--------------------------------------------------
Time: 2025-10-13T22:55:18.021122
Issue: no-$ref-siblings | N/A
Message: $ref must not be placed next to any other properties [path: components.schemas.Registration.properties.pendingContactSettings.description]
Location: N/A
Fixed: False
Source: System
Issue Source: spectral-validator
Issue Target: import-url_bundled-spec
Action: COULD NOT PROCESS: Issue definition for code 'no-$ref-siblings' not found in registry.
--------------------------------------------------
Time: 2025-10-13T22:55:18.023214
Issue: no-$ref-siblings | N/A
Message: $ref must not be placed next to any other properties [path: components.schemas.Registration.properties.pendingContactSettings.readOnly]
Location: N/A
Fixed: False
Source: System
Issue Source: spectral-validator
Issue Target: import-url_bundled-spec
Action: COULD NOT PROCESS: Issue definition for code 'no-$ref-siblings' not found in registry.
--------------------------------------------------
Time: 2025-10-13T22:55:18.026036
Issue: oas3-schema | N/A
Message: Property "enumDeprecated" is not expected to be here. [path: components.schemas.Registration.properties.state.enumDeprecated]
Location: N/A
Fixed: False
Source: System
Issue Source: spectral-validator
Issue Target: import-url_bundled-spec
Action: COULD NOT PROCESS: Issue definition for code 'oas3-schema' not found in registry.
--------------------------------------------------
Time: 2025-10-13T22:55:18.028255
Issue: oas3-schema | N/A
Message: Property "enumDeprecated" is not expected to be here. [path: components.schemas.Registration.properties.supportedPrivacy.items.enumDeprecated]
Location: N/A
Fixed: False
Source: System
Issue Source: spectral-validator
Issue Target: import-url_bundled-spec
Action: COULD NOT PROCESS: Issue definition for code 'oas3-schema' not found in registry.
--------------------------------------------------
Time: 2025-10-13T22:55:18.029777
Issue: no-$ref-siblings | N/A
Message: $ref must not be placed next to any other properties [path: components.schemas.RenewDomainRequest.properties.yearlyPrice.description]
Location: N/A
Fixed: False
Source: System
Issue Source: spectral-validator
Issue Target: import-url_bundled-spec
Action: COULD NOT PROCESS: Issue definition for code 'no-$ref-siblings' not found in registry.
--------------------------------------------------
Time: 2025-10-13T22:55:18.031627
Issue: no-$ref-siblings | N/A
Message: $ref must not be placed next to any other properties [path: components.schemas.ResourceRecordSet.properties.routingPolicy.description]
Location: N/A
Fixed: False
Source: System
Issue Source: spectral-validator
Issue Target: import-url_bundled-spec
Action: COULD NOT PROCESS: Issue definition for code 'no-$ref-siblings' not found in registry.
--------------------------------------------------
Time: 2025-10-13T22:55:18.033836
Issue: no-$ref-siblings | N/A
Message: $ref must not be placed next to any other properties [path: components.schemas.RetrieveRegisterParametersResponse.properties.registerParameters.description]
Location: N/A
Fixed: False
Source: System
Issue Source: spectral-validator
Issue Target: import-url_bundled-spec
Action: COULD NOT PROCESS: Issue definition for code 'no-$ref-siblings' not found in registry.
--------------------------------------------------
Time: 2025-10-13T22:55:18.038077
Issue: no-$ref-siblings | N/A
Message: $ref must not be placed next to any other properties [path: components.schemas.RetrieveTransferParametersResponse.properties.transferParameters.description]
Location: N/A
Fixed: False
Source: System
Issue Source: spectral-validator
Issue Target: import-url_bundled-spec
Action: COULD NOT PROCESS: Issue definition for code 'no-$ref-siblings' not found in registry.
--------------------------------------------------
Time: 2025-10-13T22:55:18.040314
Issue: no-$ref-siblings | N/A
Message: $ref must not be placed next to any other properties [path: components.schemas.SetIamPolicyRequest.properties.policy.description]
Location: N/A
Fixed: False
Source: System
Issue Source: spectral-validator
Issue Target: import-url_bundled-spec
Action: COULD NOT PROCESS: Issue definition for code 'no-$ref-siblings' not found in registry.
--------------------------------------------------
Time: 2025-10-13T22:55:18.042341
Issue: no-$ref-siblings | N/A
Message: $ref must not be placed next to any other properties [path: components.schemas.TransferDomainRequest.properties.authorizationCode.description]
Location: N/A
Fixed: False
Source: System
Issue Source: spectral-validator
Issue Target: import-url_bundled-spec
Action: COULD NOT PROCESS: Issue definition for code 'no-$ref-siblings' not found in registry.
--------------------------------------------------
Time: 2025-10-13T22:55:18.044239
Issue: no-$ref-siblings | N/A
Message: $ref must not be placed next to any other properties [path: components.schemas.TransferDomainRequest.properties.registration.description]
Location: N/A
Fixed: False
Source: System
Issue Source: spectral-validator
Issue Target: import-url_bundled-spec
Action: COULD NOT PROCESS: Issue definition for code 'no-$ref-siblings' not found in registry.
--------------------------------------------------
Time: 2025-10-13T22:55:18.045899
Issue: no-$ref-siblings | N/A
Message: $ref must not be placed next to any other properties [path: components.schemas.TransferDomainRequest.properties.yearlyPrice.description]
Location: N/A
Fixed: False
Source: System
Issue Source: spectral-validator
Issue Target: import-url_bundled-spec
Action: COULD NOT PROCESS: Issue definition for code 'no-$ref-siblings' not found in registry.
--------------------------------------------------
Time: 2025-10-13T22:55:18.047574
Issue: oas3-schema | N/A
Message: Property "enumDeprecated" is not expected to be here. [path: components.schemas.TransferParameters.properties.supportedPrivacy.items.enumDeprecated]
Location: N/A
Fixed: False
Source: System
Issue Source: spectral-validator
Issue Target: import-url_bundled-spec
Action: COULD NOT PROCESS: Issue definition for code 'oas3-schema' not found in registry.
--------------------------------------------------
Time: 2025-10-13T22:55:18.050446
Issue: no-$ref-siblings | N/A
Message: $ref must not be placed next to any other properties [path: components.schemas.TransferParameters.properties.yearlyPrice.description]
Location: N/A
Fixed: False
Source: System
Issue Source: spectral-validator
Issue Target: import-url_bundled-spec
Action: COULD NOT PROCESS: Issue definition for code 'no-$ref-siblings' not found in registry.
--------------------------------------------------
Time: 2025-10-13T22:55:18.052217
Issue: no-$ref-siblings | N/A
Message: $ref must not be placed next to any other properties [path: components.schemas.WrrPolicyItem.properties.healthCheckedTargets.description]
Location: N/A
Fixed: False
Source: System
Issue Source: spectral-validator
Issue Target: import-url_bundled-spec
Action: COULD NOT PROCESS: Issue definition for code 'no-$ref-siblings' not found in registry.
