Repair Log
Processed Timestamp: 2025-10-13T22:54:53.688009

--------------------------------------------------
Time: 2025-10-13T22:54:30.617181
Issue: oneOf | N/A
Message: {'description': "Defines the contact information associated with a `Registration`. [ICANN](https://icann.org/) requires all domain names to have associated contact information. The `registrant_contact` is considered the domain's legal owner, and often the other contacts are identical.", 'properties': {'adminContact': {'$ref': '#/components/schemas/Contact', 'description': 'Required. The administrative contact for the `Registration`.'}, 'privacy': {'description': 'Required. Privacy setting for the contacts associated with the `Registration`.', 'enum': ['CONTACT_PRIVACY_UNSPECIFIED', 'PUBLIC_CONTACT_DATA', 'PRIVATE_CONTACT_DATA', 'REDACTED_CONTACT_DATA'], 'enumDeprecated': [False, False, True, False], 'type': 'string'}, 'registrantContact': {'$ref': '#/components/schemas/Contact', 'description': 'Required. The registrant contact for the `Registration`. *Caution: Anyone with access to this email address, phone number, and/or postal address can take control of the domain.* *Warning: For new `Registration`s, the registrant receives an email confirmation that they must complete within 15 days to avoid domain suspension.*'}, 'technicalContact': {'$ref': '#/components/schemas/Contact', 'description': 'Required. The technical contact for the `Registration`.'}}, 'type': 'object'} is not valid under any of the given schemas
Location: N/A
Fixed: False
Source: System
Issue Source: openapi-spec-validator
Issue Target: import-url_root-spec
Action: COULD NOT PROCESS: Issue definition for code 'oneOf' not found in registry.
--------------------------------------------------
Time: 2025-10-13T22:54:30.661378
Issue: oneOf | N/A
Message: {'description': 'Defines renewal, billing, and transfer settings for a `Registration`.', 'properties': {'effectiveTransferLockState': {'description': 'Output only. The actual transfer lock state for this `Registration`.', 'enum': ['TRANSFER_LOCK_STATE_UNSPECIFIED', 'UNLOCKED', 'LOCKED'], 'readOnly': True, 'type': 'string'}, 'preferredRenewalMethod': {'description': 'Optional. The desired renewal method for this `Registration`. The actual `renewal_method` is automatically updated to reflect this choice. If unset or equal to `RENEWAL_METHOD_UNSPECIFIED`, the actual `renewalMethod` is treated as if it were set to `AUTOMATIC_RENEWAL`. You cannot use `RENEWAL_DISABLED` during resource creation, and you can update the renewal status only when the `Registration` resource has state `ACTIVE` or `SUSPENDED`. When `preferred_renewal_method` is set to `AUTOMATIC_RENEWAL`, the actual `renewal_method` can be set to `RENEWAL_DISABLED` in case of problems with the billing account or reported domain abuse. In such cases, check the `issues` field on the `Registration`. After the problem is resolved, the `renewal_method` is automatically updated to `preferred_renewal_method` in a few hours.', 'enum': ['RENEWAL_METHOD_UNSPECIFIED', 'AUTOMATIC_RENEWAL', 'MANUAL_RENEWAL', 'RENEWAL_DISABLED'], 'enumDeprecated': [False, False, True, False], 'type': 'string'}, 'renewalMethod': {'description': 'Output only. The actual renewal method for this `Registration`. When `preferred_renewal_method` is set to `AUTOMATIC_RENEWAL`, the actual `renewal_method` can be equal to `RENEWAL_DISABLED`â€”for example, when there are problems with the billing account or reported domain abuse. In such cases, check the `issues` field on the `Registration`. After the problem is resolved, the `renewal_method` is automatically updated to `preferred_renewal_method` in a few hours.', 'enum': ['RENEWAL_METHOD_UNSPECIFIED', 'AUTOMATIC_RENEWAL', 'MANUAL_RENEWAL', 'RENEWAL_DISABLED'], 'enumDeprecated': [False, False, True, False], 'readOnly': True, 'type': 'string'}, 'transferLockState': {'description': 'This is the desired transfer lock state for this `Registration`. A transfer lock controls whether the domain can be transferred to another registrar. The transfer lock state of the domain is returned in the `effective_transfer_lock_state` property. The transfer lock state values might be different for the following reasons: * `transfer_lock_state` was updated only a short time ago. * Domains with the `TRANSFER_LOCK_UNSUPPORTED_BY_REGISTRY` state are in the list of `domain_properties`. These domains are always in the `UNLOCKED` state.', 'enum': ['TRANSFER_LOCK_STATE_UNSPECIFIED', 'UNLOCKED', 'LOCKED'], 'type': 'string'}}, 'type': 'object'} is not valid under any of the given schemas
Location: N/A
Fixed: False
Source: System
Issue Source: openapi-spec-validator
Issue Target: import-url_root-spec
Action: COULD NOT PROCESS: Issue definition for code 'oneOf' not found in registry.
--------------------------------------------------
Time: 2025-10-13T22:54:30.681606
Issue: oneOf | N/A
Message: {'description': 'Parameters required to register a new domain.', 'properties': {'availability': {'description': 'Indicates whether the domain is available for registration. This value is accurate when obtained by calling `RetrieveRegisterParameters`, but is approximate when obtained by calling `SearchDomains`.', 'enum': ['AVAILABILITY_UNSPECIFIED', 'AVAILABLE', 'UNAVAILABLE', 'UNSUPPORTED', 'UNKNOWN'], 'type': 'string'}, 'domainName': {'description': 'The domain name. Unicode domain names are expressed in Punycode format.', 'type': 'string'}, 'domainNotices': {'description': 'Notices about special properties of the domain.', 'items': {'enum': ['DOMAIN_NOTICE_UNSPECIFIED', 'HSTS_PRELOADED'], 'type': 'string'}, 'type': 'array'}, 'supportedPrivacy': {'description': 'Contact privacy options that the domain supports.', 'items': {'enum': ['CONTACT_PRIVACY_UNSPECIFIED', 'PUBLIC_CONTACT_DATA', 'PRIVATE_CONTACT_DATA', 'REDACTED_CONTACT_DATA'], 'enumDeprecated': [False, False, True, False], 'type': 'string'}, 'type': 'array'}, 'yearlyPrice': {'$ref': '#/components/schemas/Money', 'description': 'Price to register or renew the domain for one year.'}}, 'type': 'object'} is not valid under any of the given schemas
Location: N/A
Fixed: False
Source: System
Issue Source: openapi-spec-validator
Issue Target: import-url_root-spec
Action: COULD NOT PROCESS: Issue definition for code 'oneOf' not found in registry.
--------------------------------------------------
Time: 2025-10-13T22:54:30.719010
Issue: oneOf | N/A
Message: {'description': "The `Registration` resource facilitates managing and configuring domain name registrations. There are several ways to create a new `Registration` resource: To create a new `Registration` resource, find a suitable domain name by calling the `SearchDomains` method with a query to see available domain name options. After choosing a name, call `RetrieveRegisterParameters` to ensure availability and obtain information like pricing, which is needed to build a call to `RegisterDomain`. Another way to create a new `Registration` is to transfer an existing domain from another registrar (Deprecated: For more information, see [Cloud Domains feature deprecation](https://cloud.google.com/domains/docs/deprecations/feature-deprecations)). First, go to the current registrar to unlock the domain for transfer and retrieve the domain's transfer authorization code. Then call `RetrieveTransferParameters` to confirm that the domain is unlocked and to get values needed to build a call to `TransferDomain`. Finally, you can create a new `Registration` by importing an existing domain managed with [Google Domains](https://domains.google/) (Deprecated: For more information, see [Cloud Domains feature deprecation](https://cloud.google.com/domains/docs/deprecations/feature-deprecations)). First, call `RetrieveImportableDomains` to list domains to which the calling user has sufficient access. Then call `ImportDomain` on any domain names you want to use with Cloud Domains.", 'properties': {'contactSettings': {'$ref': '#/components/schemas/ContactSettings', 'description': 'Required. Settings for contact information linked to the `Registration`. You cannot update these with the `UpdateRegistration` method. To update these settings, use the `ConfigureContactSettings` method.'}, 'createTime': {'description': 'Output only. The creation timestamp of the `Registration` resource.', 'format': 'google-datetime', 'readOnly': True, 'type': 'string'}, 'dnsSettings': {'$ref': '#/components/schemas/DnsSettings', 'description': 'Settings controlling the DNS configuration of the `Registration`. You cannot update these with the `UpdateRegistration` method. To update these settings, use the `ConfigureDnsSettings` method.'}, 'domainName': {'description': 'Required. Immutable. The domain name. Unicode domain names must be expressed in Punycode format.', 'type': 'string'}, 'domainProperties': {'description': 'Output only. Special properties of the domain.', 'items': {'enum': ['DOMAIN_PROPERTY_UNSPECIFIED', 'TRANSFER_LOCK_UNSUPPORTED_BY_REGISTRY', 'REQUIRE_PUSH_TRANSFER'], 'type': 'string'}, 'readOnly': True, 'type': 'array'}, 'expireTime': {'description': 'Output only. The expiration timestamp of the `Registration`.', 'format': 'google-datetime', 'readOnly': True, 'type': 'string'}, 'issues': {'description': 'Output only. The set of issues with the `Registration` that require attention.', 'items': {'enum': ['ISSUE_UNSPECIFIED', 'CONTACT_SUPPORT', 'UNVERIFIED_EMAIL', 'PROBLEM_WITH_BILLING', 'DNS_NOT_ACTIVATED'], 'type': 'string'}, 'readOnly': True, 'type': 'array'}, 'labels': {'additionalProperties': {'type': 'string'}, 'description': 'Set of labels associated with the `Registration`.', 'type': 'object'}, 'managementSettings': {'$ref': '#/components/schemas/ManagementSettings', 'description': 'Settings for management of the `Registration`, including renewal, billing, and transfer. You cannot update these with the `UpdateRegistration` method. To update these settings, use the `ConfigureManagementSettings` method.'}, 'name': {'description': 'Output only. Name of the `Registration` resource, in the format `projects/*/locations/*/registrations/`.', 'readOnly': True, 'type': 'string'}, 'pendingContactSettings': {'$ref': '#/components/schemas/ContactSettings', 'description': 'Output only. Pending contact settings for the `Registration`. Updates to the `contact_settings` field that change its `registrant_contact` or `privacy` fields require email confirmation by the `registrant_contact` before taking effect. This field is set only if there are pending updates to the `contact_settings` that have not been confirmed. To confirm the changes, the `registrant_contact` must follow the instructions in the email they receive.', 'readOnly': True}, 'provider': {'description': 'Output only. Current domain management provider.', 'enum': ['REGISTRAR_UNSPECIFIED', 'GOOGLE_DOMAINS', 'SQUARESPACE'], 'readOnly': True, 'type': 'string'}, 'registerFailureReason': {'description': 'Output only. The reason the domain registration failed. Only set for domains in REGISTRATION_FAILED state.', 'enum': ['REGISTER_FAILURE_REASON_UNSPECIFIED', 'REGISTER_FAILURE_REASON_UNKNOWN', 'DOMAIN_NOT_AVAILABLE', 'INVALID_CONTACTS'], 'readOnly': True, 'type': 'string'}, 'state': {'description': 'Output only. The state of the `Registration`', 'enum': ['STATE_UNSPECIFIED', 'REGISTRATION_PENDING', 'REGISTRATION_FAILED', 'TRANSFER_PENDING', 'TRANSFER_FAILED', 'IMPORT_PENDING', 'ACTIVE', 'SUSPENDED', 'EXPORTED', 'EXPIRED'], 'enumDeprecated': [False, False, False, True, True, True, False, False, False, False], 'readOnly': True, 'type': 'string'}, 'supportedPrivacy': {'description': 'Output only. Set of options for the `contact_settings.privacy` field that this `Registration` supports.', 'items': {'enum': ['CONTACT_PRIVACY_UNSPECIFIED', 'PUBLIC_CONTACT_DATA', 'PRIVATE_CONTACT_DATA', 'REDACTED_CONTACT_DATA'], 'enumDeprecated': [False, False, True, False], 'type': 'string'}, 'readOnly': True, 'type': 'array'}, 'transferFailureReason': {'deprecated': True, 'description': 'Output only. Deprecated: For more information, see [Cloud Domains feature deprecation](https://cloud.google.com/domains/docs/deprecations/feature-deprecations). The reason the domain transfer failed. Only set for domains in TRANSFER_FAILED state.', 'enum': ['TRANSFER_FAILURE_REASON_UNSPECIFIED', 'TRANSFER_FAILURE_REASON_UNKNOWN', 'EMAIL_CONFIRMATION_FAILURE', 'DOMAIN_NOT_REGISTERED', 'DOMAIN_HAS_TRANSFER_LOCK', 'INVALID_AUTHORIZATION_CODE', 'TRANSFER_CANCELLED', 'TRANSFER_REJECTED', 'INVALID_REGISTRANT_EMAIL_ADDRESS', 'DOMAIN_NOT_ELIGIBLE_FOR_TRANSFER', 'TRANSFER_ALREADY_PENDING'], 'readOnly': True, 'type': 'string'}}, 'type': 'object'} is not valid under any of the given schemas
Location: N/A
Fixed: False
Source: System
Issue Source: openapi-spec-validator
Issue Target: import-url_root-spec
Action: COULD NOT PROCESS: Issue definition for code 'oneOf' not found in registry.
--------------------------------------------------
Time: 2025-10-13T22:54:30.768162
Issue: oneOf | N/A
Message: {'deprecated': True, 'description': 'Deprecated: For more information, see [Cloud Domains feature deprecation](https://cloud.google.com/domains/docs/deprecations/feature-deprecations). Parameters required to transfer a domain from another registrar.', 'properties': {'currentRegistrar': {'description': 'The registrar that currently manages the domain.', 'type': 'string'}, 'currentRegistrarUri': {'description': 'The URL of the registrar that currently manages the domain.', 'type': 'string'}, 'domainName': {'description': 'The domain name. Unicode domain names are expressed in Punycode format.', 'type': 'string'}, 'nameServers': {'description': 'The name servers that currently store the configuration of the domain.', 'items': {'type': 'string'}, 'type': 'array'}, 'supportedPrivacy': {'description': 'Contact privacy options that the domain supports.', 'items': {'enum': ['CONTACT_PRIVACY_UNSPECIFIED', 'PUBLIC_CONTACT_DATA', 'PRIVATE_CONTACT_DATA', 'REDACTED_CONTACT_DATA'], 'enumDeprecated': [False, False, True, False], 'type': 'string'}, 'type': 'array'}, 'transferLockState': {'description': 'Indicates whether the domain is protected by a transfer lock. For a transfer to succeed, this must show `UNLOCKED`. To unlock a domain, go to its current registrar.', 'enum': ['TRANSFER_LOCK_STATE_UNSPECIFIED', 'UNLOCKED', 'LOCKED'], 'type': 'string'}, 'yearlyPrice': {'$ref': '#/components/schemas/Money', 'description': 'Price to transfer or renew the domain for one year.'}}, 'type': 'object'} is not valid under any of the given schemas
Location: N/A
Fixed: False
Source: System
Issue Source: openapi-spec-validator
Issue Target: import-url_root-spec
Action: COULD NOT PROCESS: Issue definition for code 'oneOf' not found in registry.
--------------------------------------------------
Time: 2025-10-13T22:54:30.873212
Issue: <unset> | N/A
Message: Path parameter '+location' for 'get' operation in '/v1alpha2/{+location}/registrations:retrieveImportableDomains' was not resolved
Location: N/A
Fixed: False
Source: System
Issue Source: openapi-spec-validator
Issue Target: import-url_root-spec
Action: COULD NOT PROCESS: Issue definition for code '<unset>' not found in registry.
--------------------------------------------------
Time: 2025-10-13T22:54:30.965387
Issue: <unset> | N/A
Message: Path parameter '+location' for 'get' operation in '/v1alpha2/{+location}/registrations:retrieveRegisterParameters' was not resolved
Location: N/A
Fixed: False
Source: System
Issue Source: openapi-spec-validator
Issue Target: import-url_root-spec
Action: COULD NOT PROCESS: Issue definition for code '<unset>' not found in registry.
--------------------------------------------------
Time: 2025-10-13T22:54:30.988746
Issue: <unset> | N/A
Message: Path parameter '+location' for 'get' operation in '/v1alpha2/{+location}/registrations:retrieveTransferParameters' was not resolved
Location: N/A
Fixed: False
Source: System
Issue Source: openapi-spec-validator
Issue Target: import-url_root-spec
Action: COULD NOT PROCESS: Issue definition for code '<unset>' not found in registry.
--------------------------------------------------
Time: 2025-10-13T22:54:31.026768
Issue: <unset> | N/A
Message: Path parameter '+location' for 'get' operation in '/v1alpha2/{+location}/registrations:searchDomains' was not resolved
Location: N/A
Fixed: False
Source: System
Issue Source: openapi-spec-validator
Issue Target: import-url_root-spec
Action: COULD NOT PROCESS: Issue definition for code '<unset>' not found in registry.
--------------------------------------------------
Time: 2025-10-13T22:54:31.100608
Issue: <unset> | N/A
Message: Path parameter '+name' for 'delete' operation in '/v1alpha2/{+name}' was not resolved
Location: N/A
Fixed: False
Source: System
Issue Source: openapi-spec-validator
Issue Target: import-url_root-spec
Action: COULD NOT PROCESS: Issue definition for code '<unset>' not found in registry.
--------------------------------------------------
Time: 2025-10-13T22:54:31.142893
Issue: <unset> | N/A
Message: Path parameter '+name' for 'get' operation in '/v1alpha2/{+name}' was not resolved
Location: N/A
Fixed: False
Source: System
Issue Source: openapi-spec-validator
Issue Target: import-url_root-spec
Action: COULD NOT PROCESS: Issue definition for code '<unset>' not found in registry.
--------------------------------------------------
Time: 2025-10-13T22:54:31.250563
Issue: <unset> | N/A
Message: Path parameter '+name' for 'patch' operation in '/v1alpha2/{+name}' was not resolved
Location: N/A
Fixed: False
Source: System
Issue Source: openapi-spec-validator
Issue Target: import-url_root-spec
Action: COULD NOT PROCESS: Issue definition for code '<unset>' not found in registry.
--------------------------------------------------
Time: 2025-10-13T22:54:31.287390
Issue: <unset> | N/A
Message: Path parameter '+name' for 'get' operation in '/v1alpha2/{+name}/locations' was not resolved
Location: N/A
Fixed: False
Source: System
Issue Source: openapi-spec-validator
Issue Target: import-url_root-spec
Action: COULD NOT PROCESS: Issue definition for code '<unset>' not found in registry.
--------------------------------------------------
Time: 2025-10-13T22:54:31.339937
Issue: <unset> | N/A
Message: Path parameter '+name' for 'get' operation in '/v1alpha2/{+name}/operations' was not resolved
Location: N/A
Fixed: False
Source: System
Issue Source: openapi-spec-validator
Issue Target: import-url_root-spec
Action: COULD NOT PROCESS: Issue definition for code '<unset>' not found in registry.
--------------------------------------------------
Time: 2025-10-13T22:54:31.416266
Issue: <unset> | N/A
Message: Path parameter '+name' for 'post' operation in '/v1alpha2/{+name}:export' was not resolved
Location: N/A
Fixed: False
Source: System
Issue Source: openapi-spec-validator
Issue Target: import-url_root-spec
Action: COULD NOT PROCESS: Issue definition for code '<unset>' not found in registry.
--------------------------------------------------
Time: 2025-10-13T22:54:31.478603
Issue: <unset> | N/A
Message: Path parameter '+parent' for 'get' operation in '/v1alpha2/{+parent}/registrations' was not resolved
Location: N/A
Fixed: False
Source: System
Issue Source: openapi-spec-validator
Issue Target: import-url_root-spec
Action: COULD NOT PROCESS: Issue definition for code '<unset>' not found in registry.
--------------------------------------------------
Time: 2025-10-13T22:54:31.514961
Issue: <unset> | N/A
Message: Path parameter '+parent' for 'post' operation in '/v1alpha2/{+parent}/registrations:import' was not resolved
Location: N/A
Fixed: False
Source: System
Issue Source: openapi-spec-validator
Issue Target: import-url_root-spec
Action: COULD NOT PROCESS: Issue definition for code '<unset>' not found in registry.
--------------------------------------------------
Time: 2025-10-13T22:54:31.552274
Issue: <unset> | N/A
Message: Path parameter '+parent' for 'post' operation in '/v1alpha2/{+parent}/registrations:register' was not resolved
Location: N/A
Fixed: False
Source: System
Issue Source: openapi-spec-validator
Issue Target: import-url_root-spec
Action: COULD NOT PROCESS: Issue definition for code '<unset>' not found in registry.
--------------------------------------------------
Time: 2025-10-13T22:54:31.623563
Issue: <unset> | N/A
Message: Path parameter '+parent' for 'post' operation in '/v1alpha2/{+parent}/registrations:transfer' was not resolved
Location: N/A
Fixed: False
Source: System
Issue Source: openapi-spec-validator
Issue Target: import-url_root-spec
Action: COULD NOT PROCESS: Issue definition for code '<unset>' not found in registry.
--------------------------------------------------
Time: 2025-10-13T22:54:31.696922
Issue: <unset> | N/A
Message: Path parameter '+registration' for 'post' operation in '/v1alpha2/{+registration}:configureContactSettings' was not resolved
Location: N/A
Fixed: False
Source: System
Issue Source: openapi-spec-validator
Issue Target: import-url_root-spec
Action: COULD NOT PROCESS: Issue definition for code '<unset>' not found in registry.
--------------------------------------------------
Time: 2025-10-13T22:54:31.760694
Issue: <unset> | N/A
Message: Path parameter '+registration' for 'post' operation in '/v1alpha2/{+registration}:configureDnsSettings' was not resolved
Location: N/A
Fixed: False
Source: System
Issue Source: openapi-spec-validator
Issue Target: import-url_root-spec
Action: COULD NOT PROCESS: Issue definition for code '<unset>' not found in registry.
--------------------------------------------------
Time: 2025-10-13T22:54:31.807375
Issue: <unset> | N/A
Message: Path parameter '+registration' for 'post' operation in '/v1alpha2/{+registration}:configureManagementSettings' was not resolved
Location: N/A
Fixed: False
Source: System
Issue Source: openapi-spec-validator
Issue Target: import-url_root-spec
Action: COULD NOT PROCESS: Issue definition for code '<unset>' not found in registry.
--------------------------------------------------
Time: 2025-10-13T22:54:31.874770
Issue: <unset> | N/A
Message: Path parameter '+registration' for 'post' operation in '/v1alpha2/{+registration}:initiatePushTransfer' was not resolved
Location: N/A
Fixed: False
Source: System
Issue Source: openapi-spec-validator
Issue Target: import-url_root-spec
Action: COULD NOT PROCESS: Issue definition for code '<unset>' not found in registry.
--------------------------------------------------
Time: 2025-10-13T22:54:31.949885
Issue: <unset> | N/A
Message: Path parameter '+registration' for 'post' operation in '/v1alpha2/{+registration}:renewDomain' was not resolved
Location: N/A
Fixed: False
Source: System
Issue Source: openapi-spec-validator
Issue Target: import-url_root-spec
Action: COULD NOT PROCESS: Issue definition for code '<unset>' not found in registry.
--------------------------------------------------
Time: 2025-10-13T22:54:32.003027
Issue: <unset> | N/A
Message: Path parameter '+registration' for 'post' operation in '/v1alpha2/{+registration}:resetAuthorizationCode' was not resolved
Location: N/A
Fixed: False
Source: System
Issue Source: openapi-spec-validator
Issue Target: import-url_root-spec
Action: COULD NOT PROCESS: Issue definition for code '<unset>' not found in registry.
--------------------------------------------------
Time: 2025-10-13T22:54:32.055413
Issue: <unset> | N/A
Message: Path parameter '+registration' for 'get' operation in '/v1alpha2/{+registration}:retrieveAuthorizationCode' was not resolved
Location: N/A
Fixed: False
Source: System
Issue Source: openapi-spec-validator
Issue Target: import-url_root-spec
Action: COULD NOT PROCESS: Issue definition for code '<unset>' not found in registry.
--------------------------------------------------
Time: 2025-10-13T22:54:32.094543
Issue: <unset> | N/A
Message: Path parameter '+registration' for 'get' operation in '/v1alpha2/{+registration}:retrieveGoogleDomainsDnsRecords' was not resolved
Location: N/A
Fixed: False
Source: System
Issue Source: openapi-spec-validator
Issue Target: import-url_root-spec
Action: COULD NOT PROCESS: Issue definition for code '<unset>' not found in registry.
--------------------------------------------------
Time: 2025-10-13T22:54:32.137934
Issue: <unset> | N/A
Message: Path parameter '+registration' for 'get' operation in '/v1alpha2/{+registration}:retrieveGoogleDomainsForwardingConfig' was not resolved
Location: N/A
Fixed: False
Source: System
Issue Source: openapi-spec-validator
Issue Target: import-url_root-spec
Action: COULD NOT PROCESS: Issue definition for code '<unset>' not found in registry.
--------------------------------------------------
Time: 2025-10-13T22:54:32.215624
Issue: <unset> | N/A
Message: Path parameter '+resource' for 'get' operation in '/v1alpha2/{+resource}:getIamPolicy' was not resolved
Location: N/A
Fixed: False
Source: System
Issue Source: openapi-spec-validator
Issue Target: import-url_root-spec
Action: COULD NOT PROCESS: Issue definition for code '<unset>' not found in registry.
--------------------------------------------------
Time: 2025-10-13T22:54:32.280936
Issue: <unset> | N/A
Message: Path parameter '+resource' for 'post' operation in '/v1alpha2/{+resource}:setIamPolicy' was not resolved
Location: N/A
Fixed: False
Source: System
Issue Source: openapi-spec-validator
Issue Target: import-url_root-spec
Action: COULD NOT PROCESS: Issue definition for code '<unset>' not found in registry.
--------------------------------------------------
Time: 2025-10-13T22:54:32.327246
Issue: <unset> | N/A
Message: Path parameter '+resource' for 'post' operation in '/v1alpha2/{+resource}:testIamPermissions' was not resolved
Location: N/A
Fixed: False
Source: System
Issue Source: openapi-spec-validator
Issue Target: import-url_root-spec
Action: COULD NOT PROCESS: Issue definition for code '<unset>' not found in registry.
--------------------------------------------------
Time: 2025-10-13T22:54:32.395355
Issue: no-server-trailing-slash | N/A
Message: Server `url` should not have a trailing slash. [path: servers.0.url]
Location: N/A
Fixed: False
Source: System
Issue Source: redocly-validator
Issue Target: import-url_root-spec
Action: COULD NOT PROCESS: Issue definition for code 'no-server-trailing-slash' not found in registry.
--------------------------------------------------
Time: 2025-10-13T22:54:32.434842
Issue: operation-summary | N/A
Message: Operation object should contain `summary` field. [path: paths./v1alpha2/{+location}/registrations:retrieveImportableDomains.get.summary]
Location: N/A
Fixed: False
Source: System
Issue Source: redocly-validator
Issue Target: import-url_root-spec
Action: COULD NOT PROCESS: Issue definition for code 'operation-summary' not found in registry.
--------------------------------------------------
Time: 2025-10-13T22:54:32.475440
Issue: path-parameters-defined | N/A
Message: Path parameter `location` is not used in the path `/v1alpha2/{+location}/registrations:retrieveImportableDomains`. [path: paths./v1alpha2/{+location}/registrations:retrieveImportableDomains.get.parameters.0.name]
Location: N/A
Fixed: False
Source: System
Issue Source: redocly-validator
Issue Target: import-url_root-spec
Action: COULD NOT PROCESS: Issue definition for code 'path-parameters-defined' not found in registry.
--------------------------------------------------
Time: 2025-10-13T22:54:32.498194
Issue: operation-summary | N/A
Message: Operation object should contain `summary` field. [path: paths./v1alpha2/{+location}/registrations:retrieveRegisterParameters.get.summary]
Location: N/A
Fixed: False
Source: System
Issue Source: redocly-validator
Issue Target: import-url_root-spec
Action: COULD NOT PROCESS: Issue definition for code 'operation-summary' not found in registry.
--------------------------------------------------
Time: 2025-10-13T22:54:32.528496
Issue: path-parameters-defined | N/A
Message: Path parameter `location` is not used in the path `/v1alpha2/{+location}/registrations:retrieveRegisterParameters`. [path: paths./v1alpha2/{+location}/registrations:retrieveRegisterParameters.get.parameters.0.name]
Location: N/A
Fixed: False
Source: System
Issue Source: redocly-validator
Issue Target: import-url_root-spec
Action: COULD NOT PROCESS: Issue definition for code 'path-parameters-defined' not found in registry.
--------------------------------------------------
Time: 2025-10-13T22:54:32.590585
Issue: struct | N/A
Message: Property `enumDeprecated` is not expected here. [path: components.schemas.RegisterParameters.properties.supportedPrivacy.items.enumDeprecated]
Location: N/A
Fixed: False
Source: System
Issue Source: redocly-validator
Issue Target: import-url_root-spec
Action: COULD NOT PROCESS: Issue definition for code 'struct' not found in registry.
--------------------------------------------------
Time: 2025-10-13T22:54:32.625870
Issue: operation-summary | N/A
Message: Operation object should contain `summary` field. [path: paths./v1alpha2/{+location}/registrations:retrieveTransferParameters.get.summary]
Location: N/A
Fixed: False
Source: System
Issue Source: redocly-validator
Issue Target: import-url_root-spec
Action: COULD NOT PROCESS: Issue definition for code 'operation-summary' not found in registry.
--------------------------------------------------
Time: 2025-10-13T22:54:32.663513
Issue: path-parameters-defined | N/A
Message: Path parameter `location` is not used in the path `/v1alpha2/{+location}/registrations:retrieveTransferParameters`. [path: paths./v1alpha2/{+location}/registrations:retrieveTransferParameters.get.parameters.0.name]
Location: N/A
Fixed: False
Source: System
Issue Source: redocly-validator
Issue Target: import-url_root-spec
Action: COULD NOT PROCESS: Issue definition for code 'path-parameters-defined' not found in registry.
--------------------------------------------------
Time: 2025-10-13T22:54:32.665919
Issue: struct | N/A
Message: Property `enumDeprecated` is not expected here. [path: components.schemas.TransferParameters.properties.supportedPrivacy.items.enumDeprecated]
Location: N/A
Fixed: False
Source: System
Issue Source: redocly-validator
Issue Target: import-url_root-spec
Action: COULD NOT PROCESS: Issue definition for code 'struct' not found in registry.
--------------------------------------------------
Time: 2025-10-13T22:54:32.667913
Issue: operation-summary | N/A
Message: Operation object should contain `summary` field. [path: paths./v1alpha2/{+location}/registrations:searchDomains.get.summary]
Location: N/A
Fixed: False
Source: System
Issue Source: redocly-validator
Issue Target: import-url_root-spec
Action: COULD NOT PROCESS: Issue definition for code 'operation-summary' not found in registry.
--------------------------------------------------
Time: 2025-10-13T22:54:32.673566
Issue: path-parameters-defined | N/A
Message: Path parameter `location` is not used in the path `/v1alpha2/{+location}/registrations:searchDomains`. [path: paths./v1alpha2/{+location}/registrations:searchDomains.get.parameters.0.name]
Location: N/A
Fixed: False
Source: System
Issue Source: redocly-validator
Issue Target: import-url_root-spec
Action: COULD NOT PROCESS: Issue definition for code 'path-parameters-defined' not found in registry.
--------------------------------------------------
Time: 2025-10-13T22:54:32.686756
Issue: operation-summary | N/A
Message: Operation object should contain `summary` field. [path: paths./v1alpha2/{+name}.get.summary]
Location: N/A
Fixed: False
Source: System
Issue Source: redocly-validator
Issue Target: import-url_root-spec
Action: COULD NOT PROCESS: Issue definition for code 'operation-summary' not found in registry.
--------------------------------------------------
Time: 2025-10-13T22:54:32.735804
Issue: path-parameters-defined | N/A
Message: Path parameter `name` is not used in the path `/v1alpha2/{+name}`. [path: paths./v1alpha2/{+name}.get.parameters.0.name]
Location: N/A
Fixed: False
Source: System
Issue Source: redocly-validator
Issue Target: import-url_root-spec
Action: COULD NOT PROCESS: Issue definition for code 'path-parameters-defined' not found in registry.
--------------------------------------------------
Time: 2025-10-13T22:54:32.775261
Issue: struct | N/A
Message: Property `enumDeprecated` is not expected here. [path: components.schemas.ContactSettings.properties.privacy.enumDeprecated]
Location: N/A
Fixed: False
Source: System
Issue Source: redocly-validator
Issue Target: import-url_root-spec
Action: COULD NOT PROCESS: Issue definition for code 'struct' not found in registry.
--------------------------------------------------
Time: 2025-10-13T22:54:32.799821
Issue: struct | N/A
Message: Property `enumDeprecated` is not expected here. [path: components.schemas.ManagementSettings.properties.preferredRenewalMethod.enumDeprecated]
Location: N/A
Fixed: False
Source: System
Issue Source: redocly-validator
Issue Target: import-url_root-spec
Action: COULD NOT PROCESS: Issue definition for code 'struct' not found in registry.
--------------------------------------------------
Time: 2025-10-13T22:54:32.845785
Issue: struct | N/A
Message: Property `enumDeprecated` is not expected here. [path: components.schemas.ManagementSettings.properties.renewalMethod.enumDeprecated]
Location: N/A
Fixed: False
Source: System
Issue Source: redocly-validator
Issue Target: import-url_root-spec
Action: COULD NOT PROCESS: Issue definition for code 'struct' not found in registry.
--------------------------------------------------
Time: 2025-10-13T22:54:32.895634
Issue: struct | N/A
Message: Property `enumDeprecated` is not expected here. [path: components.schemas.Registration.properties.state.enumDeprecated]
Location: N/A
Fixed: False
Source: System
Issue Source: redocly-validator
Issue Target: import-url_root-spec
Action: COULD NOT PROCESS: Issue definition for code 'struct' not found in registry.
--------------------------------------------------
Time: 2025-10-13T22:54:32.949511
Issue: struct | N/A
Message: Property `enumDeprecated` is not expected here. [path: components.schemas.Registration.properties.supportedPrivacy.items.enumDeprecated]
Location: N/A
Fixed: False
Source: System
Issue Source: redocly-validator
Issue Target: import-url_root-spec
Action: COULD NOT PROCESS: Issue definition for code 'struct' not found in registry.
--------------------------------------------------
Time: 2025-10-13T22:54:32.979453
Issue: operation-summary | N/A
Message: Operation object should contain `summary` field. [path: paths./v1alpha2/{+name}.delete.summary]
Location: N/A
Fixed: False
Source: System
Issue Source: redocly-validator
Issue Target: import-url_root-spec
Action: COULD NOT PROCESS: Issue definition for code 'operation-summary' not found in registry.
--------------------------------------------------
Time: 2025-10-13T22:54:33.029448
Issue: path-parameters-defined | N/A
Message: Path parameter `name` is not used in the path `/v1alpha2/{+name}`. [path: paths./v1alpha2/{+name}.delete.parameters.0.name]
Location: N/A
Fixed: False
Source: System
Issue Source: redocly-validator
Issue Target: import-url_root-spec
Action: COULD NOT PROCESS: Issue definition for code 'path-parameters-defined' not found in registry.
--------------------------------------------------
Time: 2025-10-13T22:54:33.075227
Issue: operation-summary | N/A
Message: Operation object should contain `summary` field. [path: paths./v1alpha2/{+name}.patch.summary]
Location: N/A
Fixed: False
Source: System
Issue Source: redocly-validator
Issue Target: import-url_root-spec
Action: COULD NOT PROCESS: Issue definition for code 'operation-summary' not found in registry.
--------------------------------------------------
Time: 2025-10-13T22:54:33.123927
Issue: path-parameters-defined | N/A
Message: Path parameter `name` is not used in the path `/v1alpha2/{+name}`. [path: paths./v1alpha2/{+name}.patch.parameters.0.name]
Location: N/A
Fixed: False
Source: System
Issue Source: redocly-validator
Issue Target: import-url_root-spec
Action: COULD NOT PROCESS: Issue definition for code 'path-parameters-defined' not found in registry.
--------------------------------------------------
Time: 2025-10-13T22:54:33.192141
Issue: operation-summary | N/A
Message: Operation object should contain `summary` field. [path: paths./v1alpha2/{+name}/locations.get.summary]
Location: N/A
Fixed: False
Source: System
Issue Source: redocly-validator
Issue Target: import-url_root-spec
Action: COULD NOT PROCESS: Issue definition for code 'operation-summary' not found in registry.
--------------------------------------------------
Time: 2025-10-13T22:54:33.215553
Issue: path-parameters-defined | N/A
Message: Path parameter `name` is not used in the path `/v1alpha2/{+name}/locations`. [path: paths./v1alpha2/{+name}/locations.get.parameters.0.name]
Location: N/A
Fixed: False
Source: System
Issue Source: redocly-validator
Issue Target: import-url_root-spec
Action: COULD NOT PROCESS: Issue definition for code 'path-parameters-defined' not found in registry.
--------------------------------------------------
Time: 2025-10-13T22:54:33.270726
Issue: operation-summary | N/A
Message: Operation object should contain `summary` field. [path: paths./v1alpha2/{+name}/operations.get.summary]
Location: N/A
Fixed: False
Source: System
Issue Source: redocly-validator
Issue Target: import-url_root-spec
Action: COULD NOT PROCESS: Issue definition for code 'operation-summary' not found in registry.
--------------------------------------------------
Time: 2025-10-13T22:54:33.319356
Issue: path-parameters-defined | N/A
Message: Path parameter `name` is not used in the path `/v1alpha2/{+name}/operations`. [path: paths./v1alpha2/{+name}/operations.get.parameters.0.name]
Location: N/A
Fixed: False
Source: System
Issue Source: redocly-validator
Issue Target: import-url_root-spec
Action: COULD NOT PROCESS: Issue definition for code 'path-parameters-defined' not found in registry.
--------------------------------------------------
Time: 2025-10-13T22:54:33.424722
Issue: operation-summary | N/A
Message: Operation object should contain `summary` field. [path: paths./v1alpha2/{+name}:export.post.summary]
Location: N/A
Fixed: False
Source: System
Issue Source: redocly-validator
Issue Target: import-url_root-spec
Action: COULD NOT PROCESS: Issue definition for code 'operation-summary' not found in registry.
--------------------------------------------------
Time: 2025-10-13T22:54:33.490142
Issue: path-parameters-defined | N/A
Message: Path parameter `name` is not used in the path `/v1alpha2/{+name}:export`. [path: paths./v1alpha2/{+name}:export.post.parameters.0.name]
Location: N/A
Fixed: False
Source: System
Issue Source: redocly-validator
Issue Target: import-url_root-spec
Action: COULD NOT PROCESS: Issue definition for code 'path-parameters-defined' not found in registry.
--------------------------------------------------
Time: 2025-10-13T22:54:33.533713
Issue: operation-summary | N/A
Message: Operation object should contain `summary` field. [path: paths./v1alpha2/{+parent}/registrations.get.summary]
Location: N/A
Fixed: False
Source: System
Issue Source: redocly-validator
Issue Target: import-url_root-spec
Action: COULD NOT PROCESS: Issue definition for code 'operation-summary' not found in registry.
--------------------------------------------------
Time: 2025-10-13T22:54:33.592920
Issue: path-parameters-defined | N/A
Message: Path parameter `parent` is not used in the path `/v1alpha2/{+parent}/registrations`. [path: paths./v1alpha2/{+parent}/registrations.get.parameters.0.name]
Location: N/A
Fixed: False
Source: System
Issue Source: redocly-validator
Issue Target: import-url_root-spec
Action: COULD NOT PROCESS: Issue definition for code 'path-parameters-defined' not found in registry.
--------------------------------------------------
Time: 2025-10-13T22:54:33.684669
Issue: operation-summary | N/A
Message: Operation object should contain `summary` field. [path: paths./v1alpha2/{+parent}/registrations:import.post.summary]
Location: N/A
Fixed: False
Source: System
Issue Source: redocly-validator
Issue Target: import-url_root-spec
Action: COULD NOT PROCESS: Issue definition for code 'operation-summary' not found in registry.
--------------------------------------------------
Time: 2025-10-13T22:54:33.709986
Issue: path-parameters-defined | N/A
Message: Path parameter `parent` is not used in the path `/v1alpha2/{+parent}/registrations:import`. [path: paths./v1alpha2/{+parent}/registrations:import.post.parameters.0.name]
Location: N/A
Fixed: False
Source: System
Issue Source: redocly-validator
Issue Target: import-url_root-spec
Action: COULD NOT PROCESS: Issue definition for code 'path-parameters-defined' not found in registry.
--------------------------------------------------
Time: 2025-10-13T22:54:33.732950
Issue: operation-summary | N/A
Message: Operation object should contain `summary` field. [path: paths./v1alpha2/{+parent}/registrations:register.post.summary]
Location: N/A
Fixed: False
Source: System
Issue Source: redocly-validator
Issue Target: import-url_root-spec
Action: COULD NOT PROCESS: Issue definition for code 'operation-summary' not found in registry.
--------------------------------------------------
Time: 2025-10-13T22:54:33.782363
Issue: path-parameters-defined | N/A
Message: Path parameter `parent` is not used in the path `/v1alpha2/{+parent}/registrations:register`. [path: paths./v1alpha2/{+parent}/registrations:register.post.parameters.0.name]
Location: N/A
Fixed: False
Source: System
Issue Source: redocly-validator
Issue Target: import-url_root-spec
Action: COULD NOT PROCESS: Issue definition for code 'path-parameters-defined' not found in registry.
--------------------------------------------------
Time: 2025-10-13T22:54:33.808971
Issue: operation-summary | N/A
Message: Operation object should contain `summary` field. [path: paths./v1alpha2/{+parent}/registrations:transfer.post.summary]
Location: N/A
Fixed: False
Source: System
Issue Source: redocly-validator
Issue Target: import-url_root-spec
Action: COULD NOT PROCESS: Issue definition for code 'operation-summary' not found in registry.
--------------------------------------------------
Time: 2025-10-13T22:54:33.813604
Issue: path-parameters-defined | N/A
Message: Path parameter `parent` is not used in the path `/v1alpha2/{+parent}/registrations:transfer`. [path: paths./v1alpha2/{+parent}/registrations:transfer.post.parameters.0.name]
Location: N/A
Fixed: False
Source: System
Issue Source: redocly-validator
Issue Target: import-url_root-spec
Action: COULD NOT PROCESS: Issue definition for code 'path-parameters-defined' not found in registry.
--------------------------------------------------
Time: 2025-10-13T22:54:33.818200
Issue: operation-summary | N/A
Message: Operation object should contain `summary` field. [path: paths./v1alpha2/{+registration}:configureContactSettings.post.summary]
Location: N/A
Fixed: False
Source: System
Issue Source: redocly-validator
Issue Target: import-url_root-spec
Action: COULD NOT PROCESS: Issue definition for code 'operation-summary' not found in registry.
--------------------------------------------------
Time: 2025-10-13T22:54:33.822067
Issue: path-parameters-defined | N/A
Message: Path parameter `registration` is not used in the path `/v1alpha2/{+registration}:configureContactSettings`. [path: paths./v1alpha2/{+registration}:configureContactSettings.post.parameters.0.name]
Location: N/A
Fixed: False
Source: System
Issue Source: redocly-validator
Issue Target: import-url_root-spec
Action: COULD NOT PROCESS: Issue definition for code 'path-parameters-defined' not found in registry.
--------------------------------------------------
Time: 2025-10-13T22:54:33.824980
Issue: operation-summary | N/A
Message: Operation object should contain `summary` field. [path: paths./v1alpha2/{+registration}:configureDnsSettings.post.summary]
Location: N/A
Fixed: False
Source: System
Issue Source: redocly-validator
Issue Target: import-url_root-spec
Action: COULD NOT PROCESS: Issue definition for code 'operation-summary' not found in registry.
--------------------------------------------------
Time: 2025-10-13T22:54:33.829968
Issue: path-parameters-defined | N/A
Message: Path parameter `registration` is not used in the path `/v1alpha2/{+registration}:configureDnsSettings`. [path: paths./v1alpha2/{+registration}:configureDnsSettings.post.parameters.0.name]
Location: N/A
Fixed: False
Source: System
Issue Source: redocly-validator
Issue Target: import-url_root-spec
Action: COULD NOT PROCESS: Issue definition for code 'path-parameters-defined' not found in registry.
--------------------------------------------------
Time: 2025-10-13T22:54:33.833327
Issue: operation-summary | N/A
Message: Operation object should contain `summary` field. [path: paths./v1alpha2/{+registration}:configureManagementSettings.post.summary]
Location: N/A
Fixed: False
Source: System
Issue Source: redocly-validator
Issue Target: import-url_root-spec
Action: COULD NOT PROCESS: Issue definition for code 'operation-summary' not found in registry.
--------------------------------------------------
Time: 2025-10-13T22:54:33.839056
Issue: path-parameters-defined | N/A
Message: Path parameter `registration` is not used in the path `/v1alpha2/{+registration}:configureManagementSettings`. [path: paths./v1alpha2/{+registration}:configureManagementSettings.post.parameters.0.name]
Location: N/A
Fixed: False
Source: System
Issue Source: redocly-validator
Issue Target: import-url_root-spec
Action: COULD NOT PROCESS: Issue definition for code 'path-parameters-defined' not found in registry.
--------------------------------------------------
Time: 2025-10-13T22:54:33.841385
Issue: operation-summary | N/A
Message: Operation object should contain `summary` field. [path: paths./v1alpha2/{+registration}:initiatePushTransfer.post.summary]
Location: N/A
Fixed: False
Source: System
Issue Source: redocly-validator
Issue Target: import-url_root-spec
Action: COULD NOT PROCESS: Issue definition for code 'operation-summary' not found in registry.
--------------------------------------------------
Time: 2025-10-13T22:54:33.845829
Issue: path-parameters-defined | N/A
Message: Path parameter `registration` is not used in the path `/v1alpha2/{+registration}:initiatePushTransfer`. [path: paths./v1alpha2/{+registration}:initiatePushTransfer.post.parameters.0.name]
Location: N/A
Fixed: False
Source: System
Issue Source: redocly-validator
Issue Target: import-url_root-spec
Action: COULD NOT PROCESS: Issue definition for code 'path-parameters-defined' not found in registry.
--------------------------------------------------
Time: 2025-10-13T22:54:33.847130
Issue: operation-summary | N/A
Message: Operation object should contain `summary` field. [path: paths./v1alpha2/{+registration}:renewDomain.post.summary]
Location: N/A
Fixed: False
Source: System
Issue Source: redocly-validator
Issue Target: import-url_root-spec
Action: COULD NOT PROCESS: Issue definition for code 'operation-summary' not found in registry.
--------------------------------------------------
Time: 2025-10-13T22:54:33.849028
Issue: path-parameters-defined | N/A
Message: Path parameter `registration` is not used in the path `/v1alpha2/{+registration}:renewDomain`. [path: paths./v1alpha2/{+registration}:renewDomain.post.parameters.0.name]
Location: N/A
Fixed: False
Source: System
Issue Source: redocly-validator
Issue Target: import-url_root-spec
Action: COULD NOT PROCESS: Issue definition for code 'path-parameters-defined' not found in registry.
--------------------------------------------------
Time: 2025-10-13T22:54:33.850527
Issue: operation-summary | N/A
Message: Operation object should contain `summary` field. [path: paths./v1alpha2/{+registration}:resetAuthorizationCode.post.summary]
Location: N/A
Fixed: False
Source: System
Issue Source: redocly-validator
Issue Target: import-url_root-spec
Action: COULD NOT PROCESS: Issue definition for code 'operation-summary' not found in registry.
--------------------------------------------------
Time: 2025-10-13T22:54:33.852017
Issue: path-parameters-defined | N/A
Message: Path parameter `registration` is not used in the path `/v1alpha2/{+registration}:resetAuthorizationCode`. [path: paths./v1alpha2/{+registration}:resetAuthorizationCode.post.parameters.0.name]
Location: N/A
Fixed: False
Source: System
Issue Source: redocly-validator
Issue Target: import-url_root-spec
Action: COULD NOT PROCESS: Issue definition for code 'path-parameters-defined' not found in registry.
--------------------------------------------------
Time: 2025-10-13T22:54:33.853134
Issue: operation-summary | N/A
Message: Operation object should contain `summary` field. [path: paths./v1alpha2/{+registration}:retrieveAuthorizationCode.get.summary]
Location: N/A
Fixed: False
Source: System
Issue Source: redocly-validator
Issue Target: import-url_root-spec
Action: COULD NOT PROCESS: Issue definition for code 'operation-summary' not found in registry.
--------------------------------------------------
Time: 2025-10-13T22:54:33.853882
Issue: path-parameters-defined | N/A
Message: Path parameter `registration` is not used in the path `/v1alpha2/{+registration}:retrieveAuthorizationCode`. [path: paths./v1alpha2/{+registration}:retrieveAuthorizationCode.get.parameters.0.name]
Location: N/A
Fixed: False
Source: System
Issue Source: redocly-validator
Issue Target: import-url_root-spec
Action: COULD NOT PROCESS: Issue definition for code 'path-parameters-defined' not found in registry.
--------------------------------------------------
Time: 2025-10-13T22:54:33.855175
Issue: operation-summary | N/A
Message: Operation object should contain `summary` field. [path: paths./v1alpha2/{+registration}:retrieveGoogleDomainsDnsRecords.get.summary]
Location: N/A
Fixed: False
Source: System
Issue Source: redocly-validator
Issue Target: import-url_root-spec
Action: COULD NOT PROCESS: Issue definition for code 'operation-summary' not found in registry.
--------------------------------------------------
Time: 2025-10-13T22:54:33.902896
Issue: path-parameters-defined | N/A
Message: Path parameter `registration` is not used in the path `/v1alpha2/{+registration}:retrieveGoogleDomainsDnsRecords`. [path: paths./v1alpha2/{+registration}:retrieveGoogleDomainsDnsRecords.get.parameters.0.name]
Location: N/A
Fixed: False
Source: System
Issue Source: redocly-validator
Issue Target: import-url_root-spec
Action: COULD NOT PROCESS: Issue definition for code 'path-parameters-defined' not found in registry.
--------------------------------------------------
Time: 2025-10-13T22:54:33.935260
Issue: operation-summary | N/A
Message: Operation object should contain `summary` field. [path: paths./v1alpha2/{+registration}:retrieveGoogleDomainsForwardingConfig.get.summary]
Location: N/A
Fixed: False
Source: System
Issue Source: redocly-validator
Issue Target: import-url_root-spec
Action: COULD NOT PROCESS: Issue definition for code 'operation-summary' not found in registry.
--------------------------------------------------
Time: 2025-10-13T22:54:33.977177
Issue: path-parameters-defined | N/A
Message: Path parameter `registration` is not used in the path `/v1alpha2/{+registration}:retrieveGoogleDomainsForwardingConfig`. [path: paths./v1alpha2/{+registration}:retrieveGoogleDomainsForwardingConfig.get.parameters.0.name]
Location: N/A
Fixed: False
Source: System
Issue Source: redocly-validator
Issue Target: import-url_root-spec
Action: COULD NOT PROCESS: Issue definition for code 'path-parameters-defined' not found in registry.
--------------------------------------------------
Time: 2025-10-13T22:54:34.039583
Issue: operation-summary | N/A
Message: Operation object should contain `summary` field. [path: paths./v1alpha2/{+resource}:getIamPolicy.get.summary]
Location: N/A
Fixed: False
Source: System
Issue Source: redocly-validator
Issue Target: import-url_root-spec
Action: COULD NOT PROCESS: Issue definition for code 'operation-summary' not found in registry.
--------------------------------------------------
Time: 2025-10-13T22:54:34.096793
Issue: path-parameters-defined | N/A
Message: Path parameter `resource` is not used in the path `/v1alpha2/{+resource}:getIamPolicy`. [path: paths./v1alpha2/{+resource}:getIamPolicy.get.parameters.0.name]
Location: N/A
Fixed: False
Source: System
Issue Source: redocly-validator
Issue Target: import-url_root-spec
Action: COULD NOT PROCESS: Issue definition for code 'path-parameters-defined' not found in registry.
--------------------------------------------------
Time: 2025-10-13T22:54:34.113270
Issue: operation-summary | N/A
Message: Operation object should contain `summary` field. [path: paths./v1alpha2/{+resource}:setIamPolicy.post.summary]
Location: N/A
Fixed: False
Source: System
Issue Source: redocly-validator
Issue Target: import-url_root-spec
Action: COULD NOT PROCESS: Issue definition for code 'operation-summary' not found in registry.
--------------------------------------------------
Time: 2025-10-13T22:54:34.130340
Issue: path-parameters-defined | N/A
Message: Path parameter `resource` is not used in the path `/v1alpha2/{+resource}:setIamPolicy`. [path: paths./v1alpha2/{+resource}:setIamPolicy.post.parameters.0.name]
Location: N/A
Fixed: False
Source: System
Issue Source: redocly-validator
Issue Target: import-url_root-spec
Action: COULD NOT PROCESS: Issue definition for code 'path-parameters-defined' not found in registry.
--------------------------------------------------
Time: 2025-10-13T22:54:34.151481
Issue: operation-summary | N/A
Message: Operation object should contain `summary` field. [path: paths./v1alpha2/{+resource}:testIamPermissions.post.summary]
Location: N/A
Fixed: False
Source: System
Issue Source: redocly-validator
Issue Target: import-url_root-spec
Action: COULD NOT PROCESS: Issue definition for code 'operation-summary' not found in registry.
--------------------------------------------------
Time: 2025-10-13T22:54:34.157569
Issue: path-parameters-defined | N/A
Message: Path parameter `resource` is not used in the path `/v1alpha2/{+resource}:testIamPermissions`. [path: paths./v1alpha2/{+resource}:testIamPermissions.post.parameters.0.name]
Location: N/A
Fixed: False
Source: System
Issue Source: redocly-validator
Issue Target: import-url_root-spec
Action: COULD NOT PROCESS: Issue definition for code 'path-parameters-defined' not found in registry.
--------------------------------------------------
Time: 2025-10-13T22:54:34.160343
Issue: tag-description | N/A
Message: Tag object should contain `description` field. [path: tags.0.description]
Location: N/A
Fixed: False
Source: System
Issue Source: redocly-validator
Issue Target: import-url_root-spec
Action: COULD NOT PROCESS: Issue definition for code 'tag-description' not found in registry.
--------------------------------------------------
Time: 2025-10-13T22:54:34.162669
Issue: operation-4xx-response | N/A
Message: Operation must have at least one `4XX` response. [path: paths./v1alpha2/{+location}/registrations:retrieveImportableDomains.get.responses]
Location: N/A
Fixed: False
Source: System
Issue Source: redocly-validator
Issue Target: import-url_root-spec
Action: COULD NOT PROCESS: Issue definition for code 'operation-4xx-response' not found in registry.
--------------------------------------------------
Time: 2025-10-13T22:54:34.165516
Issue: operation-4xx-response | N/A
Message: Operation must have at least one `4XX` response. [path: paths./v1alpha2/{+location}/registrations:retrieveRegisterParameters.get.responses]
Location: N/A
Fixed: False
Source: System
Issue Source: redocly-validator
Issue Target: import-url_root-spec
Action: COULD NOT PROCESS: Issue definition for code 'operation-4xx-response' not found in registry.
--------------------------------------------------
Time: 2025-10-13T22:54:34.166687
Issue: operation-4xx-response | N/A
Message: Operation must have at least one `4XX` response. [path: paths./v1alpha2/{+location}/registrations:retrieveTransferParameters.get.responses]
Location: N/A
Fixed: False
Source: System
Issue Source: redocly-validator
Issue Target: import-url_root-spec
Action: COULD NOT PROCESS: Issue definition for code 'operation-4xx-response' not found in registry.
--------------------------------------------------
Time: 2025-10-13T22:54:34.168734
Issue: operation-4xx-response | N/A
Message: Operation must have at least one `4XX` response. [path: paths./v1alpha2/{+location}/registrations:searchDomains.get.responses]
Location: N/A
Fixed: False
Source: System
Issue Source: redocly-validator
Issue Target: import-url_root-spec
Action: COULD NOT PROCESS: Issue definition for code 'operation-4xx-response' not found in registry.
--------------------------------------------------
Time: 2025-10-13T22:54:34.171585
Issue: operation-4xx-response | N/A
Message: Operation must have at least one `4XX` response. [path: paths./v1alpha2/{+name}.get.responses]
Location: N/A
Fixed: False
Source: System
Issue Source: redocly-validator
Issue Target: import-url_root-spec
Action: COULD NOT PROCESS: Issue definition for code 'operation-4xx-response' not found in registry.
--------------------------------------------------
Time: 2025-10-13T22:54:34.173934
Issue: operation-4xx-response | N/A
Message: Operation must have at least one `4XX` response. [path: paths./v1alpha2/{+name}.delete.responses]
Location: N/A
Fixed: False
Source: System
Issue Source: redocly-validator
Issue Target: import-url_root-spec
Action: COULD NOT PROCESS: Issue definition for code 'operation-4xx-response' not found in registry.
--------------------------------------------------
Time: 2025-10-13T22:54:34.175263
Issue: operation-4xx-response | N/A
Message: Operation must have at least one `4XX` response. [path: paths./v1alpha2/{+name}.patch.responses]
Location: N/A
Fixed: False
Source: System
Issue Source: redocly-validator
Issue Target: import-url_root-spec
Action: COULD NOT PROCESS: Issue definition for code 'operation-4xx-response' not found in registry.
--------------------------------------------------
Time: 2025-10-13T22:54:34.176959
Issue: operation-4xx-response | N/A
Message: Operation must have at least one `4XX` response. [path: paths./v1alpha2/{+name}/locations.get.responses]
Location: N/A
Fixed: False
Source: System
Issue Source: redocly-validator
Issue Target: import-url_root-spec
Action: COULD NOT PROCESS: Issue definition for code 'operation-4xx-response' not found in registry.
--------------------------------------------------
Time: 2025-10-13T22:54:34.179376
Issue: operation-4xx-response | N/A
Message: Operation must have at least one `4XX` response. [path: paths./v1alpha2/{+name}/operations.get.responses]
Location: N/A
Fixed: False
Source: System
Issue Source: redocly-validator
Issue Target: import-url_root-spec
Action: COULD NOT PROCESS: Issue definition for code 'operation-4xx-response' not found in registry.
--------------------------------------------------
Time: 2025-10-13T22:54:34.182164
Issue: operation-4xx-response | N/A
Message: Operation must have at least one `4XX` response. [path: paths./v1alpha2/{+name}:export.post.responses]
Location: N/A
Fixed: False
Source: System
Issue Source: redocly-validator
Issue Target: import-url_root-spec
Action: COULD NOT PROCESS: Issue definition for code 'operation-4xx-response' not found in registry.
--------------------------------------------------
Time: 2025-10-13T22:54:34.184315
Issue: operation-4xx-response | N/A
Message: Operation must have at least one `4XX` response. [path: paths./v1alpha2/{+parent}/registrations.get.responses]
Location: N/A
Fixed: False
Source: System
Issue Source: redocly-validator
Issue Target: import-url_root-spec
Action: COULD NOT PROCESS: Issue definition for code 'operation-4xx-response' not found in registry.
--------------------------------------------------
Time: 2025-10-13T22:54:34.188189
Issue: operation-4xx-response | N/A
Message: Operation must have at least one `4XX` response. [path: paths./v1alpha2/{+parent}/registrations:import.post.responses]
Location: N/A
Fixed: False
Source: System
Issue Source: redocly-validator
Issue Target: import-url_root-spec
Action: COULD NOT PROCESS: Issue definition for code 'operation-4xx-response' not found in registry.
--------------------------------------------------
Time: 2025-10-13T22:54:34.190895
Issue: operation-4xx-response | N/A
Message: Operation must have at least one `4XX` response. [path: paths./v1alpha2/{+parent}/registrations:register.post.responses]
Location: N/A
Fixed: False
Source: System
Issue Source: redocly-validator
Issue Target: import-url_root-spec
Action: COULD NOT PROCESS: Issue definition for code 'operation-4xx-response' not found in registry.
--------------------------------------------------
Time: 2025-10-13T22:54:34.197351
Issue: operation-4xx-response | N/A
Message: Operation must have at least one `4XX` response. [path: paths./v1alpha2/{+parent}/registrations:transfer.post.responses]
Location: N/A
Fixed: False
Source: System
Issue Source: redocly-validator
Issue Target: import-url_root-spec
Action: COULD NOT PROCESS: Issue definition for code 'operation-4xx-response' not found in registry.
--------------------------------------------------
Time: 2025-10-13T22:54:34.199738
Issue: operation-4xx-response | N/A
Message: Operation must have at least one `4XX` response. [path: paths./v1alpha2/{+registration}:configureContactSettings.post.responses]
Location: N/A
Fixed: False
Source: System
Issue Source: redocly-validator
Issue Target: import-url_root-spec
Action: COULD NOT PROCESS: Issue definition for code 'operation-4xx-response' not found in registry.
--------------------------------------------------
Time: 2025-10-13T22:54:34.206489
Issue: operation-4xx-response | N/A
Message: Operation must have at least one `4XX` response. [path: paths./v1alpha2/{+registration}:configureDnsSettings.post.responses]
Location: N/A
Fixed: False
Source: System
Issue Source: redocly-validator
Issue Target: import-url_root-spec
Action: COULD NOT PROCESS: Issue definition for code 'operation-4xx-response' not found in registry.
--------------------------------------------------
Time: 2025-10-13T22:54:34.209202
Issue: operation-4xx-response | N/A
Message: Operation must have at least one `4XX` response. [path: paths./v1alpha2/{+registration}:configureManagementSettings.post.responses]
Location: N/A
Fixed: False
Source: System
Issue Source: redocly-validator
Issue Target: import-url_root-spec
Action: COULD NOT PROCESS: Issue definition for code 'operation-4xx-response' not found in registry.
--------------------------------------------------
Time: 2025-10-13T22:54:34.212115
Issue: operation-4xx-response | N/A
Message: Operation must have at least one `4XX` response. [path: paths./v1alpha2/{+registration}:initiatePushTransfer.post.responses]
Location: N/A
Fixed: False
Source: System
Issue Source: redocly-validator
Issue Target: import-url_root-spec
Action: COULD NOT PROCESS: Issue definition for code 'operation-4xx-response' not found in registry.
--------------------------------------------------
Time: 2025-10-13T22:54:34.214037
Issue: operation-4xx-response | N/A
Message: Operation must have at least one `4XX` response. [path: paths./v1alpha2/{+registration}:renewDomain.post.responses]
Location: N/A
Fixed: False
Source: System
Issue Source: redocly-validator
Issue Target: import-url_root-spec
Action: COULD NOT PROCESS: Issue definition for code 'operation-4xx-response' not found in registry.
--------------------------------------------------
Time: 2025-10-13T22:54:34.215763
Issue: operation-4xx-response | N/A
Message: Operation must have at least one `4XX` response. [path: paths./v1alpha2/{+registration}:resetAuthorizationCode.post.responses]
Location: N/A
Fixed: False
Source: System
Issue Source: redocly-validator
Issue Target: import-url_root-spec
Action: COULD NOT PROCESS: Issue definition for code 'operation-4xx-response' not found in registry.
--------------------------------------------------
Time: 2025-10-13T22:54:34.242876
Issue: operation-4xx-response | N/A
Message: Operation must have at least one `4XX` response. [path: paths./v1alpha2/{+registration}:retrieveAuthorizationCode.get.responses]
Location: N/A
Fixed: False
Source: System
Issue Source: redocly-validator
Issue Target: import-url_root-spec
Action: COULD NOT PROCESS: Issue definition for code 'operation-4xx-response' not found in registry.
--------------------------------------------------
Time: 2025-10-13T22:54:34.285878
Issue: operation-4xx-response | N/A
Message: Operation must have at least one `4XX` response. [path: paths./v1alpha2/{+registration}:retrieveGoogleDomainsDnsRecords.get.responses]
Location: N/A
Fixed: False
Source: System
Issue Source: redocly-validator
Issue Target: import-url_root-spec
Action: COULD NOT PROCESS: Issue definition for code 'operation-4xx-response' not found in registry.
--------------------------------------------------
Time: 2025-10-13T22:54:34.328278
Issue: operation-4xx-response | N/A
Message: Operation must have at least one `4XX` response. [path: paths./v1alpha2/{+registration}:retrieveGoogleDomainsForwardingConfig.get.responses]
Location: N/A
Fixed: False
Source: System
Issue Source: redocly-validator
Issue Target: import-url_root-spec
Action: COULD NOT PROCESS: Issue definition for code 'operation-4xx-response' not found in registry.
--------------------------------------------------
Time: 2025-10-13T22:54:34.370518
Issue: operation-4xx-response | N/A
Message: Operation must have at least one `4XX` response. [path: paths./v1alpha2/{+resource}:getIamPolicy.get.responses]
Location: N/A
Fixed: False
Source: System
Issue Source: redocly-validator
Issue Target: import-url_root-spec
Action: COULD NOT PROCESS: Issue definition for code 'operation-4xx-response' not found in registry.
--------------------------------------------------
Time: 2025-10-13T22:54:34.417592
Issue: operation-4xx-response | N/A
Message: Operation must have at least one `4XX` response. [path: paths./v1alpha2/{+resource}:setIamPolicy.post.responses]
Location: N/A
Fixed: False
Source: System
Issue Source: redocly-validator
Issue Target: import-url_root-spec
Action: COULD NOT PROCESS: Issue definition for code 'operation-4xx-response' not found in registry.
--------------------------------------------------
Time: 2025-10-13T22:54:34.464652
Issue: operation-4xx-response | N/A
Message: Operation must have at least one `4XX` response. [path: paths./v1alpha2/{+resource}:testIamPermissions.post.responses]
Location: N/A
Fixed: False
Source: System
Issue Source: redocly-validator
Issue Target: import-url_root-spec
Action: COULD NOT PROCESS: Issue definition for code 'operation-4xx-response' not found in registry.
--------------------------------------------------
Time: 2025-10-13T22:54:34.522627
Issue: no-unused-components | N/A
Message: Component: "OperationMetadata" is never used. [path: components.schemas.OperationMetadata]
Location: N/A
Fixed: False
Source: System
Issue Source: redocly-validator
Issue Target: import-url_root-spec
Action: COULD NOT PROCESS: Issue definition for code 'no-unused-components' not found in registry.
--------------------------------------------------
Time: 2025-10-13T22:54:34.544501
Issue: oas3-server-trailing-slash | N/A
Message: Server URL must not have trailing slash. [path: servers.0.url]
Location: N/A
Fixed: False
Source: System
Issue Source: spectral-validator
Issue Target: import-url_root-spec
Action: COULD NOT PROCESS: Issue definition for code 'oas3-server-trailing-slash' not found in registry.
--------------------------------------------------
Time: 2025-10-13T22:54:34.559044
Issue: path-params | N/A
Message: Parameter "location" must be used in path "/v1alpha2/{+location}/registrations:retrieveImportableDomains". [path: paths./v1alpha2/{+location}/registrations:retrieveImportableDomains.get.parameters.0]
Location: N/A
Fixed: False
Source: System
Issue Source: spectral-validator
Issue Target: import-url_root-spec
Action: COULD NOT PROCESS: Issue definition for code 'path-params' not found in registry.
--------------------------------------------------
Time: 2025-10-13T22:54:34.561115
Issue: path-params | N/A
Message: Parameter "location" must be used in path "/v1alpha2/{+location}/registrations:retrieveRegisterParameters". [path: paths./v1alpha2/{+location}/registrations:retrieveRegisterParameters.get.parameters.0]
Location: N/A
Fixed: False
Source: System
Issue Source: spectral-validator
Issue Target: import-url_root-spec
Action: COULD NOT PROCESS: Issue definition for code 'path-params' not found in registry.
--------------------------------------------------
Time: 2025-10-13T22:54:34.562977
Issue: path-params | N/A
Message: Parameter "location" must be used in path "/v1alpha2/{+location}/registrations:retrieveTransferParameters". [path: paths./v1alpha2/{+location}/registrations:retrieveTransferParameters.get.parameters.0]
Location: N/A
Fixed: False
Source: System
Issue Source: spectral-validator
Issue Target: import-url_root-spec
Action: COULD NOT PROCESS: Issue definition for code 'path-params' not found in registry.
--------------------------------------------------
Time: 2025-10-13T22:54:34.564696
Issue: path-params | N/A
Message: Parameter "location" must be used in path "/v1alpha2/{+location}/registrations:searchDomains". [path: paths./v1alpha2/{+location}/registrations:searchDomains.get.parameters.0]
Location: N/A
Fixed: False
Source: System
Issue Source: spectral-validator
Issue Target: import-url_root-spec
Action: COULD NOT PROCESS: Issue definition for code 'path-params' not found in registry.
--------------------------------------------------
Time: 2025-10-13T22:54:34.566139
Issue: path-params | N/A
Message: Parameter "name" must be used in path "/v1alpha2/{+name}". [path: paths./v1alpha2/{+name}.delete.parameters.0]
Location: N/A
Fixed: False
Source: System
Issue Source: spectral-validator
Issue Target: import-url_root-spec
Action: COULD NOT PROCESS: Issue definition for code 'path-params' not found in registry.
--------------------------------------------------
Time: 2025-10-13T22:54:34.567256
Issue: path-params | N/A
Message: Parameter "name" must be used in path "/v1alpha2/{+name}". [path: paths./v1alpha2/{+name}.get.parameters.0]
Location: N/A
Fixed: False
Source: System
Issue Source: spectral-validator
Issue Target: import-url_root-spec
Action: COULD NOT PROCESS: Issue definition for code 'path-params' not found in registry.
--------------------------------------------------
Time: 2025-10-13T22:54:34.568101
Issue: path-params | N/A
Message: Parameter "name" must be used in path "/v1alpha2/{+name}". [path: paths./v1alpha2/{+name}.patch.parameters.0]
Location: N/A
Fixed: False
Source: System
Issue Source: spectral-validator
Issue Target: import-url_root-spec
Action: COULD NOT PROCESS: Issue definition for code 'path-params' not found in registry.
--------------------------------------------------
Time: 2025-10-13T22:54:34.569697
Issue: path-params | N/A
Message: Parameter "name" must be used in path "/v1alpha2/{+name}/locations". [path: paths./v1alpha2/{+name}/locations.get.parameters.0]
Location: N/A
Fixed: False
Source: System
Issue Source: spectral-validator
Issue Target: import-url_root-spec
Action: COULD NOT PROCESS: Issue definition for code 'path-params' not found in registry.
--------------------------------------------------
Time: 2025-10-13T22:54:34.570604
Issue: path-params | N/A
Message: Parameter "name" must be used in path "/v1alpha2/{+name}/operations". [path: paths./v1alpha2/{+name}/operations.get.parameters.0]
Location: N/A
Fixed: False
Source: System
Issue Source: spectral-validator
Issue Target: import-url_root-spec
Action: COULD NOT PROCESS: Issue definition for code 'path-params' not found in registry.
--------------------------------------------------
Time: 2025-10-13T22:54:34.571847
Issue: path-params | N/A
Message: Parameter "name" must be used in path "/v1alpha2/{+name}:export". [path: paths./v1alpha2/{+name}:export.post.parameters.0]
Location: N/A
Fixed: False
Source: System
Issue Source: spectral-validator
Issue Target: import-url_root-spec
Action: COULD NOT PROCESS: Issue definition for code 'path-params' not found in registry.
--------------------------------------------------
Time: 2025-10-13T22:54:34.573011
Issue: path-params | N/A
Message: Parameter "parent" must be used in path "/v1alpha2/{+parent}/registrations". [path: paths./v1alpha2/{+parent}/registrations.get.parameters.0]
Location: N/A
Fixed: False
Source: System
Issue Source: spectral-validator
Issue Target: import-url_root-spec
Action: COULD NOT PROCESS: Issue definition for code 'path-params' not found in registry.
--------------------------------------------------
Time: 2025-10-13T22:54:34.574580
Issue: path-params | N/A
Message: Parameter "parent" must be used in path "/v1alpha2/{+parent}/registrations:import". [path: paths./v1alpha2/{+parent}/registrations:import.post.parameters.0]
Location: N/A
Fixed: False
Source: System
Issue Source: spectral-validator
Issue Target: import-url_root-spec
Action: COULD NOT PROCESS: Issue definition for code 'path-params' not found in registry.
--------------------------------------------------
Time: 2025-10-13T22:54:34.575724
Issue: path-params | N/A
Message: Parameter "parent" must be used in path "/v1alpha2/{+parent}/registrations:register". [path: paths./v1alpha2/{+parent}/registrations:register.post.parameters.0]
Location: N/A
Fixed: False
Source: System
Issue Source: spectral-validator
Issue Target: import-url_root-spec
Action: COULD NOT PROCESS: Issue definition for code 'path-params' not found in registry.
--------------------------------------------------
Time: 2025-10-13T22:54:34.577768
Issue: path-params | N/A
Message: Parameter "parent" must be used in path "/v1alpha2/{+parent}/registrations:transfer". [path: paths./v1alpha2/{+parent}/registrations:transfer.post.parameters.0]
Location: N/A
Fixed: False
Source: System
Issue Source: spectral-validator
Issue Target: import-url_root-spec
Action: COULD NOT PROCESS: Issue definition for code 'path-params' not found in registry.
--------------------------------------------------
Time: 2025-10-13T22:54:34.579411
Issue: path-params | N/A
Message: Parameter "registration" must be used in path "/v1alpha2/{+registration}:configureContactSettings". [path: paths./v1alpha2/{+registration}:configureContactSettings.post.parameters.0]
Location: N/A
Fixed: False
Source: System
Issue Source: spectral-validator
Issue Target: import-url_root-spec
Action: COULD NOT PROCESS: Issue definition for code 'path-params' not found in registry.
--------------------------------------------------
Time: 2025-10-13T22:54:34.580840
Issue: path-params | N/A
Message: Parameter "registration" must be used in path "/v1alpha2/{+registration}:configureDnsSettings". [path: paths./v1alpha2/{+registration}:configureDnsSettings.post.parameters.0]
Location: N/A
Fixed: False
Source: System
Issue Source: spectral-validator
Issue Target: import-url_root-spec
Action: COULD NOT PROCESS: Issue definition for code 'path-params' not found in registry.
--------------------------------------------------
Time: 2025-10-13T22:54:34.582407
Issue: path-params | N/A
Message: Parameter "registration" must be used in path "/v1alpha2/{+registration}:configureManagementSettings". [path: paths./v1alpha2/{+registration}:configureManagementSettings.post.parameters.0]
Location: N/A
Fixed: False
Source: System
Issue Source: spectral-validator
Issue Target: import-url_root-spec
Action: COULD NOT PROCESS: Issue definition for code 'path-params' not found in registry.
--------------------------------------------------
Time: 2025-10-13T22:54:34.583528
Issue: path-params | N/A
Message: Parameter "registration" must be used in path "/v1alpha2/{+registration}:initiatePushTransfer". [path: paths./v1alpha2/{+registration}:initiatePushTransfer.post.parameters.0]
Location: N/A
Fixed: False
Source: System
Issue Source: spectral-validator
Issue Target: import-url_root-spec
Action: COULD NOT PROCESS: Issue definition for code 'path-params' not found in registry.
--------------------------------------------------
Time: 2025-10-13T22:54:34.584693
Issue: path-params | N/A
Message: Parameter "registration" must be used in path "/v1alpha2/{+registration}:renewDomain". [path: paths./v1alpha2/{+registration}:renewDomain.post.parameters.0]
Location: N/A
Fixed: False
Source: System
Issue Source: spectral-validator
Issue Target: import-url_root-spec
Action: COULD NOT PROCESS: Issue definition for code 'path-params' not found in registry.
--------------------------------------------------
Time: 2025-10-13T22:54:34.586138
Issue: path-params | N/A
Message: Parameter "registration" must be used in path "/v1alpha2/{+registration}:resetAuthorizationCode". [path: paths./v1alpha2/{+registration}:resetAuthorizationCode.post.parameters.0]
Location: N/A
Fixed: False
Source: System
Issue Source: spectral-validator
Issue Target: import-url_root-spec
Action: COULD NOT PROCESS: Issue definition for code 'path-params' not found in registry.
--------------------------------------------------
Time: 2025-10-13T22:54:34.587665
Issue: path-params | N/A
Message: Parameter "registration" must be used in path "/v1alpha2/{+registration}:retrieveAuthorizationCode". [path: paths./v1alpha2/{+registration}:retrieveAuthorizationCode.get.parameters.0]
Location: N/A
Fixed: False
Source: System
Issue Source: spectral-validator
Issue Target: import-url_root-spec
Action: COULD NOT PROCESS: Issue definition for code 'path-params' not found in registry.
--------------------------------------------------
Time: 2025-10-13T22:54:34.588727
Issue: path-params | N/A
Message: Parameter "registration" must be used in path "/v1alpha2/{+registration}:retrieveGoogleDomainsDnsRecords". [path: paths./v1alpha2/{+registration}:retrieveGoogleDomainsDnsRecords.get.parameters.0]
Location: N/A
Fixed: False
Source: System
Issue Source: spectral-validator
Issue Target: import-url_root-spec
Action: COULD NOT PROCESS: Issue definition for code 'path-params' not found in registry.
--------------------------------------------------
Time: 2025-10-13T22:54:34.590090
Issue: path-params | N/A
Message: Parameter "registration" must be used in path "/v1alpha2/{+registration}:retrieveGoogleDomainsForwardingConfig". [path: paths./v1alpha2/{+registration}:retrieveGoogleDomainsForwardingConfig.get.parameters.0]
Location: N/A
Fixed: False
Source: System
Issue Source: spectral-validator
Issue Target: import-url_root-spec
Action: COULD NOT PROCESS: Issue definition for code 'path-params' not found in registry.
--------------------------------------------------
Time: 2025-10-13T22:54:34.591535
Issue: path-params | N/A
Message: Parameter "resource" must be used in path "/v1alpha2/{+resource}:getIamPolicy". [path: paths./v1alpha2/{+resource}:getIamPolicy.get.parameters.0]
Location: N/A
Fixed: False
Source: System
Issue Source: spectral-validator
Issue Target: import-url_root-spec
Action: COULD NOT PROCESS: Issue definition for code 'path-params' not found in registry.
--------------------------------------------------
Time: 2025-10-13T22:54:34.592959
Issue: path-params | N/A
Message: Parameter "resource" must be used in path "/v1alpha2/{+resource}:setIamPolicy". [path: paths./v1alpha2/{+resource}:setIamPolicy.post.parameters.0]
Location: N/A
Fixed: False
Source: System
Issue Source: spectral-validator
Issue Target: import-url_root-spec
Action: COULD NOT PROCESS: Issue definition for code 'path-params' not found in registry.
--------------------------------------------------
Time: 2025-10-13T22:54:34.593937
Issue: path-params | N/A
Message: Parameter "resource" must be used in path "/v1alpha2/{+resource}:testIamPermissions". [path: paths./v1alpha2/{+resource}:testIamPermissions.post.parameters.0]
Location: N/A
Fixed: False
Source: System
Issue Source: spectral-validator
Issue Target: import-url_root-spec
Action: COULD NOT PROCESS: Issue definition for code 'path-params' not found in registry.
--------------------------------------------------
Time: 2025-10-13T22:54:34.595210
Issue: no-$ref-siblings | N/A
Message: $ref must not be placed next to any other properties [path: components.schemas.Binding.properties.condition.description]
Location: N/A
Fixed: False
Source: System
Issue Source: spectral-validator
Issue Target: import-url_root-spec
Action: COULD NOT PROCESS: Issue definition for code 'no-$ref-siblings' not found in registry.
--------------------------------------------------
Time: 2025-10-13T22:54:34.596604
Issue: no-$ref-siblings | N/A
Message: $ref must not be placed next to any other properties [path: components.schemas.ConfigureContactSettingsRequest.properties.contactSettings.description]
Location: N/A
Fixed: False
Source: System
Issue Source: spectral-validator
Issue Target: import-url_root-spec
Action: COULD NOT PROCESS: Issue definition for code 'no-$ref-siblings' not found in registry.
--------------------------------------------------
Time: 2025-10-13T22:54:34.597701
Issue: no-$ref-siblings | N/A
Message: $ref must not be placed next to any other properties [path: components.schemas.ConfigureDnsSettingsRequest.properties.dnsSettings.description]
Location: N/A
Fixed: False
Source: System
Issue Source: spectral-validator
Issue Target: import-url_root-spec
Action: COULD NOT PROCESS: Issue definition for code 'no-$ref-siblings' not found in registry.
--------------------------------------------------
Time: 2025-10-13T22:54:34.598750
Issue: no-$ref-siblings | N/A
Message: $ref must not be placed next to any other properties [path: components.schemas.ConfigureManagementSettingsRequest.properties.managementSettings.description]
Location: N/A
Fixed: False
Source: System
Issue Source: spectral-validator
Issue Target: import-url_root-spec
Action: COULD NOT PROCESS: Issue definition for code 'no-$ref-siblings' not found in registry.
--------------------------------------------------
Time: 2025-10-13T22:54:34.600050
Issue: no-$ref-siblings | N/A
Message: $ref must not be placed next to any other properties [path: components.schemas.Contact.properties.postalAddress.description]
Location: N/A
Fixed: False
Source: System
Issue Source: spectral-validator
Issue Target: import-url_root-spec
Action: COULD NOT PROCESS: Issue definition for code 'no-$ref-siblings' not found in registry.
--------------------------------------------------
Time: 2025-10-13T22:54:34.601260
Issue: no-$ref-siblings | N/A
Message: $ref must not be placed next to any other properties [path: components.schemas.ContactSettings.properties.adminContact.description]
Location: N/A
Fixed: False
Source: System
Issue Source: spectral-validator
Issue Target: import-url_root-spec
Action: COULD NOT PROCESS: Issue definition for code 'no-$ref-siblings' not found in registry.
--------------------------------------------------
Time: 2025-10-13T22:54:34.602558
Issue: oas3-schema | N/A
Message: Property "enumDeprecated" is not expected to be here. [path: components.schemas.ContactSettings.properties.privacy.enumDeprecated]
Location: N/A
Fixed: False
Source: System
Issue Source: spectral-validator
Issue Target: import-url_root-spec
Action: COULD NOT PROCESS: Issue definition for code 'oas3-schema' not found in registry.
--------------------------------------------------
Time: 2025-10-13T22:54:34.603652
Issue: no-$ref-siblings | N/A
Message: $ref must not be placed next to any other properties [path: components.schemas.ContactSettings.properties.registrantContact.description]
Location: N/A
Fixed: False
Source: System
Issue Source: spectral-validator
Issue Target: import-url_root-spec
Action: COULD NOT PROCESS: Issue definition for code 'no-$ref-siblings' not found in registry.
--------------------------------------------------
Time: 2025-10-13T22:54:34.604883
Issue: no-$ref-siblings | N/A
Message: $ref must not be placed next to any other properties [path: components.schemas.ContactSettings.properties.technicalContact.description]
Location: N/A
Fixed: False
Source: System
Issue Source: spectral-validator
Issue Target: import-url_root-spec
Action: COULD NOT PROCESS: Issue definition for code 'no-$ref-siblings' not found in registry.
--------------------------------------------------
Time: 2025-10-13T22:54:34.606325
Issue: no-$ref-siblings | N/A
Message: $ref must not be placed next to any other properties [path: components.schemas.DnsSettings.properties.customDns.description]
Location: N/A
Fixed: False
Source: System
Issue Source: spectral-validator
Issue Target: import-url_root-spec
Action: COULD NOT PROCESS: Issue definition for code 'no-$ref-siblings' not found in registry.
--------------------------------------------------
Time: 2025-10-13T22:54:34.607557
Issue: no-$ref-siblings | N/A
Message: $ref must not be placed next to any other properties [path: components.schemas.DnsSettings.properties.googleDomainsDns.deprecated]
Location: N/A
Fixed: False
Source: System
Issue Source: spectral-validator
Issue Target: import-url_root-spec
Action: COULD NOT PROCESS: Issue definition for code 'no-$ref-siblings' not found in registry.
--------------------------------------------------
Time: 2025-10-13T22:54:34.609164
Issue: no-$ref-siblings | N/A
Message: $ref must not be placed next to any other properties [path: components.schemas.DnsSettings.properties.googleDomainsDns.description]
Location: N/A
Fixed: False
Source: System
Issue Source: spectral-validator
Issue Target: import-url_root-spec
Action: COULD NOT PROCESS: Issue definition for code 'no-$ref-siblings' not found in registry.
--------------------------------------------------
Time: 2025-10-13T22:54:34.610392
Issue: no-$ref-siblings | N/A
Message: $ref must not be placed next to any other properties [path: components.schemas.Domain.properties.yearlyPrice.description]
Location: N/A
Fixed: False
Source: System
Issue Source: spectral-validator
Issue Target: import-url_root-spec
Action: COULD NOT PROCESS: Issue definition for code 'no-$ref-siblings' not found in registry.
--------------------------------------------------
Time: 2025-10-13T22:54:34.611355
Issue: no-$ref-siblings | N/A
Message: $ref must not be placed next to any other properties [path: components.schemas.GeoPolicyItem.properties.healthCheckedTargets.description]
Location: N/A
Fixed: False
Source: System
Issue Source: spectral-validator
Issue Target: import-url_root-spec
Action: COULD NOT PROCESS: Issue definition for code 'no-$ref-siblings' not found in registry.
--------------------------------------------------
Time: 2025-10-13T22:54:34.612177
Issue: oas3-schema | N/A
Message: Property "enumDeprecated" is not expected to be here. [path: components.schemas.ManagementSettings.properties.preferredRenewalMethod.enumDeprecated]
Location: N/A
Fixed: False
Source: System
Issue Source: spectral-validator
Issue Target: import-url_root-spec
Action: COULD NOT PROCESS: Issue definition for code 'oas3-schema' not found in registry.
--------------------------------------------------
Time: 2025-10-13T22:54:34.613603
Issue: oas3-schema | N/A
Message: Property "enumDeprecated" is not expected to be here. [path: components.schemas.ManagementSettings.properties.renewalMethod.enumDeprecated]
Location: N/A
Fixed: False
Source: System
Issue Source: spectral-validator
Issue Target: import-url_root-spec
Action: COULD NOT PROCESS: Issue definition for code 'oas3-schema' not found in registry.
--------------------------------------------------
Time: 2025-10-13T22:54:34.614920
Issue: no-$ref-siblings | N/A
Message: $ref must not be placed next to any other properties [path: components.schemas.Operation.properties.error.description]
Location: N/A
Fixed: False
Source: System
Issue Source: spectral-validator
Issue Target: import-url_root-spec
Action: COULD NOT PROCESS: Issue definition for code 'no-$ref-siblings' not found in registry.
--------------------------------------------------
Time: 2025-10-13T22:54:34.616153
Issue: oas3-unused-component | N/A
Message: Potentially unused component has been detected. [path: components.schemas.OperationMetadata]
Location: N/A
Fixed: False
Source: System
Issue Source: spectral-validator
Issue Target: import-url_root-spec
Action: COULD NOT PROCESS: Issue definition for code 'oas3-unused-component' not found in registry.
--------------------------------------------------
Time: 2025-10-13T22:54:34.618569
Issue: no-$ref-siblings | N/A
Message: $ref must not be placed next to any other properties [path: components.schemas.PrimaryBackupPolicy.properties.backupGeoTargets.description]
Location: N/A
Fixed: False
Source: System
Issue Source: spectral-validator
Issue Target: import-url_root-spec
Action: COULD NOT PROCESS: Issue definition for code 'no-$ref-siblings' not found in registry.
--------------------------------------------------
Time: 2025-10-13T22:54:34.620053
Issue: no-$ref-siblings | N/A
Message: $ref must not be placed next to any other properties [path: components.schemas.PrimaryBackupPolicy.properties.primaryTargets.description]
Location: N/A
Fixed: False
Source: System
Issue Source: spectral-validator
Issue Target: import-url_root-spec
Action: COULD NOT PROCESS: Issue definition for code 'no-$ref-siblings' not found in registry.
--------------------------------------------------
Time: 2025-10-13T22:54:34.621944
Issue: no-$ref-siblings | N/A
Message: $ref must not be placed next to any other properties [path: components.schemas.RRSetRoutingPolicy.properties.geoPolicy.deprecated]
Location: N/A
Fixed: False
Source: System
Issue Source: spectral-validator
Issue Target: import-url_root-spec
Action: COULD NOT PROCESS: Issue definition for code 'no-$ref-siblings' not found in registry.
--------------------------------------------------
Time: 2025-10-13T22:54:34.623549
Issue: no-$ref-siblings | N/A
Message: $ref must not be placed next to any other properties [path: components.schemas.RRSetRoutingPolicy.properties.wrrPolicy.deprecated]
Location: N/A
Fixed: False
Source: System
Issue Source: spectral-validator
Issue Target: import-url_root-spec
Action: COULD NOT PROCESS: Issue definition for code 'no-$ref-siblings' not found in registry.
--------------------------------------------------
Time: 2025-10-13T22:54:34.625503
Issue: no-$ref-siblings | N/A
Message: $ref must not be placed next to any other properties [path: components.schemas.RegisterDomainRequest.properties.registration.description]
Location: N/A
Fixed: False
Source: System
Issue Source: spectral-validator
Issue Target: import-url_root-spec
Action: COULD NOT PROCESS: Issue definition for code 'no-$ref-siblings' not found in registry.
--------------------------------------------------
Time: 2025-10-13T22:54:34.627571
Issue: no-$ref-siblings | N/A
Message: $ref must not be placed next to any other properties [path: components.schemas.RegisterDomainRequest.properties.yearlyPrice.description]
Location: N/A
Fixed: False
Source: System
Issue Source: spectral-validator
Issue Target: import-url_root-spec
Action: COULD NOT PROCESS: Issue definition for code 'no-$ref-siblings' not found in registry.
--------------------------------------------------
Time: 2025-10-13T22:54:34.628710
Issue: oas3-schema | N/A
Message: Property "enumDeprecated" is not expected to be here. [path: components.schemas.RegisterParameters.properties.supportedPrivacy.items.enumDeprecated]
Location: N/A
Fixed: False
Source: System
Issue Source: spectral-validator
Issue Target: import-url_root-spec
Action: COULD NOT PROCESS: Issue definition for code 'oas3-schema' not found in registry.
--------------------------------------------------
Time: 2025-10-13T22:54:34.630157
Issue: no-$ref-siblings | N/A
Message: $ref must not be placed next to any other properties [path: components.schemas.RegisterParameters.properties.yearlyPrice.description]
Location: N/A
Fixed: False
Source: System
Issue Source: spectral-validator
Issue Target: import-url_root-spec
Action: COULD NOT PROCESS: Issue definition for code 'no-$ref-siblings' not found in registry.
--------------------------------------------------
Time: 2025-10-13T22:54:34.632706
Issue: no-$ref-siblings | N/A
Message: $ref must not be placed next to any other properties [path: components.schemas.Registration.properties.contactSettings.description]
Location: N/A
Fixed: False
Source: System
Issue Source: spectral-validator
Issue Target: import-url_root-spec
Action: COULD NOT PROCESS: Issue definition for code 'no-$ref-siblings' not found in registry.
--------------------------------------------------
Time: 2025-10-13T22:54:34.634356
Issue: no-$ref-siblings | N/A
Message: $ref must not be placed next to any other properties [path: components.schemas.Registration.properties.dnsSettings.description]
Location: N/A
Fixed: False
Source: System
Issue Source: spectral-validator
Issue Target: import-url_root-spec
Action: COULD NOT PROCESS: Issue definition for code 'no-$ref-siblings' not found in registry.
--------------------------------------------------
Time: 2025-10-13T22:54:34.635545
Issue: no-$ref-siblings | N/A
Message: $ref must not be placed next to any other properties [path: components.schemas.Registration.properties.managementSettings.description]
Location: N/A
Fixed: False
Source: System
Issue Source: spectral-validator
Issue Target: import-url_root-spec
Action: COULD NOT PROCESS: Issue definition for code 'no-$ref-siblings' not found in registry.
--------------------------------------------------
Time: 2025-10-13T22:54:34.636856
Issue: no-$ref-siblings | N/A
Message: $ref must not be placed next to any other properties [path: components.schemas.Registration.properties.pendingContactSettings.description]
Location: N/A
Fixed: False
Source: System
Issue Source: spectral-validator
Issue Target: import-url_root-spec
Action: COULD NOT PROCESS: Issue definition for code 'no-$ref-siblings' not found in registry.
--------------------------------------------------
Time: 2025-10-13T22:54:34.638210
Issue: no-$ref-siblings | N/A
Message: $ref must not be placed next to any other properties [path: components.schemas.Registration.properties.pendingContactSettings.readOnly]
Location: N/A
Fixed: False
Source: System
Issue Source: spectral-validator
Issue Target: import-url_root-spec
Action: COULD NOT PROCESS: Issue definition for code 'no-$ref-siblings' not found in registry.
--------------------------------------------------
Time: 2025-10-13T22:54:34.639934
Issue: oas3-schema | N/A
Message: Property "enumDeprecated" is not expected to be here. [path: components.schemas.Registration.properties.state.enumDeprecated]
Location: N/A
Fixed: False
Source: System
Issue Source: spectral-validator
Issue Target: import-url_root-spec
Action: COULD NOT PROCESS: Issue definition for code 'oas3-schema' not found in registry.
--------------------------------------------------
Time: 2025-10-13T22:54:34.641204
Issue: oas3-schema | N/A
Message: Property "enumDeprecated" is not expected to be here. [path: components.schemas.Registration.properties.supportedPrivacy.items.enumDeprecated]
Location: N/A
Fixed: False
Source: System
Issue Source: spectral-validator
Issue Target: import-url_root-spec
Action: COULD NOT PROCESS: Issue definition for code 'oas3-schema' not found in registry.
--------------------------------------------------
Time: 2025-10-13T22:54:34.642624
Issue: no-$ref-siblings | N/A
Message: $ref must not be placed next to any other properties [path: components.schemas.RenewDomainRequest.properties.yearlyPrice.description]
Location: N/A
Fixed: False
Source: System
Issue Source: spectral-validator
Issue Target: import-url_root-spec
Action: COULD NOT PROCESS: Issue definition for code 'no-$ref-siblings' not found in registry.
--------------------------------------------------
Time: 2025-10-13T22:54:34.644193
Issue: no-$ref-siblings | N/A
Message: $ref must not be placed next to any other properties [path: components.schemas.ResourceRecordSet.properties.routingPolicy.description]
Location: N/A
Fixed: False
Source: System
Issue Source: spectral-validator
Issue Target: import-url_root-spec
Action: COULD NOT PROCESS: Issue definition for code 'no-$ref-siblings' not found in registry.
--------------------------------------------------
Time: 2025-10-13T22:54:34.644953
Issue: no-$ref-siblings | N/A
Message: $ref must not be placed next to any other properties [path: components.schemas.RetrieveRegisterParametersResponse.properties.registerParameters.description]
Location: N/A
Fixed: False
Source: System
Issue Source: spectral-validator
Issue Target: import-url_root-spec
Action: COULD NOT PROCESS: Issue definition for code 'no-$ref-siblings' not found in registry.
--------------------------------------------------
Time: 2025-10-13T22:54:34.645556
Issue: no-$ref-siblings | N/A
Message: $ref must not be placed next to any other properties [path: components.schemas.RetrieveTransferParametersResponse.properties.transferParameters.description]
Location: N/A
Fixed: False
Source: System
Issue Source: spectral-validator
Issue Target: import-url_root-spec
Action: COULD NOT PROCESS: Issue definition for code 'no-$ref-siblings' not found in registry.
--------------------------------------------------
Time: 2025-10-13T22:54:34.646653
Issue: no-$ref-siblings | N/A
Message: $ref must not be placed next to any other properties [path: components.schemas.SetIamPolicyRequest.properties.policy.description]
Location: N/A
Fixed: False
Source: System
Issue Source: spectral-validator
Issue Target: import-url_root-spec
Action: COULD NOT PROCESS: Issue definition for code 'no-$ref-siblings' not found in registry.
--------------------------------------------------
Time: 2025-10-13T22:54:34.649401
Issue: no-$ref-siblings | N/A
Message: $ref must not be placed next to any other properties [path: components.schemas.TransferDomainRequest.properties.authorizationCode.description]
Location: N/A
Fixed: False
Source: System
Issue Source: spectral-validator
Issue Target: import-url_root-spec
Action: COULD NOT PROCESS: Issue definition for code 'no-$ref-siblings' not found in registry.
--------------------------------------------------
Time: 2025-10-13T22:54:34.652530
Issue: no-$ref-siblings | N/A
Message: $ref must not be placed next to any other properties [path: components.schemas.TransferDomainRequest.properties.registration.description]
Location: N/A
Fixed: False
Source: System
Issue Source: spectral-validator
Issue Target: import-url_root-spec
Action: COULD NOT PROCESS: Issue definition for code 'no-$ref-siblings' not found in registry.
--------------------------------------------------
Time: 2025-10-13T22:54:34.654412
Issue: no-$ref-siblings | N/A
Message: $ref must not be placed next to any other properties [path: components.schemas.TransferDomainRequest.properties.yearlyPrice.description]
Location: N/A
Fixed: False
Source: System
Issue Source: spectral-validator
Issue Target: import-url_root-spec
Action: COULD NOT PROCESS: Issue definition for code 'no-$ref-siblings' not found in registry.
--------------------------------------------------
Time: 2025-10-13T22:54:34.657728
Issue: oas3-schema | N/A
Message: Property "enumDeprecated" is not expected to be here. [path: components.schemas.TransferParameters.properties.supportedPrivacy.items.enumDeprecated]
Location: N/A
Fixed: False
Source: System
Issue Source: spectral-validator
Issue Target: import-url_root-spec
Action: COULD NOT PROCESS: Issue definition for code 'oas3-schema' not found in registry.
--------------------------------------------------
Time: 2025-10-13T22:54:34.660698
Issue: no-$ref-siblings | N/A
Message: $ref must not be placed next to any other properties [path: components.schemas.TransferParameters.properties.yearlyPrice.description]
Location: N/A
Fixed: False
Source: System
Issue Source: spectral-validator
Issue Target: import-url_root-spec
Action: COULD NOT PROCESS: Issue definition for code 'no-$ref-siblings' not found in registry.
--------------------------------------------------
Time: 2025-10-13T22:54:34.663138
Issue: no-$ref-siblings | N/A
Message: $ref must not be placed next to any other properties [path: components.schemas.WrrPolicyItem.properties.healthCheckedTargets.description]
Location: N/A
Fixed: False
Source: System
Issue Source: spectral-validator
Issue Target: import-url_root-spec
Action: COULD NOT PROCESS: Issue definition for code 'no-$ref-siblings' not found in registry.
