Repair Log
Processed Timestamp: 2025-10-13T22:53:04.645602

--------------------------------------------------
Time: 2025-10-13T22:53:03.948759
Issue: oneOf | N/A
Message: {'description': 'Common model for database resource health signal data.', 'properties': {'additionalMetadata': {'additionalProperties': {'description': 'Properties of the object.'}, 'description': 'Any other additional metadata', 'type': 'object'}, 'compliance': {'description': 'Industry standards associated with this signal; if this signal is an issue, that could be a violation of the associated industry standard(s). For example, AUTO_BACKUP_DISABLED signal is associated with CIS GCP 1.1, CIS GCP 1.2, CIS GCP 1.3, NIST 800-53 and ISO-27001 compliance standards. If a database resource does not have automated backup enable, it will violate these following industry standards.', 'items': {'$ref': '#/components/schemas/Compliance'}, 'type': 'array'}, 'description': {'description': 'Description associated with signal', 'type': 'string'}, 'eventTime': {'description': 'Required. The last time at which the event described by this signal took place', 'format': 'google-datetime', 'type': 'string'}, 'externalUri': {'description': 'The external-uri of the signal, using which more information about this signal can be obtained. In GCP, this will take user to SCC page to get more details about signals.', 'type': 'string'}, 'name': {'description': 'Required. The name of the signal, ex: PUBLIC_SQL_INSTANCE, SQL_LOG_ERROR_VERBOSITY etc.', 'type': 'string'}, 'provider': {'description': 'Cloud provider name. Ex: GCP/AWS/Azure/OnPrem/SelfManaged', 'enum': ['PROVIDER_UNSPECIFIED', 'GCP', 'AWS', 'AZURE', 'ONPREM', 'SELFMANAGED', 'PROVIDER_OTHER'], 'type': 'string'}, 'resourceContainer': {'description': 'Closest parent container of this resource. In GCP, \'container\' refers to a Cloud Resource Manager project. It must be resource name of a Cloud Resource Manager project with the format of "provider//", such as "projects/123". For GCP provided resources, number should be project number.', 'type': 'string'}, 'resourceName': {'description': 'Required. Database resource name associated with the signal. Resource name to follow CAIS resource_name format as noted here go/condor-common-datamodel', 'type': 'string'}, 'signalClass': {'description': "Required. The class of the signal, such as if it's a THREAT or VULNERABILITY.", 'enum': ['CLASS_UNSPECIFIED', 'THREAT', 'VULNERABILITY', 'MISCONFIGURATION', 'OBSERVATION', 'ERROR'], 'type': 'string'}, 'signalId': {'description': 'Required. Unique identifier for the signal. This is an unique id which would be mainatined by partner to identify a signal.', 'type': 'string'}, 'signalSeverity': {'description': "The severity of the signal, such as if it's a HIGH or LOW severity.", 'enum': ['SIGNAL_SEVERITY_UNSPECIFIED', 'CRITICAL', 'HIGH', 'MEDIUM', 'LOW'], 'type': 'string'}, 'signalType': {'description': 'Required. Type of signal, for example, `AVAILABLE_IN_MULTIPLE_ZONES`, `LOGGING_MOST_ERRORS`, etc.', 'enum': ['SIGNAL_TYPE_UNSPECIFIED', 'SIGNAL_TYPE_NOT_PROTECTED_BY_AUTOMATIC_FAILOVER', 'SIGNAL_TYPE_GROUP_NOT_REPLICATING_ACROSS_REGIONS', 'SIGNAL_TYPE_NOT_AVAILABLE_IN_MULTIPLE_ZONES', 'SIGNAL_TYPE_NOT_AVAILABLE_IN_MULTIPLE_REGIONS', 'SIGNAL_TYPE_NO_PROMOTABLE_REPLICA', 'SIGNAL_TYPE_NO_AUTOMATED_BACKUP_POLICY', 'SIGNAL_TYPE_SHORT_BACKUP_RETENTION', 'SIGNAL_TYPE_LAST_BACKUP_FAILED', 'SIGNAL_TYPE_LAST_BACKUP_OLD', 'SIGNAL_TYPE_VIOLATES_CIS_GCP_FOUNDATION_2_0', 'SIGNAL_TYPE_VIOLATES_CIS_GCP_FOUNDATION_1_3', 'SIGNAL_TYPE_VIOLATES_CIS_GCP_FOUNDATION_1_2', 'SIGNAL_TYPE_VIOLATES_CIS_GCP_FOUNDATION_1_1', 'SIGNAL_TYPE_VIOLATES_CIS_GCP_FOUNDATION_1_0', 'SIGNAL_TYPE_VIOLATES_CIS_CONTROLS_V8_0', 'SIGNAL_TYPE_VIOLATES_NIST_800_53', 'SIGNAL_TYPE_VIOLATES_NIST_800_53_R5', 'SIGNAL_TYPE_VIOLATES_NIST_CYBERSECURITY_FRAMEWORK_V1_0', 'SIGNAL_TYPE_VIOLATES_ISO_27001', 'SIGNAL_TYPE_VIOLATES_ISO_27001_V2022', 'SIGNAL_TYPE_VIOLATES_PCI_DSS_V3_2_1', 'SIGNAL_TYPE_VIOLATES_PCI_DSS_V4_0', 'SIGNAL_TYPE_VIOLATES_CLOUD_CONTROLS_MATRIX_V4', 'SIGNAL_TYPE_VIOLATES_HIPAA', 'SIGNAL_TYPE_VIOLATES_SOC2_V2017', 'SIGNAL_TYPE_LOGS_NOT_OPTIMIZED_FOR_TROUBLESHOOTING', 'SIGNAL_TYPE_QUERY_DURATIONS_NOT_LOGGED', 'SIGNAL_TYPE_VERBOSE_ERROR_LOGGING', 'SIGNAL_TYPE_QUERY_LOCK_WAITS_NOT_LOGGED', 'SIGNAL_TYPE_LOGGING_MOST_ERRORS', 'SIGNAL_TYPE_LOGGING_ONLY_CRITICAL_ERRORS', 'SIGNAL_TYPE_MINIMAL_ERROR_LOGGING', 'SIGNAL_TYPE_QUERY_STATISTICS_LOGGED', 'SIGNAL_TYPE_EXCESSIVE_LOGGING_OF_CLIENT_HOSTNAME', 'SIGNAL_TYPE_EXCESSIVE_LOGGING_OF_PARSER_STATISTICS', 'SIGNAL_TYPE_EXCESSIVE_LOGGING_OF_PLANNER_STATISTICS', 'SIGNAL_TYPE_NOT_LOGGING_ONLY_DDL_STATEMENTS', 'SIGNAL_TYPE_LOGGING_QUERY_STATISTICS', 'SIGNAL_TYPE_NOT_LOGGING_TEMPORARY_FILES', 'SIGNAL_TYPE_CONNECTION_MAX_NOT_CONFIGURED', 'SIGNAL_TYPE_USER_OPTIONS_CONFIGURED', 'SIGNAL_TYPE_EXPOSED_TO_PUBLIC_ACCESS', 'SIGNAL_TYPE_UNENCRYPTED_CONNECTIONS', 'SIGNAL_TYPE_NO_ROOT_PASSWORD', 'SIGNAL_TYPE_WEAK_ROOT_PASSWORD', 'SIGNAL_TYPE_ENCRYPTION_KEY_NOT_CUSTOMER_MANAGED', 'SIGNAL_TYPE_SERVER_AUTHENTICATION_NOT_REQUIRED', 'SIGNAL_TYPE_EXPOSED_BY_OWNERSHIP_CHAINING', 'SIGNAL_TYPE_EXPOSED_TO_EXTERNAL_SCRIPTS', 'SIGNAL_TYPE_EXPOSED_TO_LOCAL_DATA_LOADS', 'SIGNAL_TYPE_CONNECTION_ATTEMPTS_NOT_LOGGED', 'SIGNAL_TYPE_DISCONNECTIONS_NOT_LOGGED', 'SIGNAL_TYPE_LOGGING_EXCESSIVE_STATEMENT_INFO', 'SIGNAL_TYPE_EXPOSED_TO_REMOTE_ACCESS', 'SIGNAL_TYPE_DATABASE_NAMES_EXPOSED', 'SIGNAL_TYPE_SENSITIVE_TRACE_INFO_NOT_MASKED', 'SIGNAL_TYPE_PUBLIC_IP_ENABLED', 'SIGNAL_TYPE_IDLE', 'SIGNAL_TYPE_OVERPROVISIONED', 'SIGNAL_TYPE_HIGH_NUMBER_OF_OPEN_TABLES', 'SIGNAL_TYPE_HIGH_NUMBER_OF_TABLES', 'SIGNAL_TYPE_HIGH_TRANSACTION_ID_UTILIZATION', 'SIGNAL_TYPE_UNDERPROVISIONED', 'SIGNAL_TYPE_OUT_OF_DISK', 'SIGNAL_TYPE_SERVER_CERTIFICATE_NEAR_EXPIRY', 'SIGNAL_TYPE_DATABASE_AUDITING_DISABLED', 'SIGNAL_TYPE_RESTRICT_AUTHORIZED_NETWORKS', 'SIGNAL_TYPE_VIOLATE_POLICY_RESTRICT_PUBLIC_IP', 'SIGNAL_TYPE_QUOTA_LIMIT', 'SIGNAL_TYPE_NO_PASSWORD_POLICY', 'SIGNAL_TYPE_CONNECTIONS_PERFORMANCE_IMPACT', 'SIGNAL_TYPE_TMP_TABLES_PERFORMANCE_IMPACT', 'SIGNAL_TYPE_TRANS_LOGS_PERFORMANCE_IMPACT', 'SIGNAL_TYPE_HIGH_JOINS_WITHOUT_INDEXES', 'SIGNAL_TYPE_SUPERUSER_WRITING_TO_USER_TABLES', 'SIGNAL_TYPE_USER_GRANTED_ALL_PERMISSIONS', 'SIGNAL_TYPE_DATA_EXPORT_TO_EXTERNAL_CLOUD_STORAGE_BUCKET', 'SIGNAL_TYPE_DATA_EXPORT_TO_PUBLIC_CLOUD_STORAGE_BUCKET', 'SIGNAL_TYPE_WEAK_PASSWORD_HASH_ALGORITHM', 'SIGNAL_TYPE_NO_USER_PASSWORD_POLICY', 'SIGNAL_TYPE_HOT_NODE', 'SIGNAL_TYPE_NO_POINT_IN_TIME_RECOVERY', 'SIGNAL_TYPE_RESOURCE_SUSPENDED', 'SIGNAL_TYPE_EXPENSIVE_COMMANDS', 'SIGNAL_TYPE_NO_MAINTENANCE_POLICY_CONFIGURED', 'SIGNAL_TYPE_NO_DELETION_PROTECTION', 'SIGNAL_TYPE_INEFFICIENT_QUERY', 'SIGNAL_TYPE_READ_INTENSIVE_WORKLOAD', 'SIGNAL_TYPE_MEMORY_LIMIT'], 'enumDeprecated': [False, False, False, True, True, False, False, False, False, False, False, False, False, False, False, False, False, False, False, False, False, False, False, False, False, False, False, False, False, False, False, False, False, False, False, False, False, False, False, False, False, False, False, False, False, False, False, False, False, False, False, False, False, False, False, False, False, False, False, False, False, False, False, False, False, False, False, False, False, False, False, False, False, False, False, False, False, False, False, False, False, False, False, False, False, False, False, False, False, False], 'type': 'string'}, 'state': {'enum': ['STATE_UNSPECIFIED', 'ACTIVE', 'RESOLVED', 'MUTED'], 'type': 'string'}}, 'type': 'object'} is not valid under any of the given schemas
Location: N/A
Fixed: False
Source: System
Issue Source: openapi-spec-validator
Issue Target: import-url_root-spec
Action: COULD NOT PROCESS: Issue definition for code 'oneOf' not found in registry.
--------------------------------------------------
Time: 2025-10-13T22:53:03.948903
Issue: oneOf | N/A
Message: {'description': 'Common model for database resource instance metadata. Next ID: 25', 'properties': {'availabilityConfiguration': {'$ref': '#/components/schemas/AvailabilityConfiguration', 'description': 'Availability configuration for this instance'}, 'backupConfiguration': {'$ref': '#/components/schemas/BackupConfiguration', 'description': 'Backup configuration for this instance'}, 'backupRun': {'$ref': '#/components/schemas/BackupRun', 'description': 'Latest backup run information for this instance'}, 'creationTime': {'description': 'The creation time of the resource, i.e. the time when resource is created and recorded in partner service.', 'format': 'google-datetime', 'type': 'string'}, 'currentState': {'description': 'Current state of the instance.', 'enum': ['STATE_UNSPECIFIED', 'HEALTHY', 'UNHEALTHY', 'SUSPENDED', 'DELETED', 'STATE_OTHER'], 'type': 'string'}, 'customMetadata': {'$ref': '#/components/schemas/CustomMetadataData', 'description': 'Any custom metadata associated with the resource'}, 'edition': {'description': 'Optional. Edition represents whether the instance is ENTERPRISE or ENTERPRISE_PLUS. This information is core to Cloud SQL only and is used to identify the edition of the instance.', 'enum': ['EDITION_UNSPECIFIED', 'EDITION_ENTERPRISE', 'EDITION_ENTERPRISE_PLUS'], 'type': 'string'}, 'entitlements': {'description': 'Entitlements associated with the resource', 'items': {'$ref': '#/components/schemas/Entitlement'}, 'type': 'array'}, 'expectedState': {'description': 'The state that the instance is expected to be in. For example, an instance state can transition to UNHEALTHY due to wrong patch update, while the expected state will remain at the HEALTHY.', 'enum': ['STATE_UNSPECIFIED', 'HEALTHY', 'UNHEALTHY', 'SUSPENDED', 'DELETED', 'STATE_OTHER'], 'type': 'string'}, 'gcbdrConfiguration': {'$ref': '#/components/schemas/GCBDRConfiguration', 'description': 'GCBDR configuration for the resource.'}, 'id': {'$ref': '#/components/schemas/DatabaseResourceId', 'description': 'Required. Unique identifier for a Database resource'}, 'instanceType': {'description': 'The type of the instance. Specified at creation time.', 'enum': ['INSTANCE_TYPE_UNSPECIFIED', 'SUB_RESOURCE_TYPE_UNSPECIFIED', 'PRIMARY', 'SECONDARY', 'READ_REPLICA', 'OTHER', 'SUB_RESOURCE_TYPE_PRIMARY', 'SUB_RESOURCE_TYPE_SECONDARY', 'SUB_RESOURCE_TYPE_READ_REPLICA', 'SUB_RESOURCE_TYPE_EXTERNAL_PRIMARY', 'SUB_RESOURCE_TYPE_OTHER'], 'enumDeprecated': [True, False, True, True, True, True, False, False, False, False, False], 'type': 'string'}, 'location': {'description': 'The resource location. REQUIRED', 'type': 'string'}, 'machineConfiguration': {'$ref': '#/components/schemas/MachineConfiguration', 'description': 'Machine configuration for this resource.'}, 'primaryResourceId': {'$ref': '#/components/schemas/DatabaseResourceId', 'description': "Identifier for this resource's immediate parent/primary resource if the current resource is a replica or derived form of another Database resource. Else it would be NULL. REQUIRED if the immediate parent exists when first time resource is getting ingested, otherwise optional."}, 'primaryResourceLocation': {'description': 'Primary resource location. REQUIRED if the immediate parent exists when first time resource is getting ingested, otherwise optional.', 'type': 'string'}, 'product': {'$ref': '#/components/schemas/Product', 'description': 'The product this resource represents.'}, 'resourceContainer': {'description': 'Closest parent Cloud Resource Manager container of this resource. It must be resource name of a Cloud Resource Manager project with the format of "/", such as "projects/123". For GCP provided resources, number should be project number.', 'type': 'string'}, 'resourceName': {'description': 'Required. Different from DatabaseResourceId.unique_id, a resource name can be reused over time. That is, after a resource named "ABC" is deleted, the name "ABC" can be used to to create a new resource within the same source. Resource name to follow CAIS resource_name format as noted here go/condor-common-datamodel', 'type': 'string'}, 'suspensionReason': {'description': 'Optional. Suspension reason for the resource.', 'enum': ['SUSPENSION_REASON_UNSPECIFIED', 'WIPEOUT_HIDE_EVENT', 'WIPEOUT_PURGE_EVENT', 'BILLING_DISABLED', 'ABUSER_DETECTED', 'ENCRYPTION_KEY_INACCESSIBLE', 'REPLICATED_CLUSTER_ENCRYPTION_KEY_INACCESSIBLE'], 'type': 'string'}, 'tagsSet': {'$ref': '#/components/schemas/Tags', 'description': 'Optional. Tags associated with this resources.'}, 'updationTime': {'description': 'The time at which the resource was updated and recorded at partner service.', 'format': 'google-datetime', 'type': 'string'}, 'userLabelSet': {'$ref': '#/components/schemas/UserLabels', 'description': 'User-provided labels associated with the resource'}}, 'type': 'object'} is not valid under any of the given schemas
Location: N/A
Fixed: False
Source: System
Issue Source: openapi-spec-validator
Issue Target: import-url_root-spec
Action: COULD NOT PROCESS: Issue definition for code 'oneOf' not found in registry.
--------------------------------------------------
Time: 2025-10-13T22:53:03.949035
Issue: oneOf | N/A
Message: {'description': 'Common model for database resource recommendation signal data.', 'properties': {'additionalMetadata': {'additionalProperties': {'description': 'Properties of the object.'}, 'description': 'Optional. Any other additional metadata specific to recommendation', 'type': 'object'}, 'lastRefreshTime': {'description': 'Required. last time recommendationw as refreshed', 'format': 'google-datetime', 'type': 'string'}, 'recommendationState': {'description': 'Required. Recommendation state', 'enum': ['UNSPECIFIED', 'ACTIVE', 'CLAIMED', 'SUCCEEDED', 'FAILED', 'DISMISSED'], 'type': 'string'}, 'recommender': {'description': 'Required. Name of recommendation. Examples: organizations/1234/locations/us-central1/recommenders/google.cloudsql.instance.PerformanceRecommender/recommendations/9876', 'type': 'string'}, 'recommenderId': {'description': 'Required. ID of recommender. Examples: "google.cloudsql.instance.PerformanceRecommender"', 'type': 'string'}, 'recommenderSubtype': {'description': 'Required. Contains an identifier for a subtype of recommendations produced for the same recommender. Subtype is a function of content and impact, meaning a new subtype might be added when significant changes to `content` or `primary_impact.category` are introduced. See the Recommenders section to see a list of subtypes for a given Recommender. Examples: For recommender = "google.cloudsql.instance.PerformanceRecommender", recommender_subtype can be "MYSQL_HIGH_NUMBER_OF_OPEN_TABLES_BEST_PRACTICE"/"POSTGRES_HIGH_TRANSACTION_ID_UTILIZATION_BEST_PRACTICE"', 'type': 'string'}, 'resourceName': {'description': 'Required. Database resource name associated with the signal. Resource name to follow CAIS resource_name format as noted here go/condor-common-datamodel', 'type': 'string'}, 'signalType': {'description': 'Required. Type of signal, for example, `SIGNAL_TYPE_IDLE`, `SIGNAL_TYPE_HIGH_NUMBER_OF_TABLES`, etc.', 'enum': ['SIGNAL_TYPE_UNSPECIFIED', 'SIGNAL_TYPE_NOT_PROTECTED_BY_AUTOMATIC_FAILOVER', 'SIGNAL_TYPE_GROUP_NOT_REPLICATING_ACROSS_REGIONS', 'SIGNAL_TYPE_NOT_AVAILABLE_IN_MULTIPLE_ZONES', 'SIGNAL_TYPE_NOT_AVAILABLE_IN_MULTIPLE_REGIONS', 'SIGNAL_TYPE_NO_PROMOTABLE_REPLICA', 'SIGNAL_TYPE_NO_AUTOMATED_BACKUP_POLICY', 'SIGNAL_TYPE_SHORT_BACKUP_RETENTION', 'SIGNAL_TYPE_LAST_BACKUP_FAILED', 'SIGNAL_TYPE_LAST_BACKUP_OLD', 'SIGNAL_TYPE_VIOLATES_CIS_GCP_FOUNDATION_2_0', 'SIGNAL_TYPE_VIOLATES_CIS_GCP_FOUNDATION_1_3', 'SIGNAL_TYPE_VIOLATES_CIS_GCP_FOUNDATION_1_2', 'SIGNAL_TYPE_VIOLATES_CIS_GCP_FOUNDATION_1_1', 'SIGNAL_TYPE_VIOLATES_CIS_GCP_FOUNDATION_1_0', 'SIGNAL_TYPE_VIOLATES_CIS_CONTROLS_V8_0', 'SIGNAL_TYPE_VIOLATES_NIST_800_53', 'SIGNAL_TYPE_VIOLATES_NIST_800_53_R5', 'SIGNAL_TYPE_VIOLATES_NIST_CYBERSECURITY_FRAMEWORK_V1_0', 'SIGNAL_TYPE_VIOLATES_ISO_27001', 'SIGNAL_TYPE_VIOLATES_ISO_27001_V2022', 'SIGNAL_TYPE_VIOLATES_PCI_DSS_V3_2_1', 'SIGNAL_TYPE_VIOLATES_PCI_DSS_V4_0', 'SIGNAL_TYPE_VIOLATES_CLOUD_CONTROLS_MATRIX_V4', 'SIGNAL_TYPE_VIOLATES_HIPAA', 'SIGNAL_TYPE_VIOLATES_SOC2_V2017', 'SIGNAL_TYPE_LOGS_NOT_OPTIMIZED_FOR_TROUBLESHOOTING', 'SIGNAL_TYPE_QUERY_DURATIONS_NOT_LOGGED', 'SIGNAL_TYPE_VERBOSE_ERROR_LOGGING', 'SIGNAL_TYPE_QUERY_LOCK_WAITS_NOT_LOGGED', 'SIGNAL_TYPE_LOGGING_MOST_ERRORS', 'SIGNAL_TYPE_LOGGING_ONLY_CRITICAL_ERRORS', 'SIGNAL_TYPE_MINIMAL_ERROR_LOGGING', 'SIGNAL_TYPE_QUERY_STATISTICS_LOGGED', 'SIGNAL_TYPE_EXCESSIVE_LOGGING_OF_CLIENT_HOSTNAME', 'SIGNAL_TYPE_EXCESSIVE_LOGGING_OF_PARSER_STATISTICS', 'SIGNAL_TYPE_EXCESSIVE_LOGGING_OF_PLANNER_STATISTICS', 'SIGNAL_TYPE_NOT_LOGGING_ONLY_DDL_STATEMENTS', 'SIGNAL_TYPE_LOGGING_QUERY_STATISTICS', 'SIGNAL_TYPE_NOT_LOGGING_TEMPORARY_FILES', 'SIGNAL_TYPE_CONNECTION_MAX_NOT_CONFIGURED', 'SIGNAL_TYPE_USER_OPTIONS_CONFIGURED', 'SIGNAL_TYPE_EXPOSED_TO_PUBLIC_ACCESS', 'SIGNAL_TYPE_UNENCRYPTED_CONNECTIONS', 'SIGNAL_TYPE_NO_ROOT_PASSWORD', 'SIGNAL_TYPE_WEAK_ROOT_PASSWORD', 'SIGNAL_TYPE_ENCRYPTION_KEY_NOT_CUSTOMER_MANAGED', 'SIGNAL_TYPE_SERVER_AUTHENTICATION_NOT_REQUIRED', 'SIGNAL_TYPE_EXPOSED_BY_OWNERSHIP_CHAINING', 'SIGNAL_TYPE_EXPOSED_TO_EXTERNAL_SCRIPTS', 'SIGNAL_TYPE_EXPOSED_TO_LOCAL_DATA_LOADS', 'SIGNAL_TYPE_CONNECTION_ATTEMPTS_NOT_LOGGED', 'SIGNAL_TYPE_DISCONNECTIONS_NOT_LOGGED', 'SIGNAL_TYPE_LOGGING_EXCESSIVE_STATEMENT_INFO', 'SIGNAL_TYPE_EXPOSED_TO_REMOTE_ACCESS', 'SIGNAL_TYPE_DATABASE_NAMES_EXPOSED', 'SIGNAL_TYPE_SENSITIVE_TRACE_INFO_NOT_MASKED', 'SIGNAL_TYPE_PUBLIC_IP_ENABLED', 'SIGNAL_TYPE_IDLE', 'SIGNAL_TYPE_OVERPROVISIONED', 'SIGNAL_TYPE_HIGH_NUMBER_OF_OPEN_TABLES', 'SIGNAL_TYPE_HIGH_NUMBER_OF_TABLES', 'SIGNAL_TYPE_HIGH_TRANSACTION_ID_UTILIZATION', 'SIGNAL_TYPE_UNDERPROVISIONED', 'SIGNAL_TYPE_OUT_OF_DISK', 'SIGNAL_TYPE_SERVER_CERTIFICATE_NEAR_EXPIRY', 'SIGNAL_TYPE_DATABASE_AUDITING_DISABLED', 'SIGNAL_TYPE_RESTRICT_AUTHORIZED_NETWORKS', 'SIGNAL_TYPE_VIOLATE_POLICY_RESTRICT_PUBLIC_IP', 'SIGNAL_TYPE_QUOTA_LIMIT', 'SIGNAL_TYPE_NO_PASSWORD_POLICY', 'SIGNAL_TYPE_CONNECTIONS_PERFORMANCE_IMPACT', 'SIGNAL_TYPE_TMP_TABLES_PERFORMANCE_IMPACT', 'SIGNAL_TYPE_TRANS_LOGS_PERFORMANCE_IMPACT', 'SIGNAL_TYPE_HIGH_JOINS_WITHOUT_INDEXES', 'SIGNAL_TYPE_SUPERUSER_WRITING_TO_USER_TABLES', 'SIGNAL_TYPE_USER_GRANTED_ALL_PERMISSIONS', 'SIGNAL_TYPE_DATA_EXPORT_TO_EXTERNAL_CLOUD_STORAGE_BUCKET', 'SIGNAL_TYPE_DATA_EXPORT_TO_PUBLIC_CLOUD_STORAGE_BUCKET', 'SIGNAL_TYPE_WEAK_PASSWORD_HASH_ALGORITHM', 'SIGNAL_TYPE_NO_USER_PASSWORD_POLICY', 'SIGNAL_TYPE_HOT_NODE', 'SIGNAL_TYPE_NO_POINT_IN_TIME_RECOVERY', 'SIGNAL_TYPE_RESOURCE_SUSPENDED', 'SIGNAL_TYPE_EXPENSIVE_COMMANDS', 'SIGNAL_TYPE_NO_MAINTENANCE_POLICY_CONFIGURED', 'SIGNAL_TYPE_NO_DELETION_PROTECTION', 'SIGNAL_TYPE_INEFFICIENT_QUERY', 'SIGNAL_TYPE_READ_INTENSIVE_WORKLOAD', 'SIGNAL_TYPE_MEMORY_LIMIT'], 'enumDeprecated': [False, False, False, True, True, False, False, False, False, False, False, False, False, False, False, False, False, False, False, False, False, False, False, False, False, False, False, False, False, False, False, False, False, False, False, False, False, False, False, False, False, False, False, False, False, False, False, False, False, False, False, False, False, False, False, False, False, False, False, False, False, False, False, False, False, False, False, False, False, False, False, False, False, False, False, False, False, False, False, False, False, False, False, False, False, False, False, False, False, False], 'type': 'string'}}, 'type': 'object'} is not valid under any of the given schemas
Location: N/A
Fixed: False
Source: System
Issue Source: openapi-spec-validator
Issue Target: import-url_root-spec
Action: COULD NOT PROCESS: Issue definition for code 'oneOf' not found in registry.
--------------------------------------------------
Time: 2025-10-13T22:53:03.949154
Issue: oneOf | N/A
Message: {'description': 'Proto representing the access that a user has to a specific feature/service. NextId: 3.', 'properties': {'entitlementState': {'description': "The current state of user's accessibility to a feature/benefit.", 'enum': ['ENTITLEMENT_STATE_UNSPECIFIED', 'ENTITLED', 'REVOKED'], 'type': 'string'}, 'type': {'description': 'An enum that represents the type of this entitlement.', 'enum': ['ENTITLEMENT_TYPE_UNSPECIFIED', 'GEMINI', 'NATIVE', 'GCA_STANDARD'], 'enumDeprecated': [False, True, False, False], 'type': 'string'}}, 'type': 'object'} is not valid under any of the given schemas
Location: N/A
Fixed: False
Source: System
Issue Source: openapi-spec-validator
Issue Target: import-url_root-spec
Action: COULD NOT PROCESS: Issue definition for code 'oneOf' not found in registry.
--------------------------------------------------
Time: 2025-10-13T22:53:03.949273
Issue: oneOf | N/A
Message: {'description': 'Product specification for Condor resources.', 'properties': {'engine': {'description': 'The specific engine that the underlying database is running.', 'enum': ['ENGINE_UNSPECIFIED', 'ENGINE_MYSQL', 'MYSQL', 'ENGINE_POSTGRES', 'POSTGRES', 'ENGINE_SQL_SERVER', 'SQL_SERVER', 'ENGINE_NATIVE', 'NATIVE', 'ENGINE_CLOUD_SPANNER_WITH_POSTGRES_DIALECT', 'ENGINE_CLOUD_SPANNER_WITH_GOOGLESQL_DIALECT', 'ENGINE_MEMORYSTORE_FOR_REDIS', 'ENGINE_MEMORYSTORE_FOR_REDIS_CLUSTER', 'ENGINE_OTHER', 'ENGINE_FIRESTORE_WITH_NATIVE_MODE', 'ENGINE_FIRESTORE_WITH_DATASTORE_MODE'], 'enumDeprecated': [False, False, True, False, True, False, True, False, True, False, False, False, False, False, False, False], 'type': 'string'}, 'type': {'description': 'Type of specific database product. It could be CloudSQL, AlloyDB etc..', 'enum': ['PRODUCT_TYPE_UNSPECIFIED', 'PRODUCT_TYPE_CLOUD_SQL', 'CLOUD_SQL', 'PRODUCT_TYPE_ALLOYDB', 'ALLOYDB', 'PRODUCT_TYPE_SPANNER', 'PRODUCT_TYPE_ON_PREM', 'ON_PREM', 'PRODUCT_TYPE_MEMORYSTORE', 'PRODUCT_TYPE_BIGTABLE', 'PRODUCT_TYPE_OTHER', 'PRODUCT_TYPE_FIRESTORE'], 'enumDeprecated': [False, False, True, False, True, False, False, True, False, False, False, False], 'type': 'string'}, 'version': {'description': 'Version of the underlying database engine. Example values: For MySQL, it could be "8.0", "5.7" etc.. For Postgres, it could be "14", "15" etc..', 'type': 'string'}}, 'type': 'object'} is not valid under any of the given schemas
Location: N/A
Fixed: False
Source: System
Issue Source: openapi-spec-validator
Issue Target: import-url_root-spec
Action: COULD NOT PROCESS: Issue definition for code 'oneOf' not found in registry.
--------------------------------------------------
Time: 2025-10-13T22:53:03.949375
Issue: oneOf | N/A
Message: {'description': 'Operation metadata returned by the CLH during resource state reconciliation.', 'properties': {'deleteResource': {'deprecated': True, 'description': 'DEPRECATED. Use exclusive_action instead.', 'type': 'boolean'}, 'exclusiveAction': {'description': 'Excluisive action returned by the CLH.', 'enum': ['UNKNOWN_REPAIR_ACTION', 'DELETE', 'RETRY'], 'enumDeprecated': [False, True, False], 'type': 'string'}}, 'type': 'object'} is not valid under any of the given schemas
Location: N/A
Fixed: False
Source: System
Issue Source: openapi-spec-validator
Issue Target: import-url_root-spec
Action: COULD NOT PROCESS: Issue definition for code 'oneOf' not found in registry.
--------------------------------------------------
Time: 2025-10-13T22:53:03.949474
Issue: <unset> | N/A
Message: Path parameter '+name' for 'delete' operation in '/v1beta1/{+name}' was not resolved
Location: N/A
Fixed: False
Source: System
Issue Source: openapi-spec-validator
Issue Target: import-url_root-spec
Action: COULD NOT PROCESS: Issue definition for code '<unset>' not found in registry.
--------------------------------------------------
Time: 2025-10-13T22:53:03.949570
Issue: <unset> | N/A
Message: Path parameter '+name' for 'get' operation in '/v1beta1/{+name}' was not resolved
Location: N/A
Fixed: False
Source: System
Issue Source: openapi-spec-validator
Issue Target: import-url_root-spec
Action: COULD NOT PROCESS: Issue definition for code '<unset>' not found in registry.
--------------------------------------------------
Time: 2025-10-13T22:53:03.949665
Issue: <unset> | N/A
Message: Duplicate parameter `updateMask`
Location: N/A
Fixed: False
Source: System
Issue Source: openapi-spec-validator
Issue Target: import-url_root-spec
Action: COULD NOT PROCESS: Issue definition for code '<unset>' not found in registry.
--------------------------------------------------
Time: 2025-10-13T22:53:03.949770
Issue: <unset> | N/A
Message: Path parameter '+name' for 'patch' operation in '/v1beta1/{+name}' was not resolved
Location: N/A
Fixed: False
Source: System
Issue Source: openapi-spec-validator
Issue Target: import-url_root-spec
Action: COULD NOT PROCESS: Issue definition for code '<unset>' not found in registry.
--------------------------------------------------
Time: 2025-10-13T22:53:03.949868
Issue: <unset> | N/A
Message: Path parameter '+name' for 'get' operation in '/v1beta1/{+name}/authString' was not resolved
Location: N/A
Fixed: False
Source: System
Issue Source: openapi-spec-validator
Issue Target: import-url_root-spec
Action: COULD NOT PROCESS: Issue definition for code '<unset>' not found in registry.
--------------------------------------------------
Time: 2025-10-13T22:53:03.949961
Issue: <unset> | N/A
Message: Path parameter '+name' for 'get' operation in '/v1beta1/{+name}/locations' was not resolved
Location: N/A
Fixed: False
Source: System
Issue Source: openapi-spec-validator
Issue Target: import-url_root-spec
Action: COULD NOT PROCESS: Issue definition for code '<unset>' not found in registry.
--------------------------------------------------
Time: 2025-10-13T22:53:03.950070
Issue: <unset> | N/A
Message: Path parameter '+name' for 'get' operation in '/v1beta1/{+name}/operations' was not resolved
Location: N/A
Fixed: False
Source: System
Issue Source: openapi-spec-validator
Issue Target: import-url_root-spec
Action: COULD NOT PROCESS: Issue definition for code '<unset>' not found in registry.
--------------------------------------------------
Time: 2025-10-13T22:53:03.950164
Issue: <unset> | N/A
Message: Path parameter '+name' for 'post' operation in '/v1beta1/{+name}:backup' was not resolved
Location: N/A
Fixed: False
Source: System
Issue Source: openapi-spec-validator
Issue Target: import-url_root-spec
Action: COULD NOT PROCESS: Issue definition for code '<unset>' not found in registry.
--------------------------------------------------
Time: 2025-10-13T22:53:03.950267
Issue: <unset> | N/A
Message: Path parameter '+name' for 'post' operation in '/v1beta1/{+name}:cancel' was not resolved
Location: N/A
Fixed: False
Source: System
Issue Source: openapi-spec-validator
Issue Target: import-url_root-spec
Action: COULD NOT PROCESS: Issue definition for code '<unset>' not found in registry.
--------------------------------------------------
Time: 2025-10-13T22:53:03.950364
Issue: <unset> | N/A
Message: Path parameter '+name' for 'post' operation in '/v1beta1/{+name}:export' was not resolved
Location: N/A
Fixed: False
Source: System
Issue Source: openapi-spec-validator
Issue Target: import-url_root-spec
Action: COULD NOT PROCESS: Issue definition for code '<unset>' not found in registry.
--------------------------------------------------
Time: 2025-10-13T22:53:03.950461
Issue: <unset> | N/A
Message: Path parameter '+name' for 'post' operation in '/v1beta1/{+name}:failover' was not resolved
Location: N/A
Fixed: False
Source: System
Issue Source: openapi-spec-validator
Issue Target: import-url_root-spec
Action: COULD NOT PROCESS: Issue definition for code '<unset>' not found in registry.
--------------------------------------------------
Time: 2025-10-13T22:53:03.950560
Issue: <unset> | N/A
Message: Path parameter '+name' for 'post' operation in '/v1beta1/{+name}:import' was not resolved
Location: N/A
Fixed: False
Source: System
Issue Source: openapi-spec-validator
Issue Target: import-url_root-spec
Action: COULD NOT PROCESS: Issue definition for code '<unset>' not found in registry.
--------------------------------------------------
Time: 2025-10-13T22:53:03.950654
Issue: <unset> | N/A
Message: Path parameter '+name' for 'post' operation in '/v1beta1/{+name}:rescheduleClusterMaintenance' was not resolved
Location: N/A
Fixed: False
Source: System
Issue Source: openapi-spec-validator
Issue Target: import-url_root-spec
Action: COULD NOT PROCESS: Issue definition for code '<unset>' not found in registry.
--------------------------------------------------
Time: 2025-10-13T22:53:03.950746
Issue: <unset> | N/A
Message: Path parameter '+name' for 'post' operation in '/v1beta1/{+name}:rescheduleMaintenance' was not resolved
Location: N/A
Fixed: False
Source: System
Issue Source: openapi-spec-validator
Issue Target: import-url_root-spec
Action: COULD NOT PROCESS: Issue definition for code '<unset>' not found in registry.
--------------------------------------------------
Time: 2025-10-13T22:53:03.950836
Issue: <unset> | N/A
Message: Path parameter '+name' for 'post' operation in '/v1beta1/{+name}:upgrade' was not resolved
Location: N/A
Fixed: False
Source: System
Issue Source: openapi-spec-validator
Issue Target: import-url_root-spec
Action: COULD NOT PROCESS: Issue definition for code '<unset>' not found in registry.
--------------------------------------------------
Time: 2025-10-13T22:53:03.950930
Issue: <unset> | N/A
Message: Path parameter '+parent' for 'get' operation in '/v1beta1/{+parent}/backupCollections' was not resolved
Location: N/A
Fixed: False
Source: System
Issue Source: openapi-spec-validator
Issue Target: import-url_root-spec
Action: COULD NOT PROCESS: Issue definition for code '<unset>' not found in registry.
--------------------------------------------------
Time: 2025-10-13T22:53:03.951048
Issue: <unset> | N/A
Message: Path parameter '+parent' for 'get' operation in '/v1beta1/{+parent}/backups' was not resolved
Location: N/A
Fixed: False
Source: System
Issue Source: openapi-spec-validator
Issue Target: import-url_root-spec
Action: COULD NOT PROCESS: Issue definition for code '<unset>' not found in registry.
--------------------------------------------------
Time: 2025-10-13T22:53:03.951144
Issue: <unset> | N/A
Message: Path parameter '+parent' for 'get' operation in '/v1beta1/{+parent}/clusters' was not resolved
Location: N/A
Fixed: False
Source: System
Issue Source: openapi-spec-validator
Issue Target: import-url_root-spec
Action: COULD NOT PROCESS: Issue definition for code '<unset>' not found in registry.
--------------------------------------------------
Time: 2025-10-13T22:53:03.951238
Issue: <unset> | N/A
Message: Path parameter '+parent' for 'post' operation in '/v1beta1/{+parent}/clusters' was not resolved
Location: N/A
Fixed: False
Source: System
Issue Source: openapi-spec-validator
Issue Target: import-url_root-spec
Action: COULD NOT PROCESS: Issue definition for code '<unset>' not found in registry.
--------------------------------------------------
Time: 2025-10-13T22:53:03.951338
Issue: <unset> | N/A
Message: Path parameter '+parent' for 'get' operation in '/v1beta1/{+parent}/instances' was not resolved
Location: N/A
Fixed: False
Source: System
Issue Source: openapi-spec-validator
Issue Target: import-url_root-spec
Action: COULD NOT PROCESS: Issue definition for code '<unset>' not found in registry.
--------------------------------------------------
Time: 2025-10-13T22:53:03.951436
Issue: <unset> | N/A
Message: Path parameter '+parent' for 'post' operation in '/v1beta1/{+parent}/instances' was not resolved
Location: N/A
Fixed: False
Source: System
Issue Source: openapi-spec-validator
Issue Target: import-url_root-spec
Action: COULD NOT PROCESS: Issue definition for code '<unset>' not found in registry.
--------------------------------------------------
Time: 2025-10-13T22:53:03.951539
Issue: no-server-trailing-slash | N/A
Message: Server `url` should not have a trailing slash. [path: servers.0.url]
Location: N/A
Fixed: False
Source: System
Issue Source: redocly-validator
Issue Target: import-url_root-spec
Action: COULD NOT PROCESS: Issue definition for code 'no-server-trailing-slash' not found in registry.
--------------------------------------------------
Time: 2025-10-13T22:53:03.951648
Issue: operation-summary | N/A
Message: Operation object should contain `summary` field. [path: paths./v1beta1/{+name}.get.summary]
Location: N/A
Fixed: False
Source: System
Issue Source: redocly-validator
Issue Target: import-url_root-spec
Action: COULD NOT PROCESS: Issue definition for code 'operation-summary' not found in registry.
--------------------------------------------------
Time: 2025-10-13T22:53:03.951746
Issue: path-parameters-defined | N/A
Message: Path parameter `name` is not used in the path `/v1beta1/{+name}`. [path: paths./v1beta1/{+name}.get.parameters.0.name]
Location: N/A
Fixed: False
Source: System
Issue Source: redocly-validator
Issue Target: import-url_root-spec
Action: COULD NOT PROCESS: Issue definition for code 'path-parameters-defined' not found in registry.
--------------------------------------------------
Time: 2025-10-13T22:53:03.951865
Issue: operation-summary | N/A
Message: Operation object should contain `summary` field. [path: paths./v1beta1/{+name}.delete.summary]
Location: N/A
Fixed: False
Source: System
Issue Source: redocly-validator
Issue Target: import-url_root-spec
Action: COULD NOT PROCESS: Issue definition for code 'operation-summary' not found in registry.
--------------------------------------------------
Time: 2025-10-13T22:53:03.952013
Issue: path-parameters-defined | N/A
Message: Path parameter `name` is not used in the path `/v1beta1/{+name}`. [path: paths./v1beta1/{+name}.delete.parameters.0.name]
Location: N/A
Fixed: False
Source: System
Issue Source: redocly-validator
Issue Target: import-url_root-spec
Action: COULD NOT PROCESS: Issue definition for code 'path-parameters-defined' not found in registry.
--------------------------------------------------
Time: 2025-10-13T22:53:03.952139
Issue: operation-summary | N/A
Message: Operation object should contain `summary` field. [path: paths./v1beta1/{+name}.patch.summary]
Location: N/A
Fixed: False
Source: System
Issue Source: redocly-validator
Issue Target: import-url_root-spec
Action: COULD NOT PROCESS: Issue definition for code 'operation-summary' not found in registry.
--------------------------------------------------
Time: 2025-10-13T22:53:03.952251
Issue: path-parameters-defined | N/A
Message: Path parameter `name` is not used in the path `/v1beta1/{+name}`. [path: paths./v1beta1/{+name}.patch.parameters.0.name]
Location: N/A
Fixed: False
Source: System
Issue Source: redocly-validator
Issue Target: import-url_root-spec
Action: COULD NOT PROCESS: Issue definition for code 'path-parameters-defined' not found in registry.
--------------------------------------------------
Time: 2025-10-13T22:53:03.952356
Issue: operation-parameters-unique | N/A
Message: Operations must have unique `name` + `in` parameters. Repeats of `in:query` + `name:updateMask`. [path: paths./v1beta1/{+name}.patch.parameters.2]
Location: N/A
Fixed: False
Source: System
Issue Source: redocly-validator
Issue Target: import-url_root-spec
Action: COULD NOT PROCESS: Issue definition for code 'operation-parameters-unique' not found in registry.
--------------------------------------------------
Time: 2025-10-13T22:53:03.952456
Issue: operation-summary | N/A
Message: Operation object should contain `summary` field. [path: paths./v1beta1/{+name}/authString.get.summary]
Location: N/A
Fixed: False
Source: System
Issue Source: redocly-validator
Issue Target: import-url_root-spec
Action: COULD NOT PROCESS: Issue definition for code 'operation-summary' not found in registry.
--------------------------------------------------
Time: 2025-10-13T22:53:03.952556
Issue: path-parameters-defined | N/A
Message: Path parameter `name` is not used in the path `/v1beta1/{+name}/authString`. [path: paths./v1beta1/{+name}/authString.get.parameters.0.name]
Location: N/A
Fixed: False
Source: System
Issue Source: redocly-validator
Issue Target: import-url_root-spec
Action: COULD NOT PROCESS: Issue definition for code 'path-parameters-defined' not found in registry.
--------------------------------------------------
Time: 2025-10-13T22:53:03.952651
Issue: operation-summary | N/A
Message: Operation object should contain `summary` field. [path: paths./v1beta1/{+name}/locations.get.summary]
Location: N/A
Fixed: False
Source: System
Issue Source: redocly-validator
Issue Target: import-url_root-spec
Action: COULD NOT PROCESS: Issue definition for code 'operation-summary' not found in registry.
--------------------------------------------------
Time: 2025-10-13T22:53:03.952749
Issue: path-parameters-defined | N/A
Message: Path parameter `name` is not used in the path `/v1beta1/{+name}/locations`. [path: paths./v1beta1/{+name}/locations.get.parameters.0.name]
Location: N/A
Fixed: False
Source: System
Issue Source: redocly-validator
Issue Target: import-url_root-spec
Action: COULD NOT PROCESS: Issue definition for code 'path-parameters-defined' not found in registry.
--------------------------------------------------
Time: 2025-10-13T22:53:03.952854
Issue: operation-summary | N/A
Message: Operation object should contain `summary` field. [path: paths./v1beta1/{+name}/operations.get.summary]
Location: N/A
Fixed: False
Source: System
Issue Source: redocly-validator
Issue Target: import-url_root-spec
Action: COULD NOT PROCESS: Issue definition for code 'operation-summary' not found in registry.
--------------------------------------------------
Time: 2025-10-13T22:53:03.952967
Issue: path-parameters-defined | N/A
Message: Path parameter `name` is not used in the path `/v1beta1/{+name}/operations`. [path: paths./v1beta1/{+name}/operations.get.parameters.0.name]
Location: N/A
Fixed: False
Source: System
Issue Source: redocly-validator
Issue Target: import-url_root-spec
Action: COULD NOT PROCESS: Issue definition for code 'path-parameters-defined' not found in registry.
--------------------------------------------------
Time: 2025-10-13T22:53:03.953106
Issue: operation-summary | N/A
Message: Operation object should contain `summary` field. [path: paths./v1beta1/{+name}:backup.post.summary]
Location: N/A
Fixed: False
Source: System
Issue Source: redocly-validator
Issue Target: import-url_root-spec
Action: COULD NOT PROCESS: Issue definition for code 'operation-summary' not found in registry.
--------------------------------------------------
Time: 2025-10-13T22:53:03.953203
Issue: path-parameters-defined | N/A
Message: Path parameter `name` is not used in the path `/v1beta1/{+name}:backup`. [path: paths./v1beta1/{+name}:backup.post.parameters.0.name]
Location: N/A
Fixed: False
Source: System
Issue Source: redocly-validator
Issue Target: import-url_root-spec
Action: COULD NOT PROCESS: Issue definition for code 'path-parameters-defined' not found in registry.
--------------------------------------------------
Time: 2025-10-13T22:53:03.953293
Issue: operation-summary | N/A
Message: Operation object should contain `summary` field. [path: paths./v1beta1/{+name}:cancel.post.summary]
Location: N/A
Fixed: False
Source: System
Issue Source: redocly-validator
Issue Target: import-url_root-spec
Action: COULD NOT PROCESS: Issue definition for code 'operation-summary' not found in registry.
--------------------------------------------------
Time: 2025-10-13T22:53:03.953384
Issue: path-parameters-defined | N/A
Message: Path parameter `name` is not used in the path `/v1beta1/{+name}:cancel`. [path: paths./v1beta1/{+name}:cancel.post.parameters.0.name]
Location: N/A
Fixed: False
Source: System
Issue Source: redocly-validator
Issue Target: import-url_root-spec
Action: COULD NOT PROCESS: Issue definition for code 'path-parameters-defined' not found in registry.
--------------------------------------------------
Time: 2025-10-13T22:53:03.953475
Issue: operation-summary | N/A
Message: Operation object should contain `summary` field. [path: paths./v1beta1/{+name}:export.post.summary]
Location: N/A
Fixed: False
Source: System
Issue Source: redocly-validator
Issue Target: import-url_root-spec
Action: COULD NOT PROCESS: Issue definition for code 'operation-summary' not found in registry.
--------------------------------------------------
Time: 2025-10-13T22:53:03.953559
Issue: path-parameters-defined | N/A
Message: Path parameter `name` is not used in the path `/v1beta1/{+name}:export`. [path: paths./v1beta1/{+name}:export.post.parameters.0.name]
Location: N/A
Fixed: False
Source: System
Issue Source: redocly-validator
Issue Target: import-url_root-spec
Action: COULD NOT PROCESS: Issue definition for code 'path-parameters-defined' not found in registry.
--------------------------------------------------
Time: 2025-10-13T22:53:03.953663
Issue: operation-summary | N/A
Message: Operation object should contain `summary` field. [path: paths./v1beta1/{+name}:failover.post.summary]
Location: N/A
Fixed: False
Source: System
Issue Source: redocly-validator
Issue Target: import-url_root-spec
Action: COULD NOT PROCESS: Issue definition for code 'operation-summary' not found in registry.
--------------------------------------------------
Time: 2025-10-13T22:53:03.953756
Issue: path-parameters-defined | N/A
Message: Path parameter `name` is not used in the path `/v1beta1/{+name}:failover`. [path: paths./v1beta1/{+name}:failover.post.parameters.0.name]
Location: N/A
Fixed: False
Source: System
Issue Source: redocly-validator
Issue Target: import-url_root-spec
Action: COULD NOT PROCESS: Issue definition for code 'path-parameters-defined' not found in registry.
--------------------------------------------------
Time: 2025-10-13T22:53:03.953839
Issue: operation-summary | N/A
Message: Operation object should contain `summary` field. [path: paths./v1beta1/{+name}:import.post.summary]
Location: N/A
Fixed: False
Source: System
Issue Source: redocly-validator
Issue Target: import-url_root-spec
Action: COULD NOT PROCESS: Issue definition for code 'operation-summary' not found in registry.
--------------------------------------------------
Time: 2025-10-13T22:53:03.953922
Issue: path-parameters-defined | N/A
Message: Path parameter `name` is not used in the path `/v1beta1/{+name}:import`. [path: paths./v1beta1/{+name}:import.post.parameters.0.name]
Location: N/A
Fixed: False
Source: System
Issue Source: redocly-validator
Issue Target: import-url_root-spec
Action: COULD NOT PROCESS: Issue definition for code 'path-parameters-defined' not found in registry.
--------------------------------------------------
Time: 2025-10-13T22:53:03.954035
Issue: operation-summary | N/A
Message: Operation object should contain `summary` field. [path: paths./v1beta1/{+name}:rescheduleClusterMaintenance.post.summary]
Location: N/A
Fixed: False
Source: System
Issue Source: redocly-validator
Issue Target: import-url_root-spec
Action: COULD NOT PROCESS: Issue definition for code 'operation-summary' not found in registry.
--------------------------------------------------
Time: 2025-10-13T22:53:03.954132
Issue: path-parameters-defined | N/A
Message: Path parameter `name` is not used in the path `/v1beta1/{+name}:rescheduleClusterMaintenance`. [path: paths./v1beta1/{+name}:rescheduleClusterMaintenance.post.parameters.0.name]
Location: N/A
Fixed: False
Source: System
Issue Source: redocly-validator
Issue Target: import-url_root-spec
Action: COULD NOT PROCESS: Issue definition for code 'path-parameters-defined' not found in registry.
--------------------------------------------------
Time: 2025-10-13T22:53:03.954218
Issue: operation-summary | N/A
Message: Operation object should contain `summary` field. [path: paths./v1beta1/{+name}:rescheduleMaintenance.post.summary]
Location: N/A
Fixed: False
Source: System
Issue Source: redocly-validator
Issue Target: import-url_root-spec
Action: COULD NOT PROCESS: Issue definition for code 'operation-summary' not found in registry.
--------------------------------------------------
Time: 2025-10-13T22:53:03.954318
Issue: path-parameters-defined | N/A
Message: Path parameter `name` is not used in the path `/v1beta1/{+name}:rescheduleMaintenance`. [path: paths./v1beta1/{+name}:rescheduleMaintenance.post.parameters.0.name]
Location: N/A
Fixed: False
Source: System
Issue Source: redocly-validator
Issue Target: import-url_root-spec
Action: COULD NOT PROCESS: Issue definition for code 'path-parameters-defined' not found in registry.
--------------------------------------------------
Time: 2025-10-13T22:53:03.954417
Issue: operation-summary | N/A
Message: Operation object should contain `summary` field. [path: paths./v1beta1/{+name}:upgrade.post.summary]
Location: N/A
Fixed: False
Source: System
Issue Source: redocly-validator
Issue Target: import-url_root-spec
Action: COULD NOT PROCESS: Issue definition for code 'operation-summary' not found in registry.
--------------------------------------------------
Time: 2025-10-13T22:53:03.954501
Issue: path-parameters-defined | N/A
Message: Path parameter `name` is not used in the path `/v1beta1/{+name}:upgrade`. [path: paths./v1beta1/{+name}:upgrade.post.parameters.0.name]
Location: N/A
Fixed: False
Source: System
Issue Source: redocly-validator
Issue Target: import-url_root-spec
Action: COULD NOT PROCESS: Issue definition for code 'path-parameters-defined' not found in registry.
--------------------------------------------------
Time: 2025-10-13T22:53:03.954582
Issue: operation-summary | N/A
Message: Operation object should contain `summary` field. [path: paths./v1beta1/{+parent}/backupCollections.get.summary]
Location: N/A
Fixed: False
Source: System
Issue Source: redocly-validator
Issue Target: import-url_root-spec
Action: COULD NOT PROCESS: Issue definition for code 'operation-summary' not found in registry.
--------------------------------------------------
Time: 2025-10-13T22:53:03.954673
Issue: path-parameters-defined | N/A
Message: Path parameter `parent` is not used in the path `/v1beta1/{+parent}/backupCollections`. [path: paths./v1beta1/{+parent}/backupCollections.get.parameters.0.name]
Location: N/A
Fixed: False
Source: System
Issue Source: redocly-validator
Issue Target: import-url_root-spec
Action: COULD NOT PROCESS: Issue definition for code 'path-parameters-defined' not found in registry.
--------------------------------------------------
Time: 2025-10-13T22:53:03.954759
Issue: operation-summary | N/A
Message: Operation object should contain `summary` field. [path: paths./v1beta1/{+parent}/backups.get.summary]
Location: N/A
Fixed: False
Source: System
Issue Source: redocly-validator
Issue Target: import-url_root-spec
Action: COULD NOT PROCESS: Issue definition for code 'operation-summary' not found in registry.
--------------------------------------------------
Time: 2025-10-13T22:53:03.954845
Issue: path-parameters-defined | N/A
Message: Path parameter `parent` is not used in the path `/v1beta1/{+parent}/backups`. [path: paths./v1beta1/{+parent}/backups.get.parameters.0.name]
Location: N/A
Fixed: False
Source: System
Issue Source: redocly-validator
Issue Target: import-url_root-spec
Action: COULD NOT PROCESS: Issue definition for code 'path-parameters-defined' not found in registry.
--------------------------------------------------
Time: 2025-10-13T22:53:03.954931
Issue: operation-summary | N/A
Message: Operation object should contain `summary` field. [path: paths./v1beta1/{+parent}/clusters.get.summary]
Location: N/A
Fixed: False
Source: System
Issue Source: redocly-validator
Issue Target: import-url_root-spec
Action: COULD NOT PROCESS: Issue definition for code 'operation-summary' not found in registry.
--------------------------------------------------
Time: 2025-10-13T22:53:03.955042
Issue: path-parameters-defined | N/A
Message: Path parameter `parent` is not used in the path `/v1beta1/{+parent}/clusters`. [path: paths./v1beta1/{+parent}/clusters.get.parameters.0.name]
Location: N/A
Fixed: False
Source: System
Issue Source: redocly-validator
Issue Target: import-url_root-spec
Action: COULD NOT PROCESS: Issue definition for code 'path-parameters-defined' not found in registry.
--------------------------------------------------
Time: 2025-10-13T22:53:03.955140
Issue: operation-summary | N/A
Message: Operation object should contain `summary` field. [path: paths./v1beta1/{+parent}/clusters.post.summary]
Location: N/A
Fixed: False
Source: System
Issue Source: redocly-validator
Issue Target: import-url_root-spec
Action: COULD NOT PROCESS: Issue definition for code 'operation-summary' not found in registry.
--------------------------------------------------
Time: 2025-10-13T22:53:03.955232
Issue: path-parameters-defined | N/A
Message: Path parameter `parent` is not used in the path `/v1beta1/{+parent}/clusters`. [path: paths./v1beta1/{+parent}/clusters.post.parameters.0.name]
Location: N/A
Fixed: False
Source: System
Issue Source: redocly-validator
Issue Target: import-url_root-spec
Action: COULD NOT PROCESS: Issue definition for code 'path-parameters-defined' not found in registry.
--------------------------------------------------
Time: 2025-10-13T22:53:03.955397
Issue: operation-summary | N/A
Message: Operation object should contain `summary` field. [path: paths./v1beta1/{+parent}/instances.get.summary]
Location: N/A
Fixed: False
Source: System
Issue Source: redocly-validator
Issue Target: import-url_root-spec
Action: COULD NOT PROCESS: Issue definition for code 'operation-summary' not found in registry.
--------------------------------------------------
Time: 2025-10-13T22:53:03.955542
Issue: path-parameters-defined | N/A
Message: Path parameter `parent` is not used in the path `/v1beta1/{+parent}/instances`. [path: paths./v1beta1/{+parent}/instances.get.parameters.0.name]
Location: N/A
Fixed: False
Source: System
Issue Source: redocly-validator
Issue Target: import-url_root-spec
Action: COULD NOT PROCESS: Issue definition for code 'path-parameters-defined' not found in registry.
--------------------------------------------------
Time: 2025-10-13T22:53:03.955687
Issue: operation-summary | N/A
Message: Operation object should contain `summary` field. [path: paths./v1beta1/{+parent}/instances.post.summary]
Location: N/A
Fixed: False
Source: System
Issue Source: redocly-validator
Issue Target: import-url_root-spec
Action: COULD NOT PROCESS: Issue definition for code 'operation-summary' not found in registry.
--------------------------------------------------
Time: 2025-10-13T22:53:03.955830
Issue: path-parameters-defined | N/A
Message: Path parameter `parent` is not used in the path `/v1beta1/{+parent}/instances`. [path: paths./v1beta1/{+parent}/instances.post.parameters.0.name]
Location: N/A
Fixed: False
Source: System
Issue Source: redocly-validator
Issue Target: import-url_root-spec
Action: COULD NOT PROCESS: Issue definition for code 'path-parameters-defined' not found in registry.
--------------------------------------------------
Time: 2025-10-13T22:53:03.955942
Issue: struct | N/A
Message: Property `enumDeprecated` is not expected here. [path: components.schemas.Product.properties.engine.enumDeprecated]
Location: N/A
Fixed: False
Source: System
Issue Source: redocly-validator
Issue Target: import-url_root-spec
Action: COULD NOT PROCESS: Issue definition for code 'struct' not found in registry.
--------------------------------------------------
Time: 2025-10-13T22:53:03.956056
Issue: struct | N/A
Message: Property `enumDeprecated` is not expected here. [path: components.schemas.Product.properties.type.enumDeprecated]
Location: N/A
Fixed: False
Source: System
Issue Source: redocly-validator
Issue Target: import-url_root-spec
Action: COULD NOT PROCESS: Issue definition for code 'struct' not found in registry.
--------------------------------------------------
Time: 2025-10-13T22:53:03.956212
Issue: struct | N/A
Message: Property `enumDeprecated` is not expected here. [path: components.schemas.DatabaseResourceRecommendationSignalData.properties.signalType.enumDeprecated]
Location: N/A
Fixed: False
Source: System
Issue Source: redocly-validator
Issue Target: import-url_root-spec
Action: COULD NOT PROCESS: Issue definition for code 'struct' not found in registry.
--------------------------------------------------
Time: 2025-10-13T22:53:03.956359
Issue: struct | N/A
Message: Property `enumDeprecated` is not expected here. [path: components.schemas.DatabaseResourceHealthSignalData.properties.signalType.enumDeprecated]
Location: N/A
Fixed: False
Source: System
Issue Source: redocly-validator
Issue Target: import-url_root-spec
Action: COULD NOT PROCESS: Issue definition for code 'struct' not found in registry.
--------------------------------------------------
Time: 2025-10-13T22:53:03.956502
Issue: struct | N/A
Message: Property `enumDeprecated` is not expected here. [path: components.schemas.Entitlement.properties.type.enumDeprecated]
Location: N/A
Fixed: False
Source: System
Issue Source: redocly-validator
Issue Target: import-url_root-spec
Action: COULD NOT PROCESS: Issue definition for code 'struct' not found in registry.
--------------------------------------------------
Time: 2025-10-13T22:53:03.956626
Issue: struct | N/A
Message: Property `enumDeprecated` is not expected here. [path: components.schemas.DatabaseResourceMetadata.properties.instanceType.enumDeprecated]
Location: N/A
Fixed: False
Source: System
Issue Source: redocly-validator
Issue Target: import-url_root-spec
Action: COULD NOT PROCESS: Issue definition for code 'struct' not found in registry.
--------------------------------------------------
Time: 2025-10-13T22:53:03.956755
Issue: struct | N/A
Message: Property `enumDeprecated` is not expected here. [path: components.schemas.ReconciliationOperationMetadata.properties.exclusiveAction.enumDeprecated]
Location: N/A
Fixed: False
Source: System
Issue Source: redocly-validator
Issue Target: import-url_root-spec
Action: COULD NOT PROCESS: Issue definition for code 'struct' not found in registry.
--------------------------------------------------
Time: 2025-10-13T22:53:03.956899
Issue: tag-description | N/A
Message: Tag object should contain `description` field. [path: tags.0.description]
Location: N/A
Fixed: False
Source: System
Issue Source: redocly-validator
Issue Target: import-url_root-spec
Action: COULD NOT PROCESS: Issue definition for code 'tag-description' not found in registry.
--------------------------------------------------
Time: 2025-10-13T22:53:03.957058
Issue: operation-4xx-response | N/A
Message: Operation must have at least one `4XX` response. [path: paths./v1beta1/{+name}.get.responses]
Location: N/A
Fixed: False
Source: System
Issue Source: redocly-validator
Issue Target: import-url_root-spec
Action: COULD NOT PROCESS: Issue definition for code 'operation-4xx-response' not found in registry.
--------------------------------------------------
Time: 2025-10-13T22:53:03.957206
Issue: operation-4xx-response | N/A
Message: Operation must have at least one `4XX` response. [path: paths./v1beta1/{+name}.delete.responses]
Location: N/A
Fixed: False
Source: System
Issue Source: redocly-validator
Issue Target: import-url_root-spec
Action: COULD NOT PROCESS: Issue definition for code 'operation-4xx-response' not found in registry.
--------------------------------------------------
Time: 2025-10-13T22:53:03.957348
Issue: operation-4xx-response | N/A
Message: Operation must have at least one `4XX` response. [path: paths./v1beta1/{+name}.patch.responses]
Location: N/A
Fixed: False
Source: System
Issue Source: redocly-validator
Issue Target: import-url_root-spec
Action: COULD NOT PROCESS: Issue definition for code 'operation-4xx-response' not found in registry.
--------------------------------------------------
Time: 2025-10-13T22:53:03.957481
Issue: operation-4xx-response | N/A
Message: Operation must have at least one `4XX` response. [path: paths./v1beta1/{+name}/authString.get.responses]
Location: N/A
Fixed: False
Source: System
Issue Source: redocly-validator
Issue Target: import-url_root-spec
Action: COULD NOT PROCESS: Issue definition for code 'operation-4xx-response' not found in registry.
--------------------------------------------------
Time: 2025-10-13T22:53:03.957613
Issue: operation-4xx-response | N/A
Message: Operation must have at least one `4XX` response. [path: paths./v1beta1/{+name}/locations.get.responses]
Location: N/A
Fixed: False
Source: System
Issue Source: redocly-validator
Issue Target: import-url_root-spec
Action: COULD NOT PROCESS: Issue definition for code 'operation-4xx-response' not found in registry.
--------------------------------------------------
Time: 2025-10-13T22:53:03.957760
Issue: operation-4xx-response | N/A
Message: Operation must have at least one `4XX` response. [path: paths./v1beta1/{+name}/operations.get.responses]
Location: N/A
Fixed: False
Source: System
Issue Source: redocly-validator
Issue Target: import-url_root-spec
Action: COULD NOT PROCESS: Issue definition for code 'operation-4xx-response' not found in registry.
--------------------------------------------------
Time: 2025-10-13T22:53:03.957896
Issue: operation-4xx-response | N/A
Message: Operation must have at least one `4XX` response. [path: paths./v1beta1/{+name}:backup.post.responses]
Location: N/A
Fixed: False
Source: System
Issue Source: redocly-validator
Issue Target: import-url_root-spec
Action: COULD NOT PROCESS: Issue definition for code 'operation-4xx-response' not found in registry.
--------------------------------------------------
Time: 2025-10-13T22:53:03.958050
Issue: operation-4xx-response | N/A
Message: Operation must have at least one `4XX` response. [path: paths./v1beta1/{+name}:cancel.post.responses]
Location: N/A
Fixed: False
Source: System
Issue Source: redocly-validator
Issue Target: import-url_root-spec
Action: COULD NOT PROCESS: Issue definition for code 'operation-4xx-response' not found in registry.
--------------------------------------------------
Time: 2025-10-13T22:53:03.958169
Issue: operation-4xx-response | N/A
Message: Operation must have at least one `4XX` response. [path: paths./v1beta1/{+name}:export.post.responses]
Location: N/A
Fixed: False
Source: System
Issue Source: redocly-validator
Issue Target: import-url_root-spec
Action: COULD NOT PROCESS: Issue definition for code 'operation-4xx-response' not found in registry.
--------------------------------------------------
Time: 2025-10-13T22:53:03.958277
Issue: operation-4xx-response | N/A
Message: Operation must have at least one `4XX` response. [path: paths./v1beta1/{+name}:failover.post.responses]
Location: N/A
Fixed: False
Source: System
Issue Source: redocly-validator
Issue Target: import-url_root-spec
Action: COULD NOT PROCESS: Issue definition for code 'operation-4xx-response' not found in registry.
--------------------------------------------------
Time: 2025-10-13T22:53:03.958386
Issue: operation-4xx-response | N/A
Message: Operation must have at least one `4XX` response. [path: paths./v1beta1/{+name}:import.post.responses]
Location: N/A
Fixed: False
Source: System
Issue Source: redocly-validator
Issue Target: import-url_root-spec
Action: COULD NOT PROCESS: Issue definition for code 'operation-4xx-response' not found in registry.
--------------------------------------------------
Time: 2025-10-13T22:53:03.958481
Issue: operation-4xx-response | N/A
Message: Operation must have at least one `4XX` response. [path: paths./v1beta1/{+name}:rescheduleClusterMaintenance.post.responses]
Location: N/A
Fixed: False
Source: System
Issue Source: redocly-validator
Issue Target: import-url_root-spec
Action: COULD NOT PROCESS: Issue definition for code 'operation-4xx-response' not found in registry.
--------------------------------------------------
Time: 2025-10-13T22:53:03.958575
Issue: operation-4xx-response | N/A
Message: Operation must have at least one `4XX` response. [path: paths./v1beta1/{+name}:rescheduleMaintenance.post.responses]
Location: N/A
Fixed: False
Source: System
Issue Source: redocly-validator
Issue Target: import-url_root-spec
Action: COULD NOT PROCESS: Issue definition for code 'operation-4xx-response' not found in registry.
--------------------------------------------------
Time: 2025-10-13T22:53:03.958662
Issue: operation-4xx-response | N/A
Message: Operation must have at least one `4XX` response. [path: paths./v1beta1/{+name}:upgrade.post.responses]
Location: N/A
Fixed: False
Source: System
Issue Source: redocly-validator
Issue Target: import-url_root-spec
Action: COULD NOT PROCESS: Issue definition for code 'operation-4xx-response' not found in registry.
--------------------------------------------------
Time: 2025-10-13T22:53:03.958774
Issue: operation-4xx-response | N/A
Message: Operation must have at least one `4XX` response. [path: paths./v1beta1/{+parent}/backupCollections.get.responses]
Location: N/A
Fixed: False
Source: System
Issue Source: redocly-validator
Issue Target: import-url_root-spec
Action: COULD NOT PROCESS: Issue definition for code 'operation-4xx-response' not found in registry.
--------------------------------------------------
Time: 2025-10-13T22:53:03.958867
Issue: operation-4xx-response | N/A
Message: Operation must have at least one `4XX` response. [path: paths./v1beta1/{+parent}/backups.get.responses]
Location: N/A
Fixed: False
Source: System
Issue Source: redocly-validator
Issue Target: import-url_root-spec
Action: COULD NOT PROCESS: Issue definition for code 'operation-4xx-response' not found in registry.
--------------------------------------------------
Time: 2025-10-13T22:53:03.958953
Issue: operation-4xx-response | N/A
Message: Operation must have at least one `4XX` response. [path: paths./v1beta1/{+parent}/clusters.get.responses]
Location: N/A
Fixed: False
Source: System
Issue Source: redocly-validator
Issue Target: import-url_root-spec
Action: COULD NOT PROCESS: Issue definition for code 'operation-4xx-response' not found in registry.
--------------------------------------------------
Time: 2025-10-13T22:53:03.959056
Issue: operation-4xx-response | N/A
Message: Operation must have at least one `4XX` response. [path: paths./v1beta1/{+parent}/clusters.post.responses]
Location: N/A
Fixed: False
Source: System
Issue Source: redocly-validator
Issue Target: import-url_root-spec
Action: COULD NOT PROCESS: Issue definition for code 'operation-4xx-response' not found in registry.
--------------------------------------------------
Time: 2025-10-13T22:53:03.959154
Issue: operation-4xx-response | N/A
Message: Operation must have at least one `4XX` response. [path: paths./v1beta1/{+parent}/instances.get.responses]
Location: N/A
Fixed: False
Source: System
Issue Source: redocly-validator
Issue Target: import-url_root-spec
Action: COULD NOT PROCESS: Issue definition for code 'operation-4xx-response' not found in registry.
--------------------------------------------------
Time: 2025-10-13T22:53:03.959259
Issue: operation-4xx-response | N/A
Message: Operation must have at least one `4XX` response. [path: paths./v1beta1/{+parent}/instances.post.responses]
Location: N/A
Fixed: False
Source: System
Issue Source: redocly-validator
Issue Target: import-url_root-spec
Action: COULD NOT PROCESS: Issue definition for code 'operation-4xx-response' not found in registry.
--------------------------------------------------
Time: 2025-10-13T22:53:03.959381
Issue: no-unused-components | N/A
Message: Component: "CertificateAuthority" is never used. [path: components.schemas.CertificateAuthority]
Location: N/A
Fixed: False
Source: System
Issue Source: redocly-validator
Issue Target: import-url_root-spec
Action: COULD NOT PROCESS: Issue definition for code 'no-unused-components' not found in registry.
--------------------------------------------------
Time: 2025-10-13T22:53:03.959490
Issue: no-unused-components | N/A
Message: Component: "DatabaseResourceFeed" is never used. [path: components.schemas.DatabaseResourceFeed]
Location: N/A
Fixed: False
Source: System
Issue Source: redocly-validator
Issue Target: import-url_root-spec
Action: COULD NOT PROCESS: Issue definition for code 'no-unused-components' not found in registry.
--------------------------------------------------
Time: 2025-10-13T22:53:03.959615
Issue: no-unused-components | N/A
Message: Component: "ExportBackupRequest" is never used. [path: components.schemas.ExportBackupRequest]
Location: N/A
Fixed: False
Source: System
Issue Source: redocly-validator
Issue Target: import-url_root-spec
Action: COULD NOT PROCESS: Issue definition for code 'no-unused-components' not found in registry.
--------------------------------------------------
Time: 2025-10-13T22:53:03.959712
Issue: no-unused-components | N/A
Message: Component: "GoogleCloudCommonOperationMetadata" is never used. [path: components.schemas.GoogleCloudCommonOperationMetadata]
Location: N/A
Fixed: False
Source: System
Issue Source: redocly-validator
Issue Target: import-url_root-spec
Action: COULD NOT PROCESS: Issue definition for code 'no-unused-components' not found in registry.
--------------------------------------------------
Time: 2025-10-13T22:53:03.959801
Issue: no-unused-components | N/A
Message: Component: "GoogleCloudRedisV1beta1LocationMetadata" is never used. [path: components.schemas.GoogleCloudRedisV1beta1LocationMetadata]
Location: N/A
Fixed: False
Source: System
Issue Source: redocly-validator
Issue Target: import-url_root-spec
Action: COULD NOT PROCESS: Issue definition for code 'no-unused-components' not found in registry.
--------------------------------------------------
Time: 2025-10-13T22:53:03.959893
Issue: no-unused-components | N/A
Message: Component: "OperationMetadata" is never used. [path: components.schemas.OperationMetadata]
Location: N/A
Fixed: False
Source: System
Issue Source: redocly-validator
Issue Target: import-url_root-spec
Action: COULD NOT PROCESS: Issue definition for code 'no-unused-components' not found in registry.
--------------------------------------------------
Time: 2025-10-13T22:53:03.959982
Issue: no-unused-components | N/A
Message: Component: "ReconciliationOperationMetadata" is never used. [path: components.schemas.ReconciliationOperationMetadata]
Location: N/A
Fixed: False
Source: System
Issue Source: redocly-validator
Issue Target: import-url_root-spec
Action: COULD NOT PROCESS: Issue definition for code 'no-unused-components' not found in registry.
--------------------------------------------------
Time: 2025-10-13T22:53:03.960091
Issue: no-unused-components | N/A
Message: Component: "Instance" is never used. [path: components.requestBodies.Instance]
Location: N/A
Fixed: False
Source: System
Issue Source: redocly-validator
Issue Target: import-url_root-spec
Action: COULD NOT PROCESS: Issue definition for code 'no-unused-components' not found in registry.
--------------------------------------------------
Time: 2025-10-13T22:53:03.960179
Issue: oas3-server-trailing-slash | N/A
Message: Server URL must not have trailing slash. [path: servers.0.url]
Location: N/A
Fixed: False
Source: System
Issue Source: spectral-validator
Issue Target: import-url_root-spec
Action: COULD NOT PROCESS: Issue definition for code 'oas3-server-trailing-slash' not found in registry.
--------------------------------------------------
Time: 2025-10-13T22:53:03.960267
Issue: path-params | N/A
Message: Parameter "name" must be used in path "/v1beta1/{+name}". [path: paths./v1beta1/{+name}.delete.parameters.0]
Location: N/A
Fixed: False
Source: System
Issue Source: spectral-validator
Issue Target: import-url_root-spec
Action: COULD NOT PROCESS: Issue definition for code 'path-params' not found in registry.
--------------------------------------------------
Time: 2025-10-13T22:53:03.960372
Issue: path-params | N/A
Message: Parameter "name" must be used in path "/v1beta1/{+name}". [path: paths./v1beta1/{+name}.get.parameters.0]
Location: N/A
Fixed: False
Source: System
Issue Source: spectral-validator
Issue Target: import-url_root-spec
Action: COULD NOT PROCESS: Issue definition for code 'path-params' not found in registry.
--------------------------------------------------
Time: 2025-10-13T22:53:03.960467
Issue: path-params | N/A
Message: Parameter "name" must be used in path "/v1beta1/{+name}". [path: paths./v1beta1/{+name}.patch.parameters.0]
Location: N/A
Fixed: False
Source: System
Issue Source: spectral-validator
Issue Target: import-url_root-spec
Action: COULD NOT PROCESS: Issue definition for code 'path-params' not found in registry.
--------------------------------------------------
Time: 2025-10-13T22:53:03.960579
Issue: operation-parameters | N/A
Message: A parameter in this operation already exposes the same combination of "name" and "in" values. [path: paths./v1beta1/{+name}.patch.parameters.2]
Location: N/A
Fixed: False
Source: System
Issue Source: spectral-validator
Issue Target: import-url_root-spec
Action: COULD NOT PROCESS: Issue definition for code 'operation-parameters' not found in registry.
--------------------------------------------------
Time: 2025-10-13T22:53:03.960682
Issue: path-params | N/A
Message: Parameter "name" must be used in path "/v1beta1/{+name}/authString". [path: paths./v1beta1/{+name}/authString.get.parameters.0]
Location: N/A
Fixed: False
Source: System
Issue Source: spectral-validator
Issue Target: import-url_root-spec
Action: COULD NOT PROCESS: Issue definition for code 'path-params' not found in registry.
--------------------------------------------------
Time: 2025-10-13T22:53:03.960767
Issue: path-params | N/A
Message: Parameter "name" must be used in path "/v1beta1/{+name}/locations". [path: paths./v1beta1/{+name}/locations.get.parameters.0]
Location: N/A
Fixed: False
Source: System
Issue Source: spectral-validator
Issue Target: import-url_root-spec
Action: COULD NOT PROCESS: Issue definition for code 'path-params' not found in registry.
--------------------------------------------------
Time: 2025-10-13T22:53:03.960851
Issue: path-params | N/A
Message: Parameter "name" must be used in path "/v1beta1/{+name}/operations". [path: paths./v1beta1/{+name}/operations.get.parameters.0]
Location: N/A
Fixed: False
Source: System
Issue Source: spectral-validator
Issue Target: import-url_root-spec
Action: COULD NOT PROCESS: Issue definition for code 'path-params' not found in registry.
--------------------------------------------------
Time: 2025-10-13T22:53:03.960931
Issue: path-params | N/A
Message: Parameter "name" must be used in path "/v1beta1/{+name}:backup". [path: paths./v1beta1/{+name}:backup.post.parameters.0]
Location: N/A
Fixed: False
Source: System
Issue Source: spectral-validator
Issue Target: import-url_root-spec
Action: COULD NOT PROCESS: Issue definition for code 'path-params' not found in registry.
--------------------------------------------------
Time: 2025-10-13T22:53:03.961038
Issue: path-params | N/A
Message: Parameter "name" must be used in path "/v1beta1/{+name}:cancel". [path: paths./v1beta1/{+name}:cancel.post.parameters.0]
Location: N/A
Fixed: False
Source: System
Issue Source: spectral-validator
Issue Target: import-url_root-spec
Action: COULD NOT PROCESS: Issue definition for code 'path-params' not found in registry.
--------------------------------------------------
Time: 2025-10-13T22:53:03.961138
Issue: path-params | N/A
Message: Parameter "name" must be used in path "/v1beta1/{+name}:export". [path: paths./v1beta1/{+name}:export.post.parameters.0]
Location: N/A
Fixed: False
Source: System
Issue Source: spectral-validator
Issue Target: import-url_root-spec
Action: COULD NOT PROCESS: Issue definition for code 'path-params' not found in registry.
--------------------------------------------------
Time: 2025-10-13T22:53:03.961236
Issue: path-params | N/A
Message: Parameter "name" must be used in path "/v1beta1/{+name}:failover". [path: paths./v1beta1/{+name}:failover.post.parameters.0]
Location: N/A
Fixed: False
Source: System
Issue Source: spectral-validator
Issue Target: import-url_root-spec
Action: COULD NOT PROCESS: Issue definition for code 'path-params' not found in registry.
--------------------------------------------------
Time: 2025-10-13T22:53:03.961344
Issue: path-params | N/A
Message: Parameter "name" must be used in path "/v1beta1/{+name}:import". [path: paths./v1beta1/{+name}:import.post.parameters.0]
Location: N/A
Fixed: False
Source: System
Issue Source: spectral-validator
Issue Target: import-url_root-spec
Action: COULD NOT PROCESS: Issue definition for code 'path-params' not found in registry.
--------------------------------------------------
Time: 2025-10-13T22:53:03.961454
Issue: path-params | N/A
Message: Parameter "name" must be used in path "/v1beta1/{+name}:rescheduleClusterMaintenance". [path: paths./v1beta1/{+name}:rescheduleClusterMaintenance.post.parameters.0]
Location: N/A
Fixed: False
Source: System
Issue Source: spectral-validator
Issue Target: import-url_root-spec
Action: COULD NOT PROCESS: Issue definition for code 'path-params' not found in registry.
--------------------------------------------------
Time: 2025-10-13T22:53:03.961566
Issue: path-params | N/A
Message: Parameter "name" must be used in path "/v1beta1/{+name}:rescheduleMaintenance". [path: paths./v1beta1/{+name}:rescheduleMaintenance.post.parameters.0]
Location: N/A
Fixed: False
Source: System
Issue Source: spectral-validator
Issue Target: import-url_root-spec
Action: COULD NOT PROCESS: Issue definition for code 'path-params' not found in registry.
--------------------------------------------------
Time: 2025-10-13T22:53:03.961694
Issue: path-params | N/A
Message: Parameter "name" must be used in path "/v1beta1/{+name}:upgrade". [path: paths./v1beta1/{+name}:upgrade.post.parameters.0]
Location: N/A
Fixed: False
Source: System
Issue Source: spectral-validator
Issue Target: import-url_root-spec
Action: COULD NOT PROCESS: Issue definition for code 'path-params' not found in registry.
--------------------------------------------------
Time: 2025-10-13T22:53:03.961854
Issue: path-params | N/A
Message: Parameter "parent" must be used in path "/v1beta1/{+parent}/backupCollections". [path: paths./v1beta1/{+parent}/backupCollections.get.parameters.0]
Location: N/A
Fixed: False
Source: System
Issue Source: spectral-validator
Issue Target: import-url_root-spec
Action: COULD NOT PROCESS: Issue definition for code 'path-params' not found in registry.
--------------------------------------------------
Time: 2025-10-13T22:53:03.962047
Issue: path-params | N/A
Message: Parameter "parent" must be used in path "/v1beta1/{+parent}/backups". [path: paths./v1beta1/{+parent}/backups.get.parameters.0]
Location: N/A
Fixed: False
Source: System
Issue Source: spectral-validator
Issue Target: import-url_root-spec
Action: COULD NOT PROCESS: Issue definition for code 'path-params' not found in registry.
--------------------------------------------------
Time: 2025-10-13T22:53:03.962249
Issue: path-params | N/A
Message: Parameter "parent" must be used in path "/v1beta1/{+parent}/clusters". [path: paths./v1beta1/{+parent}/clusters.get.parameters.0]
Location: N/A
Fixed: False
Source: System
Issue Source: spectral-validator
Issue Target: import-url_root-spec
Action: COULD NOT PROCESS: Issue definition for code 'path-params' not found in registry.
--------------------------------------------------
Time: 2025-10-13T22:53:03.962422
Issue: path-params | N/A
Message: Parameter "parent" must be used in path "/v1beta1/{+parent}/clusters". [path: paths./v1beta1/{+parent}/clusters.post.parameters.0]
Location: N/A
Fixed: False
Source: System
Issue Source: spectral-validator
Issue Target: import-url_root-spec
Action: COULD NOT PROCESS: Issue definition for code 'path-params' not found in registry.
--------------------------------------------------
Time: 2025-10-13T22:53:03.962557
Issue: path-params | N/A
Message: Parameter "parent" must be used in path "/v1beta1/{+parent}/instances". [path: paths./v1beta1/{+parent}/instances.get.parameters.0]
Location: N/A
Fixed: False
Source: System
Issue Source: spectral-validator
Issue Target: import-url_root-spec
Action: COULD NOT PROCESS: Issue definition for code 'path-params' not found in registry.
--------------------------------------------------
Time: 2025-10-13T22:53:03.962691
Issue: path-params | N/A
Message: Parameter "parent" must be used in path "/v1beta1/{+parent}/instances". [path: paths./v1beta1/{+parent}/instances.post.parameters.0]
Location: N/A
Fixed: False
Source: System
Issue Source: spectral-validator
Issue Target: import-url_root-spec
Action: COULD NOT PROCESS: Issue definition for code 'path-params' not found in registry.
--------------------------------------------------
Time: 2025-10-13T22:53:03.962811
Issue: oas3-unused-component | N/A
Message: Potentially unused component has been detected. [path: components.requestBodies.Instance]
Location: N/A
Fixed: False
Source: System
Issue Source: spectral-validator
Issue Target: import-url_root-spec
Action: COULD NOT PROCESS: Issue definition for code 'oas3-unused-component' not found in registry.
--------------------------------------------------
Time: 2025-10-13T22:53:03.962902
Issue: no-$ref-siblings | N/A
Message: $ref must not be placed next to any other properties [path: components.schemas.AutomatedBackupConfig.properties.fixedFrequencySchedule.description]
Location: N/A
Fixed: False
Source: System
Issue Source: spectral-validator
Issue Target: import-url_root-spec
Action: COULD NOT PROCESS: Issue definition for code 'no-$ref-siblings' not found in registry.
--------------------------------------------------
Time: 2025-10-13T22:53:03.963004
Issue: no-$ref-siblings | N/A
Message: $ref must not be placed next to any other properties [path: components.schemas.Backup.properties.encryptionInfo.description]
Location: N/A
Fixed: False
Source: System
Issue Source: spectral-validator
Issue Target: import-url_root-spec
Action: COULD NOT PROCESS: Issue definition for code 'no-$ref-siblings' not found in registry.
--------------------------------------------------
Time: 2025-10-13T22:53:03.963098
Issue: no-$ref-siblings | N/A
Message: $ref must not be placed next to any other properties [path: components.schemas.Backup.properties.encryptionInfo.readOnly]
Location: N/A
Fixed: False
Source: System
Issue Source: spectral-validator
Issue Target: import-url_root-spec
Action: COULD NOT PROCESS: Issue definition for code 'no-$ref-siblings' not found in registry.
--------------------------------------------------
Time: 2025-10-13T22:53:03.963185
Issue: no-$ref-siblings | N/A
Message: $ref must not be placed next to any other properties [path: components.schemas.BackupConfiguration.properties.backupRetentionSettings.description]
Location: N/A
Fixed: False
Source: System
Issue Source: spectral-validator
Issue Target: import-url_root-spec
Action: COULD NOT PROCESS: Issue definition for code 'no-$ref-siblings' not found in registry.
--------------------------------------------------
Time: 2025-10-13T22:53:03.963291
Issue: no-$ref-siblings | N/A
Message: $ref must not be placed next to any other properties [path: components.schemas.BackupRun.properties.error.description]
Location: N/A
Fixed: False
Source: System
Issue Source: spectral-validator
Issue Target: import-url_root-spec
Action: COULD NOT PROCESS: Issue definition for code 'no-$ref-siblings' not found in registry.
--------------------------------------------------
Time: 2025-10-13T22:53:03.963420
Issue: oas3-unused-component | N/A
Message: Potentially unused component has been detected. [path: components.schemas.CertificateAuthority]
Location: N/A
Fixed: False
Source: System
Issue Source: spectral-validator
Issue Target: import-url_root-spec
Action: COULD NOT PROCESS: Issue definition for code 'oas3-unused-component' not found in registry.
--------------------------------------------------
Time: 2025-10-13T22:53:03.963543
Issue: no-$ref-siblings | N/A
Message: $ref must not be placed next to any other properties [path: components.schemas.Cluster.properties.automatedBackupConfig.description]
Location: N/A
Fixed: False
Source: System
Issue Source: spectral-validator
Issue Target: import-url_root-spec
Action: COULD NOT PROCESS: Issue definition for code 'no-$ref-siblings' not found in registry.
--------------------------------------------------
Time: 2025-10-13T22:53:03.963677
Issue: no-$ref-siblings | N/A
Message: $ref must not be placed next to any other properties [path: components.schemas.Cluster.properties.crossClusterReplicationConfig.description]
Location: N/A
Fixed: False
Source: System
Issue Source: spectral-validator
Issue Target: import-url_root-spec
Action: COULD NOT PROCESS: Issue definition for code 'no-$ref-siblings' not found in registry.
--------------------------------------------------
Time: 2025-10-13T22:53:03.963828
Issue: no-$ref-siblings | N/A
Message: $ref must not be placed next to any other properties [path: components.schemas.Cluster.properties.encryptionInfo.description]
Location: N/A
Fixed: False
Source: System
Issue Source: spectral-validator
Issue Target: import-url_root-spec
Action: COULD NOT PROCESS: Issue definition for code 'no-$ref-siblings' not found in registry.
--------------------------------------------------
Time: 2025-10-13T22:53:03.964008
Issue: no-$ref-siblings | N/A
Message: $ref must not be placed next to any other properties [path: components.schemas.Cluster.properties.encryptionInfo.readOnly]
Location: N/A
Fixed: False
Source: System
Issue Source: spectral-validator
Issue Target: import-url_root-spec
Action: COULD NOT PROCESS: Issue definition for code 'no-$ref-siblings' not found in registry.
--------------------------------------------------
Time: 2025-10-13T22:53:03.964198
Issue: no-$ref-siblings | N/A
Message: $ref must not be placed next to any other properties [path: components.schemas.Cluster.properties.gcsSource.description]
Location: N/A
Fixed: False
Source: System
Issue Source: spectral-validator
Issue Target: import-url_root-spec
Action: COULD NOT PROCESS: Issue definition for code 'no-$ref-siblings' not found in registry.
--------------------------------------------------
Time: 2025-10-13T22:53:03.964348
Issue: no-$ref-siblings | N/A
Message: $ref must not be placed next to any other properties [path: components.schemas.Cluster.properties.maintenancePolicy.description]
Location: N/A
Fixed: False
Source: System
Issue Source: spectral-validator
Issue Target: import-url_root-spec
Action: COULD NOT PROCESS: Issue definition for code 'no-$ref-siblings' not found in registry.
--------------------------------------------------
Time: 2025-10-13T22:53:03.964488
Issue: no-$ref-siblings | N/A
Message: $ref must not be placed next to any other properties [path: components.schemas.Cluster.properties.maintenanceSchedule.description]
Location: N/A
Fixed: False
Source: System
Issue Source: spectral-validator
Issue Target: import-url_root-spec
Action: COULD NOT PROCESS: Issue definition for code 'no-$ref-siblings' not found in registry.
--------------------------------------------------
Time: 2025-10-13T22:53:03.964643
Issue: no-$ref-siblings | N/A
Message: $ref must not be placed next to any other properties [path: components.schemas.Cluster.properties.maintenanceSchedule.readOnly]
Location: N/A
Fixed: False
Source: System
Issue Source: spectral-validator
Issue Target: import-url_root-spec
Action: COULD NOT PROCESS: Issue definition for code 'no-$ref-siblings' not found in registry.
--------------------------------------------------
Time: 2025-10-13T22:53:03.964784
Issue: no-$ref-siblings | N/A
Message: $ref must not be placed next to any other properties [path: components.schemas.Cluster.properties.managedBackupSource.description]
Location: N/A
Fixed: False
Source: System
Issue Source: spectral-validator
Issue Target: import-url_root-spec
Action: COULD NOT PROCESS: Issue definition for code 'no-$ref-siblings' not found in registry.
--------------------------------------------------
Time: 2025-10-13T22:53:03.964929
Issue: no-$ref-siblings | N/A
Message: $ref must not be placed next to any other properties [path: components.schemas.Cluster.properties.persistenceConfig.description]
Location: N/A
Fixed: False
Source: System
Issue Source: spectral-validator
Issue Target: import-url_root-spec
Action: COULD NOT PROCESS: Issue definition for code 'no-$ref-siblings' not found in registry.
--------------------------------------------------
Time: 2025-10-13T22:53:03.965093
Issue: no-$ref-siblings | N/A
Message: $ref must not be placed next to any other properties [path: components.schemas.Cluster.properties.stateInfo.description]
Location: N/A
Fixed: False
Source: System
Issue Source: spectral-validator
Issue Target: import-url_root-spec
Action: COULD NOT PROCESS: Issue definition for code 'no-$ref-siblings' not found in registry.
--------------------------------------------------
Time: 2025-10-13T22:53:03.965223
Issue: no-$ref-siblings | N/A
Message: $ref must not be placed next to any other properties [path: components.schemas.Cluster.properties.stateInfo.readOnly]
Location: N/A
Fixed: False
Source: System
Issue Source: spectral-validator
Issue Target: import-url_root-spec
Action: COULD NOT PROCESS: Issue definition for code 'no-$ref-siblings' not found in registry.
--------------------------------------------------
Time: 2025-10-13T22:53:03.965378
Issue: no-$ref-siblings | N/A
Message: $ref must not be placed next to any other properties [path: components.schemas.Cluster.properties.zoneDistributionConfig.description]
Location: N/A
Fixed: False
Source: System
Issue Source: spectral-validator
Issue Target: import-url_root-spec
Action: COULD NOT PROCESS: Issue definition for code 'no-$ref-siblings' not found in registry.
--------------------------------------------------
Time: 2025-10-13T22:53:03.965523
Issue: no-$ref-siblings | N/A
Message: $ref must not be placed next to any other properties [path: components.schemas.ClusterPersistenceConfig.properties.aofConfig.description]
Location: N/A
Fixed: False
Source: System
Issue Source: spectral-validator
Issue Target: import-url_root-spec
Action: COULD NOT PROCESS: Issue definition for code 'no-$ref-siblings' not found in registry.
--------------------------------------------------
Time: 2025-10-13T22:53:03.965660
Issue: no-$ref-siblings | N/A
Message: $ref must not be placed next to any other properties [path: components.schemas.ClusterPersistenceConfig.properties.rdbConfig.description]
Location: N/A
Fixed: False
Source: System
Issue Source: spectral-validator
Issue Target: import-url_root-spec
Action: COULD NOT PROCESS: Issue definition for code 'no-$ref-siblings' not found in registry.
--------------------------------------------------
Time: 2025-10-13T22:53:03.965814
Issue: no-$ref-siblings | N/A
Message: $ref must not be placed next to any other properties [path: components.schemas.ClusterWeeklyMaintenanceWindow.properties.startTime.description]
Location: N/A
Fixed: False
Source: System
Issue Source: spectral-validator
Issue Target: import-url_root-spec
Action: COULD NOT PROCESS: Issue definition for code 'no-$ref-siblings' not found in registry.
--------------------------------------------------
Time: 2025-10-13T22:53:03.965950
Issue: no-$ref-siblings | N/A
Message: $ref must not be placed next to any other properties [path: components.schemas.ConnectionDetail.properties.pscAutoConnection.description]
Location: N/A
Fixed: False
Source: System
Issue Source: spectral-validator
Issue Target: import-url_root-spec
Action: COULD NOT PROCESS: Issue definition for code 'no-$ref-siblings' not found in registry.
--------------------------------------------------
Time: 2025-10-13T22:53:03.966123
Issue: no-$ref-siblings | N/A
Message: $ref must not be placed next to any other properties [path: components.schemas.ConnectionDetail.properties.pscConnection.description]
Location: N/A
Fixed: False
Source: System
Issue Source: spectral-validator
Issue Target: import-url_root-spec
Action: COULD NOT PROCESS: Issue definition for code 'no-$ref-siblings' not found in registry.
--------------------------------------------------
Time: 2025-10-13T22:53:03.966236
Issue: no-$ref-siblings | N/A
Message: $ref must not be placed next to any other properties [path: components.schemas.CrossClusterReplicationConfig.properties.membership.description]
Location: N/A
Fixed: False
Source: System
Issue Source: spectral-validator
Issue Target: import-url_root-spec
Action: COULD NOT PROCESS: Issue definition for code 'no-$ref-siblings' not found in registry.
--------------------------------------------------
Time: 2025-10-13T22:53:03.966328
Issue: no-$ref-siblings | N/A
Message: $ref must not be placed next to any other properties [path: components.schemas.CrossClusterReplicationConfig.properties.membership.readOnly]
Location: N/A
Fixed: False
Source: System
Issue Source: spectral-validator
Issue Target: import-url_root-spec
Action: COULD NOT PROCESS: Issue definition for code 'no-$ref-siblings' not found in registry.
--------------------------------------------------
Time: 2025-10-13T22:53:03.966419
Issue: no-$ref-siblings | N/A
Message: $ref must not be placed next to any other properties [path: components.schemas.CrossClusterReplicationConfig.properties.primaryCluster.description]
Location: N/A
Fixed: False
Source: System
Issue Source: spectral-validator
Issue Target: import-url_root-spec
Action: COULD NOT PROCESS: Issue definition for code 'no-$ref-siblings' not found in registry.
--------------------------------------------------
Time: 2025-10-13T22:53:03.966509
Issue: oas3-unused-component | N/A
Message: Potentially unused component has been detected. [path: components.schemas.DatabaseResourceFeed]
Location: N/A
Fixed: False
Source: System
Issue Source: spectral-validator
Issue Target: import-url_root-spec
Action: COULD NOT PROCESS: Issue definition for code 'oas3-unused-component' not found in registry.
--------------------------------------------------
Time: 2025-10-13T22:53:03.966595
Issue: no-$ref-siblings | N/A
Message: $ref must not be placed next to any other properties [path: components.schemas.DatabaseResourceFeed.properties.resourceId.deprecated]
Location: N/A
Fixed: False
Source: System
Issue Source: spectral-validator
Issue Target: import-url_root-spec
Action: COULD NOT PROCESS: Issue definition for code 'no-$ref-siblings' not found in registry.
--------------------------------------------------
Time: 2025-10-13T22:53:03.966679
Issue: no-$ref-siblings | N/A
Message: $ref must not be placed next to any other properties [path: components.schemas.DatabaseResourceFeed.properties.resourceId.description]
Location: N/A
Fixed: False
Source: System
Issue Source: spectral-validator
Issue Target: import-url_root-spec
Action: COULD NOT PROCESS: Issue definition for code 'no-$ref-siblings' not found in registry.
--------------------------------------------------
Time: 2025-10-13T22:53:03.966766
Issue: oas3-schema | N/A
Message: Property "enumDeprecated" is not expected to be here. [path: components.schemas.DatabaseResourceHealthSignalData.properties.signalType.enumDeprecated]
Location: N/A
Fixed: False
Source: System
Issue Source: spectral-validator
Issue Target: import-url_root-spec
Action: COULD NOT PROCESS: Issue definition for code 'oas3-schema' not found in registry.
--------------------------------------------------
Time: 2025-10-13T22:53:03.966849
Issue: no-$ref-siblings | N/A
Message: $ref must not be placed next to any other properties [path: components.schemas.DatabaseResourceMetadata.properties.availabilityConfiguration.description]
Location: N/A
Fixed: False
Source: System
Issue Source: spectral-validator
Issue Target: import-url_root-spec
Action: COULD NOT PROCESS: Issue definition for code 'no-$ref-siblings' not found in registry.
--------------------------------------------------
Time: 2025-10-13T22:53:03.966939
Issue: no-$ref-siblings | N/A
Message: $ref must not be placed next to any other properties [path: components.schemas.DatabaseResourceMetadata.properties.backupConfiguration.description]
Location: N/A
Fixed: False
Source: System
Issue Source: spectral-validator
Issue Target: import-url_root-spec
Action: COULD NOT PROCESS: Issue definition for code 'no-$ref-siblings' not found in registry.
--------------------------------------------------
Time: 2025-10-13T22:53:03.967063
Issue: no-$ref-siblings | N/A
Message: $ref must not be placed next to any other properties [path: components.schemas.DatabaseResourceMetadata.properties.backupRun.description]
Location: N/A
Fixed: False
Source: System
Issue Source: spectral-validator
Issue Target: import-url_root-spec
Action: COULD NOT PROCESS: Issue definition for code 'no-$ref-siblings' not found in registry.
--------------------------------------------------
Time: 2025-10-13T22:53:03.967164
Issue: no-$ref-siblings | N/A
Message: $ref must not be placed next to any other properties [path: components.schemas.DatabaseResourceMetadata.properties.customMetadata.description]
Location: N/A
Fixed: False
Source: System
Issue Source: spectral-validator
Issue Target: import-url_root-spec
Action: COULD NOT PROCESS: Issue definition for code 'no-$ref-siblings' not found in registry.
--------------------------------------------------
Time: 2025-10-13T22:53:03.967249
Issue: no-$ref-siblings | N/A
Message: $ref must not be placed next to any other properties [path: components.schemas.DatabaseResourceMetadata.properties.gcbdrConfiguration.description]
Location: N/A
Fixed: False
Source: System
Issue Source: spectral-validator
Issue Target: import-url_root-spec
Action: COULD NOT PROCESS: Issue definition for code 'no-$ref-siblings' not found in registry.
--------------------------------------------------
Time: 2025-10-13T22:53:03.967354
Issue: no-$ref-siblings | N/A
Message: $ref must not be placed next to any other properties [path: components.schemas.DatabaseResourceMetadata.properties.id.description]
Location: N/A
Fixed: False
Source: System
Issue Source: spectral-validator
Issue Target: import-url_root-spec
Action: COULD NOT PROCESS: Issue definition for code 'no-$ref-siblings' not found in registry.
--------------------------------------------------
Time: 2025-10-13T22:53:03.967446
Issue: oas3-schema | N/A
Message: Property "enumDeprecated" is not expected to be here. [path: components.schemas.DatabaseResourceMetadata.properties.instanceType.enumDeprecated]
Location: N/A
Fixed: False
Source: System
Issue Source: spectral-validator
Issue Target: import-url_root-spec
Action: COULD NOT PROCESS: Issue definition for code 'oas3-schema' not found in registry.
--------------------------------------------------
Time: 2025-10-13T22:53:03.967533
Issue: no-$ref-siblings | N/A
Message: $ref must not be placed next to any other properties [path: components.schemas.DatabaseResourceMetadata.properties.machineConfiguration.description]
Location: N/A
Fixed: False
Source: System
Issue Source: spectral-validator
Issue Target: import-url_root-spec
Action: COULD NOT PROCESS: Issue definition for code 'no-$ref-siblings' not found in registry.
--------------------------------------------------
Time: 2025-10-13T22:53:03.967625
Issue: no-$ref-siblings | N/A
Message: $ref must not be placed next to any other properties [path: components.schemas.DatabaseResourceMetadata.properties.primaryResourceId.description]
Location: N/A
Fixed: False
Source: System
Issue Source: spectral-validator
Issue Target: import-url_root-spec
Action: COULD NOT PROCESS: Issue definition for code 'no-$ref-siblings' not found in registry.
--------------------------------------------------
Time: 2025-10-13T22:53:03.967707
Issue: no-$ref-siblings | N/A
Message: $ref must not be placed next to any other properties [path: components.schemas.DatabaseResourceMetadata.properties.product.description]
Location: N/A
Fixed: False
Source: System
Issue Source: spectral-validator
Issue Target: import-url_root-spec
Action: COULD NOT PROCESS: Issue definition for code 'no-$ref-siblings' not found in registry.
--------------------------------------------------
Time: 2025-10-13T22:53:03.967788
Issue: no-$ref-siblings | N/A
Message: $ref must not be placed next to any other properties [path: components.schemas.DatabaseResourceMetadata.properties.tagsSet.description]
Location: N/A
Fixed: False
Source: System
Issue Source: spectral-validator
Issue Target: import-url_root-spec
Action: COULD NOT PROCESS: Issue definition for code 'no-$ref-siblings' not found in registry.
--------------------------------------------------
Time: 2025-10-13T22:53:03.967870
Issue: no-$ref-siblings | N/A
Message: $ref must not be placed next to any other properties [path: components.schemas.DatabaseResourceMetadata.properties.userLabelSet.description]
Location: N/A
Fixed: False
Source: System
Issue Source: spectral-validator
Issue Target: import-url_root-spec
Action: COULD NOT PROCESS: Issue definition for code 'no-$ref-siblings' not found in registry.
--------------------------------------------------
Time: 2025-10-13T22:53:03.967971
Issue: oas3-schema | N/A
Message: Property "enumDeprecated" is not expected to be here. [path: components.schemas.DatabaseResourceRecommendationSignalData.properties.signalType.enumDeprecated]
Location: N/A
Fixed: False
Source: System
Issue Source: spectral-validator
Issue Target: import-url_root-spec
Action: COULD NOT PROCESS: Issue definition for code 'oas3-schema' not found in registry.
--------------------------------------------------
Time: 2025-10-13T22:53:03.968081
Issue: no-$ref-siblings | N/A
Message: $ref must not be placed next to any other properties [path: components.schemas.DiscoveryEndpoint.properties.pscConfig.description]
Location: N/A
Fixed: False
Source: System
Issue Source: spectral-validator
Issue Target: import-url_root-spec
Action: COULD NOT PROCESS: Issue definition for code 'no-$ref-siblings' not found in registry.
--------------------------------------------------
Time: 2025-10-13T22:53:03.968184
Issue: no-$ref-siblings | N/A
Message: $ref must not be placed next to any other properties [path: components.schemas.DiscoveryEndpoint.properties.pscConfig.readOnly]
Location: N/A
Fixed: False
Source: System
Issue Source: spectral-validator
Issue Target: import-url_root-spec
Action: COULD NOT PROCESS: Issue definition for code 'no-$ref-siblings' not found in registry.
--------------------------------------------------
Time: 2025-10-13T22:53:03.968274
Issue: oas3-schema | N/A
Message: Property "enumDeprecated" is not expected to be here. [path: components.schemas.Entitlement.properties.type.enumDeprecated]
Location: N/A
Fixed: False
Source: System
Issue Source: spectral-validator
Issue Target: import-url_root-spec
Action: COULD NOT PROCESS: Issue definition for code 'oas3-schema' not found in registry.
--------------------------------------------------
Time: 2025-10-13T22:53:03.968363
Issue: oas3-unused-component | N/A
Message: Potentially unused component has been detected. [path: components.schemas.ExportBackupRequest]
Location: N/A
Fixed: False
Source: System
Issue Source: spectral-validator
Issue Target: import-url_root-spec
Action: COULD NOT PROCESS: Issue definition for code 'oas3-unused-component' not found in registry.
--------------------------------------------------
Time: 2025-10-13T22:53:03.968454
Issue: no-$ref-siblings | N/A
Message: $ref must not be placed next to any other properties [path: components.schemas.ExportInstanceRequest.properties.outputConfig.description]
Location: N/A
Fixed: False
Source: System
Issue Source: spectral-validator
Issue Target: import-url_root-spec
Action: COULD NOT PROCESS: Issue definition for code 'no-$ref-siblings' not found in registry.
--------------------------------------------------
Time: 2025-10-13T22:53:03.968546
Issue: no-$ref-siblings | N/A
Message: $ref must not be placed next to any other properties [path: components.schemas.FixedFrequencySchedule.properties.startTime.description]
Location: N/A
Fixed: False
Source: System
Issue Source: spectral-validator
Issue Target: import-url_root-spec
Action: COULD NOT PROCESS: Issue definition for code 'no-$ref-siblings' not found in registry.
--------------------------------------------------
Time: 2025-10-13T22:53:03.968647
Issue: oas3-unused-component | N/A
Message: Potentially unused component has been detected. [path: components.schemas.GoogleCloudCommonOperationMetadata]
Location: N/A
Fixed: False
Source: System
Issue Source: spectral-validator
Issue Target: import-url_root-spec
Action: COULD NOT PROCESS: Issue definition for code 'oas3-unused-component' not found in registry.
--------------------------------------------------
Time: 2025-10-13T22:53:03.968751
Issue: oas3-unused-component | N/A
Message: Potentially unused component has been detected. [path: components.schemas.GoogleCloudRedisV1beta1LocationMetadata]
Location: N/A
Fixed: False
Source: System
Issue Source: spectral-validator
Issue Target: import-url_root-spec
Action: COULD NOT PROCESS: Issue definition for code 'oas3-unused-component' not found in registry.
--------------------------------------------------
Time: 2025-10-13T22:53:03.968842
Issue: no-$ref-siblings | N/A
Message: $ref must not be placed next to any other properties [path: components.schemas.ImportInstanceRequest.properties.inputConfig.description]
Location: N/A
Fixed: False
Source: System
Issue Source: spectral-validator
Issue Target: import-url_root-spec
Action: COULD NOT PROCESS: Issue definition for code 'no-$ref-siblings' not found in registry.
--------------------------------------------------
Time: 2025-10-13T22:53:03.968934
Issue: no-$ref-siblings | N/A
Message: $ref must not be placed next to any other properties [path: components.schemas.InputConfig.properties.gcsSource.description]
Location: N/A
Fixed: False
Source: System
Issue Source: spectral-validator
Issue Target: import-url_root-spec
Action: COULD NOT PROCESS: Issue definition for code 'no-$ref-siblings' not found in registry.
--------------------------------------------------
Time: 2025-10-13T22:53:03.969037
Issue: no-$ref-siblings | N/A
Message: $ref must not be placed next to any other properties [path: components.schemas.Instance.properties.maintenancePolicy.description]
Location: N/A
Fixed: False
Source: System
Issue Source: spectral-validator
Issue Target: import-url_root-spec
Action: COULD NOT PROCESS: Issue definition for code 'no-$ref-siblings' not found in registry.
--------------------------------------------------
Time: 2025-10-13T22:53:03.969133
Issue: no-$ref-siblings | N/A
Message: $ref must not be placed next to any other properties [path: components.schemas.Instance.properties.maintenanceSchedule.description]
Location: N/A
Fixed: False
Source: System
Issue Source: spectral-validator
Issue Target: import-url_root-spec
Action: COULD NOT PROCESS: Issue definition for code 'no-$ref-siblings' not found in registry.
--------------------------------------------------
Time: 2025-10-13T22:53:03.969241
Issue: no-$ref-siblings | N/A
Message: $ref must not be placed next to any other properties [path: components.schemas.Instance.properties.maintenanceSchedule.readOnly]
Location: N/A
Fixed: False
Source: System
Issue Source: spectral-validator
Issue Target: import-url_root-spec
Action: COULD NOT PROCESS: Issue definition for code 'no-$ref-siblings' not found in registry.
--------------------------------------------------
Time: 2025-10-13T22:53:03.969331
Issue: no-$ref-siblings | N/A
Message: $ref must not be placed next to any other properties [path: components.schemas.Instance.properties.persistenceConfig.description]
Location: N/A
Fixed: False
Source: System
Issue Source: spectral-validator
Issue Target: import-url_root-spec
Action: COULD NOT PROCESS: Issue definition for code 'no-$ref-siblings' not found in registry.
--------------------------------------------------
Time: 2025-10-13T22:53:03.969420
Issue: no-$ref-siblings | N/A
Message: $ref must not be placed next to any other properties [path: components.schemas.InternalResourceMetadata.properties.backupConfiguration.description]
Location: N/A
Fixed: False
Source: System
Issue Source: spectral-validator
Issue Target: import-url_root-spec
Action: COULD NOT PROCESS: Issue definition for code 'no-$ref-siblings' not found in registry.
--------------------------------------------------
Time: 2025-10-13T22:53:03.969506
Issue: no-$ref-siblings | N/A
Message: $ref must not be placed next to any other properties [path: components.schemas.InternalResourceMetadata.properties.backupRun.description]
Location: N/A
Fixed: False
Source: System
Issue Source: spectral-validator
Issue Target: import-url_root-spec
Action: COULD NOT PROCESS: Issue definition for code 'no-$ref-siblings' not found in registry.
--------------------------------------------------
Time: 2025-10-13T22:53:03.969589
Issue: no-$ref-siblings | N/A
Message: $ref must not be placed next to any other properties [path: components.schemas.Membership.properties.primaryCluster.description]
Location: N/A
Fixed: False
Source: System
Issue Source: spectral-validator
Issue Target: import-url_root-spec
Action: COULD NOT PROCESS: Issue definition for code 'no-$ref-siblings' not found in registry.
--------------------------------------------------
Time: 2025-10-13T22:53:03.969674
Issue: no-$ref-siblings | N/A
Message: $ref must not be placed next to any other properties [path: components.schemas.Membership.properties.primaryCluster.readOnly]
Location: N/A
Fixed: False
Source: System
Issue Source: spectral-validator
Issue Target: import-url_root-spec
Action: COULD NOT PROCESS: Issue definition for code 'no-$ref-siblings' not found in registry.
--------------------------------------------------
Time: 2025-10-13T22:53:03.969773
Issue: no-$ref-siblings | N/A
Message: $ref must not be placed next to any other properties [path: components.schemas.ObservabilityMetricData.properties.value.description]
Location: N/A
Fixed: False
Source: System
Issue Source: spectral-validator
Issue Target: import-url_root-spec
Action: COULD NOT PROCESS: Issue definition for code 'no-$ref-siblings' not found in registry.
--------------------------------------------------
Time: 2025-10-13T22:53:03.969875
Issue: no-$ref-siblings | N/A
Message: $ref must not be placed next to any other properties [path: components.schemas.Operation.properties.error.description]
Location: N/A
Fixed: False
Source: System
Issue Source: spectral-validator
Issue Target: import-url_root-spec
Action: COULD NOT PROCESS: Issue definition for code 'no-$ref-siblings' not found in registry.
--------------------------------------------------
Time: 2025-10-13T22:53:03.970016
Issue: oas3-unused-component | N/A
Message: Potentially unused component has been detected. [path: components.schemas.OperationMetadata]
Location: N/A
Fixed: False
Source: System
Issue Source: spectral-validator
Issue Target: import-url_root-spec
Action: COULD NOT PROCESS: Issue definition for code 'oas3-unused-component' not found in registry.
--------------------------------------------------
Time: 2025-10-13T22:53:03.970139
Issue: no-$ref-siblings | N/A
Message: $ref must not be placed next to any other properties [path: components.schemas.OutputConfig.properties.gcsDestination.description]
Location: N/A
Fixed: False
Source: System
Issue Source: spectral-validator
Issue Target: import-url_root-spec
Action: COULD NOT PROCESS: Issue definition for code 'no-$ref-siblings' not found in registry.
--------------------------------------------------
Time: 2025-10-13T22:53:03.970240
Issue: oas3-schema | N/A
Message: Property "enumDeprecated" is not expected to be here. [path: components.schemas.Product.properties.engine.enumDeprecated]
Location: N/A
Fixed: False
Source: System
Issue Source: spectral-validator
Issue Target: import-url_root-spec
Action: COULD NOT PROCESS: Issue definition for code 'oas3-schema' not found in registry.
--------------------------------------------------
Time: 2025-10-13T22:53:03.970336
Issue: oas3-schema | N/A
Message: Property "enumDeprecated" is not expected to be here. [path: components.schemas.Product.properties.type.enumDeprecated]
Location: N/A
Fixed: False
Source: System
Issue Source: spectral-validator
Issue Target: import-url_root-spec
Action: COULD NOT PROCESS: Issue definition for code 'oas3-schema' not found in registry.
--------------------------------------------------
Time: 2025-10-13T22:53:03.970444
Issue: oas3-unused-component | N/A
Message: Potentially unused component has been detected. [path: components.schemas.ReconciliationOperationMetadata]
Location: N/A
Fixed: False
Source: System
Issue Source: spectral-validator
Issue Target: import-url_root-spec
Action: COULD NOT PROCESS: Issue definition for code 'oas3-unused-component' not found in registry.
--------------------------------------------------
Time: 2025-10-13T22:53:03.970549
Issue: oas3-schema | N/A
Message: Property "enumDeprecated" is not expected to be here. [path: components.schemas.ReconciliationOperationMetadata.properties.exclusiveAction.enumDeprecated]
Location: N/A
Fixed: False
Source: System
Issue Source: spectral-validator
Issue Target: import-url_root-spec
Action: COULD NOT PROCESS: Issue definition for code 'oas3-schema' not found in registry.
--------------------------------------------------
Time: 2025-10-13T22:53:03.970643
Issue: no-$ref-siblings | N/A
Message: $ref must not be placed next to any other properties [path: components.schemas.StateInfo.properties.updateInfo.description]
Location: N/A
Fixed: False
Source: System
Issue Source: spectral-validator
Issue Target: import-url_root-spec
Action: COULD NOT PROCESS: Issue definition for code 'no-$ref-siblings' not found in registry.
--------------------------------------------------
Time: 2025-10-13T22:53:03.970729
Issue: no-$ref-siblings | N/A
Message: $ref must not be placed next to any other properties [path: components.schemas.WeeklyMaintenanceWindow.properties.startTime.description]
Location: N/A
Fixed: False
Source: System
Issue Source: spectral-validator
Issue Target: import-url_root-spec
Action: COULD NOT PROCESS: Issue definition for code 'no-$ref-siblings' not found in registry.
