Repair Log
Processed Timestamp: 2025-10-13T23:43:49.285453

--------------------------------------------------
Time: 2025-10-13T23:43:27.178766
Issue: uniqueItems | N/A
Message: [{'description': 'Required. The name of the `DeployPolicy` to delete. The format is `projects/{project_id}/locations/{location_name}/deployPolicies/{deploy_policy_name}`.', 'in': 'path', 'name': 'name', 'required': True, 'schema': {'type': 'string'}}, {'description': 'Optional. If set to true, then deleting an already deleted or non-existing `DeployPolicy` will succeed.', 'in': 'query', 'name': 'allowMissing', 'schema': {'type': 'boolean'}}, {'description': 'Optional. This checksum is computed by the server based on the value of other fields, and may be sent on update and delete requests to ensure the client has an up-to-date value before proceeding.', 'in': 'query', 'name': 'etag', 'schema': {'type': 'string'}}, {'description': 'Optional. A request ID to identify requests. Specify a unique request ID so that if you must retry your request, the server knows to ignore the request if it has already been completed. The server guarantees that for at least 60 minutes after the first request. For example, consider a situation where you make an initial request and the request times out. If you make the request again with the same request ID, the server can check if original operation with the same request ID was received, and if so, will ignore the second request. This prevents clients from accidentally creating duplicate commitments. The request ID must be a valid UUID with the exception that zero UUID is not supported (00000000-0000-0000-0000-000000000000).', 'in': 'query', 'name': 'requestId', 'schema': {'type': 'string'}}, {'description': 'Optional. If set, validate the request and preview the review, but do not actually post it.', 'in': 'query', 'name': 'validateOnly', 'schema': {'type': 'boolean'}}, {'description': 'Optional. If set, validate the request and preview the review, but do not actually post it.', 'in': 'query', 'name': 'validateOnly', 'schema': {'type': 'boolean'}}] has non-unique elements
Location: N/A
Fixed: False
Source: System
Issue Source: openapi-spec-validator
Issue Target: import-url_bundled-spec
Action: COULD NOT PROCESS: Issue definition for code 'uniqueItems' not found in registry.
--------------------------------------------------
Time: 2025-10-13T23:43:27.194832
Issue: oneOf | N/A
Message: {'description': 'Payload proto for "clouddeploy.googleapis.com/automation" Platform Log event that describes the Automation related events.', 'properties': {'automation': {'description': 'The name of the `AutomationRun`.', 'type': 'string'}, 'message': {'description': 'Debug message for when there is an update on the AutomationRun. Provides further details about the resource creation or state change.', 'type': 'string'}, 'pipelineUid': {'description': 'Unique identifier of the `DeliveryPipeline`.', 'type': 'string'}, 'type': {'description': 'Type of this notification, e.g. for a Pub/Sub failure.', 'enum': ['TYPE_UNSPECIFIED', 'TYPE_PUBSUB_NOTIFICATION_FAILURE', 'TYPE_RESOURCE_STATE_CHANGE', 'TYPE_PROCESS_ABORTED', 'TYPE_RESTRICTION_VIOLATED', 'TYPE_RESOURCE_DELETED', 'TYPE_ROLLOUT_UPDATE', 'TYPE_DEPLOY_POLICY_EVALUATION', 'TYPE_RENDER_STATUES_CHANGE'], 'enumDeprecated': [False, False, False, False, False, False, False, False, True], 'type': 'string'}}, 'type': 'object'} is not valid under any of the given schemas
Location: N/A
Fixed: False
Source: System
Issue Source: openapi-spec-validator
Issue Target: import-url_bundled-spec
Action: COULD NOT PROCESS: Issue definition for code 'oneOf' not found in registry.
--------------------------------------------------
Time: 2025-10-13T23:43:27.205649
Issue: oneOf | N/A
Message: {'description': 'Payload proto for "clouddeploy.googleapis.com/automation_run" Platform Log event that describes the AutomationRun related events.', 'properties': {'automationId': {'description': 'Identifier of the `Automation`.', 'type': 'string'}, 'automationRun': {'description': 'The name of the `AutomationRun`.', 'type': 'string'}, 'destinationTargetId': {'description': 'ID of the `Target` to which the `AutomationRun` is created.', 'type': 'string'}, 'message': {'description': 'Debug message for when there is an update on the AutomationRun. Provides further details about the resource creation or state change.', 'type': 'string'}, 'pipelineUid': {'description': 'Unique identifier of the `DeliveryPipeline`.', 'type': 'string'}, 'ruleId': {'description': 'Identifier of the `Automation` rule.', 'type': 'string'}, 'type': {'description': 'Type of this notification, e.g. for a Pub/Sub failure.', 'enum': ['TYPE_UNSPECIFIED', 'TYPE_PUBSUB_NOTIFICATION_FAILURE', 'TYPE_RESOURCE_STATE_CHANGE', 'TYPE_PROCESS_ABORTED', 'TYPE_RESTRICTION_VIOLATED', 'TYPE_RESOURCE_DELETED', 'TYPE_ROLLOUT_UPDATE', 'TYPE_DEPLOY_POLICY_EVALUATION', 'TYPE_RENDER_STATUES_CHANGE'], 'enumDeprecated': [False, False, False, False, False, False, False, False, True], 'type': 'string'}}, 'type': 'object'} is not valid under any of the given schemas
Location: N/A
Fixed: False
Source: System
Issue Source: openapi-spec-validator
Issue Target: import-url_bundled-spec
Action: COULD NOT PROCESS: Issue definition for code 'oneOf' not found in registry.
--------------------------------------------------
Time: 2025-10-13T23:43:27.212134
Issue: oneOf | N/A
Message: {'description': 'Payload proto for "clouddeploy.googleapis.com/customtargettype_notification" Platform Log event that describes the failure to send a custom target type status change Pub/Sub notification.', 'properties': {'customTargetType': {'description': 'The name of the `CustomTargetType`.', 'type': 'string'}, 'customTargetTypeUid': {'description': 'Unique identifier of the `CustomTargetType`.', 'type': 'string'}, 'message': {'description': 'Debug message for when a notification fails to send.', 'type': 'string'}, 'type': {'description': 'Type of this notification, e.g. for a Pub/Sub failure.', 'enum': ['TYPE_UNSPECIFIED', 'TYPE_PUBSUB_NOTIFICATION_FAILURE', 'TYPE_RESOURCE_STATE_CHANGE', 'TYPE_PROCESS_ABORTED', 'TYPE_RESTRICTION_VIOLATED', 'TYPE_RESOURCE_DELETED', 'TYPE_ROLLOUT_UPDATE', 'TYPE_DEPLOY_POLICY_EVALUATION', 'TYPE_RENDER_STATUES_CHANGE'], 'enumDeprecated': [False, False, False, False, False, False, False, False, True], 'type': 'string'}}, 'type': 'object'} is not valid under any of the given schemas
Location: N/A
Fixed: False
Source: System
Issue Source: openapi-spec-validator
Issue Target: import-url_bundled-spec
Action: COULD NOT PROCESS: Issue definition for code 'oneOf' not found in registry.
--------------------------------------------------
Time: 2025-10-13T23:43:27.212467
Issue: oneOf | N/A
Message: {'description': 'Payload proto for "clouddeploy.googleapis.com/deliverypipeline_notification" Platform Log event that describes the failure to send delivery pipeline status change Pub/Sub notification.', 'properties': {'deliveryPipeline': {'description': 'The name of the `Delivery Pipeline`.', 'type': 'string'}, 'message': {'description': 'Debug message for when a notification fails to send.', 'type': 'string'}, 'pipelineUid': {'description': 'Unique identifier of the `DeliveryPipeline`.', 'type': 'string'}, 'type': {'description': 'Type of this notification, e.g. for a Pub/Sub failure.', 'enum': ['TYPE_UNSPECIFIED', 'TYPE_PUBSUB_NOTIFICATION_FAILURE', 'TYPE_RESOURCE_STATE_CHANGE', 'TYPE_PROCESS_ABORTED', 'TYPE_RESTRICTION_VIOLATED', 'TYPE_RESOURCE_DELETED', 'TYPE_ROLLOUT_UPDATE', 'TYPE_DEPLOY_POLICY_EVALUATION', 'TYPE_RENDER_STATUES_CHANGE'], 'enumDeprecated': [False, False, False, False, False, False, False, False, True], 'type': 'string'}}, 'type': 'object'} is not valid under any of the given schemas
Location: N/A
Fixed: False
Source: System
Issue Source: openapi-spec-validator
Issue Target: import-url_bundled-spec
Action: COULD NOT PROCESS: Issue definition for code 'oneOf' not found in registry.
--------------------------------------------------
Time: 2025-10-13T23:43:27.212643
Issue: oneOf | N/A
Message: {'description': 'Payload proto for "clouddeploy.googleapis.com/deploypolicy_notification". Platform Log event that describes the failure to send a pub/sub notification when there is a DeployPolicy status change.', 'properties': {'deployPolicy': {'description': 'The name of the `DeployPolicy`.', 'type': 'string'}, 'deployPolicyUid': {'description': 'Unique identifier of the deploy policy.', 'type': 'string'}, 'message': {'description': 'Debug message for when a deploy policy fails to send a pub/sub notification.', 'type': 'string'}, 'type': {'description': 'Type of this notification, e.g. for a Pub/Sub failure.', 'enum': ['TYPE_UNSPECIFIED', 'TYPE_PUBSUB_NOTIFICATION_FAILURE', 'TYPE_RESOURCE_STATE_CHANGE', 'TYPE_PROCESS_ABORTED', 'TYPE_RESTRICTION_VIOLATED', 'TYPE_RESOURCE_DELETED', 'TYPE_ROLLOUT_UPDATE', 'TYPE_DEPLOY_POLICY_EVALUATION', 'TYPE_RENDER_STATUES_CHANGE'], 'enumDeprecated': [False, False, False, False, False, False, False, False, True], 'type': 'string'}}, 'type': 'object'} is not valid under any of the given schemas
Location: N/A
Fixed: False
Source: System
Issue Source: openapi-spec-validator
Issue Target: import-url_bundled-spec
Action: COULD NOT PROCESS: Issue definition for code 'oneOf' not found in registry.
--------------------------------------------------
Time: 2025-10-13T23:43:27.212791
Issue: oneOf | N/A
Message: {'description': 'Payload proto for "clouddeploy.googleapis.com/jobrun_notification" Platform Log event that describes the failure to send JobRun resource update Pub/Sub notification.', 'properties': {'jobRun': {'description': 'The name of the `JobRun`.', 'type': 'string'}, 'message': {'description': 'Debug message for when a notification fails to send.', 'type': 'string'}, 'pipelineUid': {'description': 'Unique identifier of the `DeliveryPipeline`.', 'type': 'string'}, 'release': {'description': 'The name of the `Release`.', 'type': 'string'}, 'releaseUid': {'description': 'Unique identifier of the `Release`.', 'type': 'string'}, 'rollout': {'description': 'The name of the `Rollout`.', 'type': 'string'}, 'rolloutUid': {'description': 'Unique identifier of the `Rollout`.', 'type': 'string'}, 'targetId': {'description': 'ID of the `Target`.', 'type': 'string'}, 'type': {'description': 'Type of this notification, e.g. for a Pub/Sub failure.', 'enum': ['TYPE_UNSPECIFIED', 'TYPE_PUBSUB_NOTIFICATION_FAILURE', 'TYPE_RESOURCE_STATE_CHANGE', 'TYPE_PROCESS_ABORTED', 'TYPE_RESTRICTION_VIOLATED', 'TYPE_RESOURCE_DELETED', 'TYPE_ROLLOUT_UPDATE', 'TYPE_DEPLOY_POLICY_EVALUATION', 'TYPE_RENDER_STATUES_CHANGE'], 'enumDeprecated': [False, False, False, False, False, False, False, False, True], 'type': 'string'}}, 'type': 'object'} is not valid under any of the given schemas
Location: N/A
Fixed: False
Source: System
Issue Source: openapi-spec-validator
Issue Target: import-url_bundled-spec
Action: COULD NOT PROCESS: Issue definition for code 'oneOf' not found in registry.
--------------------------------------------------
Time: 2025-10-13T23:43:27.212936
Issue: oneOf | N/A
Message: {'description': 'Payload proto for "clouddeploy.googleapis.com/release_notification" Platform Log event that describes the failure to send release status change Pub/Sub notification.', 'properties': {'message': {'description': 'Debug message for when a notification fails to send.', 'type': 'string'}, 'pipelineUid': {'description': 'Unique identifier of the `DeliveryPipeline`.', 'type': 'string'}, 'release': {'description': 'The name of the `Release`.', 'type': 'string'}, 'releaseUid': {'description': 'Unique identifier of the `Release`.', 'type': 'string'}, 'type': {'description': 'Type of this notification, e.g. for a Pub/Sub failure.', 'enum': ['TYPE_UNSPECIFIED', 'TYPE_PUBSUB_NOTIFICATION_FAILURE', 'TYPE_RESOURCE_STATE_CHANGE', 'TYPE_PROCESS_ABORTED', 'TYPE_RESTRICTION_VIOLATED', 'TYPE_RESOURCE_DELETED', 'TYPE_ROLLOUT_UPDATE', 'TYPE_DEPLOY_POLICY_EVALUATION', 'TYPE_RENDER_STATUES_CHANGE'], 'enumDeprecated': [False, False, False, False, False, False, False, False, True], 'type': 'string'}}, 'type': 'object'} is not valid under any of the given schemas
Location: N/A
Fixed: False
Source: System
Issue Source: openapi-spec-validator
Issue Target: import-url_bundled-spec
Action: COULD NOT PROCESS: Issue definition for code 'oneOf' not found in registry.
--------------------------------------------------
Time: 2025-10-13T23:43:27.213098
Issue: oneOf | N/A
Message: {'description': 'Payload proto for "clouddeploy.googleapis.com/release_render" Platform Log event that describes the render status change.', 'properties': {'message': {'description': 'Debug message for when a render transition occurs. Provides further details as rendering progresses through render states.', 'type': 'string'}, 'pipelineUid': {'description': 'Unique identifier of the `DeliveryPipeline`.', 'type': 'string'}, 'release': {'description': "The name of the release. release_uid is not in this log message because we write some of these log messages at release creation time, before we've generated the uid.", 'type': 'string'}, 'releaseRenderState': {'description': 'The state of the release render.', 'enum': ['RENDER_STATE_UNSPECIFIED', 'SUCCEEDED', 'FAILED', 'IN_PROGRESS'], 'type': 'string'}, 'type': {'description': 'Type of this notification, e.g. for a release render state change event.', 'enum': ['TYPE_UNSPECIFIED', 'TYPE_PUBSUB_NOTIFICATION_FAILURE', 'TYPE_RESOURCE_STATE_CHANGE', 'TYPE_PROCESS_ABORTED', 'TYPE_RESTRICTION_VIOLATED', 'TYPE_RESOURCE_DELETED', 'TYPE_ROLLOUT_UPDATE', 'TYPE_DEPLOY_POLICY_EVALUATION', 'TYPE_RENDER_STATUES_CHANGE'], 'enumDeprecated': [False, False, False, False, False, False, False, False, True], 'type': 'string'}}, 'type': 'object'} is not valid under any of the given schemas
Location: N/A
Fixed: False
Source: System
Issue Source: openapi-spec-validator
Issue Target: import-url_bundled-spec
Action: COULD NOT PROCESS: Issue definition for code 'oneOf' not found in registry.
--------------------------------------------------
Time: 2025-10-13T23:43:27.213234
Issue: oneOf | N/A
Message: {'description': 'Payload proto for "clouddeploy.googleapis.com/rollout_notification" Platform Log event that describes the failure to send rollout status change Pub/Sub notification.', 'properties': {'message': {'description': 'Debug message for when a notification fails to send.', 'type': 'string'}, 'pipelineUid': {'description': 'Unique identifier of the `DeliveryPipeline`.', 'type': 'string'}, 'release': {'description': 'The name of the `Release`.', 'type': 'string'}, 'releaseUid': {'description': 'Unique identifier of the `Release`.', 'type': 'string'}, 'rollout': {'description': 'The name of the `Rollout`.', 'type': 'string'}, 'rolloutUid': {'description': 'Unique identifier of the `Rollout`.', 'type': 'string'}, 'targetId': {'description': 'ID of the `Target` that the rollout is deployed to.', 'type': 'string'}, 'type': {'description': 'Type of this notification, e.g. for a Pub/Sub failure.', 'enum': ['TYPE_UNSPECIFIED', 'TYPE_PUBSUB_NOTIFICATION_FAILURE', 'TYPE_RESOURCE_STATE_CHANGE', 'TYPE_PROCESS_ABORTED', 'TYPE_RESTRICTION_VIOLATED', 'TYPE_RESOURCE_DELETED', 'TYPE_ROLLOUT_UPDATE', 'TYPE_DEPLOY_POLICY_EVALUATION', 'TYPE_RENDER_STATUES_CHANGE'], 'enumDeprecated': [False, False, False, False, False, False, False, False, True], 'type': 'string'}}, 'type': 'object'} is not valid under any of the given schemas
Location: N/A
Fixed: False
Source: System
Issue Source: openapi-spec-validator
Issue Target: import-url_bundled-spec
Action: COULD NOT PROCESS: Issue definition for code 'oneOf' not found in registry.
--------------------------------------------------
Time: 2025-10-13T23:43:27.213363
Issue: oneOf | N/A
Message: {'description': 'Payload proto for "clouddeploy.googleapis.com/rollout_update" Platform Log event that describes the rollout update event.', 'properties': {'message': {'description': 'Debug message for when a rollout update event occurs.', 'type': 'string'}, 'pipelineUid': {'description': 'Unique identifier of the pipeline.', 'type': 'string'}, 'release': {'description': 'The name of the `Release`.', 'type': 'string'}, 'releaseUid': {'description': 'Unique identifier of the release.', 'type': 'string'}, 'rollout': {'description': "The name of the rollout. rollout_uid is not in this log message because we write some of these log messages at rollout creation time, before we've generated the uid.", 'type': 'string'}, 'rolloutUpdateType': {'description': 'The type of the rollout update.', 'enum': ['ROLLOUT_UPDATE_TYPE_UNSPECIFIED', 'PENDING', 'PENDING_RELEASE', 'IN_PROGRESS', 'CANCELLING', 'CANCELLED', 'HALTED', 'SUCCEEDED', 'FAILED', 'APPROVAL_REQUIRED', 'APPROVED', 'REJECTED', 'ADVANCE_REQUIRED', 'ADVANCED'], 'type': 'string'}, 'targetId': {'description': 'ID of the target.', 'type': 'string'}, 'type': {'description': 'Type of this notification, e.g. for a rollout update event.', 'enum': ['TYPE_UNSPECIFIED', 'TYPE_PUBSUB_NOTIFICATION_FAILURE', 'TYPE_RESOURCE_STATE_CHANGE', 'TYPE_PROCESS_ABORTED', 'TYPE_RESTRICTION_VIOLATED', 'TYPE_RESOURCE_DELETED', 'TYPE_ROLLOUT_UPDATE', 'TYPE_DEPLOY_POLICY_EVALUATION', 'TYPE_RENDER_STATUES_CHANGE'], 'enumDeprecated': [False, False, False, False, False, False, False, False, True], 'type': 'string'}}, 'type': 'object'} is not valid under any of the given schemas
Location: N/A
Fixed: False
Source: System
Issue Source: openapi-spec-validator
Issue Target: import-url_bundled-spec
Action: COULD NOT PROCESS: Issue definition for code 'oneOf' not found in registry.
--------------------------------------------------
Time: 2025-10-13T23:43:27.213484
Issue: oneOf | N/A
Message: {'description': 'Payload proto for "clouddeploy.googleapis.com/target_notification" Platform Log event that describes the failure to send target status change Pub/Sub notification.', 'properties': {'message': {'description': 'Debug message for when a notification fails to send.', 'type': 'string'}, 'target': {'description': 'The name of the `Target`.', 'type': 'string'}, 'type': {'description': 'Type of this notification, e.g. for a Pub/Sub failure.', 'enum': ['TYPE_UNSPECIFIED', 'TYPE_PUBSUB_NOTIFICATION_FAILURE', 'TYPE_RESOURCE_STATE_CHANGE', 'TYPE_PROCESS_ABORTED', 'TYPE_RESTRICTION_VIOLATED', 'TYPE_RESOURCE_DELETED', 'TYPE_ROLLOUT_UPDATE', 'TYPE_DEPLOY_POLICY_EVALUATION', 'TYPE_RENDER_STATUES_CHANGE'], 'enumDeprecated': [False, False, False, False, False, False, False, False, True], 'type': 'string'}}, 'type': 'object'} is not valid under any of the given schemas
Location: N/A
Fixed: False
Source: System
Issue Source: openapi-spec-validator
Issue Target: import-url_bundled-spec
Action: COULD NOT PROCESS: Issue definition for code 'oneOf' not found in registry.
--------------------------------------------------
Time: 2025-10-13T23:43:27.213607
Issue: <unset> | N/A
Message: Duplicate parameter `validateOnly`
Location: N/A
Fixed: False
Source: System
Issue Source: openapi-spec-validator
Issue Target: import-url_bundled-spec
Action: COULD NOT PROCESS: Issue definition for code '<unset>' not found in registry.
--------------------------------------------------
Time: 2025-10-13T23:43:27.219012
Issue: <unset> | N/A
Message: Path parameter '+name' for 'delete' operation in '/v1/{+name}' was not resolved
Location: N/A
Fixed: False
Source: System
Issue Source: openapi-spec-validator
Issue Target: import-url_bundled-spec
Action: COULD NOT PROCESS: Issue definition for code '<unset>' not found in registry.
--------------------------------------------------
Time: 2025-10-13T23:43:27.235253
Issue: <unset> | N/A
Message: Path parameter '+name' for 'get' operation in '/v1/{+name}' was not resolved
Location: N/A
Fixed: False
Source: System
Issue Source: openapi-spec-validator
Issue Target: import-url_bundled-spec
Action: COULD NOT PROCESS: Issue definition for code '<unset>' not found in registry.
--------------------------------------------------
Time: 2025-10-13T23:43:27.245981
Issue: <unset> | N/A
Message: Path parameter '+name' for 'patch' operation in '/v1/{+name}' was not resolved
Location: N/A
Fixed: False
Source: System
Issue Source: openapi-spec-validator
Issue Target: import-url_bundled-spec
Action: COULD NOT PROCESS: Issue definition for code '<unset>' not found in registry.
--------------------------------------------------
Time: 2025-10-13T23:43:27.261275
Issue: <unset> | N/A
Message: Path parameter '+name' for 'get' operation in '/v1/{+name}/locations' was not resolved
Location: N/A
Fixed: False
Source: System
Issue Source: openapi-spec-validator
Issue Target: import-url_bundled-spec
Action: COULD NOT PROCESS: Issue definition for code '<unset>' not found in registry.
--------------------------------------------------
Time: 2025-10-13T23:43:27.277320
Issue: <unset> | N/A
Message: Path parameter '+name' for 'get' operation in '/v1/{+name}/operations' was not resolved
Location: N/A
Fixed: False
Source: System
Issue Source: openapi-spec-validator
Issue Target: import-url_bundled-spec
Action: COULD NOT PROCESS: Issue definition for code '<unset>' not found in registry.
--------------------------------------------------
Time: 2025-10-13T23:43:27.283893
Issue: <unset> | N/A
Message: Path parameter '+name' for 'post' operation in '/v1/{+name}:abandon' was not resolved
Location: N/A
Fixed: False
Source: System
Issue Source: openapi-spec-validator
Issue Target: import-url_bundled-spec
Action: COULD NOT PROCESS: Issue definition for code '<unset>' not found in registry.
--------------------------------------------------
Time: 2025-10-13T23:43:27.284200
Issue: <unset> | N/A
Message: Path parameter '+name' for 'post' operation in '/v1/{+name}:advance' was not resolved
Location: N/A
Fixed: False
Source: System
Issue Source: openapi-spec-validator
Issue Target: import-url_bundled-spec
Action: COULD NOT PROCESS: Issue definition for code '<unset>' not found in registry.
--------------------------------------------------
Time: 2025-10-13T23:43:27.284364
Issue: <unset> | N/A
Message: Path parameter '+name' for 'post' operation in '/v1/{+name}:approve' was not resolved
Location: N/A
Fixed: False
Source: System
Issue Source: openapi-spec-validator
Issue Target: import-url_bundled-spec
Action: COULD NOT PROCESS: Issue definition for code '<unset>' not found in registry.
--------------------------------------------------
Time: 2025-10-13T23:43:27.284500
Issue: <unset> | N/A
Message: Path parameter '+name' for 'post' operation in '/v1/{+name}:cancel' was not resolved
Location: N/A
Fixed: False
Source: System
Issue Source: openapi-spec-validator
Issue Target: import-url_bundled-spec
Action: COULD NOT PROCESS: Issue definition for code '<unset>' not found in registry.
--------------------------------------------------
Time: 2025-10-13T23:43:27.284606
Issue: <unset> | N/A
Message: Path parameter '+name' for 'post' operation in '/v1/{+name}:rollbackTarget' was not resolved
Location: N/A
Fixed: False
Source: System
Issue Source: openapi-spec-validator
Issue Target: import-url_bundled-spec
Action: COULD NOT PROCESS: Issue definition for code '<unset>' not found in registry.
--------------------------------------------------
Time: 2025-10-13T23:43:27.284752
Issue: <unset> | N/A
Message: Path parameter '+name' for 'post' operation in '/v1/{+name}:terminate' was not resolved
Location: N/A
Fixed: False
Source: System
Issue Source: openapi-spec-validator
Issue Target: import-url_bundled-spec
Action: COULD NOT PROCESS: Issue definition for code '<unset>' not found in registry.
--------------------------------------------------
Time: 2025-10-13T23:43:27.284896
Issue: <unset> | N/A
Message: Path parameter '+parent' for 'get' operation in '/v1/{+parent}/automationRuns' was not resolved
Location: N/A
Fixed: False
Source: System
Issue Source: openapi-spec-validator
Issue Target: import-url_bundled-spec
Action: COULD NOT PROCESS: Issue definition for code '<unset>' not found in registry.
--------------------------------------------------
Time: 2025-10-13T23:43:27.285064
Issue: <unset> | N/A
Message: Path parameter '+parent' for 'get' operation in '/v1/{+parent}/automations' was not resolved
Location: N/A
Fixed: False
Source: System
Issue Source: openapi-spec-validator
Issue Target: import-url_bundled-spec
Action: COULD NOT PROCESS: Issue definition for code '<unset>' not found in registry.
--------------------------------------------------
Time: 2025-10-13T23:43:27.285220
Issue: <unset> | N/A
Message: Path parameter '+parent' for 'post' operation in '/v1/{+parent}/automations' was not resolved
Location: N/A
Fixed: False
Source: System
Issue Source: openapi-spec-validator
Issue Target: import-url_bundled-spec
Action: COULD NOT PROCESS: Issue definition for code '<unset>' not found in registry.
--------------------------------------------------
Time: 2025-10-13T23:43:27.285381
Issue: <unset> | N/A
Message: Path parameter '+parent' for 'get' operation in '/v1/{+parent}/customTargetTypes' was not resolved
Location: N/A
Fixed: False
Source: System
Issue Source: openapi-spec-validator
Issue Target: import-url_bundled-spec
Action: COULD NOT PROCESS: Issue definition for code '<unset>' not found in registry.
--------------------------------------------------
Time: 2025-10-13T23:43:27.285749
Issue: <unset> | N/A
Message: Path parameter '+parent' for 'post' operation in '/v1/{+parent}/customTargetTypes' was not resolved
Location: N/A
Fixed: False
Source: System
Issue Source: openapi-spec-validator
Issue Target: import-url_bundled-spec
Action: COULD NOT PROCESS: Issue definition for code '<unset>' not found in registry.
--------------------------------------------------
Time: 2025-10-13T23:43:27.288015
Issue: <unset> | N/A
Message: Path parameter '+parent' for 'get' operation in '/v1/{+parent}/deliveryPipelines' was not resolved
Location: N/A
Fixed: False
Source: System
Issue Source: openapi-spec-validator
Issue Target: import-url_bundled-spec
Action: COULD NOT PROCESS: Issue definition for code '<unset>' not found in registry.
--------------------------------------------------
Time: 2025-10-13T23:43:27.288684
Issue: <unset> | N/A
Message: Path parameter '+parent' for 'post' operation in '/v1/{+parent}/deliveryPipelines' was not resolved
Location: N/A
Fixed: False
Source: System
Issue Source: openapi-spec-validator
Issue Target: import-url_bundled-spec
Action: COULD NOT PROCESS: Issue definition for code '<unset>' not found in registry.
--------------------------------------------------
Time: 2025-10-13T23:43:27.289722
Issue: <unset> | N/A
Message: Path parameter '+parent' for 'get' operation in '/v1/{+parent}/deployPolicies' was not resolved
Location: N/A
Fixed: False
Source: System
Issue Source: openapi-spec-validator
Issue Target: import-url_bundled-spec
Action: COULD NOT PROCESS: Issue definition for code '<unset>' not found in registry.
--------------------------------------------------
Time: 2025-10-13T23:43:27.290551
Issue: <unset> | N/A
Message: Path parameter '+parent' for 'post' operation in '/v1/{+parent}/deployPolicies' was not resolved
Location: N/A
Fixed: False
Source: System
Issue Source: openapi-spec-validator
Issue Target: import-url_bundled-spec
Action: COULD NOT PROCESS: Issue definition for code '<unset>' not found in registry.
--------------------------------------------------
Time: 2025-10-13T23:43:27.290832
Issue: <unset> | N/A
Message: Path parameter '+parent' for 'get' operation in '/v1/{+parent}/jobRuns' was not resolved
Location: N/A
Fixed: False
Source: System
Issue Source: openapi-spec-validator
Issue Target: import-url_bundled-spec
Action: COULD NOT PROCESS: Issue definition for code '<unset>' not found in registry.
--------------------------------------------------
Time: 2025-10-13T23:43:27.291232
Issue: <unset> | N/A
Message: Path parameter '+parent' for 'get' operation in '/v1/{+parent}/releases' was not resolved
Location: N/A
Fixed: False
Source: System
Issue Source: openapi-spec-validator
Issue Target: import-url_bundled-spec
Action: COULD NOT PROCESS: Issue definition for code '<unset>' not found in registry.
--------------------------------------------------
Time: 2025-10-13T23:43:27.291826
Issue: <unset> | N/A
Message: Path parameter '+parent' for 'post' operation in '/v1/{+parent}/releases' was not resolved
Location: N/A
Fixed: False
Source: System
Issue Source: openapi-spec-validator
Issue Target: import-url_bundled-spec
Action: COULD NOT PROCESS: Issue definition for code '<unset>' not found in registry.
--------------------------------------------------
Time: 2025-10-13T23:43:27.292059
Issue: <unset> | N/A
Message: Path parameter '+parent' for 'get' operation in '/v1/{+parent}/rollouts' was not resolved
Location: N/A
Fixed: False
Source: System
Issue Source: openapi-spec-validator
Issue Target: import-url_bundled-spec
Action: COULD NOT PROCESS: Issue definition for code '<unset>' not found in registry.
--------------------------------------------------
Time: 2025-10-13T23:43:27.292241
Issue: <unset> | N/A
Message: Path parameter '+parent' for 'post' operation in '/v1/{+parent}/rollouts' was not resolved
Location: N/A
Fixed: False
Source: System
Issue Source: openapi-spec-validator
Issue Target: import-url_bundled-spec
Action: COULD NOT PROCESS: Issue definition for code '<unset>' not found in registry.
--------------------------------------------------
Time: 2025-10-13T23:43:27.292398
Issue: <unset> | N/A
Message: Path parameter '+parent' for 'get' operation in '/v1/{+parent}/targets' was not resolved
Location: N/A
Fixed: False
Source: System
Issue Source: openapi-spec-validator
Issue Target: import-url_bundled-spec
Action: COULD NOT PROCESS: Issue definition for code '<unset>' not found in registry.
--------------------------------------------------
Time: 2025-10-13T23:43:27.292925
Issue: <unset> | N/A
Message: Path parameter '+parent' for 'post' operation in '/v1/{+parent}/targets' was not resolved
Location: N/A
Fixed: False
Source: System
Issue Source: openapi-spec-validator
Issue Target: import-url_bundled-spec
Action: COULD NOT PROCESS: Issue definition for code '<unset>' not found in registry.
--------------------------------------------------
Time: 2025-10-13T23:43:27.293311
Issue: <unset> | N/A
Message: Path parameter '+resource' for 'get' operation in '/v1/{+resource}:getIamPolicy' was not resolved
Location: N/A
Fixed: False
Source: System
Issue Source: openapi-spec-validator
Issue Target: import-url_bundled-spec
Action: COULD NOT PROCESS: Issue definition for code '<unset>' not found in registry.
--------------------------------------------------
Time: 2025-10-13T23:43:27.293702
Issue: <unset> | N/A
Message: Path parameter '+resource' for 'post' operation in '/v1/{+resource}:setIamPolicy' was not resolved
Location: N/A
Fixed: False
Source: System
Issue Source: openapi-spec-validator
Issue Target: import-url_bundled-spec
Action: COULD NOT PROCESS: Issue definition for code '<unset>' not found in registry.
--------------------------------------------------
Time: 2025-10-13T23:43:27.294033
Issue: <unset> | N/A
Message: Path parameter '+resource' for 'post' operation in '/v1/{+resource}:testIamPermissions' was not resolved
Location: N/A
Fixed: False
Source: System
Issue Source: openapi-spec-validator
Issue Target: import-url_bundled-spec
Action: COULD NOT PROCESS: Issue definition for code '<unset>' not found in registry.
--------------------------------------------------
Time: 2025-10-13T23:43:27.294268
Issue: <unset> | N/A
Message: Path parameter '+rollout' for 'post' operation in '/v1/{+rollout}:ignoreJob' was not resolved
Location: N/A
Fixed: False
Source: System
Issue Source: openapi-spec-validator
Issue Target: import-url_bundled-spec
Action: COULD NOT PROCESS: Issue definition for code '<unset>' not found in registry.
--------------------------------------------------
Time: 2025-10-13T23:43:27.294764
Issue: <unset> | N/A
Message: Path parameter '+rollout' for 'post' operation in '/v1/{+rollout}:retryJob' was not resolved
Location: N/A
Fixed: False
Source: System
Issue Source: openapi-spec-validator
Issue Target: import-url_bundled-spec
Action: COULD NOT PROCESS: Issue definition for code '<unset>' not found in registry.
--------------------------------------------------
Time: 2025-10-13T23:43:27.295428
Issue: no-server-trailing-slash | N/A
Message: Server `url` should not have a trailing slash. [path: servers.0.url]
Location: N/A
Fixed: False
Source: System
Issue Source: redocly-validator
Issue Target: import-url_bundled-spec
Action: COULD NOT PROCESS: Issue definition for code 'no-server-trailing-slash' not found in registry.
--------------------------------------------------
Time: 2025-10-13T23:43:27.295906
Issue: operation-summary | N/A
Message: Operation object should contain `summary` field. [path: paths./v1/{+name}.get.summary]
Location: N/A
Fixed: False
Source: System
Issue Source: redocly-validator
Issue Target: import-url_bundled-spec
Action: COULD NOT PROCESS: Issue definition for code 'operation-summary' not found in registry.
--------------------------------------------------
Time: 2025-10-13T23:43:27.296398
Issue: path-parameters-defined | N/A
Message: Path parameter `name` is not used in the path `/v1/{+name}`. [path: paths./v1/{+name}.get.parameters.0.name]
Location: N/A
Fixed: False
Source: System
Issue Source: redocly-validator
Issue Target: import-url_bundled-spec
Action: COULD NOT PROCESS: Issue definition for code 'path-parameters-defined' not found in registry.
--------------------------------------------------
Time: 2025-10-13T23:43:27.296537
Issue: operation-summary | N/A
Message: Operation object should contain `summary` field. [path: paths./v1/{+name}.delete.summary]
Location: N/A
Fixed: False
Source: System
Issue Source: redocly-validator
Issue Target: import-url_bundled-spec
Action: COULD NOT PROCESS: Issue definition for code 'operation-summary' not found in registry.
--------------------------------------------------
Time: 2025-10-13T23:43:27.296664
Issue: path-parameters-defined | N/A
Message: Path parameter `name` is not used in the path `/v1/{+name}`. [path: paths./v1/{+name}.delete.parameters.0.name]
Location: N/A
Fixed: False
Source: System
Issue Source: redocly-validator
Issue Target: import-url_bundled-spec
Action: COULD NOT PROCESS: Issue definition for code 'path-parameters-defined' not found in registry.
--------------------------------------------------
Time: 2025-10-13T23:43:27.296802
Issue: operation-parameters-unique | N/A
Message: Operations must have unique `name` + `in` parameters. Repeats of `in:query` + `name:validateOnly`. [path: paths./v1/{+name}.delete.parameters.5]
Location: N/A
Fixed: False
Source: System
Issue Source: redocly-validator
Issue Target: import-url_bundled-spec
Action: COULD NOT PROCESS: Issue definition for code 'operation-parameters-unique' not found in registry.
--------------------------------------------------
Time: 2025-10-13T23:43:27.296933
Issue: operation-summary | N/A
Message: Operation object should contain `summary` field. [path: paths./v1/{+name}.patch.summary]
Location: N/A
Fixed: False
Source: System
Issue Source: redocly-validator
Issue Target: import-url_bundled-spec
Action: COULD NOT PROCESS: Issue definition for code 'operation-summary' not found in registry.
--------------------------------------------------
Time: 2025-10-13T23:43:27.297193
Issue: path-parameters-defined | N/A
Message: Path parameter `name` is not used in the path `/v1/{+name}`. [path: paths./v1/{+name}.patch.parameters.0.name]
Location: N/A
Fixed: False
Source: System
Issue Source: redocly-validator
Issue Target: import-url_bundled-spec
Action: COULD NOT PROCESS: Issue definition for code 'path-parameters-defined' not found in registry.
--------------------------------------------------
Time: 2025-10-13T23:43:27.297640
Issue: operation-summary | N/A
Message: Operation object should contain `summary` field. [path: paths./v1/{+name}/locations.get.summary]
Location: N/A
Fixed: False
Source: System
Issue Source: redocly-validator
Issue Target: import-url_bundled-spec
Action: COULD NOT PROCESS: Issue definition for code 'operation-summary' not found in registry.
--------------------------------------------------
Time: 2025-10-13T23:43:27.298039
Issue: path-parameters-defined | N/A
Message: Path parameter `name` is not used in the path `/v1/{+name}/locations`. [path: paths./v1/{+name}/locations.get.parameters.0.name]
Location: N/A
Fixed: False
Source: System
Issue Source: redocly-validator
Issue Target: import-url_bundled-spec
Action: COULD NOT PROCESS: Issue definition for code 'path-parameters-defined' not found in registry.
--------------------------------------------------
Time: 2025-10-13T23:43:27.298419
Issue: operation-summary | N/A
Message: Operation object should contain `summary` field. [path: paths./v1/{+name}/operations.get.summary]
Location: N/A
Fixed: False
Source: System
Issue Source: redocly-validator
Issue Target: import-url_bundled-spec
Action: COULD NOT PROCESS: Issue definition for code 'operation-summary' not found in registry.
--------------------------------------------------
Time: 2025-10-13T23:43:27.298780
Issue: path-parameters-defined | N/A
Message: Path parameter `name` is not used in the path `/v1/{+name}/operations`. [path: paths./v1/{+name}/operations.get.parameters.0.name]
Location: N/A
Fixed: False
Source: System
Issue Source: redocly-validator
Issue Target: import-url_bundled-spec
Action: COULD NOT PROCESS: Issue definition for code 'path-parameters-defined' not found in registry.
--------------------------------------------------
Time: 2025-10-13T23:43:27.298942
Issue: operation-summary | N/A
Message: Operation object should contain `summary` field. [path: paths./v1/{+name}:abandon.post.summary]
Location: N/A
Fixed: False
Source: System
Issue Source: redocly-validator
Issue Target: import-url_bundled-spec
Action: COULD NOT PROCESS: Issue definition for code 'operation-summary' not found in registry.
--------------------------------------------------
Time: 2025-10-13T23:43:27.299106
Issue: path-parameters-defined | N/A
Message: Path parameter `name` is not used in the path `/v1/{+name}:abandon`. [path: paths./v1/{+name}:abandon.post.parameters.0.name]
Location: N/A
Fixed: False
Source: System
Issue Source: redocly-validator
Issue Target: import-url_bundled-spec
Action: COULD NOT PROCESS: Issue definition for code 'path-parameters-defined' not found in registry.
--------------------------------------------------
Time: 2025-10-13T23:43:27.299236
Issue: operation-summary | N/A
Message: Operation object should contain `summary` field. [path: paths./v1/{+name}:advance.post.summary]
Location: N/A
Fixed: False
Source: System
Issue Source: redocly-validator
Issue Target: import-url_bundled-spec
Action: COULD NOT PROCESS: Issue definition for code 'operation-summary' not found in registry.
--------------------------------------------------
Time: 2025-10-13T23:43:27.299359
Issue: path-parameters-defined | N/A
Message: Path parameter `name` is not used in the path `/v1/{+name}:advance`. [path: paths./v1/{+name}:advance.post.parameters.0.name]
Location: N/A
Fixed: False
Source: System
Issue Source: redocly-validator
Issue Target: import-url_bundled-spec
Action: COULD NOT PROCESS: Issue definition for code 'path-parameters-defined' not found in registry.
--------------------------------------------------
Time: 2025-10-13T23:43:27.299617
Issue: operation-summary | N/A
Message: Operation object should contain `summary` field. [path: paths./v1/{+name}:approve.post.summary]
Location: N/A
Fixed: False
Source: System
Issue Source: redocly-validator
Issue Target: import-url_bundled-spec
Action: COULD NOT PROCESS: Issue definition for code 'operation-summary' not found in registry.
--------------------------------------------------
Time: 2025-10-13T23:43:27.299813
Issue: path-parameters-defined | N/A
Message: Path parameter `name` is not used in the path `/v1/{+name}:approve`. [path: paths./v1/{+name}:approve.post.parameters.0.name]
Location: N/A
Fixed: False
Source: System
Issue Source: redocly-validator
Issue Target: import-url_bundled-spec
Action: COULD NOT PROCESS: Issue definition for code 'path-parameters-defined' not found in registry.
--------------------------------------------------
Time: 2025-10-13T23:43:27.300798
Issue: operation-summary | N/A
Message: Operation object should contain `summary` field. [path: paths./v1/{+name}:cancel.post.summary]
Location: N/A
Fixed: False
Source: System
Issue Source: redocly-validator
Issue Target: import-url_bundled-spec
Action: COULD NOT PROCESS: Issue definition for code 'operation-summary' not found in registry.
--------------------------------------------------
Time: 2025-10-13T23:43:27.301441
Issue: path-parameters-defined | N/A
Message: Path parameter `name` is not used in the path `/v1/{+name}:cancel`. [path: paths./v1/{+name}:cancel.post.parameters.0.name]
Location: N/A
Fixed: False
Source: System
Issue Source: redocly-validator
Issue Target: import-url_bundled-spec
Action: COULD NOT PROCESS: Issue definition for code 'path-parameters-defined' not found in registry.
--------------------------------------------------
Time: 2025-10-13T23:43:27.303446
Issue: operation-summary | N/A
Message: Operation object should contain `summary` field. [path: paths./v1/{+name}:rollbackTarget.post.summary]
Location: N/A
Fixed: False
Source: System
Issue Source: redocly-validator
Issue Target: import-url_bundled-spec
Action: COULD NOT PROCESS: Issue definition for code 'operation-summary' not found in registry.
--------------------------------------------------
Time: 2025-10-13T23:43:27.304331
Issue: path-parameters-defined | N/A
Message: Path parameter `name` is not used in the path `/v1/{+name}:rollbackTarget`. [path: paths./v1/{+name}:rollbackTarget.post.parameters.0.name]
Location: N/A
Fixed: False
Source: System
Issue Source: redocly-validator
Issue Target: import-url_bundled-spec
Action: COULD NOT PROCESS: Issue definition for code 'path-parameters-defined' not found in registry.
--------------------------------------------------
Time: 2025-10-13T23:43:27.305667
Issue: operation-summary | N/A
Message: Operation object should contain `summary` field. [path: paths./v1/{+name}:terminate.post.summary]
Location: N/A
Fixed: False
Source: System
Issue Source: redocly-validator
Issue Target: import-url_bundled-spec
Action: COULD NOT PROCESS: Issue definition for code 'operation-summary' not found in registry.
--------------------------------------------------
Time: 2025-10-13T23:43:27.306870
Issue: path-parameters-defined | N/A
Message: Path parameter `name` is not used in the path `/v1/{+name}:terminate`. [path: paths./v1/{+name}:terminate.post.parameters.0.name]
Location: N/A
Fixed: False
Source: System
Issue Source: redocly-validator
Issue Target: import-url_bundled-spec
Action: COULD NOT PROCESS: Issue definition for code 'path-parameters-defined' not found in registry.
--------------------------------------------------
Time: 2025-10-13T23:43:27.307549
Issue: operation-summary | N/A
Message: Operation object should contain `summary` field. [path: paths./v1/{+parent}/automationRuns.get.summary]
Location: N/A
Fixed: False
Source: System
Issue Source: redocly-validator
Issue Target: import-url_bundled-spec
Action: COULD NOT PROCESS: Issue definition for code 'operation-summary' not found in registry.
--------------------------------------------------
Time: 2025-10-13T23:43:27.307943
Issue: path-parameters-defined | N/A
Message: Path parameter `parent` is not used in the path `/v1/{+parent}/automationRuns`. [path: paths./v1/{+parent}/automationRuns.get.parameters.0.name]
Location: N/A
Fixed: False
Source: System
Issue Source: redocly-validator
Issue Target: import-url_bundled-spec
Action: COULD NOT PROCESS: Issue definition for code 'path-parameters-defined' not found in registry.
--------------------------------------------------
Time: 2025-10-13T23:43:27.308894
Issue: operation-summary | N/A
Message: Operation object should contain `summary` field. [path: paths./v1/{+parent}/automations.get.summary]
Location: N/A
Fixed: False
Source: System
Issue Source: redocly-validator
Issue Target: import-url_bundled-spec
Action: COULD NOT PROCESS: Issue definition for code 'operation-summary' not found in registry.
--------------------------------------------------
Time: 2025-10-13T23:43:27.310351
Issue: path-parameters-defined | N/A
Message: Path parameter `parent` is not used in the path `/v1/{+parent}/automations`. [path: paths./v1/{+parent}/automations.get.parameters.0.name]
Location: N/A
Fixed: False
Source: System
Issue Source: redocly-validator
Issue Target: import-url_bundled-spec
Action: COULD NOT PROCESS: Issue definition for code 'path-parameters-defined' not found in registry.
--------------------------------------------------
Time: 2025-10-13T23:43:27.312045
Issue: operation-summary | N/A
Message: Operation object should contain `summary` field. [path: paths./v1/{+parent}/automations.post.summary]
Location: N/A
Fixed: False
Source: System
Issue Source: redocly-validator
Issue Target: import-url_bundled-spec
Action: COULD NOT PROCESS: Issue definition for code 'operation-summary' not found in registry.
--------------------------------------------------
Time: 2025-10-13T23:43:27.313279
Issue: path-parameters-defined | N/A
Message: Path parameter `parent` is not used in the path `/v1/{+parent}/automations`. [path: paths./v1/{+parent}/automations.post.parameters.0.name]
Location: N/A
Fixed: False
Source: System
Issue Source: redocly-validator
Issue Target: import-url_bundled-spec
Action: COULD NOT PROCESS: Issue definition for code 'path-parameters-defined' not found in registry.
--------------------------------------------------
Time: 2025-10-13T23:43:27.313805
Issue: operation-summary | N/A
Message: Operation object should contain `summary` field. [path: paths./v1/{+parent}/customTargetTypes.get.summary]
Location: N/A
Fixed: False
Source: System
Issue Source: redocly-validator
Issue Target: import-url_bundled-spec
Action: COULD NOT PROCESS: Issue definition for code 'operation-summary' not found in registry.
--------------------------------------------------
Time: 2025-10-13T23:43:27.314177
Issue: path-parameters-defined | N/A
Message: Path parameter `parent` is not used in the path `/v1/{+parent}/customTargetTypes`. [path: paths./v1/{+parent}/customTargetTypes.get.parameters.0.name]
Location: N/A
Fixed: False
Source: System
Issue Source: redocly-validator
Issue Target: import-url_bundled-spec
Action: COULD NOT PROCESS: Issue definition for code 'path-parameters-defined' not found in registry.
--------------------------------------------------
Time: 2025-10-13T23:43:27.314411
Issue: operation-summary | N/A
Message: Operation object should contain `summary` field. [path: paths./v1/{+parent}/customTargetTypes.post.summary]
Location: N/A
Fixed: False
Source: System
Issue Source: redocly-validator
Issue Target: import-url_bundled-spec
Action: COULD NOT PROCESS: Issue definition for code 'operation-summary' not found in registry.
--------------------------------------------------
Time: 2025-10-13T23:43:27.314591
Issue: path-parameters-defined | N/A
Message: Path parameter `parent` is not used in the path `/v1/{+parent}/customTargetTypes`. [path: paths./v1/{+parent}/customTargetTypes.post.parameters.0.name]
Location: N/A
Fixed: False
Source: System
Issue Source: redocly-validator
Issue Target: import-url_bundled-spec
Action: COULD NOT PROCESS: Issue definition for code 'path-parameters-defined' not found in registry.
--------------------------------------------------
Time: 2025-10-13T23:43:27.315816
Issue: operation-summary | N/A
Message: Operation object should contain `summary` field. [path: paths./v1/{+parent}/deliveryPipelines.get.summary]
Location: N/A
Fixed: False
Source: System
Issue Source: redocly-validator
Issue Target: import-url_bundled-spec
Action: COULD NOT PROCESS: Issue definition for code 'operation-summary' not found in registry.
--------------------------------------------------
Time: 2025-10-13T23:43:27.316245
Issue: path-parameters-defined | N/A
Message: Path parameter `parent` is not used in the path `/v1/{+parent}/deliveryPipelines`. [path: paths./v1/{+parent}/deliveryPipelines.get.parameters.0.name]
Location: N/A
Fixed: False
Source: System
Issue Source: redocly-validator
Issue Target: import-url_bundled-spec
Action: COULD NOT PROCESS: Issue definition for code 'path-parameters-defined' not found in registry.
--------------------------------------------------
Time: 2025-10-13T23:43:27.317128
Issue: operation-summary | N/A
Message: Operation object should contain `summary` field. [path: paths./v1/{+parent}/deliveryPipelines.post.summary]
Location: N/A
Fixed: False
Source: System
Issue Source: redocly-validator
Issue Target: import-url_bundled-spec
Action: COULD NOT PROCESS: Issue definition for code 'operation-summary' not found in registry.
--------------------------------------------------
Time: 2025-10-13T23:43:27.318270
Issue: path-parameters-defined | N/A
Message: Path parameter `parent` is not used in the path `/v1/{+parent}/deliveryPipelines`. [path: paths./v1/{+parent}/deliveryPipelines.post.parameters.0.name]
Location: N/A
Fixed: False
Source: System
Issue Source: redocly-validator
Issue Target: import-url_bundled-spec
Action: COULD NOT PROCESS: Issue definition for code 'path-parameters-defined' not found in registry.
--------------------------------------------------
Time: 2025-10-13T23:43:27.320196
Issue: operation-summary | N/A
Message: Operation object should contain `summary` field. [path: paths./v1/{+parent}/deployPolicies.get.summary]
Location: N/A
Fixed: False
Source: System
Issue Source: redocly-validator
Issue Target: import-url_bundled-spec
Action: COULD NOT PROCESS: Issue definition for code 'operation-summary' not found in registry.
--------------------------------------------------
Time: 2025-10-13T23:43:27.320401
Issue: path-parameters-defined | N/A
Message: Path parameter `parent` is not used in the path `/v1/{+parent}/deployPolicies`. [path: paths./v1/{+parent}/deployPolicies.get.parameters.0.name]
Location: N/A
Fixed: False
Source: System
Issue Source: redocly-validator
Issue Target: import-url_bundled-spec
Action: COULD NOT PROCESS: Issue definition for code 'path-parameters-defined' not found in registry.
--------------------------------------------------
Time: 2025-10-13T23:43:27.321634
Issue: operation-summary | N/A
Message: Operation object should contain `summary` field. [path: paths./v1/{+parent}/deployPolicies.post.summary]
Location: N/A
Fixed: False
Source: System
Issue Source: redocly-validator
Issue Target: import-url_bundled-spec
Action: COULD NOT PROCESS: Issue definition for code 'operation-summary' not found in registry.
--------------------------------------------------
Time: 2025-10-13T23:43:27.322246
Issue: path-parameters-defined | N/A
Message: Path parameter `parent` is not used in the path `/v1/{+parent}/deployPolicies`. [path: paths./v1/{+parent}/deployPolicies.post.parameters.0.name]
Location: N/A
Fixed: False
Source: System
Issue Source: redocly-validator
Issue Target: import-url_bundled-spec
Action: COULD NOT PROCESS: Issue definition for code 'path-parameters-defined' not found in registry.
--------------------------------------------------
Time: 2025-10-13T23:43:27.322682
Issue: operation-summary | N/A
Message: Operation object should contain `summary` field. [path: paths./v1/{+parent}/jobRuns.get.summary]
Location: N/A
Fixed: False
Source: System
Issue Source: redocly-validator
Issue Target: import-url_bundled-spec
Action: COULD NOT PROCESS: Issue definition for code 'operation-summary' not found in registry.
--------------------------------------------------
Time: 2025-10-13T23:43:27.323175
Issue: path-parameters-defined | N/A
Message: Path parameter `parent` is not used in the path `/v1/{+parent}/jobRuns`. [path: paths./v1/{+parent}/jobRuns.get.parameters.0.name]
Location: N/A
Fixed: False
Source: System
Issue Source: redocly-validator
Issue Target: import-url_bundled-spec
Action: COULD NOT PROCESS: Issue definition for code 'path-parameters-defined' not found in registry.
--------------------------------------------------
Time: 2025-10-13T23:43:27.323365
Issue: operation-summary | N/A
Message: Operation object should contain `summary` field. [path: paths./v1/{+parent}/releases.get.summary]
Location: N/A
Fixed: False
Source: System
Issue Source: redocly-validator
Issue Target: import-url_bundled-spec
Action: COULD NOT PROCESS: Issue definition for code 'operation-summary' not found in registry.
--------------------------------------------------
Time: 2025-10-13T23:43:27.323539
Issue: path-parameters-defined | N/A
Message: Path parameter `parent` is not used in the path `/v1/{+parent}/releases`. [path: paths./v1/{+parent}/releases.get.parameters.0.name]
Location: N/A
Fixed: False
Source: System
Issue Source: redocly-validator
Issue Target: import-url_bundled-spec
Action: COULD NOT PROCESS: Issue definition for code 'path-parameters-defined' not found in registry.
--------------------------------------------------
Time: 2025-10-13T23:43:27.323801
Issue: operation-summary | N/A
Message: Operation object should contain `summary` field. [path: paths./v1/{+parent}/releases.post.summary]
Location: N/A
Fixed: False
Source: System
Issue Source: redocly-validator
Issue Target: import-url_bundled-spec
Action: COULD NOT PROCESS: Issue definition for code 'operation-summary' not found in registry.
--------------------------------------------------
Time: 2025-10-13T23:43:27.324024
Issue: path-parameters-defined | N/A
Message: Path parameter `parent` is not used in the path `/v1/{+parent}/releases`. [path: paths./v1/{+parent}/releases.post.parameters.0.name]
Location: N/A
Fixed: False
Source: System
Issue Source: redocly-validator
Issue Target: import-url_bundled-spec
Action: COULD NOT PROCESS: Issue definition for code 'path-parameters-defined' not found in registry.
--------------------------------------------------
Time: 2025-10-13T23:43:27.324248
Issue: operation-summary | N/A
Message: Operation object should contain `summary` field. [path: paths./v1/{+parent}/rollouts.get.summary]
Location: N/A
Fixed: False
Source: System
Issue Source: redocly-validator
Issue Target: import-url_bundled-spec
Action: COULD NOT PROCESS: Issue definition for code 'operation-summary' not found in registry.
--------------------------------------------------
Time: 2025-10-13T23:43:27.324694
Issue: path-parameters-defined | N/A
Message: Path parameter `parent` is not used in the path `/v1/{+parent}/rollouts`. [path: paths./v1/{+parent}/rollouts.get.parameters.0.name]
Location: N/A
Fixed: False
Source: System
Issue Source: redocly-validator
Issue Target: import-url_bundled-spec
Action: COULD NOT PROCESS: Issue definition for code 'path-parameters-defined' not found in registry.
--------------------------------------------------
Time: 2025-10-13T23:43:27.325223
Issue: operation-summary | N/A
Message: Operation object should contain `summary` field. [path: paths./v1/{+parent}/rollouts.post.summary]
Location: N/A
Fixed: False
Source: System
Issue Source: redocly-validator
Issue Target: import-url_bundled-spec
Action: COULD NOT PROCESS: Issue definition for code 'operation-summary' not found in registry.
--------------------------------------------------
Time: 2025-10-13T23:43:27.326099
Issue: path-parameters-defined | N/A
Message: Path parameter `parent` is not used in the path `/v1/{+parent}/rollouts`. [path: paths./v1/{+parent}/rollouts.post.parameters.0.name]
Location: N/A
Fixed: False
Source: System
Issue Source: redocly-validator
Issue Target: import-url_bundled-spec
Action: COULD NOT PROCESS: Issue definition for code 'path-parameters-defined' not found in registry.
--------------------------------------------------
Time: 2025-10-13T23:43:27.331953
Issue: operation-summary | N/A
Message: Operation object should contain `summary` field. [path: paths./v1/{+parent}/targets.get.summary]
Location: N/A
Fixed: False
Source: System
Issue Source: redocly-validator
Issue Target: import-url_bundled-spec
Action: COULD NOT PROCESS: Issue definition for code 'operation-summary' not found in registry.
--------------------------------------------------
Time: 2025-10-13T23:43:27.337855
Issue: path-parameters-defined | N/A
Message: Path parameter `parent` is not used in the path `/v1/{+parent}/targets`. [path: paths./v1/{+parent}/targets.get.parameters.0.name]
Location: N/A
Fixed: False
Source: System
Issue Source: redocly-validator
Issue Target: import-url_bundled-spec
Action: COULD NOT PROCESS: Issue definition for code 'path-parameters-defined' not found in registry.
--------------------------------------------------
Time: 2025-10-13T23:43:27.344269
Issue: operation-summary | N/A
Message: Operation object should contain `summary` field. [path: paths./v1/{+parent}/targets.post.summary]
Location: N/A
Fixed: False
Source: System
Issue Source: redocly-validator
Issue Target: import-url_bundled-spec
Action: COULD NOT PROCESS: Issue definition for code 'operation-summary' not found in registry.
--------------------------------------------------
Time: 2025-10-13T23:43:27.344867
Issue: path-parameters-defined | N/A
Message: Path parameter `parent` is not used in the path `/v1/{+parent}/targets`. [path: paths./v1/{+parent}/targets.post.parameters.0.name]
Location: N/A
Fixed: False
Source: System
Issue Source: redocly-validator
Issue Target: import-url_bundled-spec
Action: COULD NOT PROCESS: Issue definition for code 'path-parameters-defined' not found in registry.
--------------------------------------------------
Time: 2025-10-13T23:43:27.350598
Issue: operation-summary | N/A
Message: Operation object should contain `summary` field. [path: paths./v1/{+resource}:getIamPolicy.get.summary]
Location: N/A
Fixed: False
Source: System
Issue Source: redocly-validator
Issue Target: import-url_bundled-spec
Action: COULD NOT PROCESS: Issue definition for code 'operation-summary' not found in registry.
--------------------------------------------------
Time: 2025-10-13T23:43:27.356711
Issue: path-parameters-defined | N/A
Message: Path parameter `resource` is not used in the path `/v1/{+resource}:getIamPolicy`. [path: paths./v1/{+resource}:getIamPolicy.get.parameters.0.name]
Location: N/A
Fixed: False
Source: System
Issue Source: redocly-validator
Issue Target: import-url_bundled-spec
Action: COULD NOT PROCESS: Issue definition for code 'path-parameters-defined' not found in registry.
--------------------------------------------------
Time: 2025-10-13T23:43:27.367737
Issue: operation-summary | N/A
Message: Operation object should contain `summary` field. [path: paths./v1/{+resource}:setIamPolicy.post.summary]
Location: N/A
Fixed: False
Source: System
Issue Source: redocly-validator
Issue Target: import-url_bundled-spec
Action: COULD NOT PROCESS: Issue definition for code 'operation-summary' not found in registry.
--------------------------------------------------
Time: 2025-10-13T23:43:27.378651
Issue: path-parameters-defined | N/A
Message: Path parameter `resource` is not used in the path `/v1/{+resource}:setIamPolicy`. [path: paths./v1/{+resource}:setIamPolicy.post.parameters.0.name]
Location: N/A
Fixed: False
Source: System
Issue Source: redocly-validator
Issue Target: import-url_bundled-spec
Action: COULD NOT PROCESS: Issue definition for code 'path-parameters-defined' not found in registry.
--------------------------------------------------
Time: 2025-10-13T23:43:27.389793
Issue: operation-summary | N/A
Message: Operation object should contain `summary` field. [path: paths./v1/{+resource}:testIamPermissions.post.summary]
Location: N/A
Fixed: False
Source: System
Issue Source: redocly-validator
Issue Target: import-url_bundled-spec
Action: COULD NOT PROCESS: Issue definition for code 'operation-summary' not found in registry.
--------------------------------------------------
Time: 2025-10-13T23:43:27.395421
Issue: path-parameters-defined | N/A
Message: Path parameter `resource` is not used in the path `/v1/{+resource}:testIamPermissions`. [path: paths./v1/{+resource}:testIamPermissions.post.parameters.0.name]
Location: N/A
Fixed: False
Source: System
Issue Source: redocly-validator
Issue Target: import-url_bundled-spec
Action: COULD NOT PROCESS: Issue definition for code 'path-parameters-defined' not found in registry.
--------------------------------------------------
Time: 2025-10-13T23:43:27.401368
Issue: operation-summary | N/A
Message: Operation object should contain `summary` field. [path: paths./v1/{+rollout}:ignoreJob.post.summary]
Location: N/A
Fixed: False
Source: System
Issue Source: redocly-validator
Issue Target: import-url_bundled-spec
Action: COULD NOT PROCESS: Issue definition for code 'operation-summary' not found in registry.
--------------------------------------------------
Time: 2025-10-13T23:43:27.412202
Issue: path-parameters-defined | N/A
Message: Path parameter `rollout` is not used in the path `/v1/{+rollout}:ignoreJob`. [path: paths./v1/{+rollout}:ignoreJob.post.parameters.0.name]
Location: N/A
Fixed: False
Source: System
Issue Source: redocly-validator
Issue Target: import-url_bundled-spec
Action: COULD NOT PROCESS: Issue definition for code 'path-parameters-defined' not found in registry.
--------------------------------------------------
Time: 2025-10-13T23:43:27.422955
Issue: operation-summary | N/A
Message: Operation object should contain `summary` field. [path: paths./v1/{+rollout}:retryJob.post.summary]
Location: N/A
Fixed: False
Source: System
Issue Source: redocly-validator
Issue Target: import-url_bundled-spec
Action: COULD NOT PROCESS: Issue definition for code 'operation-summary' not found in registry.
--------------------------------------------------
Time: 2025-10-13T23:43:27.428593
Issue: path-parameters-defined | N/A
Message: Path parameter `rollout` is not used in the path `/v1/{+rollout}:retryJob`. [path: paths./v1/{+rollout}:retryJob.post.parameters.0.name]
Location: N/A
Fixed: False
Source: System
Issue Source: redocly-validator
Issue Target: import-url_bundled-spec
Action: COULD NOT PROCESS: Issue definition for code 'path-parameters-defined' not found in registry.
--------------------------------------------------
Time: 2025-10-13T23:43:27.434250
Issue: struct | N/A
Message: Property `enumDeprecated` is not expected here. [path: components.schemas.AutomationEvent.properties.type.enumDeprecated]
Location: N/A
Fixed: False
Source: System
Issue Source: redocly-validator
Issue Target: import-url_bundled-spec
Action: COULD NOT PROCESS: Issue definition for code 'struct' not found in registry.
--------------------------------------------------
Time: 2025-10-13T23:43:27.434504
Issue: struct | N/A
Message: Property `enumDeprecated` is not expected here. [path: components.schemas.AutomationRunEvent.properties.type.enumDeprecated]
Location: N/A
Fixed: False
Source: System
Issue Source: redocly-validator
Issue Target: import-url_bundled-spec
Action: COULD NOT PROCESS: Issue definition for code 'struct' not found in registry.
--------------------------------------------------
Time: 2025-10-13T23:43:27.434766
Issue: struct | N/A
Message: Property `enumDeprecated` is not expected here. [path: components.schemas.CustomTargetTypeNotificationEvent.properties.type.enumDeprecated]
Location: N/A
Fixed: False
Source: System
Issue Source: redocly-validator
Issue Target: import-url_bundled-spec
Action: COULD NOT PROCESS: Issue definition for code 'struct' not found in registry.
--------------------------------------------------
Time: 2025-10-13T23:43:27.435009
Issue: struct | N/A
Message: Property `enumDeprecated` is not expected here. [path: components.schemas.DeliveryPipelineNotificationEvent.properties.type.enumDeprecated]
Location: N/A
Fixed: False
Source: System
Issue Source: redocly-validator
Issue Target: import-url_bundled-spec
Action: COULD NOT PROCESS: Issue definition for code 'struct' not found in registry.
--------------------------------------------------
Time: 2025-10-13T23:43:27.445765
Issue: struct | N/A
Message: Property `enumDeprecated` is not expected here. [path: components.schemas.DeployPolicyNotificationEvent.properties.type.enumDeprecated]
Location: N/A
Fixed: False
Source: System
Issue Source: redocly-validator
Issue Target: import-url_bundled-spec
Action: COULD NOT PROCESS: Issue definition for code 'struct' not found in registry.
--------------------------------------------------
Time: 2025-10-13T23:43:27.462757
Issue: struct | N/A
Message: Property `enumDeprecated` is not expected here. [path: components.schemas.JobRunNotificationEvent.properties.type.enumDeprecated]
Location: N/A
Fixed: False
Source: System
Issue Source: redocly-validator
Issue Target: import-url_bundled-spec
Action: COULD NOT PROCESS: Issue definition for code 'struct' not found in registry.
--------------------------------------------------
Time: 2025-10-13T23:43:27.468529
Issue: struct | N/A
Message: Property `enumDeprecated` is not expected here. [path: components.schemas.ReleaseNotificationEvent.properties.type.enumDeprecated]
Location: N/A
Fixed: False
Source: System
Issue Source: redocly-validator
Issue Target: import-url_bundled-spec
Action: COULD NOT PROCESS: Issue definition for code 'struct' not found in registry.
--------------------------------------------------
Time: 2025-10-13T23:43:27.474411
Issue: struct | N/A
Message: Property `enumDeprecated` is not expected here. [path: components.schemas.ReleaseRenderEvent.properties.type.enumDeprecated]
Location: N/A
Fixed: False
Source: System
Issue Source: redocly-validator
Issue Target: import-url_bundled-spec
Action: COULD NOT PROCESS: Issue definition for code 'struct' not found in registry.
--------------------------------------------------
Time: 2025-10-13T23:43:27.485414
Issue: struct | N/A
Message: Property `enumDeprecated` is not expected here. [path: components.schemas.RolloutNotificationEvent.properties.type.enumDeprecated]
Location: N/A
Fixed: False
Source: System
Issue Source: redocly-validator
Issue Target: import-url_bundled-spec
Action: COULD NOT PROCESS: Issue definition for code 'struct' not found in registry.
--------------------------------------------------
Time: 2025-10-13T23:43:27.496185
Issue: struct | N/A
Message: Property `enumDeprecated` is not expected here. [path: components.schemas.RolloutUpdateEvent.properties.type.enumDeprecated]
Location: N/A
Fixed: False
Source: System
Issue Source: redocly-validator
Issue Target: import-url_bundled-spec
Action: COULD NOT PROCESS: Issue definition for code 'struct' not found in registry.
--------------------------------------------------
Time: 2025-10-13T23:43:27.506737
Issue: struct | N/A
Message: Property `enumDeprecated` is not expected here. [path: components.schemas.TargetNotificationEvent.properties.type.enumDeprecated]
Location: N/A
Fixed: False
Source: System
Issue Source: redocly-validator
Issue Target: import-url_bundled-spec
Action: COULD NOT PROCESS: Issue definition for code 'struct' not found in registry.
--------------------------------------------------
Time: 2025-10-13T23:43:27.512177
Issue: tag-description | N/A
Message: Tag object should contain `description` field. [path: tags.0.description]
Location: N/A
Fixed: False
Source: System
Issue Source: redocly-validator
Issue Target: import-url_bundled-spec
Action: COULD NOT PROCESS: Issue definition for code 'tag-description' not found in registry.
--------------------------------------------------
Time: 2025-10-13T23:43:27.522743
Issue: operation-4xx-response | N/A
Message: Operation must have at least one `4XX` response. [path: paths./v1/{+name}.get.responses]
Location: N/A
Fixed: False
Source: System
Issue Source: redocly-validator
Issue Target: import-url_bundled-spec
Action: COULD NOT PROCESS: Issue definition for code 'operation-4xx-response' not found in registry.
--------------------------------------------------
Time: 2025-10-13T23:43:27.538613
Issue: operation-4xx-response | N/A
Message: Operation must have at least one `4XX` response. [path: paths./v1/{+name}.delete.responses]
Location: N/A
Fixed: False
Source: System
Issue Source: redocly-validator
Issue Target: import-url_bundled-spec
Action: COULD NOT PROCESS: Issue definition for code 'operation-4xx-response' not found in registry.
--------------------------------------------------
Time: 2025-10-13T23:43:27.549272
Issue: operation-4xx-response | N/A
Message: Operation must have at least one `4XX` response. [path: paths./v1/{+name}.patch.responses]
Location: N/A
Fixed: False
Source: System
Issue Source: redocly-validator
Issue Target: import-url_bundled-spec
Action: COULD NOT PROCESS: Issue definition for code 'operation-4xx-response' not found in registry.
--------------------------------------------------
Time: 2025-10-13T23:43:27.559881
Issue: operation-4xx-response | N/A
Message: Operation must have at least one `4XX` response. [path: paths./v1/{+name}/locations.get.responses]
Location: N/A
Fixed: False
Source: System
Issue Source: redocly-validator
Issue Target: import-url_bundled-spec
Action: COULD NOT PROCESS: Issue definition for code 'operation-4xx-response' not found in registry.
--------------------------------------------------
Time: 2025-10-13T23:43:27.565391
Issue: operation-4xx-response | N/A
Message: Operation must have at least one `4XX` response. [path: paths./v1/{+name}/operations.get.responses]
Location: N/A
Fixed: False
Source: System
Issue Source: redocly-validator
Issue Target: import-url_bundled-spec
Action: COULD NOT PROCESS: Issue definition for code 'operation-4xx-response' not found in registry.
--------------------------------------------------
Time: 2025-10-13T23:43:27.576177
Issue: operation-4xx-response | N/A
Message: Operation must have at least one `4XX` response. [path: paths./v1/{+name}:abandon.post.responses]
Location: N/A
Fixed: False
Source: System
Issue Source: redocly-validator
Issue Target: import-url_bundled-spec
Action: COULD NOT PROCESS: Issue definition for code 'operation-4xx-response' not found in registry.
--------------------------------------------------
Time: 2025-10-13T23:43:27.581914
Issue: operation-4xx-response | N/A
Message: Operation must have at least one `4XX` response. [path: paths./v1/{+name}:advance.post.responses]
Location: N/A
Fixed: False
Source: System
Issue Source: redocly-validator
Issue Target: import-url_bundled-spec
Action: COULD NOT PROCESS: Issue definition for code 'operation-4xx-response' not found in registry.
--------------------------------------------------
Time: 2025-10-13T23:43:27.593166
Issue: operation-4xx-response | N/A
Message: Operation must have at least one `4XX` response. [path: paths./v1/{+name}:approve.post.responses]
Location: N/A
Fixed: False
Source: System
Issue Source: redocly-validator
Issue Target: import-url_bundled-spec
Action: COULD NOT PROCESS: Issue definition for code 'operation-4xx-response' not found in registry.
--------------------------------------------------
Time: 2025-10-13T23:43:27.604489
Issue: operation-4xx-response | N/A
Message: Operation must have at least one `4XX` response. [path: paths./v1/{+name}:cancel.post.responses]
Location: N/A
Fixed: False
Source: System
Issue Source: redocly-validator
Issue Target: import-url_bundled-spec
Action: COULD NOT PROCESS: Issue definition for code 'operation-4xx-response' not found in registry.
--------------------------------------------------
Time: 2025-10-13T23:43:27.610685
Issue: operation-4xx-response | N/A
Message: Operation must have at least one `4XX` response. [path: paths./v1/{+name}:rollbackTarget.post.responses]
Location: N/A
Fixed: False
Source: System
Issue Source: redocly-validator
Issue Target: import-url_bundled-spec
Action: COULD NOT PROCESS: Issue definition for code 'operation-4xx-response' not found in registry.
--------------------------------------------------
Time: 2025-10-13T23:43:27.621643
Issue: operation-4xx-response | N/A
Message: Operation must have at least one `4XX` response. [path: paths./v1/{+name}:terminate.post.responses]
Location: N/A
Fixed: False
Source: System
Issue Source: redocly-validator
Issue Target: import-url_bundled-spec
Action: COULD NOT PROCESS: Issue definition for code 'operation-4xx-response' not found in registry.
--------------------------------------------------
Time: 2025-10-13T23:43:27.632351
Issue: operation-4xx-response | N/A
Message: Operation must have at least one `4XX` response. [path: paths./v1/{+parent}/automationRuns.get.responses]
Location: N/A
Fixed: False
Source: System
Issue Source: redocly-validator
Issue Target: import-url_bundled-spec
Action: COULD NOT PROCESS: Issue definition for code 'operation-4xx-response' not found in registry.
--------------------------------------------------
Time: 2025-10-13T23:43:27.643001
Issue: operation-4xx-response | N/A
Message: Operation must have at least one `4XX` response. [path: paths./v1/{+parent}/automations.get.responses]
Location: N/A
Fixed: False
Source: System
Issue Source: redocly-validator
Issue Target: import-url_bundled-spec
Action: COULD NOT PROCESS: Issue definition for code 'operation-4xx-response' not found in registry.
--------------------------------------------------
Time: 2025-10-13T23:43:27.648578
Issue: operation-4xx-response | N/A
Message: Operation must have at least one `4XX` response. [path: paths./v1/{+parent}/automations.post.responses]
Location: N/A
Fixed: False
Source: System
Issue Source: redocly-validator
Issue Target: import-url_bundled-spec
Action: COULD NOT PROCESS: Issue definition for code 'operation-4xx-response' not found in registry.
--------------------------------------------------
Time: 2025-10-13T23:43:27.654151
Issue: operation-4xx-response | N/A
Message: Operation must have at least one `4XX` response. [path: paths./v1/{+parent}/customTargetTypes.get.responses]
Location: N/A
Fixed: False
Source: System
Issue Source: redocly-validator
Issue Target: import-url_bundled-spec
Action: COULD NOT PROCESS: Issue definition for code 'operation-4xx-response' not found in registry.
--------------------------------------------------
Time: 2025-10-13T23:43:27.665078
Issue: operation-4xx-response | N/A
Message: Operation must have at least one `4XX` response. [path: paths./v1/{+parent}/customTargetTypes.post.responses]
Location: N/A
Fixed: False
Source: System
Issue Source: redocly-validator
Issue Target: import-url_bundled-spec
Action: COULD NOT PROCESS: Issue definition for code 'operation-4xx-response' not found in registry.
--------------------------------------------------
Time: 2025-10-13T23:43:27.681020
Issue: operation-4xx-response | N/A
Message: Operation must have at least one `4XX` response. [path: paths./v1/{+parent}/deliveryPipelines.get.responses]
Location: N/A
Fixed: False
Source: System
Issue Source: redocly-validator
Issue Target: import-url_bundled-spec
Action: COULD NOT PROCESS: Issue definition for code 'operation-4xx-response' not found in registry.
--------------------------------------------------
Time: 2025-10-13T23:43:27.697141
Issue: operation-4xx-response | N/A
Message: Operation must have at least one `4XX` response. [path: paths./v1/{+parent}/deliveryPipelines.post.responses]
Location: N/A
Fixed: False
Source: System
Issue Source: redocly-validator
Issue Target: import-url_bundled-spec
Action: COULD NOT PROCESS: Issue definition for code 'operation-4xx-response' not found in registry.
--------------------------------------------------
Time: 2025-10-13T23:43:27.702861
Issue: operation-4xx-response | N/A
Message: Operation must have at least one `4XX` response. [path: paths./v1/{+parent}/deployPolicies.get.responses]
Location: N/A
Fixed: False
Source: System
Issue Source: redocly-validator
Issue Target: import-url_bundled-spec
Action: COULD NOT PROCESS: Issue definition for code 'operation-4xx-response' not found in registry.
--------------------------------------------------
Time: 2025-10-13T23:43:27.708388
Issue: operation-4xx-response | N/A
Message: Operation must have at least one `4XX` response. [path: paths./v1/{+parent}/deployPolicies.post.responses]
Location: N/A
Fixed: False
Source: System
Issue Source: redocly-validator
Issue Target: import-url_bundled-spec
Action: COULD NOT PROCESS: Issue definition for code 'operation-4xx-response' not found in registry.
--------------------------------------------------
Time: 2025-10-13T23:43:27.719333
Issue: operation-4xx-response | N/A
Message: Operation must have at least one `4XX` response. [path: paths./v1/{+parent}/jobRuns.get.responses]
Location: N/A
Fixed: False
Source: System
Issue Source: redocly-validator
Issue Target: import-url_bundled-spec
Action: COULD NOT PROCESS: Issue definition for code 'operation-4xx-response' not found in registry.
--------------------------------------------------
Time: 2025-10-13T23:43:27.734784
Issue: operation-4xx-response | N/A
Message: Operation must have at least one `4XX` response. [path: paths./v1/{+parent}/releases.get.responses]
Location: N/A
Fixed: False
Source: System
Issue Source: redocly-validator
Issue Target: import-url_bundled-spec
Action: COULD NOT PROCESS: Issue definition for code 'operation-4xx-response' not found in registry.
