Repair Log
Processed Timestamp: 2025-10-13T23:43:01.215452

--------------------------------------------------
Time: 2025-10-13T23:42:41.348853
Issue: uniqueItems | N/A
Message: [{'description': 'Required. The name of the `DeployPolicy` to delete. The format is `projects/{project_id}/locations/{location_name}/deployPolicies/{deploy_policy_name}`.', 'in': 'path', 'name': 'name', 'required': True, 'schema': {'type': 'string'}}, {'description': 'Optional. If set to true, then deleting an already deleted or non-existing `DeployPolicy` will succeed.', 'in': 'query', 'name': 'allowMissing', 'schema': {'type': 'boolean'}}, {'description': 'Optional. This checksum is computed by the server based on the value of other fields, and may be sent on update and delete requests to ensure the client has an up-to-date value before proceeding.', 'in': 'query', 'name': 'etag', 'schema': {'type': 'string'}}, {'description': 'Optional. A request ID to identify requests. Specify a unique request ID so that if you must retry your request, the server knows to ignore the request if it has already been completed. The server guarantees that for at least 60 minutes after the first request. For example, consider a situation where you make an initial request and the request times out. If you make the request again with the same request ID, the server can check if original operation with the same request ID was received, and if so, will ignore the second request. This prevents clients from accidentally creating duplicate commitments. The request ID must be a valid UUID with the exception that zero UUID is not supported (00000000-0000-0000-0000-000000000000).', 'in': 'query', 'name': 'requestId', 'schema': {'type': 'string'}}, {'description': 'Optional. If set, validate the request and preview the review, but do not actually post it.', 'in': 'query', 'name': 'validateOnly', 'schema': {'type': 'boolean'}}, {'description': 'Optional. If set, validate the request and preview the review, but do not actually post it.', 'in': 'query', 'name': 'validateOnly', 'schema': {'type': 'boolean'}}] has non-unique elements
Location: N/A
Fixed: False
Source: System
Issue Source: openapi-spec-validator
Issue Target: import-url_root-spec
Action: COULD NOT PROCESS: Issue definition for code 'uniqueItems' not found in registry.
--------------------------------------------------
Time: 2025-10-13T23:42:41.354873
Issue: oneOf | N/A
Message: {'description': 'Payload proto for "clouddeploy.googleapis.com/automation" Platform Log event that describes the Automation related events.', 'properties': {'automation': {'description': 'The name of the `AutomationRun`.', 'type': 'string'}, 'message': {'description': 'Debug message for when there is an update on the AutomationRun. Provides further details about the resource creation or state change.', 'type': 'string'}, 'pipelineUid': {'description': 'Unique identifier of the `DeliveryPipeline`.', 'type': 'string'}, 'type': {'description': 'Type of this notification, e.g. for a Pub/Sub failure.', 'enum': ['TYPE_UNSPECIFIED', 'TYPE_PUBSUB_NOTIFICATION_FAILURE', 'TYPE_RESOURCE_STATE_CHANGE', 'TYPE_PROCESS_ABORTED', 'TYPE_RESTRICTION_VIOLATED', 'TYPE_RESOURCE_DELETED', 'TYPE_ROLLOUT_UPDATE', 'TYPE_DEPLOY_POLICY_EVALUATION', 'TYPE_RENDER_STATUES_CHANGE'], 'enumDeprecated': [False, False, False, False, False, False, False, False, True], 'type': 'string'}}, 'type': 'object'} is not valid under any of the given schemas
Location: N/A
Fixed: False
Source: System
Issue Source: openapi-spec-validator
Issue Target: import-url_root-spec
Action: COULD NOT PROCESS: Issue definition for code 'oneOf' not found in registry.
--------------------------------------------------
Time: 2025-10-13T23:42:41.367420
Issue: oneOf | N/A
Message: {'description': 'Payload proto for "clouddeploy.googleapis.com/automation_run" Platform Log event that describes the AutomationRun related events.', 'properties': {'automationId': {'description': 'Identifier of the `Automation`.', 'type': 'string'}, 'automationRun': {'description': 'The name of the `AutomationRun`.', 'type': 'string'}, 'destinationTargetId': {'description': 'ID of the `Target` to which the `AutomationRun` is created.', 'type': 'string'}, 'message': {'description': 'Debug message for when there is an update on the AutomationRun. Provides further details about the resource creation or state change.', 'type': 'string'}, 'pipelineUid': {'description': 'Unique identifier of the `DeliveryPipeline`.', 'type': 'string'}, 'ruleId': {'description': 'Identifier of the `Automation` rule.', 'type': 'string'}, 'type': {'description': 'Type of this notification, e.g. for a Pub/Sub failure.', 'enum': ['TYPE_UNSPECIFIED', 'TYPE_PUBSUB_NOTIFICATION_FAILURE', 'TYPE_RESOURCE_STATE_CHANGE', 'TYPE_PROCESS_ABORTED', 'TYPE_RESTRICTION_VIOLATED', 'TYPE_RESOURCE_DELETED', 'TYPE_ROLLOUT_UPDATE', 'TYPE_DEPLOY_POLICY_EVALUATION', 'TYPE_RENDER_STATUES_CHANGE'], 'enumDeprecated': [False, False, False, False, False, False, False, False, True], 'type': 'string'}}, 'type': 'object'} is not valid under any of the given schemas
Location: N/A
Fixed: False
Source: System
Issue Source: openapi-spec-validator
Issue Target: import-url_root-spec
Action: COULD NOT PROCESS: Issue definition for code 'oneOf' not found in registry.
--------------------------------------------------
Time: 2025-10-13T23:42:41.373688
Issue: oneOf | N/A
Message: {'description': 'Payload proto for "clouddeploy.googleapis.com/customtargettype_notification" Platform Log event that describes the failure to send a custom target type status change Pub/Sub notification.', 'properties': {'customTargetType': {'description': 'The name of the `CustomTargetType`.', 'type': 'string'}, 'customTargetTypeUid': {'description': 'Unique identifier of the `CustomTargetType`.', 'type': 'string'}, 'message': {'description': 'Debug message for when a notification fails to send.', 'type': 'string'}, 'type': {'description': 'Type of this notification, e.g. for a Pub/Sub failure.', 'enum': ['TYPE_UNSPECIFIED', 'TYPE_PUBSUB_NOTIFICATION_FAILURE', 'TYPE_RESOURCE_STATE_CHANGE', 'TYPE_PROCESS_ABORTED', 'TYPE_RESTRICTION_VIOLATED', 'TYPE_RESOURCE_DELETED', 'TYPE_ROLLOUT_UPDATE', 'TYPE_DEPLOY_POLICY_EVALUATION', 'TYPE_RENDER_STATUES_CHANGE'], 'enumDeprecated': [False, False, False, False, False, False, False, False, True], 'type': 'string'}}, 'type': 'object'} is not valid under any of the given schemas
Location: N/A
Fixed: False
Source: System
Issue Source: openapi-spec-validator
Issue Target: import-url_root-spec
Action: COULD NOT PROCESS: Issue definition for code 'oneOf' not found in registry.
--------------------------------------------------
Time: 2025-10-13T23:42:41.385144
Issue: oneOf | N/A
Message: {'description': 'Payload proto for "clouddeploy.googleapis.com/deliverypipeline_notification" Platform Log event that describes the failure to send delivery pipeline status change Pub/Sub notification.', 'properties': {'deliveryPipeline': {'description': 'The name of the `Delivery Pipeline`.', 'type': 'string'}, 'message': {'description': 'Debug message for when a notification fails to send.', 'type': 'string'}, 'pipelineUid': {'description': 'Unique identifier of the `DeliveryPipeline`.', 'type': 'string'}, 'type': {'description': 'Type of this notification, e.g. for a Pub/Sub failure.', 'enum': ['TYPE_UNSPECIFIED', 'TYPE_PUBSUB_NOTIFICATION_FAILURE', 'TYPE_RESOURCE_STATE_CHANGE', 'TYPE_PROCESS_ABORTED', 'TYPE_RESTRICTION_VIOLATED', 'TYPE_RESOURCE_DELETED', 'TYPE_ROLLOUT_UPDATE', 'TYPE_DEPLOY_POLICY_EVALUATION', 'TYPE_RENDER_STATUES_CHANGE'], 'enumDeprecated': [False, False, False, False, False, False, False, False, True], 'type': 'string'}}, 'type': 'object'} is not valid under any of the given schemas
Location: N/A
Fixed: False
Source: System
Issue Source: openapi-spec-validator
Issue Target: import-url_root-spec
Action: COULD NOT PROCESS: Issue definition for code 'oneOf' not found in registry.
--------------------------------------------------
Time: 2025-10-13T23:42:41.407735
Issue: oneOf | N/A
Message: {'description': 'Payload proto for "clouddeploy.googleapis.com/deploypolicy_notification". Platform Log event that describes the failure to send a pub/sub notification when there is a DeployPolicy status change.', 'properties': {'deployPolicy': {'description': 'The name of the `DeployPolicy`.', 'type': 'string'}, 'deployPolicyUid': {'description': 'Unique identifier of the deploy policy.', 'type': 'string'}, 'message': {'description': 'Debug message for when a deploy policy fails to send a pub/sub notification.', 'type': 'string'}, 'type': {'description': 'Type of this notification, e.g. for a Pub/Sub failure.', 'enum': ['TYPE_UNSPECIFIED', 'TYPE_PUBSUB_NOTIFICATION_FAILURE', 'TYPE_RESOURCE_STATE_CHANGE', 'TYPE_PROCESS_ABORTED', 'TYPE_RESTRICTION_VIOLATED', 'TYPE_RESOURCE_DELETED', 'TYPE_ROLLOUT_UPDATE', 'TYPE_DEPLOY_POLICY_EVALUATION', 'TYPE_RENDER_STATUES_CHANGE'], 'enumDeprecated': [False, False, False, False, False, False, False, False, True], 'type': 'string'}}, 'type': 'object'} is not valid under any of the given schemas
Location: N/A
Fixed: False
Source: System
Issue Source: openapi-spec-validator
Issue Target: import-url_root-spec
Action: COULD NOT PROCESS: Issue definition for code 'oneOf' not found in registry.
--------------------------------------------------
Time: 2025-10-13T23:42:41.425496
Issue: oneOf | N/A
Message: {'description': 'Payload proto for "clouddeploy.googleapis.com/jobrun_notification" Platform Log event that describes the failure to send JobRun resource update Pub/Sub notification.', 'properties': {'jobRun': {'description': 'The name of the `JobRun`.', 'type': 'string'}, 'message': {'description': 'Debug message for when a notification fails to send.', 'type': 'string'}, 'pipelineUid': {'description': 'Unique identifier of the `DeliveryPipeline`.', 'type': 'string'}, 'release': {'description': 'The name of the `Release`.', 'type': 'string'}, 'releaseUid': {'description': 'Unique identifier of the `Release`.', 'type': 'string'}, 'rollout': {'description': 'The name of the `Rollout`.', 'type': 'string'}, 'rolloutUid': {'description': 'Unique identifier of the `Rollout`.', 'type': 'string'}, 'targetId': {'description': 'ID of the `Target`.', 'type': 'string'}, 'type': {'description': 'Type of this notification, e.g. for a Pub/Sub failure.', 'enum': ['TYPE_UNSPECIFIED', 'TYPE_PUBSUB_NOTIFICATION_FAILURE', 'TYPE_RESOURCE_STATE_CHANGE', 'TYPE_PROCESS_ABORTED', 'TYPE_RESTRICTION_VIOLATED', 'TYPE_RESOURCE_DELETED', 'TYPE_ROLLOUT_UPDATE', 'TYPE_DEPLOY_POLICY_EVALUATION', 'TYPE_RENDER_STATUES_CHANGE'], 'enumDeprecated': [False, False, False, False, False, False, False, False, True], 'type': 'string'}}, 'type': 'object'} is not valid under any of the given schemas
Location: N/A
Fixed: False
Source: System
Issue Source: openapi-spec-validator
Issue Target: import-url_root-spec
Action: COULD NOT PROCESS: Issue definition for code 'oneOf' not found in registry.
--------------------------------------------------
Time: 2025-10-13T23:42:41.434476
Issue: oneOf | N/A
Message: {'description': 'Payload proto for "clouddeploy.googleapis.com/release_notification" Platform Log event that describes the failure to send release status change Pub/Sub notification.', 'properties': {'message': {'description': 'Debug message for when a notification fails to send.', 'type': 'string'}, 'pipelineUid': {'description': 'Unique identifier of the `DeliveryPipeline`.', 'type': 'string'}, 'release': {'description': 'The name of the `Release`.', 'type': 'string'}, 'releaseUid': {'description': 'Unique identifier of the `Release`.', 'type': 'string'}, 'type': {'description': 'Type of this notification, e.g. for a Pub/Sub failure.', 'enum': ['TYPE_UNSPECIFIED', 'TYPE_PUBSUB_NOTIFICATION_FAILURE', 'TYPE_RESOURCE_STATE_CHANGE', 'TYPE_PROCESS_ABORTED', 'TYPE_RESTRICTION_VIOLATED', 'TYPE_RESOURCE_DELETED', 'TYPE_ROLLOUT_UPDATE', 'TYPE_DEPLOY_POLICY_EVALUATION', 'TYPE_RENDER_STATUES_CHANGE'], 'enumDeprecated': [False, False, False, False, False, False, False, False, True], 'type': 'string'}}, 'type': 'object'} is not valid under any of the given schemas
Location: N/A
Fixed: False
Source: System
Issue Source: openapi-spec-validator
Issue Target: import-url_root-spec
Action: COULD NOT PROCESS: Issue definition for code 'oneOf' not found in registry.
--------------------------------------------------
Time: 2025-10-13T23:42:41.473418
Issue: oneOf | N/A
Message: {'description': 'Payload proto for "clouddeploy.googleapis.com/release_render" Platform Log event that describes the render status change.', 'properties': {'message': {'description': 'Debug message for when a render transition occurs. Provides further details as rendering progresses through render states.', 'type': 'string'}, 'pipelineUid': {'description': 'Unique identifier of the `DeliveryPipeline`.', 'type': 'string'}, 'release': {'description': "The name of the release. release_uid is not in this log message because we write some of these log messages at release creation time, before we've generated the uid.", 'type': 'string'}, 'releaseRenderState': {'description': 'The state of the release render.', 'enum': ['RENDER_STATE_UNSPECIFIED', 'SUCCEEDED', 'FAILED', 'IN_PROGRESS'], 'type': 'string'}, 'type': {'description': 'Type of this notification, e.g. for a release render state change event.', 'enum': ['TYPE_UNSPECIFIED', 'TYPE_PUBSUB_NOTIFICATION_FAILURE', 'TYPE_RESOURCE_STATE_CHANGE', 'TYPE_PROCESS_ABORTED', 'TYPE_RESTRICTION_VIOLATED', 'TYPE_RESOURCE_DELETED', 'TYPE_ROLLOUT_UPDATE', 'TYPE_DEPLOY_POLICY_EVALUATION', 'TYPE_RENDER_STATUES_CHANGE'], 'enumDeprecated': [False, False, False, False, False, False, False, False, True], 'type': 'string'}}, 'type': 'object'} is not valid under any of the given schemas
Location: N/A
Fixed: False
Source: System
Issue Source: openapi-spec-validator
Issue Target: import-url_root-spec
Action: COULD NOT PROCESS: Issue definition for code 'oneOf' not found in registry.
--------------------------------------------------
Time: 2025-10-13T23:42:41.522680
Issue: oneOf | N/A
Message: {'description': 'Payload proto for "clouddeploy.googleapis.com/rollout_notification" Platform Log event that describes the failure to send rollout status change Pub/Sub notification.', 'properties': {'message': {'description': 'Debug message for when a notification fails to send.', 'type': 'string'}, 'pipelineUid': {'description': 'Unique identifier of the `DeliveryPipeline`.', 'type': 'string'}, 'release': {'description': 'The name of the `Release`.', 'type': 'string'}, 'releaseUid': {'description': 'Unique identifier of the `Release`.', 'type': 'string'}, 'rollout': {'description': 'The name of the `Rollout`.', 'type': 'string'}, 'rolloutUid': {'description': 'Unique identifier of the `Rollout`.', 'type': 'string'}, 'targetId': {'description': 'ID of the `Target` that the rollout is deployed to.', 'type': 'string'}, 'type': {'description': 'Type of this notification, e.g. for a Pub/Sub failure.', 'enum': ['TYPE_UNSPECIFIED', 'TYPE_PUBSUB_NOTIFICATION_FAILURE', 'TYPE_RESOURCE_STATE_CHANGE', 'TYPE_PROCESS_ABORTED', 'TYPE_RESTRICTION_VIOLATED', 'TYPE_RESOURCE_DELETED', 'TYPE_ROLLOUT_UPDATE', 'TYPE_DEPLOY_POLICY_EVALUATION', 'TYPE_RENDER_STATUES_CHANGE'], 'enumDeprecated': [False, False, False, False, False, False, False, False, True], 'type': 'string'}}, 'type': 'object'} is not valid under any of the given schemas
Location: N/A
Fixed: False
Source: System
Issue Source: openapi-spec-validator
Issue Target: import-url_root-spec
Action: COULD NOT PROCESS: Issue definition for code 'oneOf' not found in registry.
--------------------------------------------------
Time: 2025-10-13T23:42:41.584810
Issue: oneOf | N/A
Message: {'description': 'Payload proto for "clouddeploy.googleapis.com/rollout_update" Platform Log event that describes the rollout update event.', 'properties': {'message': {'description': 'Debug message for when a rollout update event occurs.', 'type': 'string'}, 'pipelineUid': {'description': 'Unique identifier of the pipeline.', 'type': 'string'}, 'release': {'description': 'The name of the `Release`.', 'type': 'string'}, 'releaseUid': {'description': 'Unique identifier of the release.', 'type': 'string'}, 'rollout': {'description': "The name of the rollout. rollout_uid is not in this log message because we write some of these log messages at rollout creation time, before we've generated the uid.", 'type': 'string'}, 'rolloutUpdateType': {'description': 'The type of the rollout update.', 'enum': ['ROLLOUT_UPDATE_TYPE_UNSPECIFIED', 'PENDING', 'PENDING_RELEASE', 'IN_PROGRESS', 'CANCELLING', 'CANCELLED', 'HALTED', 'SUCCEEDED', 'FAILED', 'APPROVAL_REQUIRED', 'APPROVED', 'REJECTED', 'ADVANCE_REQUIRED', 'ADVANCED'], 'type': 'string'}, 'targetId': {'description': 'ID of the target.', 'type': 'string'}, 'type': {'description': 'Type of this notification, e.g. for a rollout update event.', 'enum': ['TYPE_UNSPECIFIED', 'TYPE_PUBSUB_NOTIFICATION_FAILURE', 'TYPE_RESOURCE_STATE_CHANGE', 'TYPE_PROCESS_ABORTED', 'TYPE_RESTRICTION_VIOLATED', 'TYPE_RESOURCE_DELETED', 'TYPE_ROLLOUT_UPDATE', 'TYPE_DEPLOY_POLICY_EVALUATION', 'TYPE_RENDER_STATUES_CHANGE'], 'enumDeprecated': [False, False, False, False, False, False, False, False, True], 'type': 'string'}}, 'type': 'object'} is not valid under any of the given schemas
Location: N/A
Fixed: False
Source: System
Issue Source: openapi-spec-validator
Issue Target: import-url_root-spec
Action: COULD NOT PROCESS: Issue definition for code 'oneOf' not found in registry.
--------------------------------------------------
Time: 2025-10-13T23:42:41.596640
Issue: oneOf | N/A
Message: {'description': 'Payload proto for "clouddeploy.googleapis.com/target_notification" Platform Log event that describes the failure to send target status change Pub/Sub notification.', 'properties': {'message': {'description': 'Debug message for when a notification fails to send.', 'type': 'string'}, 'target': {'description': 'The name of the `Target`.', 'type': 'string'}, 'type': {'description': 'Type of this notification, e.g. for a Pub/Sub failure.', 'enum': ['TYPE_UNSPECIFIED', 'TYPE_PUBSUB_NOTIFICATION_FAILURE', 'TYPE_RESOURCE_STATE_CHANGE', 'TYPE_PROCESS_ABORTED', 'TYPE_RESTRICTION_VIOLATED', 'TYPE_RESOURCE_DELETED', 'TYPE_ROLLOUT_UPDATE', 'TYPE_DEPLOY_POLICY_EVALUATION', 'TYPE_RENDER_STATUES_CHANGE'], 'enumDeprecated': [False, False, False, False, False, False, False, False, True], 'type': 'string'}}, 'type': 'object'} is not valid under any of the given schemas
Location: N/A
Fixed: False
Source: System
Issue Source: openapi-spec-validator
Issue Target: import-url_root-spec
Action: COULD NOT PROCESS: Issue definition for code 'oneOf' not found in registry.
--------------------------------------------------
Time: 2025-10-13T23:42:41.635913
Issue: <unset> | N/A
Message: Duplicate parameter `validateOnly`
Location: N/A
Fixed: False
Source: System
Issue Source: openapi-spec-validator
Issue Target: import-url_root-spec
Action: COULD NOT PROCESS: Issue definition for code '<unset>' not found in registry.
--------------------------------------------------
Time: 2025-10-13T23:42:41.657312
Issue: <unset> | N/A
Message: Path parameter '+name' for 'delete' operation in '/v1/{+name}' was not resolved
Location: N/A
Fixed: False
Source: System
Issue Source: openapi-spec-validator
Issue Target: import-url_root-spec
Action: COULD NOT PROCESS: Issue definition for code '<unset>' not found in registry.
--------------------------------------------------
Time: 2025-10-13T23:42:41.663515
Issue: <unset> | N/A
Message: Path parameter '+name' for 'get' operation in '/v1/{+name}' was not resolved
Location: N/A
Fixed: False
Source: System
Issue Source: openapi-spec-validator
Issue Target: import-url_root-spec
Action: COULD NOT PROCESS: Issue definition for code '<unset>' not found in registry.
--------------------------------------------------
Time: 2025-10-13T23:42:41.665859
Issue: <unset> | N/A
Message: Path parameter '+name' for 'patch' operation in '/v1/{+name}' was not resolved
Location: N/A
Fixed: False
Source: System
Issue Source: openapi-spec-validator
Issue Target: import-url_root-spec
Action: COULD NOT PROCESS: Issue definition for code '<unset>' not found in registry.
--------------------------------------------------
Time: 2025-10-13T23:42:41.671380
Issue: <unset> | N/A
Message: Path parameter '+name' for 'get' operation in '/v1/{+name}/locations' was not resolved
Location: N/A
Fixed: False
Source: System
Issue Source: openapi-spec-validator
Issue Target: import-url_root-spec
Action: COULD NOT PROCESS: Issue definition for code '<unset>' not found in registry.
--------------------------------------------------
Time: 2025-10-13T23:42:41.679953
Issue: <unset> | N/A
Message: Path parameter '+name' for 'get' operation in '/v1/{+name}/operations' was not resolved
Location: N/A
Fixed: False
Source: System
Issue Source: openapi-spec-validator
Issue Target: import-url_root-spec
Action: COULD NOT PROCESS: Issue definition for code '<unset>' not found in registry.
--------------------------------------------------
Time: 2025-10-13T23:42:41.685393
Issue: <unset> | N/A
Message: Path parameter '+name' for 'post' operation in '/v1/{+name}:abandon' was not resolved
Location: N/A
Fixed: False
Source: System
Issue Source: openapi-spec-validator
Issue Target: import-url_root-spec
Action: COULD NOT PROCESS: Issue definition for code '<unset>' not found in registry.
--------------------------------------------------
Time: 2025-10-13T23:42:41.689383
Issue: <unset> | N/A
Message: Path parameter '+name' for 'post' operation in '/v1/{+name}:advance' was not resolved
Location: N/A
Fixed: False
Source: System
Issue Source: openapi-spec-validator
Issue Target: import-url_root-spec
Action: COULD NOT PROCESS: Issue definition for code '<unset>' not found in registry.
--------------------------------------------------
Time: 2025-10-13T23:42:41.691806
Issue: <unset> | N/A
Message: Path parameter '+name' for 'post' operation in '/v1/{+name}:approve' was not resolved
Location: N/A
Fixed: False
Source: System
Issue Source: openapi-spec-validator
Issue Target: import-url_root-spec
Action: COULD NOT PROCESS: Issue definition for code '<unset>' not found in registry.
--------------------------------------------------
Time: 2025-10-13T23:42:41.693835
Issue: <unset> | N/A
Message: Path parameter '+name' for 'post' operation in '/v1/{+name}:cancel' was not resolved
Location: N/A
Fixed: False
Source: System
Issue Source: openapi-spec-validator
Issue Target: import-url_root-spec
Action: COULD NOT PROCESS: Issue definition for code '<unset>' not found in registry.
--------------------------------------------------
Time: 2025-10-13T23:42:41.696144
Issue: <unset> | N/A
Message: Path parameter '+name' for 'post' operation in '/v1/{+name}:rollbackTarget' was not resolved
Location: N/A
Fixed: False
Source: System
Issue Source: openapi-spec-validator
Issue Target: import-url_root-spec
Action: COULD NOT PROCESS: Issue definition for code '<unset>' not found in registry.
--------------------------------------------------
Time: 2025-10-13T23:42:41.697535
Issue: <unset> | N/A
Message: Path parameter '+name' for 'post' operation in '/v1/{+name}:terminate' was not resolved
Location: N/A
Fixed: False
Source: System
Issue Source: openapi-spec-validator
Issue Target: import-url_root-spec
Action: COULD NOT PROCESS: Issue definition for code '<unset>' not found in registry.
--------------------------------------------------
Time: 2025-10-13T23:42:41.724966
Issue: <unset> | N/A
Message: Path parameter '+parent' for 'get' operation in '/v1/{+parent}/automationRuns' was not resolved
Location: N/A
Fixed: False
Source: System
Issue Source: openapi-spec-validator
Issue Target: import-url_root-spec
Action: COULD NOT PROCESS: Issue definition for code '<unset>' not found in registry.
--------------------------------------------------
Time: 2025-10-13T23:42:41.728535
Issue: <unset> | N/A
Message: Path parameter '+parent' for 'get' operation in '/v1/{+parent}/automations' was not resolved
Location: N/A
Fixed: False
Source: System
Issue Source: openapi-spec-validator
Issue Target: import-url_root-spec
Action: COULD NOT PROCESS: Issue definition for code '<unset>' not found in registry.
--------------------------------------------------
Time: 2025-10-13T23:42:41.732128
Issue: <unset> | N/A
Message: Path parameter '+parent' for 'post' operation in '/v1/{+parent}/automations' was not resolved
Location: N/A
Fixed: False
Source: System
Issue Source: openapi-spec-validator
Issue Target: import-url_root-spec
Action: COULD NOT PROCESS: Issue definition for code '<unset>' not found in registry.
--------------------------------------------------
Time: 2025-10-13T23:42:41.734846
Issue: <unset> | N/A
Message: Path parameter '+parent' for 'get' operation in '/v1/{+parent}/customTargetTypes' was not resolved
Location: N/A
Fixed: False
Source: System
Issue Source: openapi-spec-validator
Issue Target: import-url_root-spec
Action: COULD NOT PROCESS: Issue definition for code '<unset>' not found in registry.
--------------------------------------------------
Time: 2025-10-13T23:42:41.736211
Issue: <unset> | N/A
Message: Path parameter '+parent' for 'post' operation in '/v1/{+parent}/customTargetTypes' was not resolved
Location: N/A
Fixed: False
Source: System
Issue Source: openapi-spec-validator
Issue Target: import-url_root-spec
Action: COULD NOT PROCESS: Issue definition for code '<unset>' not found in registry.
--------------------------------------------------
Time: 2025-10-13T23:42:41.737562
Issue: <unset> | N/A
Message: Path parameter '+parent' for 'get' operation in '/v1/{+parent}/deliveryPipelines' was not resolved
Location: N/A
Fixed: False
Source: System
Issue Source: openapi-spec-validator
Issue Target: import-url_root-spec
Action: COULD NOT PROCESS: Issue definition for code '<unset>' not found in registry.
--------------------------------------------------
Time: 2025-10-13T23:42:41.755132
Issue: <unset> | N/A
Message: Path parameter '+parent' for 'post' operation in '/v1/{+parent}/deliveryPipelines' was not resolved
Location: N/A
Fixed: False
Source: System
Issue Source: openapi-spec-validator
Issue Target: import-url_root-spec
Action: COULD NOT PROCESS: Issue definition for code '<unset>' not found in registry.
--------------------------------------------------
Time: 2025-10-13T23:42:41.771622
Issue: <unset> | N/A
Message: Path parameter '+parent' for 'get' operation in '/v1/{+parent}/deployPolicies' was not resolved
Location: N/A
Fixed: False
Source: System
Issue Source: openapi-spec-validator
Issue Target: import-url_root-spec
Action: COULD NOT PROCESS: Issue definition for code '<unset>' not found in registry.
--------------------------------------------------
Time: 2025-10-13T23:42:41.772655
Issue: <unset> | N/A
Message: Path parameter '+parent' for 'post' operation in '/v1/{+parent}/deployPolicies' was not resolved
Location: N/A
Fixed: False
Source: System
Issue Source: openapi-spec-validator
Issue Target: import-url_root-spec
Action: COULD NOT PROCESS: Issue definition for code '<unset>' not found in registry.
--------------------------------------------------
Time: 2025-10-13T23:42:41.789158
Issue: <unset> | N/A
Message: Path parameter '+parent' for 'get' operation in '/v1/{+parent}/jobRuns' was not resolved
Location: N/A
Fixed: False
Source: System
Issue Source: openapi-spec-validator
Issue Target: import-url_root-spec
Action: COULD NOT PROCESS: Issue definition for code '<unset>' not found in registry.
--------------------------------------------------
Time: 2025-10-13T23:42:41.811448
Issue: <unset> | N/A
Message: Path parameter '+parent' for 'get' operation in '/v1/{+parent}/releases' was not resolved
Location: N/A
Fixed: False
Source: System
Issue Source: openapi-spec-validator
Issue Target: import-url_root-spec
Action: COULD NOT PROCESS: Issue definition for code '<unset>' not found in registry.
--------------------------------------------------
Time: 2025-10-13T23:42:41.832862
Issue: <unset> | N/A
Message: Path parameter '+parent' for 'post' operation in '/v1/{+parent}/releases' was not resolved
Location: N/A
Fixed: False
Source: System
Issue Source: openapi-spec-validator
Issue Target: import-url_root-spec
Action: COULD NOT PROCESS: Issue definition for code '<unset>' not found in registry.
--------------------------------------------------
Time: 2025-10-13T23:42:41.854038
Issue: <unset> | N/A
Message: Path parameter '+parent' for 'get' operation in '/v1/{+parent}/rollouts' was not resolved
Location: N/A
Fixed: False
Source: System
Issue Source: openapi-spec-validator
Issue Target: import-url_root-spec
Action: COULD NOT PROCESS: Issue definition for code '<unset>' not found in registry.
--------------------------------------------------
Time: 2025-10-13T23:42:41.865370
Issue: <unset> | N/A
Message: Path parameter '+parent' for 'post' operation in '/v1/{+parent}/rollouts' was not resolved
Location: N/A
Fixed: False
Source: System
Issue Source: openapi-spec-validator
Issue Target: import-url_root-spec
Action: COULD NOT PROCESS: Issue definition for code '<unset>' not found in registry.
--------------------------------------------------
Time: 2025-10-13T23:42:41.891818
Issue: <unset> | N/A
Message: Path parameter '+parent' for 'get' operation in '/v1/{+parent}/targets' was not resolved
Location: N/A
Fixed: False
Source: System
Issue Source: openapi-spec-validator
Issue Target: import-url_root-spec
Action: COULD NOT PROCESS: Issue definition for code '<unset>' not found in registry.
--------------------------------------------------
Time: 2025-10-13T23:42:41.945003
Issue: <unset> | N/A
Message: Path parameter '+parent' for 'post' operation in '/v1/{+parent}/targets' was not resolved
Location: N/A
Fixed: False
Source: System
Issue Source: openapi-spec-validator
Issue Target: import-url_root-spec
Action: COULD NOT PROCESS: Issue definition for code '<unset>' not found in registry.
--------------------------------------------------
Time: 2025-10-13T23:42:41.966704
Issue: <unset> | N/A
Message: Path parameter '+resource' for 'get' operation in '/v1/{+resource}:getIamPolicy' was not resolved
Location: N/A
Fixed: False
Source: System
Issue Source: openapi-spec-validator
Issue Target: import-url_root-spec
Action: COULD NOT PROCESS: Issue definition for code '<unset>' not found in registry.
--------------------------------------------------
Time: 2025-10-13T23:42:42.004432
Issue: <unset> | N/A
Message: Path parameter '+resource' for 'post' operation in '/v1/{+resource}:setIamPolicy' was not resolved
Location: N/A
Fixed: False
Source: System
Issue Source: openapi-spec-validator
Issue Target: import-url_root-spec
Action: COULD NOT PROCESS: Issue definition for code '<unset>' not found in registry.
--------------------------------------------------
Time: 2025-10-13T23:42:42.015689
Issue: <unset> | N/A
Message: Path parameter '+resource' for 'post' operation in '/v1/{+resource}:testIamPermissions' was not resolved
Location: N/A
Fixed: False
Source: System
Issue Source: openapi-spec-validator
Issue Target: import-url_root-spec
Action: COULD NOT PROCESS: Issue definition for code '<unset>' not found in registry.
--------------------------------------------------
Time: 2025-10-13T23:42:42.032221
Issue: <unset> | N/A
Message: Path parameter '+rollout' for 'post' operation in '/v1/{+rollout}:ignoreJob' was not resolved
Location: N/A
Fixed: False
Source: System
Issue Source: openapi-spec-validator
Issue Target: import-url_root-spec
Action: COULD NOT PROCESS: Issue definition for code '<unset>' not found in registry.
--------------------------------------------------
Time: 2025-10-13T23:42:42.054719
Issue: <unset> | N/A
Message: Path parameter '+rollout' for 'post' operation in '/v1/{+rollout}:retryJob' was not resolved
Location: N/A
Fixed: False
Source: System
Issue Source: openapi-spec-validator
Issue Target: import-url_root-spec
Action: COULD NOT PROCESS: Issue definition for code '<unset>' not found in registry.
--------------------------------------------------
Time: 2025-10-13T23:42:42.072854
Issue: no-server-trailing-slash | N/A
Message: Server `url` should not have a trailing slash. [path: servers.0.url]
Location: N/A
Fixed: False
Source: System
Issue Source: redocly-validator
Issue Target: import-url_root-spec
Action: COULD NOT PROCESS: Issue definition for code 'no-server-trailing-slash' not found in registry.
--------------------------------------------------
Time: 2025-10-13T23:42:42.100928
Issue: operation-summary | N/A
Message: Operation object should contain `summary` field. [path: paths./v1/{+name}.get.summary]
Location: N/A
Fixed: False
Source: System
Issue Source: redocly-validator
Issue Target: import-url_root-spec
Action: COULD NOT PROCESS: Issue definition for code 'operation-summary' not found in registry.
--------------------------------------------------
Time: 2025-10-13T23:42:42.122918
Issue: path-parameters-defined | N/A
Message: Path parameter `name` is not used in the path `/v1/{+name}`. [path: paths./v1/{+name}.get.parameters.0.name]
Location: N/A
Fixed: False
Source: System
Issue Source: redocly-validator
Issue Target: import-url_root-spec
Action: COULD NOT PROCESS: Issue definition for code 'path-parameters-defined' not found in registry.
--------------------------------------------------
Time: 2025-10-13T23:42:42.139702
Issue: operation-summary | N/A
Message: Operation object should contain `summary` field. [path: paths./v1/{+name}.delete.summary]
Location: N/A
Fixed: False
Source: System
Issue Source: redocly-validator
Issue Target: import-url_root-spec
Action: COULD NOT PROCESS: Issue definition for code 'operation-summary' not found in registry.
--------------------------------------------------
Time: 2025-10-13T23:42:42.150787
Issue: path-parameters-defined | N/A
Message: Path parameter `name` is not used in the path `/v1/{+name}`. [path: paths./v1/{+name}.delete.parameters.0.name]
Location: N/A
Fixed: False
Source: System
Issue Source: redocly-validator
Issue Target: import-url_root-spec
Action: COULD NOT PROCESS: Issue definition for code 'path-parameters-defined' not found in registry.
--------------------------------------------------
Time: 2025-10-13T23:42:42.178370
Issue: operation-parameters-unique | N/A
Message: Operations must have unique `name` + `in` parameters. Repeats of `in:query` + `name:validateOnly`. [path: paths./v1/{+name}.delete.parameters.5]
Location: N/A
Fixed: False
Source: System
Issue Source: redocly-validator
Issue Target: import-url_root-spec
Action: COULD NOT PROCESS: Issue definition for code 'operation-parameters-unique' not found in registry.
--------------------------------------------------
Time: 2025-10-13T23:42:42.220907
Issue: operation-summary | N/A
Message: Operation object should contain `summary` field. [path: paths./v1/{+name}.patch.summary]
Location: N/A
Fixed: False
Source: System
Issue Source: redocly-validator
Issue Target: import-url_root-spec
Action: COULD NOT PROCESS: Issue definition for code 'operation-summary' not found in registry.
--------------------------------------------------
Time: 2025-10-13T23:42:42.247230
Issue: path-parameters-defined | N/A
Message: Path parameter `name` is not used in the path `/v1/{+name}`. [path: paths./v1/{+name}.patch.parameters.0.name]
Location: N/A
Fixed: False
Source: System
Issue Source: redocly-validator
Issue Target: import-url_root-spec
Action: COULD NOT PROCESS: Issue definition for code 'path-parameters-defined' not found in registry.
--------------------------------------------------
Time: 2025-10-13T23:42:42.285152
Issue: operation-summary | N/A
Message: Operation object should contain `summary` field. [path: paths./v1/{+name}/locations.get.summary]
Location: N/A
Fixed: False
Source: System
Issue Source: redocly-validator
Issue Target: import-url_root-spec
Action: COULD NOT PROCESS: Issue definition for code 'operation-summary' not found in registry.
--------------------------------------------------
Time: 2025-10-13T23:42:42.291619
Issue: path-parameters-defined | N/A
Message: Path parameter `name` is not used in the path `/v1/{+name}/locations`. [path: paths./v1/{+name}/locations.get.parameters.0.name]
Location: N/A
Fixed: False
Source: System
Issue Source: redocly-validator
Issue Target: import-url_root-spec
Action: COULD NOT PROCESS: Issue definition for code 'path-parameters-defined' not found in registry.
--------------------------------------------------
Time: 2025-10-13T23:42:42.324233
Issue: operation-summary | N/A
Message: Operation object should contain `summary` field. [path: paths./v1/{+name}/operations.get.summary]
Location: N/A
Fixed: False
Source: System
Issue Source: redocly-validator
Issue Target: import-url_root-spec
Action: COULD NOT PROCESS: Issue definition for code 'operation-summary' not found in registry.
--------------------------------------------------
Time: 2025-10-13T23:42:42.345576
Issue: path-parameters-defined | N/A
Message: Path parameter `name` is not used in the path `/v1/{+name}/operations`. [path: paths./v1/{+name}/operations.get.parameters.0.name]
Location: N/A
Fixed: False
Source: System
Issue Source: redocly-validator
Issue Target: import-url_root-spec
Action: COULD NOT PROCESS: Issue definition for code 'path-parameters-defined' not found in registry.
--------------------------------------------------
Time: 2025-10-13T23:42:42.356875
Issue: operation-summary | N/A
Message: Operation object should contain `summary` field. [path: paths./v1/{+name}:abandon.post.summary]
Location: N/A
Fixed: False
Source: System
Issue Source: redocly-validator
Issue Target: import-url_root-spec
Action: COULD NOT PROCESS: Issue definition for code 'operation-summary' not found in registry.
--------------------------------------------------
Time: 2025-10-13T23:42:42.394859
Issue: path-parameters-defined | N/A
Message: Path parameter `name` is not used in the path `/v1/{+name}:abandon`. [path: paths./v1/{+name}:abandon.post.parameters.0.name]
Location: N/A
Fixed: False
Source: System
Issue Source: redocly-validator
Issue Target: import-url_root-spec
Action: COULD NOT PROCESS: Issue definition for code 'path-parameters-defined' not found in registry.
--------------------------------------------------
Time: 2025-10-13T23:42:42.437678
Issue: operation-summary | N/A
Message: Operation object should contain `summary` field. [path: paths./v1/{+name}:advance.post.summary]
Location: N/A
Fixed: False
Source: System
Issue Source: redocly-validator
Issue Target: import-url_root-spec
Action: COULD NOT PROCESS: Issue definition for code 'operation-summary' not found in registry.
--------------------------------------------------
Time: 2025-10-13T23:42:42.453557
Issue: path-parameters-defined | N/A
Message: Path parameter `name` is not used in the path `/v1/{+name}:advance`. [path: paths./v1/{+name}:advance.post.parameters.0.name]
Location: N/A
Fixed: False
Source: System
Issue Source: redocly-validator
Issue Target: import-url_root-spec
Action: COULD NOT PROCESS: Issue definition for code 'path-parameters-defined' not found in registry.
--------------------------------------------------
Time: 2025-10-13T23:42:42.469860
Issue: operation-summary | N/A
Message: Operation object should contain `summary` field. [path: paths./v1/{+name}:approve.post.summary]
Location: N/A
Fixed: False
Source: System
Issue Source: redocly-validator
Issue Target: import-url_root-spec
Action: COULD NOT PROCESS: Issue definition for code 'operation-summary' not found in registry.
--------------------------------------------------
Time: 2025-10-13T23:42:42.475954
Issue: path-parameters-defined | N/A
Message: Path parameter `name` is not used in the path `/v1/{+name}:approve`. [path: paths./v1/{+name}:approve.post.parameters.0.name]
Location: N/A
Fixed: False
Source: System
Issue Source: redocly-validator
Issue Target: import-url_root-spec
Action: COULD NOT PROCESS: Issue definition for code 'path-parameters-defined' not found in registry.
--------------------------------------------------
Time: 2025-10-13T23:42:42.487027
Issue: operation-summary | N/A
Message: Operation object should contain `summary` field. [path: paths./v1/{+name}:cancel.post.summary]
Location: N/A
Fixed: False
Source: System
Issue Source: redocly-validator
Issue Target: import-url_root-spec
Action: COULD NOT PROCESS: Issue definition for code 'operation-summary' not found in registry.
--------------------------------------------------
Time: 2025-10-13T23:42:42.499062
Issue: path-parameters-defined | N/A
Message: Path parameter `name` is not used in the path `/v1/{+name}:cancel`. [path: paths./v1/{+name}:cancel.post.parameters.0.name]
Location: N/A
Fixed: False
Source: System
Issue Source: redocly-validator
Issue Target: import-url_root-spec
Action: COULD NOT PROCESS: Issue definition for code 'path-parameters-defined' not found in registry.
--------------------------------------------------
Time: 2025-10-13T23:42:42.515628
Issue: operation-summary | N/A
Message: Operation object should contain `summary` field. [path: paths./v1/{+name}:rollbackTarget.post.summary]
Location: N/A
Fixed: False
Source: System
Issue Source: redocly-validator
Issue Target: import-url_root-spec
Action: COULD NOT PROCESS: Issue definition for code 'operation-summary' not found in registry.
--------------------------------------------------
Time: 2025-10-13T23:42:42.537065
Issue: path-parameters-defined | N/A
Message: Path parameter `name` is not used in the path `/v1/{+name}:rollbackTarget`. [path: paths./v1/{+name}:rollbackTarget.post.parameters.0.name]
Location: N/A
Fixed: False
Source: System
Issue Source: redocly-validator
Issue Target: import-url_root-spec
Action: COULD NOT PROCESS: Issue definition for code 'path-parameters-defined' not found in registry.
--------------------------------------------------
Time: 2025-10-13T23:42:42.574916
Issue: operation-summary | N/A
Message: Operation object should contain `summary` field. [path: paths./v1/{+name}:terminate.post.summary]
Location: N/A
Fixed: False
Source: System
Issue Source: redocly-validator
Issue Target: import-url_root-spec
Action: COULD NOT PROCESS: Issue definition for code 'operation-summary' not found in registry.
--------------------------------------------------
Time: 2025-10-13T23:42:42.596900
Issue: path-parameters-defined | N/A
Message: Path parameter `name` is not used in the path `/v1/{+name}:terminate`. [path: paths./v1/{+name}:terminate.post.parameters.0.name]
Location: N/A
Fixed: False
Source: System
Issue Source: redocly-validator
Issue Target: import-url_root-spec
Action: COULD NOT PROCESS: Issue definition for code 'path-parameters-defined' not found in registry.
--------------------------------------------------
Time: 2025-10-13T23:42:42.619175
Issue: operation-summary | N/A
Message: Operation object should contain `summary` field. [path: paths./v1/{+parent}/automationRuns.get.summary]
Location: N/A
Fixed: False
Source: System
Issue Source: redocly-validator
Issue Target: import-url_root-spec
Action: COULD NOT PROCESS: Issue definition for code 'operation-summary' not found in registry.
--------------------------------------------------
Time: 2025-10-13T23:42:42.656968
Issue: path-parameters-defined | N/A
Message: Path parameter `parent` is not used in the path `/v1/{+parent}/automationRuns`. [path: paths./v1/{+parent}/automationRuns.get.parameters.0.name]
Location: N/A
Fixed: False
Source: System
Issue Source: redocly-validator
Issue Target: import-url_root-spec
Action: COULD NOT PROCESS: Issue definition for code 'path-parameters-defined' not found in registry.
--------------------------------------------------
Time: 2025-10-13T23:42:42.673599
Issue: operation-summary | N/A
Message: Operation object should contain `summary` field. [path: paths./v1/{+parent}/automations.get.summary]
Location: N/A
Fixed: False
Source: System
Issue Source: redocly-validator
Issue Target: import-url_root-spec
Action: COULD NOT PROCESS: Issue definition for code 'operation-summary' not found in registry.
--------------------------------------------------
Time: 2025-10-13T23:42:42.689917
Issue: path-parameters-defined | N/A
Message: Path parameter `parent` is not used in the path `/v1/{+parent}/automations`. [path: paths./v1/{+parent}/automations.get.parameters.0.name]
Location: N/A
Fixed: False
Source: System
Issue Source: redocly-validator
Issue Target: import-url_root-spec
Action: COULD NOT PROCESS: Issue definition for code 'path-parameters-defined' not found in registry.
--------------------------------------------------
Time: 2025-10-13T23:42:42.712354
Issue: operation-summary | N/A
Message: Operation object should contain `summary` field. [path: paths./v1/{+parent}/automations.post.summary]
Location: N/A
Fixed: False
Source: System
Issue Source: redocly-validator
Issue Target: import-url_root-spec
Action: COULD NOT PROCESS: Issue definition for code 'operation-summary' not found in registry.
--------------------------------------------------
Time: 2025-10-13T23:42:42.724066
Issue: path-parameters-defined | N/A
Message: Path parameter `parent` is not used in the path `/v1/{+parent}/automations`. [path: paths./v1/{+parent}/automations.post.parameters.0.name]
Location: N/A
Fixed: False
Source: System
Issue Source: redocly-validator
Issue Target: import-url_root-spec
Action: COULD NOT PROCESS: Issue definition for code 'path-parameters-defined' not found in registry.
--------------------------------------------------
Time: 2025-10-13T23:42:42.762699
Issue: operation-summary | N/A
Message: Operation object should contain `summary` field. [path: paths./v1/{+parent}/customTargetTypes.get.summary]
Location: N/A
Fixed: False
Source: System
Issue Source: redocly-validator
Issue Target: import-url_root-spec
Action: COULD NOT PROCESS: Issue definition for code 'operation-summary' not found in registry.
--------------------------------------------------
Time: 2025-10-13T23:42:42.795237
Issue: path-parameters-defined | N/A
Message: Path parameter `parent` is not used in the path `/v1/{+parent}/customTargetTypes`. [path: paths./v1/{+parent}/customTargetTypes.get.parameters.0.name]
Location: N/A
Fixed: False
Source: System
Issue Source: redocly-validator
Issue Target: import-url_root-spec
Action: COULD NOT PROCESS: Issue definition for code 'path-parameters-defined' not found in registry.
--------------------------------------------------
Time: 2025-10-13T23:42:42.806454
Issue: operation-summary | N/A
Message: Operation object should contain `summary` field. [path: paths./v1/{+parent}/customTargetTypes.post.summary]
Location: N/A
Fixed: False
Source: System
Issue Source: redocly-validator
Issue Target: import-url_root-spec
Action: COULD NOT PROCESS: Issue definition for code 'operation-summary' not found in registry.
--------------------------------------------------
Time: 2025-10-13T23:42:42.827735
Issue: path-parameters-defined | N/A
Message: Path parameter `parent` is not used in the path `/v1/{+parent}/customTargetTypes`. [path: paths./v1/{+parent}/customTargetTypes.post.parameters.0.name]
Location: N/A
Fixed: False
Source: System
Issue Source: redocly-validator
Issue Target: import-url_root-spec
Action: COULD NOT PROCESS: Issue definition for code 'path-parameters-defined' not found in registry.
--------------------------------------------------
Time: 2025-10-13T23:42:42.871855
Issue: operation-summary | N/A
Message: Operation object should contain `summary` field. [path: paths./v1/{+parent}/deliveryPipelines.get.summary]
Location: N/A
Fixed: False
Source: System
Issue Source: redocly-validator
Issue Target: import-url_root-spec
Action: COULD NOT PROCESS: Issue definition for code 'operation-summary' not found in registry.
--------------------------------------------------
Time: 2025-10-13T23:42:42.904451
Issue: path-parameters-defined | N/A
Message: Path parameter `parent` is not used in the path `/v1/{+parent}/deliveryPipelines`. [path: paths./v1/{+parent}/deliveryPipelines.get.parameters.0.name]
Location: N/A
Fixed: False
Source: System
Issue Source: redocly-validator
Issue Target: import-url_root-spec
Action: COULD NOT PROCESS: Issue definition for code 'path-parameters-defined' not found in registry.
--------------------------------------------------
Time: 2025-10-13T23:42:42.930302
Issue: operation-summary | N/A
Message: Operation object should contain `summary` field. [path: paths./v1/{+parent}/deliveryPipelines.post.summary]
Location: N/A
Fixed: False
Source: System
Issue Source: redocly-validator
Issue Target: import-url_root-spec
Action: COULD NOT PROCESS: Issue definition for code 'operation-summary' not found in registry.
--------------------------------------------------
Time: 2025-10-13T23:42:42.942421
Issue: path-parameters-defined | N/A
Message: Path parameter `parent` is not used in the path `/v1/{+parent}/deliveryPipelines`. [path: paths./v1/{+parent}/deliveryPipelines.post.parameters.0.name]
Location: N/A
Fixed: False
Source: System
Issue Source: redocly-validator
Issue Target: import-url_root-spec
Action: COULD NOT PROCESS: Issue definition for code 'path-parameters-defined' not found in registry.
--------------------------------------------------
Time: 2025-10-13T23:42:42.973342
Issue: operation-summary | N/A
Message: Operation object should contain `summary` field. [path: paths./v1/{+parent}/deployPolicies.get.summary]
Location: N/A
Fixed: False
Source: System
Issue Source: redocly-validator
Issue Target: import-url_root-spec
Action: COULD NOT PROCESS: Issue definition for code 'operation-summary' not found in registry.
--------------------------------------------------
Time: 2025-10-13T23:42:42.974712
Issue: path-parameters-defined | N/A
Message: Path parameter `parent` is not used in the path `/v1/{+parent}/deployPolicies`. [path: paths./v1/{+parent}/deployPolicies.get.parameters.0.name]
Location: N/A
Fixed: False
Source: System
Issue Source: redocly-validator
Issue Target: import-url_root-spec
Action: COULD NOT PROCESS: Issue definition for code 'path-parameters-defined' not found in registry.
--------------------------------------------------
Time: 2025-10-13T23:42:42.976884
Issue: operation-summary | N/A
Message: Operation object should contain `summary` field. [path: paths./v1/{+parent}/deployPolicies.post.summary]
Location: N/A
Fixed: False
Source: System
Issue Source: redocly-validator
Issue Target: import-url_root-spec
Action: COULD NOT PROCESS: Issue definition for code 'operation-summary' not found in registry.
--------------------------------------------------
Time: 2025-10-13T23:42:42.979133
Issue: path-parameters-defined | N/A
Message: Path parameter `parent` is not used in the path `/v1/{+parent}/deployPolicies`. [path: paths./v1/{+parent}/deployPolicies.post.parameters.0.name]
Location: N/A
Fixed: False
Source: System
Issue Source: redocly-validator
Issue Target: import-url_root-spec
Action: COULD NOT PROCESS: Issue definition for code 'path-parameters-defined' not found in registry.
--------------------------------------------------
Time: 2025-10-13T23:42:42.981525
Issue: operation-summary | N/A
Message: Operation object should contain `summary` field. [path: paths./v1/{+parent}/jobRuns.get.summary]
Location: N/A
Fixed: False
Source: System
Issue Source: redocly-validator
Issue Target: import-url_root-spec
Action: COULD NOT PROCESS: Issue definition for code 'operation-summary' not found in registry.
--------------------------------------------------
Time: 2025-10-13T23:42:42.983238
Issue: path-parameters-defined | N/A
Message: Path parameter `parent` is not used in the path `/v1/{+parent}/jobRuns`. [path: paths./v1/{+parent}/jobRuns.get.parameters.0.name]
Location: N/A
Fixed: False
Source: System
Issue Source: redocly-validator
Issue Target: import-url_root-spec
Action: COULD NOT PROCESS: Issue definition for code 'path-parameters-defined' not found in registry.
--------------------------------------------------
Time: 2025-10-13T23:42:42.984257
Issue: operation-summary | N/A
Message: Operation object should contain `summary` field. [path: paths./v1/{+parent}/releases.get.summary]
Location: N/A
Fixed: False
Source: System
Issue Source: redocly-validator
Issue Target: import-url_root-spec
Action: COULD NOT PROCESS: Issue definition for code 'operation-summary' not found in registry.
--------------------------------------------------
Time: 2025-10-13T23:42:42.986699
Issue: path-parameters-defined | N/A
Message: Path parameter `parent` is not used in the path `/v1/{+parent}/releases`. [path: paths./v1/{+parent}/releases.get.parameters.0.name]
Location: N/A
Fixed: False
Source: System
Issue Source: redocly-validator
Issue Target: import-url_root-spec
Action: COULD NOT PROCESS: Issue definition for code 'path-parameters-defined' not found in registry.
--------------------------------------------------
Time: 2025-10-13T23:42:42.989813
Issue: operation-summary | N/A
Message: Operation object should contain `summary` field. [path: paths./v1/{+parent}/releases.post.summary]
Location: N/A
Fixed: False
Source: System
Issue Source: redocly-validator
Issue Target: import-url_root-spec
Action: COULD NOT PROCESS: Issue definition for code 'operation-summary' not found in registry.
--------------------------------------------------
Time: 2025-10-13T23:42:42.991751
Issue: path-parameters-defined | N/A
Message: Path parameter `parent` is not used in the path `/v1/{+parent}/releases`. [path: paths./v1/{+parent}/releases.post.parameters.0.name]
Location: N/A
Fixed: False
Source: System
Issue Source: redocly-validator
Issue Target: import-url_root-spec
Action: COULD NOT PROCESS: Issue definition for code 'path-parameters-defined' not found in registry.
--------------------------------------------------
Time: 2025-10-13T23:42:42.992706
Issue: operation-summary | N/A
Message: Operation object should contain `summary` field. [path: paths./v1/{+parent}/rollouts.get.summary]
Location: N/A
Fixed: False
Source: System
Issue Source: redocly-validator
Issue Target: import-url_root-spec
Action: COULD NOT PROCESS: Issue definition for code 'operation-summary' not found in registry.
--------------------------------------------------
Time: 2025-10-13T23:42:42.993589
Issue: path-parameters-defined | N/A
Message: Path parameter `parent` is not used in the path `/v1/{+parent}/rollouts`. [path: paths./v1/{+parent}/rollouts.get.parameters.0.name]
Location: N/A
Fixed: False
Source: System
Issue Source: redocly-validator
Issue Target: import-url_root-spec
Action: COULD NOT PROCESS: Issue definition for code 'path-parameters-defined' not found in registry.
--------------------------------------------------
Time: 2025-10-13T23:42:42.994367
Issue: operation-summary | N/A
Message: Operation object should contain `summary` field. [path: paths./v1/{+parent}/rollouts.post.summary]
Location: N/A
Fixed: False
Source: System
Issue Source: redocly-validator
Issue Target: import-url_root-spec
Action: COULD NOT PROCESS: Issue definition for code 'operation-summary' not found in registry.
--------------------------------------------------
Time: 2025-10-13T23:42:42.994694
Issue: path-parameters-defined | N/A
Message: Path parameter `parent` is not used in the path `/v1/{+parent}/rollouts`. [path: paths./v1/{+parent}/rollouts.post.parameters.0.name]
Location: N/A
Fixed: False
Source: System
Issue Source: redocly-validator
Issue Target: import-url_root-spec
Action: COULD NOT PROCESS: Issue definition for code 'path-parameters-defined' not found in registry.
--------------------------------------------------
Time: 2025-10-13T23:42:42.995014
Issue: operation-summary | N/A
Message: Operation object should contain `summary` field. [path: paths./v1/{+parent}/targets.get.summary]
Location: N/A
Fixed: False
Source: System
Issue Source: redocly-validator
Issue Target: import-url_root-spec
Action: COULD NOT PROCESS: Issue definition for code 'operation-summary' not found in registry.
--------------------------------------------------
Time: 2025-10-13T23:42:42.996935
Issue: path-parameters-defined | N/A
Message: Path parameter `parent` is not used in the path `/v1/{+parent}/targets`. [path: paths./v1/{+parent}/targets.get.parameters.0.name]
Location: N/A
Fixed: False
Source: System
Issue Source: redocly-validator
Issue Target: import-url_root-spec
Action: COULD NOT PROCESS: Issue definition for code 'path-parameters-defined' not found in registry.
--------------------------------------------------
Time: 2025-10-13T23:42:42.997656
Issue: operation-summary | N/A
Message: Operation object should contain `summary` field. [path: paths./v1/{+parent}/targets.post.summary]
Location: N/A
Fixed: False
Source: System
Issue Source: redocly-validator
Issue Target: import-url_root-spec
Action: COULD NOT PROCESS: Issue definition for code 'operation-summary' not found in registry.
--------------------------------------------------
Time: 2025-10-13T23:42:42.999431
Issue: path-parameters-defined | N/A
Message: Path parameter `parent` is not used in the path `/v1/{+parent}/targets`. [path: paths./v1/{+parent}/targets.post.parameters.0.name]
Location: N/A
Fixed: False
Source: System
Issue Source: redocly-validator
Issue Target: import-url_root-spec
Action: COULD NOT PROCESS: Issue definition for code 'path-parameters-defined' not found in registry.
--------------------------------------------------
Time: 2025-10-13T23:42:43.000658
Issue: operation-summary | N/A
Message: Operation object should contain `summary` field. [path: paths./v1/{+resource}:getIamPolicy.get.summary]
Location: N/A
Fixed: False
Source: System
Issue Source: redocly-validator
Issue Target: import-url_root-spec
Action: COULD NOT PROCESS: Issue definition for code 'operation-summary' not found in registry.
--------------------------------------------------
Time: 2025-10-13T23:42:43.002047
Issue: path-parameters-defined | N/A
Message: Path parameter `resource` is not used in the path `/v1/{+resource}:getIamPolicy`. [path: paths./v1/{+resource}:getIamPolicy.get.parameters.0.name]
Location: N/A
Fixed: False
Source: System
Issue Source: redocly-validator
Issue Target: import-url_root-spec
Action: COULD NOT PROCESS: Issue definition for code 'path-parameters-defined' not found in registry.
--------------------------------------------------
Time: 2025-10-13T23:42:43.003010
Issue: operation-summary | N/A
Message: Operation object should contain `summary` field. [path: paths./v1/{+resource}:setIamPolicy.post.summary]
Location: N/A
Fixed: False
Source: System
Issue Source: redocly-validator
Issue Target: import-url_root-spec
Action: COULD NOT PROCESS: Issue definition for code 'operation-summary' not found in registry.
--------------------------------------------------
Time: 2025-10-13T23:42:43.003922
Issue: path-parameters-defined | N/A
Message: Path parameter `resource` is not used in the path `/v1/{+resource}:setIamPolicy`. [path: paths./v1/{+resource}:setIamPolicy.post.parameters.0.name]
Location: N/A
Fixed: False
Source: System
Issue Source: redocly-validator
Issue Target: import-url_root-spec
Action: COULD NOT PROCESS: Issue definition for code 'path-parameters-defined' not found in registry.
--------------------------------------------------
Time: 2025-10-13T23:42:43.005533
Issue: operation-summary | N/A
Message: Operation object should contain `summary` field. [path: paths./v1/{+resource}:testIamPermissions.post.summary]
Location: N/A
Fixed: False
Source: System
Issue Source: redocly-validator
Issue Target: import-url_root-spec
Action: COULD NOT PROCESS: Issue definition for code 'operation-summary' not found in registry.
--------------------------------------------------
Time: 2025-10-13T23:42:43.007144
Issue: path-parameters-defined | N/A
Message: Path parameter `resource` is not used in the path `/v1/{+resource}:testIamPermissions`. [path: paths./v1/{+resource}:testIamPermissions.post.parameters.0.name]
Location: N/A
Fixed: False
Source: System
Issue Source: redocly-validator
Issue Target: import-url_root-spec
Action: COULD NOT PROCESS: Issue definition for code 'path-parameters-defined' not found in registry.
--------------------------------------------------
Time: 2025-10-13T23:42:43.008439
Issue: operation-summary | N/A
Message: Operation object should contain `summary` field. [path: paths./v1/{+rollout}:ignoreJob.post.summary]
Location: N/A
Fixed: False
Source: System
Issue Source: redocly-validator
Issue Target: import-url_root-spec
Action: COULD NOT PROCESS: Issue definition for code 'operation-summary' not found in registry.
--------------------------------------------------
Time: 2025-10-13T23:42:43.010605
Issue: path-parameters-defined | N/A
Message: Path parameter `rollout` is not used in the path `/v1/{+rollout}:ignoreJob`. [path: paths./v1/{+rollout}:ignoreJob.post.parameters.0.name]
Location: N/A
Fixed: False
Source: System
Issue Source: redocly-validator
Issue Target: import-url_root-spec
Action: COULD NOT PROCESS: Issue definition for code 'path-parameters-defined' not found in registry.
--------------------------------------------------
Time: 2025-10-13T23:42:43.012314
Issue: operation-summary | N/A
Message: Operation object should contain `summary` field. [path: paths./v1/{+rollout}:retryJob.post.summary]
Location: N/A
Fixed: False
Source: System
Issue Source: redocly-validator
Issue Target: import-url_root-spec
Action: COULD NOT PROCESS: Issue definition for code 'operation-summary' not found in registry.
--------------------------------------------------
Time: 2025-10-13T23:42:43.013765
Issue: path-parameters-defined | N/A
Message: Path parameter `rollout` is not used in the path `/v1/{+rollout}:retryJob`. [path: paths./v1/{+rollout}:retryJob.post.parameters.0.name]
Location: N/A
Fixed: False
Source: System
Issue Source: redocly-validator
Issue Target: import-url_root-spec
Action: COULD NOT PROCESS: Issue definition for code 'path-parameters-defined' not found in registry.
--------------------------------------------------
Time: 2025-10-13T23:42:43.016327
Issue: struct | N/A
Message: Property `enumDeprecated` is not expected here. [path: components.schemas.AutomationEvent.properties.type.enumDeprecated]
Location: N/A
Fixed: False
Source: System
Issue Source: redocly-validator
Issue Target: import-url_root-spec
Action: COULD NOT PROCESS: Issue definition for code 'struct' not found in registry.
--------------------------------------------------
Time: 2025-10-13T23:42:43.018927
Issue: struct | N/A
Message: Property `enumDeprecated` is not expected here. [path: components.schemas.AutomationRunEvent.properties.type.enumDeprecated]
Location: N/A
Fixed: False
Source: System
Issue Source: redocly-validator
Issue Target: import-url_root-spec
Action: COULD NOT PROCESS: Issue definition for code 'struct' not found in registry.
--------------------------------------------------
Time: 2025-10-13T23:42:43.023357
Issue: struct | N/A
Message: Property `enumDeprecated` is not expected here. [path: components.schemas.CustomTargetTypeNotificationEvent.properties.type.enumDeprecated]
Location: N/A
Fixed: False
Source: System
Issue Source: redocly-validator
Issue Target: import-url_root-spec
Action: COULD NOT PROCESS: Issue definition for code 'struct' not found in registry.
--------------------------------------------------
Time: 2025-10-13T23:42:43.027088
Issue: struct | N/A
Message: Property `enumDeprecated` is not expected here. [path: components.schemas.DeliveryPipelineNotificationEvent.properties.type.enumDeprecated]
Location: N/A
Fixed: False
Source: System
Issue Source: redocly-validator
Issue Target: import-url_root-spec
Action: COULD NOT PROCESS: Issue definition for code 'struct' not found in registry.
--------------------------------------------------
Time: 2025-10-13T23:42:43.028828
Issue: struct | N/A
Message: Property `enumDeprecated` is not expected here. [path: components.schemas.DeployPolicyNotificationEvent.properties.type.enumDeprecated]
Location: N/A
Fixed: False
Source: System
Issue Source: redocly-validator
Issue Target: import-url_root-spec
Action: COULD NOT PROCESS: Issue definition for code 'struct' not found in registry.
--------------------------------------------------
Time: 2025-10-13T23:42:43.032567
Issue: struct | N/A
Message: Property `enumDeprecated` is not expected here. [path: components.schemas.JobRunNotificationEvent.properties.type.enumDeprecated]
Location: N/A
Fixed: False
Source: System
Issue Source: redocly-validator
Issue Target: import-url_root-spec
Action: COULD NOT PROCESS: Issue definition for code 'struct' not found in registry.
--------------------------------------------------
Time: 2025-10-13T23:42:43.034171
Issue: struct | N/A
Message: Property `enumDeprecated` is not expected here. [path: components.schemas.ReleaseNotificationEvent.properties.type.enumDeprecated]
Location: N/A
Fixed: False
Source: System
Issue Source: redocly-validator
Issue Target: import-url_root-spec
Action: COULD NOT PROCESS: Issue definition for code 'struct' not found in registry.
--------------------------------------------------
Time: 2025-10-13T23:42:43.037214
Issue: struct | N/A
Message: Property `enumDeprecated` is not expected here. [path: components.schemas.ReleaseRenderEvent.properties.type.enumDeprecated]
Location: N/A
Fixed: False
Source: System
Issue Source: redocly-validator
Issue Target: import-url_root-spec
Action: COULD NOT PROCESS: Issue definition for code 'struct' not found in registry.
--------------------------------------------------
Time: 2025-10-13T23:42:43.039142
Issue: struct | N/A
Message: Property `enumDeprecated` is not expected here. [path: components.schemas.RolloutNotificationEvent.properties.type.enumDeprecated]
Location: N/A
Fixed: False
Source: System
Issue Source: redocly-validator
Issue Target: import-url_root-spec
Action: COULD NOT PROCESS: Issue definition for code 'struct' not found in registry.
--------------------------------------------------
Time: 2025-10-13T23:42:43.041146
Issue: struct | N/A
Message: Property `enumDeprecated` is not expected here. [path: components.schemas.RolloutUpdateEvent.properties.type.enumDeprecated]
Location: N/A
Fixed: False
Source: System
Issue Source: redocly-validator
Issue Target: import-url_root-spec
Action: COULD NOT PROCESS: Issue definition for code 'struct' not found in registry.
--------------------------------------------------
Time: 2025-10-13T23:42:43.043395
Issue: struct | N/A
Message: Property `enumDeprecated` is not expected here. [path: components.schemas.TargetNotificationEvent.properties.type.enumDeprecated]
Location: N/A
Fixed: False
Source: System
Issue Source: redocly-validator
Issue Target: import-url_root-spec
Action: COULD NOT PROCESS: Issue definition for code 'struct' not found in registry.
--------------------------------------------------
Time: 2025-10-13T23:42:43.055016
Issue: tag-description | N/A
Message: Tag object should contain `description` field. [path: tags.0.description]
Location: N/A
Fixed: False
Source: System
Issue Source: redocly-validator
Issue Target: import-url_root-spec
Action: COULD NOT PROCESS: Issue definition for code 'tag-description' not found in registry.
--------------------------------------------------
Time: 2025-10-13T23:42:43.097491
Issue: operation-4xx-response | N/A
Message: Operation must have at least one `4XX` response. [path: paths./v1/{+name}.get.responses]
Location: N/A
Fixed: False
Source: System
Issue Source: redocly-validator
Issue Target: import-url_root-spec
Action: COULD NOT PROCESS: Issue definition for code 'operation-4xx-response' not found in registry.
--------------------------------------------------
Time: 2025-10-13T23:42:43.146354
Issue: operation-4xx-response | N/A
Message: Operation must have at least one `4XX` response. [path: paths./v1/{+name}.delete.responses]
Location: N/A
Fixed: False
Source: System
Issue Source: redocly-validator
Issue Target: import-url_root-spec
Action: COULD NOT PROCESS: Issue definition for code 'operation-4xx-response' not found in registry.
--------------------------------------------------
Time: 2025-10-13T23:42:43.179087
Issue: operation-4xx-response | N/A
Message: Operation must have at least one `4XX` response. [path: paths./v1/{+name}.patch.responses]
Location: N/A
Fixed: False
Source: System
Issue Source: redocly-validator
Issue Target: import-url_root-spec
Action: COULD NOT PROCESS: Issue definition for code 'operation-4xx-response' not found in registry.
--------------------------------------------------
Time: 2025-10-13T23:42:43.242794
Issue: operation-4xx-response | N/A
Message: Operation must have at least one `4XX` response. [path: paths./v1/{+name}/locations.get.responses]
Location: N/A
Fixed: False
Source: System
Issue Source: redocly-validator
Issue Target: import-url_root-spec
Action: COULD NOT PROCESS: Issue definition for code 'operation-4xx-response' not found in registry.
--------------------------------------------------
Time: 2025-10-13T23:42:43.285310
Issue: operation-4xx-response | N/A
Message: Operation must have at least one `4XX` response. [path: paths./v1/{+name}/operations.get.responses]
Location: N/A
Fixed: False
Source: System
Issue Source: redocly-validator
Issue Target: import-url_root-spec
Action: COULD NOT PROCESS: Issue definition for code 'operation-4xx-response' not found in registry.
--------------------------------------------------
Time: 2025-10-13T23:42:43.370503
Issue: operation-4xx-response | N/A
Message: Operation must have at least one `4XX` response. [path: paths./v1/{+name}:abandon.post.responses]
Location: N/A
Fixed: False
Source: System
Issue Source: redocly-validator
Issue Target: import-url_root-spec
Action: COULD NOT PROCESS: Issue definition for code 'operation-4xx-response' not found in registry.
--------------------------------------------------
Time: 2025-10-13T23:42:43.434626
Issue: operation-4xx-response | N/A
Message: Operation must have at least one `4XX` response. [path: paths./v1/{+name}:advance.post.responses]
Location: N/A
Fixed: False
Source: System
Issue Source: redocly-validator
Issue Target: import-url_root-spec
Action: COULD NOT PROCESS: Issue definition for code 'operation-4xx-response' not found in registry.
--------------------------------------------------
Time: 2025-10-13T23:42:43.436467
Issue: operation-4xx-response | N/A
Message: Operation must have at least one `4XX` response. [path: paths./v1/{+name}:approve.post.responses]
Location: N/A
Fixed: False
Source: System
Issue Source: redocly-validator
Issue Target: import-url_root-spec
Action: COULD NOT PROCESS: Issue definition for code 'operation-4xx-response' not found in registry.
--------------------------------------------------
Time: 2025-10-13T23:42:43.518238
Issue: operation-4xx-response | N/A
Message: Operation must have at least one `4XX` response. [path: paths./v1/{+name}:cancel.post.responses]
Location: N/A
Fixed: False
Source: System
Issue Source: redocly-validator
Issue Target: import-url_root-spec
Action: COULD NOT PROCESS: Issue definition for code 'operation-4xx-response' not found in registry.
--------------------------------------------------
Time: 2025-10-13T23:42:43.577297
Issue: operation-4xx-response | N/A
Message: Operation must have at least one `4XX` response. [path: paths./v1/{+name}:rollbackTarget.post.responses]
Location: N/A
Fixed: False
Source: System
Issue Source: redocly-validator
Issue Target: import-url_root-spec
Action: COULD NOT PROCESS: Issue definition for code 'operation-4xx-response' not found in registry.
--------------------------------------------------
Time: 2025-10-13T23:42:43.609732
Issue: operation-4xx-response | N/A
Message: Operation must have at least one `4XX` response. [path: paths./v1/{+name}:terminate.post.responses]
Location: N/A
Fixed: False
Source: System
Issue Source: redocly-validator
Issue Target: import-url_root-spec
Action: COULD NOT PROCESS: Issue definition for code 'operation-4xx-response' not found in registry.
--------------------------------------------------
Time: 2025-10-13T23:42:43.657532
Issue: operation-4xx-response | N/A
Message: Operation must have at least one `4XX` response. [path: paths./v1/{+parent}/automationRuns.get.responses]
Location: N/A
Fixed: False
Source: System
Issue Source: redocly-validator
Issue Target: import-url_root-spec
Action: COULD NOT PROCESS: Issue definition for code 'operation-4xx-response' not found in registry.
--------------------------------------------------
Time: 2025-10-13T23:42:43.679988
Issue: operation-4xx-response | N/A
Message: Operation must have at least one `4XX` response. [path: paths./v1/{+parent}/automations.get.responses]
Location: N/A
Fixed: False
Source: System
Issue Source: redocly-validator
Issue Target: import-url_root-spec
Action: COULD NOT PROCESS: Issue definition for code 'operation-4xx-response' not found in registry.
--------------------------------------------------
Time: 2025-10-13T23:42:43.697628
Issue: operation-4xx-response | N/A
Message: Operation must have at least one `4XX` response. [path: paths./v1/{+parent}/automations.post.responses]
Location: N/A
Fixed: False
Source: System
Issue Source: redocly-validator
Issue Target: import-url_root-spec
Action: COULD NOT PROCESS: Issue definition for code 'operation-4xx-response' not found in registry.
--------------------------------------------------
Time: 2025-10-13T23:42:43.750944
Issue: operation-4xx-response | N/A
Message: Operation must have at least one `4XX` response. [path: paths./v1/{+parent}/customTargetTypes.get.responses]
Location: N/A
Fixed: False
Source: System
Issue Source: redocly-validator
Issue Target: import-url_root-spec
Action: COULD NOT PROCESS: Issue definition for code 'operation-4xx-response' not found in registry.
--------------------------------------------------
Time: 2025-10-13T23:42:43.783607
Issue: operation-4xx-response | N/A
Message: Operation must have at least one `4XX` response. [path: paths./v1/{+parent}/customTargetTypes.post.responses]
Location: N/A
Fixed: False
Source: System
Issue Source: redocly-validator
Issue Target: import-url_root-spec
Action: COULD NOT PROCESS: Issue definition for code 'operation-4xx-response' not found in registry.
--------------------------------------------------
Time: 2025-10-13T23:42:43.796058
Issue: operation-4xx-response | N/A
Message: Operation must have at least one `4XX` response. [path: paths./v1/{+parent}/deliveryPipelines.get.responses]
Location: N/A
Fixed: False
Source: System
Issue Source: redocly-validator
Issue Target: import-url_root-spec
Action: COULD NOT PROCESS: Issue definition for code 'operation-4xx-response' not found in registry.
--------------------------------------------------
Time: 2025-10-13T23:42:43.813111
Issue: operation-4xx-response | N/A
Message: Operation must have at least one `4XX` response. [path: paths./v1/{+parent}/deliveryPipelines.post.responses]
Location: N/A
Fixed: False
Source: System
Issue Source: redocly-validator
Issue Target: import-url_root-spec
Action: COULD NOT PROCESS: Issue definition for code 'operation-4xx-response' not found in registry.
--------------------------------------------------
Time: 2025-10-13T23:42:43.820209
Issue: operation-4xx-response | N/A
Message: Operation must have at least one `4XX` response. [path: paths./v1/{+parent}/deployPolicies.get.responses]
Location: N/A
Fixed: False
Source: System
Issue Source: redocly-validator
Issue Target: import-url_root-spec
Action: COULD NOT PROCESS: Issue definition for code 'operation-4xx-response' not found in registry.
--------------------------------------------------
Time: 2025-10-13T23:42:43.848108
Issue: operation-4xx-response | N/A
Message: Operation must have at least one `4XX` response. [path: paths./v1/{+parent}/deployPolicies.post.responses]
Location: N/A
Fixed: False
Source: System
Issue Source: redocly-validator
Issue Target: import-url_root-spec
Action: COULD NOT PROCESS: Issue definition for code 'operation-4xx-response' not found in registry.
--------------------------------------------------
Time: 2025-10-13T23:42:43.896572
Issue: operation-4xx-response | N/A
Message: Operation must have at least one `4XX` response. [path: paths./v1/{+parent}/jobRuns.get.responses]
Location: N/A
Fixed: False
Source: System
Issue Source: redocly-validator
Issue Target: import-url_root-spec
Action: COULD NOT PROCESS: Issue definition for code 'operation-4xx-response' not found in registry.
--------------------------------------------------
Time: 2025-10-13T23:42:43.914343
Issue: operation-4xx-response | N/A
Message: Operation must have at least one `4XX` response. [path: paths./v1/{+parent}/releases.get.responses]
Location: N/A
Fixed: False
Source: System
Issue Source: redocly-validator
Issue Target: import-url_root-spec
Action: COULD NOT PROCESS: Issue definition for code 'operation-4xx-response' not found in registry.
