Repair Log
Processed Timestamp: 2025-10-13T23:53:39.726150

--------------------------------------------------
Time: 2025-10-13T23:53:17.909707
Issue: oneOf | N/A
Message: {'description': 'Represents an Operation resource. Google Compute Engine has three Operation resources: * [Global](/compute/docs/reference/rest/{$api_version}/globalOperations) * [Regional](/compute/docs/reference/rest/{$api_version}/regionOperations) * [Zonal](/compute/docs/reference/rest/{$api_version}/zoneOperations) You can use an operation resource to manage asynchronous API requests. For more information, read Handling API responses. Operations can be global, regional or zonal. - For global operations, use the `globalOperations` resource. - For regional operations, use the `regionOperations` resource. - For zonal operations, use the `zoneOperations` resource. For more information, read Global, Regional, and Zonal Resources. Note that completed Operation resources have a limited retention period.', 'properties': {'clientOperationId': {'description': '[Output Only] The value of `requestId` if you provided it in the request. Not present otherwise.', 'type': 'string'}, 'creationTimestamp': {'description': '[Deprecated] This field is deprecated.', 'type': 'string'}, 'description': {'description': '[Output Only] A textual description of the operation, which is set when the operation is created.', 'type': 'string'}, 'endTime': {'description': '[Output Only] The time that this operation was completed. This value is in RFC3339 text format.', 'type': 'string'}, 'error': {'description': '[Output Only] If errors are generated during processing of the operation, this field will be populated.', 'properties': {'errors': {'description': '[Output Only] The array of errors encountered while processing this operation.', 'items': {'properties': {'arguments': {'description': '[Output Only] Optional error details WARNING: DO NOT MAKE VISIBLE This is for internal use-only (like componentization) (thus the visibility "none") and in case of public exposure it is strongly recommended to follow pattern of: https://aip.dev/193 and expose as details field.', 'items': {'type': 'string'}, 'type': 'array'}, 'code': {'description': '[Output Only] The error type identifier for this error.', 'type': 'string'}, 'debugInfo': {'$ref': '#/components/schemas/DebugInfo'}, 'errorDetails': {'description': '[Output Only] An optional list of messages that contain the error details. There is a set of defined message types to use for providing details.The syntax depends on the error code. For example, QuotaExceededInfo will have details when the error code is QUOTA_EXCEEDED.', 'items': {'properties': {'errorInfo': {'$ref': '#/components/schemas/ErrorInfo'}, 'help': {'$ref': '#/components/schemas/Help'}, 'localizedMessage': {'$ref': '#/components/schemas/LocalizedMessage'}, 'quotaInfo': {'$ref': '#/components/schemas/QuotaExceededInfo'}}, 'type': 'object'}, 'type': 'array'}, 'location': {'description': '[Output Only] Indicates the field in the request that caused the error. This property is optional.', 'type': 'string'}, 'message': {'description': '[Output Only] An optional, human-readable error message.', 'type': 'string'}}, 'type': 'object'}, 'type': 'array'}}, 'type': 'object'}, 'httpErrorMessage': {'description': '[Output Only] If the operation fails, this field contains the HTTP error message that was returned, such as `NOT FOUND`.', 'type': 'string'}, 'httpErrorStatusCode': {'description': '[Output Only] If the operation fails, this field contains the HTTP error status code that was returned. For example, a `404` means the resource was not found.', 'format': 'int32', 'type': 'integer'}, 'id': {'description': '[Output Only] The unique identifier for the operation. This identifier is defined by the server.', 'format': 'uint64', 'type': 'string'}, 'insertTime': {'description': '[Output Only] The time that this operation was requested. This value is in RFC3339 text format.', 'type': 'string'}, 'instancesBulkInsertOperationMetadata': {'$ref': '#/components/schemas/InstancesBulkInsertOperationMetadata'}, 'kind': {'default': 'compute#operation', 'description': '[Output Only] Type of the resource. Always `compute#operation` for Operation resources.', 'type': 'string'}, 'name': {'description': '[Output Only] Name of the operation.', 'type': 'string'}, 'operationGroupId': {'description': '[Output Only] An ID that represents a group of operations, such as when a group of operations results from a `bulkInsert` API request.', 'type': 'string'}, 'operationType': {'description': '[Output Only] The type of operation, such as `insert`, `update`, or `delete`, and so on.', 'type': 'string'}, 'progress': {'description': '[Output Only] An optional progress indicator that ranges from 0 to 100. There is no requirement that this be linear or support any granularity of operations. This should not be used to guess when the operation will be complete. This number should monotonically increase as the operation progresses.', 'format': 'int32', 'type': 'integer'}, 'region': {'description': '[Output Only] The URL of the region where the operation resides. Only applicable when performing regional operations.', 'type': 'string'}, 'selfLink': {'description': '[Output Only] Server-defined URL for the resource.', 'type': 'string'}, 'selfLinkWithId': {'description': '[Output Only] Server-defined URL for this resource with the resource id.', 'type': 'string'}, 'setCommonInstanceMetadataOperationMetadata': {'$ref': '#/components/schemas/SetCommonInstanceMetadataOperationMetadata', 'description': '[Output Only] If the operation is for projects.setCommonInstanceMetadata, this field will contain information on all underlying zonal actions and their state.'}, 'startTime': {'description': '[Output Only] The time that this operation was started by the server. This value is in RFC3339 text format.', 'type': 'string'}, 'status': {'description': '[Output Only] The status of the operation, which can be one of the following: `PENDING`, `RUNNING`, or `DONE`.', 'enum': ['PENDING', 'RUNNING', 'DONE'], 'type': 'string'}, 'statusMessage': {'description': '[Output Only] An optional textual description of the current status of the operation.', 'type': 'string'}, 'targetId': {'description': '[Output Only] The unique target ID, which identifies a specific incarnation of the target resource.', 'format': 'uint64', 'type': 'string'}, 'targetLink': {'description': '[Output Only] The URL of the resource that the operation modifies. For operations related to creating a snapshot, this points to the disk that the snapshot was created from.', 'type': 'string'}, 'user': {'description': '[Output Only] User who requested the operation, for example: `user@example.com` or `alice_smith_identifier (global/workforcePools/example-com-us-employees)`.', 'type': 'string'}, 'warnings': {'description': '[Output Only] If warning messages are generated during processing of the operation, this field will be populated.', 'items': {'properties': {'code': {'description': '[Output Only] A warning code, if applicable. For example, Compute Engine returns NO_RESULTS_ON_PAGE if there are no results in the response.', 'enum': ['DEPRECATED_RESOURCE_USED', 'NO_RESULTS_ON_PAGE', 'UNREACHABLE', 'NEXT_HOP_ADDRESS_NOT_ASSIGNED', 'NEXT_HOP_INSTANCE_NOT_FOUND', 'NEXT_HOP_INSTANCE_NOT_ON_NETWORK', 'NEXT_HOP_CANNOT_IP_FORWARD', 'NEXT_HOP_NOT_RUNNING', 'INJECTED_KERNELS_DEPRECATED', 'REQUIRED_TOS_AGREEMENT', 'DISK_SIZE_LARGER_THAN_IMAGE_SIZE', 'RESOURCE_NOT_DELETED', 'SINGLE_INSTANCE_PROPERTY_TEMPLATE', 'NOT_CRITICAL_ERROR', 'CLEANUP_FAILED', 'FIELD_VALUE_OVERRIDEN', 'RESOURCE_IN_USE_BY_OTHER_RESOURCE_WARNING', 'NETWORK_ENDPOINT_NOT_DETACHED', 'PAGE_MISSING_RESULTS', 'SSL_POLICY_ENABLED_FEATURES_NOT_FETCHED', 'RESOURCE_NOT_FOUND_WARNING', 'MISSING_TYPE_DEPENDENCY', 'EXTERNAL_API_WARNING', 'SCHEMA_VALIDATION_IGNORED', 'UNDECLARED_PROPERTIES', 'EXPERIMENTAL_TYPE_USED', 'DEPRECATED_TYPE_USED', 'PARTIAL_SUCCESS', 'LARGE_DEPLOYMENT_WARNING', 'NEXT_HOP_INSTANCE_HAS_NO_IPV6_INTERFACE', 'INVALID_HEALTH_CHECK_FOR_DYNAMIC_WIEGHTED_LB', 'LIST_OVERHEAD_QUOTA_EXCEED', 'QUOTA_INFO_UNAVAILABLE', 'RESOURCE_USES_GLOBAL_DNS', 'RATE_LIMIT_EXCEEDED', 'RESERVED_ENTRY_135', 'RESERVED_ENTRY_136', 'RESERVED_ENTRY_139', 'RESERVED_ENTRY_141', 'RESERVED_ENTRY_142'], 'enumDeprecated': [False, False, False, False, False, False, False, False, False, False, False, False, False, False, False, True, False, False, False, False, False, False, False, False, False, False, False, False, False, False, False, False, False, False, False, False, False, False, False, False], 'type': 'string'}, 'data': {'description': '[Output Only] Metadata about this warning in key: value format. For example: "data": [ { "key": "scope", "value": "zones/us-east1-d" } ', 'items': {'properties': {'key': {'description': '[Output Only] A key that provides more detail on the warning being returned. For example, for warnings where there are no results in a list request for a particular zone, this key might be scope and the key value might be the zone name. Other examples might be a key indicating a deprecated resource and a suggested replacement, or a warning about invalid network settings (for example, if an instance attempts to perform IP forwarding but is not enabled for IP forwarding).', 'type': 'string'}, 'value': {'description': '[Output Only] A warning data value corresponding to the key.', 'type': 'string'}}, 'type': 'object'}, 'type': 'array'}, 'message': {'description': '[Output Only] A human-readable description of the warning code.', 'type': 'string'}}, 'type': 'object'}, 'type': 'array'}, 'zone': {'description': '[Output Only] The URL of the zone where the operation resides. Only applicable when performing per-zone operations.', 'type': 'string'}}, 'type': 'object'} is not valid under any of the given schemas
Location: N/A
Fixed: False
Source: System
Issue Source: openapi-spec-validator
Issue Target: import-url_root-spec
Action: COULD NOT PROCESS: Issue definition for code 'oneOf' not found in registry.
--------------------------------------------------
Time: 2025-10-13T23:53:18.059547
Issue: oneOf | N/A
Message: {'properties': {'accessControl': {'$ref': '#/components/schemas/ResourceAccessControl', 'description': 'The Access Control Policy set on this resource.'}, 'finalProperties': {'description': 'Output only. The evaluated properties of the resource with references expanded. Returned as serialized YAML.', 'type': 'string'}, 'id': {'format': 'uint64', 'type': 'string'}, 'insertTime': {'description': 'Output only. Creation timestamp in RFC3339 text format.', 'type': 'string'}, 'manifest': {'description': 'Output only. URL of the manifest representing the current configuration of this resource.', 'type': 'string'}, 'name': {'description': 'Output only. The name of the resource as it appears in the YAML config.', 'type': 'string'}, 'properties': {'description': 'Output only. The current properties of the resource before any references have been filled in. Returned as serialized YAML.', 'type': 'string'}, 'type': {'description': 'Output only. The type of the resource, for example `compute.v1.instance`, or `cloudfunctions.v1beta1.function`.', 'type': 'string'}, 'update': {'$ref': '#/components/schemas/ResourceUpdate', 'description': 'Output only. If Deployment Manager is currently updating or previewing an update to this resource, the updated configuration appears here.'}, 'updateTime': {'description': 'Output only. Update timestamp in RFC3339 text format.', 'type': 'string'}, 'url': {'description': 'Output only. The URL of the actual resource.', 'type': 'string'}, 'warnings': {'description': 'Output only. If warning messages are generated during processing of this resource, this field will be populated.', 'items': {'properties': {'code': {'description': '[Output Only] A warning code, if applicable. For example, Compute Engine returns NO_RESULTS_ON_PAGE if there are no results in the response.', 'enum': ['DEPRECATED_RESOURCE_USED', 'NO_RESULTS_ON_PAGE', 'UNREACHABLE', 'NEXT_HOP_ADDRESS_NOT_ASSIGNED', 'NEXT_HOP_INSTANCE_NOT_FOUND', 'NEXT_HOP_INSTANCE_NOT_ON_NETWORK', 'NEXT_HOP_CANNOT_IP_FORWARD', 'NEXT_HOP_NOT_RUNNING', 'INJECTED_KERNELS_DEPRECATED', 'REQUIRED_TOS_AGREEMENT', 'DISK_SIZE_LARGER_THAN_IMAGE_SIZE', 'RESOURCE_NOT_DELETED', 'SINGLE_INSTANCE_PROPERTY_TEMPLATE', 'NOT_CRITICAL_ERROR', 'CLEANUP_FAILED', 'FIELD_VALUE_OVERRIDEN', 'RESOURCE_IN_USE_BY_OTHER_RESOURCE_WARNING', 'NETWORK_ENDPOINT_NOT_DETACHED', 'PAGE_MISSING_RESULTS', 'SSL_POLICY_ENABLED_FEATURES_NOT_FETCHED', 'RESOURCE_NOT_FOUND_WARNING', 'MISSING_TYPE_DEPENDENCY', 'EXTERNAL_API_WARNING', 'SCHEMA_VALIDATION_IGNORED', 'UNDECLARED_PROPERTIES', 'EXPERIMENTAL_TYPE_USED', 'DEPRECATED_TYPE_USED', 'PARTIAL_SUCCESS', 'LARGE_DEPLOYMENT_WARNING', 'NEXT_HOP_INSTANCE_HAS_NO_IPV6_INTERFACE', 'INVALID_HEALTH_CHECK_FOR_DYNAMIC_WIEGHTED_LB', 'LIST_OVERHEAD_QUOTA_EXCEED', 'QUOTA_INFO_UNAVAILABLE', 'RESOURCE_USES_GLOBAL_DNS', 'RATE_LIMIT_EXCEEDED', 'RESERVED_ENTRY_135', 'RESERVED_ENTRY_136', 'RESERVED_ENTRY_139', 'RESERVED_ENTRY_141', 'RESERVED_ENTRY_142'], 'enumDeprecated': [False, False, False, False, False, False, False, False, False, False, False, False, False, False, False, True, False, False, False, False, False, False, False, False, False, False, False, False, False, False, False, False, False, False, False, False, False, False, False, False], 'type': 'string'}, 'data': {'description': '[Output Only] Metadata about this warning in key: value format. For example: "data": [ { "key": "scope", "value": "zones/us-east1-d" } ', 'items': {'properties': {'key': {'description': '[Output Only] A key that provides more detail on the warning being returned. For example, for warnings where there are no results in a list request for a particular zone, this key might be scope and the key value might be the zone name. Other examples might be a key indicating a deprecated resource and a suggested replacement, or a warning about invalid network settings (for example, if an instance attempts to perform IP forwarding but is not enabled for IP forwarding).', 'type': 'string'}, 'value': {'description': '[Output Only] A warning data value corresponding to the key.', 'type': 'string'}}, 'type': 'object'}, 'type': 'array'}, 'message': {'description': '[Output Only] A human-readable description of the warning code.', 'type': 'string'}}, 'type': 'object'}, 'type': 'array'}}, 'type': 'object'} is not valid under any of the given schemas
Location: N/A
Fixed: False
Source: System
Issue Source: openapi-spec-validator
Issue Target: import-url_root-spec
Action: COULD NOT PROCESS: Issue definition for code 'oneOf' not found in registry.
--------------------------------------------------
Time: 2025-10-13T23:53:18.071689
Issue: oneOf | N/A
Message: {'properties': {'accessControl': {'$ref': '#/components/schemas/ResourceAccessControl', 'description': 'The Access Control Policy to set on this resource after updating the resource itself.'}, 'error': {'description': 'Output only. If errors are generated during update of the resource, this field will be populated.', 'properties': {'errors': {'description': '[Output Only] The array of errors encountered while processing this operation.', 'items': {'properties': {'arguments': {'description': '[Output Only] Optional error details WARNING: DO NOT MAKE VISIBLE This is for internal use-only (like componentization) (thus the visibility "none") and in case of public exposure it is strongly recommended to follow pattern of: https://aip.dev/193 and expose as details field.', 'items': {'type': 'string'}, 'type': 'array'}, 'code': {'description': '[Output Only] The error type identifier for this error.', 'type': 'string'}, 'debugInfo': {'$ref': '#/components/schemas/DebugInfo'}, 'errorDetails': {'description': '[Output Only] An optional list of messages that contain the error details. There is a set of defined message types to use for providing details.The syntax depends on the error code. For example, QuotaExceededInfo will have details when the error code is QUOTA_EXCEEDED.', 'items': {'properties': {'errorInfo': {'$ref': '#/components/schemas/ErrorInfo'}, 'help': {'$ref': '#/components/schemas/Help'}, 'localizedMessage': {'$ref': '#/components/schemas/LocalizedMessage'}, 'quotaInfo': {'$ref': '#/components/schemas/QuotaExceededInfo'}}, 'type': 'object'}, 'type': 'array'}, 'location': {'description': '[Output Only] Indicates the field in the request that caused the error. This property is optional.', 'type': 'string'}, 'message': {'description': '[Output Only] An optional, human-readable error message.', 'type': 'string'}}, 'type': 'object'}, 'type': 'array'}}, 'type': 'object'}, 'finalProperties': {'description': 'Output only. The expanded properties of the resource with reference values expanded. Returned as serialized YAML.', 'type': 'string'}, 'intent': {'description': 'Output only. The intent of the resource: `PREVIEW`, `UPDATE`, or `CANCEL`.', 'enum': ['CREATE_OR_ACQUIRE', 'DELETE', 'ACQUIRE', 'UPDATE', 'ABANDON', 'CREATE'], 'type': 'string'}, 'manifest': {'description': 'Output only. URL of the manifest representing the update configuration of this resource.', 'type': 'string'}, 'properties': {'description': 'Output only. The set of updated properties for this resource, before references are expanded. Returned as serialized YAML.', 'type': 'string'}, 'state': {'description': 'Output only. The state of the resource.', 'enum': ['PENDING', 'IN_PROGRESS', 'IN_PREVIEW', 'FAILED', 'ABORTED'], 'type': 'string'}, 'warnings': {'description': 'Output only. If warning messages are generated during processing of this resource, this field will be populated.', 'items': {'properties': {'code': {'description': '[Output Only] A warning code, if applicable. For example, Compute Engine returns NO_RESULTS_ON_PAGE if there are no results in the response.', 'enum': ['DEPRECATED_RESOURCE_USED', 'NO_RESULTS_ON_PAGE', 'UNREACHABLE', 'NEXT_HOP_ADDRESS_NOT_ASSIGNED', 'NEXT_HOP_INSTANCE_NOT_FOUND', 'NEXT_HOP_INSTANCE_NOT_ON_NETWORK', 'NEXT_HOP_CANNOT_IP_FORWARD', 'NEXT_HOP_NOT_RUNNING', 'INJECTED_KERNELS_DEPRECATED', 'REQUIRED_TOS_AGREEMENT', 'DISK_SIZE_LARGER_THAN_IMAGE_SIZE', 'RESOURCE_NOT_DELETED', 'SINGLE_INSTANCE_PROPERTY_TEMPLATE', 'NOT_CRITICAL_ERROR', 'CLEANUP_FAILED', 'FIELD_VALUE_OVERRIDEN', 'RESOURCE_IN_USE_BY_OTHER_RESOURCE_WARNING', 'NETWORK_ENDPOINT_NOT_DETACHED', 'PAGE_MISSING_RESULTS', 'SSL_POLICY_ENABLED_FEATURES_NOT_FETCHED', 'RESOURCE_NOT_FOUND_WARNING', 'MISSING_TYPE_DEPENDENCY', 'EXTERNAL_API_WARNING', 'SCHEMA_VALIDATION_IGNORED', 'UNDECLARED_PROPERTIES', 'EXPERIMENTAL_TYPE_USED', 'DEPRECATED_TYPE_USED', 'PARTIAL_SUCCESS', 'LARGE_DEPLOYMENT_WARNING', 'NEXT_HOP_INSTANCE_HAS_NO_IPV6_INTERFACE', 'INVALID_HEALTH_CHECK_FOR_DYNAMIC_WIEGHTED_LB', 'LIST_OVERHEAD_QUOTA_EXCEED', 'QUOTA_INFO_UNAVAILABLE', 'RESOURCE_USES_GLOBAL_DNS', 'RATE_LIMIT_EXCEEDED', 'RESERVED_ENTRY_135', 'RESERVED_ENTRY_136', 'RESERVED_ENTRY_139', 'RESERVED_ENTRY_141', 'RESERVED_ENTRY_142'], 'enumDeprecated': [False, False, False, False, False, False, False, False, False, False, False, False, False, False, False, True, False, False, False, False, False, False, False, False, False, False, False, False, False, False, False, False, False, False, False, False, False, False, False, False], 'type': 'string'}, 'data': {'description': '[Output Only] Metadata about this warning in key: value format. For example: "data": [ { "key": "scope", "value": "zones/us-east1-d" } ', 'items': {'properties': {'key': {'description': '[Output Only] A key that provides more detail on the warning being returned. For example, for warnings where there are no results in a list request for a particular zone, this key might be scope and the key value might be the zone name. Other examples might be a key indicating a deprecated resource and a suggested replacement, or a warning about invalid network settings (for example, if an instance attempts to perform IP forwarding but is not enabled for IP forwarding).', 'type': 'string'}, 'value': {'description': '[Output Only] A warning data value corresponding to the key.', 'type': 'string'}}, 'type': 'object'}, 'type': 'array'}, 'message': {'description': '[Output Only] A human-readable description of the warning code.', 'type': 'string'}}, 'type': 'object'}, 'type': 'array'}}, 'type': 'object'} is not valid under any of the given schemas
Location: N/A
Fixed: False
Source: System
Issue Source: openapi-spec-validator
Issue Target: import-url_root-spec
Action: COULD NOT PROCESS: Issue definition for code 'oneOf' not found in registry.
--------------------------------------------------
Time: 2025-10-13T23:53:18.073301
Issue: no-server-trailing-slash | N/A
Message: Server `url` should not have a trailing slash. [path: servers.0.url]
Location: N/A
Fixed: False
Source: System
Issue Source: redocly-validator
Issue Target: import-url_root-spec
Action: COULD NOT PROCESS: Issue definition for code 'no-server-trailing-slash' not found in registry.
--------------------------------------------------
Time: 2025-10-13T23:53:18.077223
Issue: operation-summary | N/A
Message: Operation object should contain `summary` field. [path: paths./deploymentmanager/v2beta/projects/{project}/global/compositeTypes.get.summary]
Location: N/A
Fixed: False
Source: System
Issue Source: redocly-validator
Issue Target: import-url_root-spec
Action: COULD NOT PROCESS: Issue definition for code 'operation-summary' not found in registry.
--------------------------------------------------
Time: 2025-10-13T23:53:18.083180
Issue: struct | N/A
Message: Property `enumDeprecated` is not expected here. [path: components.schemas.Operation.properties.warnings.items.properties.code.enumDeprecated]
Location: N/A
Fixed: False
Source: System
Issue Source: redocly-validator
Issue Target: import-url_root-spec
Action: COULD NOT PROCESS: Issue definition for code 'struct' not found in registry.
--------------------------------------------------
Time: 2025-10-13T23:53:18.086126
Issue: operation-summary | N/A
Message: Operation object should contain `summary` field. [path: paths./deploymentmanager/v2beta/projects/{project}/global/compositeTypes.post.summary]
Location: N/A
Fixed: False
Source: System
Issue Source: redocly-validator
Issue Target: import-url_root-spec
Action: COULD NOT PROCESS: Issue definition for code 'operation-summary' not found in registry.
--------------------------------------------------
Time: 2025-10-13T23:53:18.088539
Issue: operation-summary | N/A
Message: Operation object should contain `summary` field. [path: paths./deploymentmanager/v2beta/projects/{project}/global/compositeTypes/{compositeType}.get.summary]
Location: N/A
Fixed: False
Source: System
Issue Source: redocly-validator
Issue Target: import-url_root-spec
Action: COULD NOT PROCESS: Issue definition for code 'operation-summary' not found in registry.
--------------------------------------------------
Time: 2025-10-13T23:53:18.091197
Issue: operation-summary | N/A
Message: Operation object should contain `summary` field. [path: paths./deploymentmanager/v2beta/projects/{project}/global/compositeTypes/{compositeType}.put.summary]
Location: N/A
Fixed: False
Source: System
Issue Source: redocly-validator
Issue Target: import-url_root-spec
Action: COULD NOT PROCESS: Issue definition for code 'operation-summary' not found in registry.
--------------------------------------------------
Time: 2025-10-13T23:53:18.094138
Issue: operation-summary | N/A
Message: Operation object should contain `summary` field. [path: paths./deploymentmanager/v2beta/projects/{project}/global/compositeTypes/{compositeType}.delete.summary]
Location: N/A
Fixed: False
Source: System
Issue Source: redocly-validator
Issue Target: import-url_root-spec
Action: COULD NOT PROCESS: Issue definition for code 'operation-summary' not found in registry.
--------------------------------------------------
Time: 2025-10-13T23:53:18.095401
Issue: operation-summary | N/A
Message: Operation object should contain `summary` field. [path: paths./deploymentmanager/v2beta/projects/{project}/global/compositeTypes/{compositeType}.patch.summary]
Location: N/A
Fixed: False
Source: System
Issue Source: redocly-validator
Issue Target: import-url_root-spec
Action: COULD NOT PROCESS: Issue definition for code 'operation-summary' not found in registry.
--------------------------------------------------
Time: 2025-10-13T23:53:18.096763
Issue: operation-summary | N/A
Message: Operation object should contain `summary` field. [path: paths./deploymentmanager/v2beta/projects/{project}/global/deployments.get.summary]
Location: N/A
Fixed: False
Source: System
Issue Source: redocly-validator
Issue Target: import-url_root-spec
Action: COULD NOT PROCESS: Issue definition for code 'operation-summary' not found in registry.
--------------------------------------------------
Time: 2025-10-13T23:53:18.149012
Issue: operation-summary | N/A
Message: Operation object should contain `summary` field. [path: paths./deploymentmanager/v2beta/projects/{project}/global/deployments.post.summary]
Location: N/A
Fixed: False
Source: System
Issue Source: redocly-validator
Issue Target: import-url_root-spec
Action: COULD NOT PROCESS: Issue definition for code 'operation-summary' not found in registry.
--------------------------------------------------
Time: 2025-10-13T23:53:18.232082
Issue: operation-summary | N/A
Message: Operation object should contain `summary` field. [path: paths./deploymentmanager/v2beta/projects/{project}/global/deployments/{deployment}.get.summary]
Location: N/A
Fixed: False
Source: System
Issue Source: redocly-validator
Issue Target: import-url_root-spec
Action: COULD NOT PROCESS: Issue definition for code 'operation-summary' not found in registry.
--------------------------------------------------
Time: 2025-10-13T23:53:18.310554
Issue: operation-summary | N/A
Message: Operation object should contain `summary` field. [path: paths./deploymentmanager/v2beta/projects/{project}/global/deployments/{deployment}.put.summary]
Location: N/A
Fixed: False
Source: System
Issue Source: redocly-validator
Issue Target: import-url_root-spec
Action: COULD NOT PROCESS: Issue definition for code 'operation-summary' not found in registry.
--------------------------------------------------
Time: 2025-10-13T23:53:18.428857
Issue: operation-summary | N/A
Message: Operation object should contain `summary` field. [path: paths./deploymentmanager/v2beta/projects/{project}/global/deployments/{deployment}.delete.summary]
Location: N/A
Fixed: False
Source: System
Issue Source: redocly-validator
Issue Target: import-url_root-spec
Action: COULD NOT PROCESS: Issue definition for code 'operation-summary' not found in registry.
--------------------------------------------------
Time: 2025-10-13T23:53:18.572357
Issue: operation-summary | N/A
Message: Operation object should contain `summary` field. [path: paths./deploymentmanager/v2beta/projects/{project}/global/deployments/{deployment}.patch.summary]
Location: N/A
Fixed: False
Source: System
Issue Source: redocly-validator
Issue Target: import-url_root-spec
Action: COULD NOT PROCESS: Issue definition for code 'operation-summary' not found in registry.
--------------------------------------------------
Time: 2025-10-13T23:53:18.686042
Issue: operation-summary | N/A
Message: Operation object should contain `summary` field. [path: paths./deploymentmanager/v2beta/projects/{project}/global/deployments/{deployment}/cancelPreview.post.summary]
Location: N/A
Fixed: False
Source: System
Issue Source: redocly-validator
Issue Target: import-url_root-spec
Action: COULD NOT PROCESS: Issue definition for code 'operation-summary' not found in registry.
--------------------------------------------------
Time: 2025-10-13T23:53:18.815320
Issue: operation-summary | N/A
Message: Operation object should contain `summary` field. [path: paths./deploymentmanager/v2beta/projects/{project}/global/deployments/{deployment}/manifests.get.summary]
Location: N/A
Fixed: False
Source: System
Issue Source: redocly-validator
Issue Target: import-url_root-spec
Action: COULD NOT PROCESS: Issue definition for code 'operation-summary' not found in registry.
--------------------------------------------------
Time: 2025-10-13T23:53:18.939143
Issue: operation-summary | N/A
Message: Operation object should contain `summary` field. [path: paths./deploymentmanager/v2beta/projects/{project}/global/deployments/{deployment}/manifests/{manifest}.get.summary]
Location: N/A
Fixed: False
Source: System
Issue Source: redocly-validator
Issue Target: import-url_root-spec
Action: COULD NOT PROCESS: Issue definition for code 'operation-summary' not found in registry.
--------------------------------------------------
Time: 2025-10-13T23:53:19.060218
Issue: operation-summary | N/A
Message: Operation object should contain `summary` field. [path: paths./deploymentmanager/v2beta/projects/{project}/global/deployments/{deployment}/resources.get.summary]
Location: N/A
Fixed: False
Source: System
Issue Source: redocly-validator
Issue Target: import-url_root-spec
Action: COULD NOT PROCESS: Issue definition for code 'operation-summary' not found in registry.
--------------------------------------------------
Time: 2025-10-13T23:53:19.168677
Issue: struct | N/A
Message: Property `enumDeprecated` is not expected here. [path: components.schemas.ResourceUpdate.properties.warnings.items.properties.code.enumDeprecated]
Location: N/A
Fixed: False
Source: System
Issue Source: redocly-validator
Issue Target: import-url_root-spec
Action: COULD NOT PROCESS: Issue definition for code 'struct' not found in registry.
--------------------------------------------------
Time: 2025-10-13T23:53:19.267535
Issue: struct | N/A
Message: Property `enumDeprecated` is not expected here. [path: components.schemas.Resource.properties.warnings.items.properties.code.enumDeprecated]
Location: N/A
Fixed: False
Source: System
Issue Source: redocly-validator
Issue Target: import-url_root-spec
Action: COULD NOT PROCESS: Issue definition for code 'struct' not found in registry.
--------------------------------------------------
Time: 2025-10-13T23:53:19.404857
Issue: operation-summary | N/A
Message: Operation object should contain `summary` field. [path: paths./deploymentmanager/v2beta/projects/{project}/global/deployments/{deployment}/resources/{resource}.get.summary]
Location: N/A
Fixed: False
Source: System
Issue Source: redocly-validator
Issue Target: import-url_root-spec
Action: COULD NOT PROCESS: Issue definition for code 'operation-summary' not found in registry.
--------------------------------------------------
Time: 2025-10-13T23:53:19.417076
Issue: operation-summary | N/A
Message: Operation object should contain `summary` field. [path: paths./deploymentmanager/v2beta/projects/{project}/global/deployments/{deployment}/stop.post.summary]
Location: N/A
Fixed: False
Source: System
Issue Source: redocly-validator
Issue Target: import-url_root-spec
Action: COULD NOT PROCESS: Issue definition for code 'operation-summary' not found in registry.
--------------------------------------------------
Time: 2025-10-13T23:53:19.446025
Issue: operation-summary | N/A
Message: Operation object should contain `summary` field. [path: paths./deploymentmanager/v2beta/projects/{project}/global/deployments/{resource}/getIamPolicy.get.summary]
Location: N/A
Fixed: False
Source: System
Issue Source: redocly-validator
Issue Target: import-url_root-spec
Action: COULD NOT PROCESS: Issue definition for code 'operation-summary' not found in registry.
--------------------------------------------------
Time: 2025-10-13T23:53:19.447446
Issue: operation-summary | N/A
Message: Operation object should contain `summary` field. [path: paths./deploymentmanager/v2beta/projects/{project}/global/deployments/{resource}/setIamPolicy.post.summary]
Location: N/A
Fixed: False
Source: System
Issue Source: redocly-validator
Issue Target: import-url_root-spec
Action: COULD NOT PROCESS: Issue definition for code 'operation-summary' not found in registry.
--------------------------------------------------
Time: 2025-10-13T23:53:19.448904
Issue: operation-summary | N/A
Message: Operation object should contain `summary` field. [path: paths./deploymentmanager/v2beta/projects/{project}/global/deployments/{resource}/testIamPermissions.post.summary]
Location: N/A
Fixed: False
Source: System
Issue Source: redocly-validator
Issue Target: import-url_root-spec
Action: COULD NOT PROCESS: Issue definition for code 'operation-summary' not found in registry.
--------------------------------------------------
Time: 2025-10-13T23:53:19.450224
Issue: operation-summary | N/A
Message: Operation object should contain `summary` field. [path: paths./deploymentmanager/v2beta/projects/{project}/global/operations.get.summary]
Location: N/A
Fixed: False
Source: System
Issue Source: redocly-validator
Issue Target: import-url_root-spec
Action: COULD NOT PROCESS: Issue definition for code 'operation-summary' not found in registry.
--------------------------------------------------
Time: 2025-10-13T23:53:19.452213
Issue: operation-summary | N/A
Message: Operation object should contain `summary` field. [path: paths./deploymentmanager/v2beta/projects/{project}/global/operations/{operation}.get.summary]
Location: N/A
Fixed: False
Source: System
Issue Source: redocly-validator
Issue Target: import-url_root-spec
Action: COULD NOT PROCESS: Issue definition for code 'operation-summary' not found in registry.
--------------------------------------------------
Time: 2025-10-13T23:53:19.455295
Issue: operation-summary | N/A
Message: Operation object should contain `summary` field. [path: paths./deploymentmanager/v2beta/projects/{project}/global/typeProviders.get.summary]
Location: N/A
Fixed: False
Source: System
Issue Source: redocly-validator
Issue Target: import-url_root-spec
Action: COULD NOT PROCESS: Issue definition for code 'operation-summary' not found in registry.
--------------------------------------------------
Time: 2025-10-13T23:53:19.458065
Issue: operation-summary | N/A
Message: Operation object should contain `summary` field. [path: paths./deploymentmanager/v2beta/projects/{project}/global/typeProviders.post.summary]
Location: N/A
Fixed: False
Source: System
Issue Source: redocly-validator
Issue Target: import-url_root-spec
Action: COULD NOT PROCESS: Issue definition for code 'operation-summary' not found in registry.
--------------------------------------------------
Time: 2025-10-13T23:53:19.460505
Issue: operation-summary | N/A
Message: Operation object should contain `summary` field. [path: paths./deploymentmanager/v2beta/projects/{project}/global/typeProviders/{typeProvider}.get.summary]
Location: N/A
Fixed: False
Source: System
Issue Source: redocly-validator
Issue Target: import-url_root-spec
Action: COULD NOT PROCESS: Issue definition for code 'operation-summary' not found in registry.
--------------------------------------------------
Time: 2025-10-13T23:53:19.463723
Issue: operation-summary | N/A
Message: Operation object should contain `summary` field. [path: paths./deploymentmanager/v2beta/projects/{project}/global/typeProviders/{typeProvider}.put.summary]
Location: N/A
Fixed: False
Source: System
Issue Source: redocly-validator
Issue Target: import-url_root-spec
Action: COULD NOT PROCESS: Issue definition for code 'operation-summary' not found in registry.
--------------------------------------------------
Time: 2025-10-13T23:53:19.467435
Issue: operation-summary | N/A
Message: Operation object should contain `summary` field. [path: paths./deploymentmanager/v2beta/projects/{project}/global/typeProviders/{typeProvider}.delete.summary]
Location: N/A
Fixed: False
Source: System
Issue Source: redocly-validator
Issue Target: import-url_root-spec
Action: COULD NOT PROCESS: Issue definition for code 'operation-summary' not found in registry.
--------------------------------------------------
Time: 2025-10-13T23:53:19.470504
Issue: operation-summary | N/A
Message: Operation object should contain `summary` field. [path: paths./deploymentmanager/v2beta/projects/{project}/global/typeProviders/{typeProvider}.patch.summary]
Location: N/A
Fixed: False
Source: System
Issue Source: redocly-validator
Issue Target: import-url_root-spec
Action: COULD NOT PROCESS: Issue definition for code 'operation-summary' not found in registry.
--------------------------------------------------
Time: 2025-10-13T23:53:19.471998
Issue: operation-summary | N/A
Message: Operation object should contain `summary` field. [path: paths./deploymentmanager/v2beta/projects/{project}/global/typeProviders/{typeProvider}/types.get.summary]
Location: N/A
Fixed: False
Source: System
Issue Source: redocly-validator
Issue Target: import-url_root-spec
Action: COULD NOT PROCESS: Issue definition for code 'operation-summary' not found in registry.
--------------------------------------------------
Time: 2025-10-13T23:53:19.473387
Issue: operation-summary | N/A
Message: Operation object should contain `summary` field. [path: paths./deploymentmanager/v2beta/projects/{project}/global/typeProviders/{typeProvider}/types/{type}.get.summary]
Location: N/A
Fixed: False
Source: System
Issue Source: redocly-validator
Issue Target: import-url_root-spec
Action: COULD NOT PROCESS: Issue definition for code 'operation-summary' not found in registry.
--------------------------------------------------
Time: 2025-10-13T23:53:19.474612
Issue: operation-summary | N/A
Message: Operation object should contain `summary` field. [path: paths./deploymentmanager/v2beta/projects/{project}/global/types.get.summary]
Location: N/A
Fixed: False
Source: System
Issue Source: redocly-validator
Issue Target: import-url_root-spec
Action: COULD NOT PROCESS: Issue definition for code 'operation-summary' not found in registry.
--------------------------------------------------
Time: 2025-10-13T23:53:19.579455
Issue: tag-description | N/A
Message: Tag object should contain `description` field. [path: tags.0.description]
Location: N/A
Fixed: False
Source: System
Issue Source: redocly-validator
Issue Target: import-url_root-spec
Action: COULD NOT PROCESS: Issue definition for code 'tag-description' not found in registry.
--------------------------------------------------
Time: 2025-10-13T23:53:19.678694
Issue: tag-description | N/A
Message: Tag object should contain `description` field. [path: tags.1.description]
Location: N/A
Fixed: False
Source: System
Issue Source: redocly-validator
Issue Target: import-url_root-spec
Action: COULD NOT PROCESS: Issue definition for code 'tag-description' not found in registry.
--------------------------------------------------
Time: 2025-10-13T23:53:19.762869
Issue: tag-description | N/A
Message: Tag object should contain `description` field. [path: tags.2.description]
Location: N/A
Fixed: False
Source: System
Issue Source: redocly-validator
Issue Target: import-url_root-spec
Action: COULD NOT PROCESS: Issue definition for code 'tag-description' not found in registry.
--------------------------------------------------
Time: 2025-10-13T23:53:19.851413
Issue: tag-description | N/A
Message: Tag object should contain `description` field. [path: tags.3.description]
Location: N/A
Fixed: False
Source: System
Issue Source: redocly-validator
Issue Target: import-url_root-spec
Action: COULD NOT PROCESS: Issue definition for code 'tag-description' not found in registry.
--------------------------------------------------
Time: 2025-10-13T23:53:19.924864
Issue: tag-description | N/A
Message: Tag object should contain `description` field. [path: tags.4.description]
Location: N/A
Fixed: False
Source: System
Issue Source: redocly-validator
Issue Target: import-url_root-spec
Action: COULD NOT PROCESS: Issue definition for code 'tag-description' not found in registry.
--------------------------------------------------
Time: 2025-10-13T23:53:20.006802
Issue: tag-description | N/A
Message: Tag object should contain `description` field. [path: tags.5.description]
Location: N/A
Fixed: False
Source: System
Issue Source: redocly-validator
Issue Target: import-url_root-spec
Action: COULD NOT PROCESS: Issue definition for code 'tag-description' not found in registry.
--------------------------------------------------
Time: 2025-10-13T23:53:20.075300
Issue: tag-description | N/A
Message: Tag object should contain `description` field. [path: tags.6.description]
Location: N/A
Fixed: False
Source: System
Issue Source: redocly-validator
Issue Target: import-url_root-spec
Action: COULD NOT PROCESS: Issue definition for code 'tag-description' not found in registry.
--------------------------------------------------
Time: 2025-10-13T23:53:20.163723
Issue: operation-4xx-response | N/A
Message: Operation must have at least one `4XX` response. [path: paths./deploymentmanager/v2beta/projects/{project}/global/compositeTypes.get.responses]
Location: N/A
Fixed: False
Source: System
Issue Source: redocly-validator
Issue Target: import-url_root-spec
Action: COULD NOT PROCESS: Issue definition for code 'operation-4xx-response' not found in registry.
--------------------------------------------------
Time: 2025-10-13T23:53:20.262173
Issue: operation-4xx-response | N/A
Message: Operation must have at least one `4XX` response. [path: paths./deploymentmanager/v2beta/projects/{project}/global/compositeTypes.post.responses]
Location: N/A
Fixed: False
Source: System
Issue Source: redocly-validator
Issue Target: import-url_root-spec
Action: COULD NOT PROCESS: Issue definition for code 'operation-4xx-response' not found in registry.
--------------------------------------------------
Time: 2025-10-13T23:53:20.360441
Issue: operation-4xx-response | N/A
Message: Operation must have at least one `4XX` response. [path: paths./deploymentmanager/v2beta/projects/{project}/global/compositeTypes/{compositeType}.get.responses]
Location: N/A
Fixed: False
Source: System
Issue Source: redocly-validator
Issue Target: import-url_root-spec
Action: COULD NOT PROCESS: Issue definition for code 'operation-4xx-response' not found in registry.
--------------------------------------------------
Time: 2025-10-13T23:53:20.480395
Issue: operation-4xx-response | N/A
Message: Operation must have at least one `4XX` response. [path: paths./deploymentmanager/v2beta/projects/{project}/global/compositeTypes/{compositeType}.put.responses]
Location: N/A
Fixed: False
Source: System
Issue Source: redocly-validator
Issue Target: import-url_root-spec
Action: COULD NOT PROCESS: Issue definition for code 'operation-4xx-response' not found in registry.
--------------------------------------------------
Time: 2025-10-13T23:53:20.569393
Issue: operation-4xx-response | N/A
Message: Operation must have at least one `4XX` response. [path: paths./deploymentmanager/v2beta/projects/{project}/global/compositeTypes/{compositeType}.delete.responses]
Location: N/A
Fixed: False
Source: System
Issue Source: redocly-validator
Issue Target: import-url_root-spec
Action: COULD NOT PROCESS: Issue definition for code 'operation-4xx-response' not found in registry.
--------------------------------------------------
Time: 2025-10-13T23:53:20.671065
Issue: operation-4xx-response | N/A
Message: Operation must have at least one `4XX` response. [path: paths./deploymentmanager/v2beta/projects/{project}/global/compositeTypes/{compositeType}.patch.responses]
Location: N/A
Fixed: False
Source: System
Issue Source: redocly-validator
Issue Target: import-url_root-spec
Action: COULD NOT PROCESS: Issue definition for code 'operation-4xx-response' not found in registry.
--------------------------------------------------
Time: 2025-10-13T23:53:20.784115
Issue: operation-4xx-response | N/A
Message: Operation must have at least one `4XX` response. [path: paths./deploymentmanager/v2beta/projects/{project}/global/deployments.get.responses]
Location: N/A
Fixed: False
Source: System
Issue Source: redocly-validator
Issue Target: import-url_root-spec
Action: COULD NOT PROCESS: Issue definition for code 'operation-4xx-response' not found in registry.
--------------------------------------------------
Time: 2025-10-13T23:53:20.833486
Issue: operation-4xx-response | N/A
Message: Operation must have at least one `4XX` response. [path: paths./deploymentmanager/v2beta/projects/{project}/global/deployments.post.responses]
Location: N/A
Fixed: False
Source: System
Issue Source: redocly-validator
Issue Target: import-url_root-spec
Action: COULD NOT PROCESS: Issue definition for code 'operation-4xx-response' not found in registry.
--------------------------------------------------
Time: 2025-10-13T23:53:20.872851
Issue: operation-4xx-response | N/A
Message: Operation must have at least one `4XX` response. [path: paths./deploymentmanager/v2beta/projects/{project}/global/deployments/{deployment}.get.responses]
Location: N/A
Fixed: False
Source: System
Issue Source: redocly-validator
Issue Target: import-url_root-spec
Action: COULD NOT PROCESS: Issue definition for code 'operation-4xx-response' not found in registry.
--------------------------------------------------
Time: 2025-10-13T23:53:20.874666
Issue: operation-4xx-response | N/A
Message: Operation must have at least one `4XX` response. [path: paths./deploymentmanager/v2beta/projects/{project}/global/deployments/{deployment}.put.responses]
Location: N/A
Fixed: False
Source: System
Issue Source: redocly-validator
Issue Target: import-url_root-spec
Action: COULD NOT PROCESS: Issue definition for code 'operation-4xx-response' not found in registry.
--------------------------------------------------
Time: 2025-10-13T23:53:20.876127
Issue: operation-4xx-response | N/A
Message: Operation must have at least one `4XX` response. [path: paths./deploymentmanager/v2beta/projects/{project}/global/deployments/{deployment}.delete.responses]
Location: N/A
Fixed: False
Source: System
Issue Source: redocly-validator
Issue Target: import-url_root-spec
Action: COULD NOT PROCESS: Issue definition for code 'operation-4xx-response' not found in registry.
--------------------------------------------------
Time: 2025-10-13T23:53:20.877698
Issue: operation-4xx-response | N/A
Message: Operation must have at least one `4XX` response. [path: paths./deploymentmanager/v2beta/projects/{project}/global/deployments/{deployment}.patch.responses]
Location: N/A
Fixed: False
Source: System
Issue Source: redocly-validator
Issue Target: import-url_root-spec
Action: COULD NOT PROCESS: Issue definition for code 'operation-4xx-response' not found in registry.
--------------------------------------------------
Time: 2025-10-13T23:53:20.878927
Issue: operation-4xx-response | N/A
Message: Operation must have at least one `4XX` response. [path: paths./deploymentmanager/v2beta/projects/{project}/global/deployments/{deployment}/cancelPreview.post.responses]
Location: N/A
Fixed: False
Source: System
Issue Source: redocly-validator
Issue Target: import-url_root-spec
Action: COULD NOT PROCESS: Issue definition for code 'operation-4xx-response' not found in registry.
--------------------------------------------------
Time: 2025-10-13T23:53:20.879909
Issue: operation-4xx-response | N/A
Message: Operation must have at least one `4XX` response. [path: paths./deploymentmanager/v2beta/projects/{project}/global/deployments/{deployment}/manifests.get.responses]
Location: N/A
Fixed: False
Source: System
Issue Source: redocly-validator
Issue Target: import-url_root-spec
Action: COULD NOT PROCESS: Issue definition for code 'operation-4xx-response' not found in registry.
--------------------------------------------------
Time: 2025-10-13T23:53:20.880834
Issue: operation-4xx-response | N/A
Message: Operation must have at least one `4XX` response. [path: paths./deploymentmanager/v2beta/projects/{project}/global/deployments/{deployment}/manifests/{manifest}.get.responses]
Location: N/A
Fixed: False
Source: System
Issue Source: redocly-validator
Issue Target: import-url_root-spec
Action: COULD NOT PROCESS: Issue definition for code 'operation-4xx-response' not found in registry.
--------------------------------------------------
Time: 2025-10-13T23:53:20.882319
Issue: operation-4xx-response | N/A
Message: Operation must have at least one `4XX` response. [path: paths./deploymentmanager/v2beta/projects/{project}/global/deployments/{deployment}/resources.get.responses]
Location: N/A
Fixed: False
Source: System
Issue Source: redocly-validator
Issue Target: import-url_root-spec
Action: COULD NOT PROCESS: Issue definition for code 'operation-4xx-response' not found in registry.
--------------------------------------------------
Time: 2025-10-13T23:53:20.892472
Issue: operation-4xx-response | N/A
Message: Operation must have at least one `4XX` response. [path: paths./deploymentmanager/v2beta/projects/{project}/global/deployments/{deployment}/resources/{resource}.get.responses]
Location: N/A
Fixed: False
Source: System
Issue Source: redocly-validator
Issue Target: import-url_root-spec
Action: COULD NOT PROCESS: Issue definition for code 'operation-4xx-response' not found in registry.
--------------------------------------------------
Time: 2025-10-13T23:53:20.893938
Issue: operation-4xx-response | N/A
Message: Operation must have at least one `4XX` response. [path: paths./deploymentmanager/v2beta/projects/{project}/global/deployments/{deployment}/stop.post.responses]
Location: N/A
Fixed: False
Source: System
Issue Source: redocly-validator
Issue Target: import-url_root-spec
Action: COULD NOT PROCESS: Issue definition for code 'operation-4xx-response' not found in registry.
--------------------------------------------------
Time: 2025-10-13T23:53:20.896013
Issue: operation-4xx-response | N/A
Message: Operation must have at least one `4XX` response. [path: paths./deploymentmanager/v2beta/projects/{project}/global/deployments/{resource}/getIamPolicy.get.responses]
Location: N/A
Fixed: False
Source: System
Issue Source: redocly-validator
Issue Target: import-url_root-spec
Action: COULD NOT PROCESS: Issue definition for code 'operation-4xx-response' not found in registry.
--------------------------------------------------
Time: 2025-10-13T23:53:20.897725
Issue: operation-4xx-response | N/A
Message: Operation must have at least one `4XX` response. [path: paths./deploymentmanager/v2beta/projects/{project}/global/deployments/{resource}/setIamPolicy.post.responses]
Location: N/A
Fixed: False
Source: System
Issue Source: redocly-validator
Issue Target: import-url_root-spec
Action: COULD NOT PROCESS: Issue definition for code 'operation-4xx-response' not found in registry.
--------------------------------------------------
Time: 2025-10-13T23:53:20.898878
Issue: operation-4xx-response | N/A
Message: Operation must have at least one `4XX` response. [path: paths./deploymentmanager/v2beta/projects/{project}/global/deployments/{resource}/testIamPermissions.post.responses]
Location: N/A
Fixed: False
Source: System
Issue Source: redocly-validator
Issue Target: import-url_root-spec
Action: COULD NOT PROCESS: Issue definition for code 'operation-4xx-response' not found in registry.
--------------------------------------------------
Time: 2025-10-13T23:53:20.899936
Issue: operation-4xx-response | N/A
Message: Operation must have at least one `4XX` response. [path: paths./deploymentmanager/v2beta/projects/{project}/global/operations.get.responses]
Location: N/A
Fixed: False
Source: System
Issue Source: redocly-validator
Issue Target: import-url_root-spec
Action: COULD NOT PROCESS: Issue definition for code 'operation-4xx-response' not found in registry.
--------------------------------------------------
Time: 2025-10-13T23:53:20.941829
Issue: operation-4xx-response | N/A
Message: Operation must have at least one `4XX` response. [path: paths./deploymentmanager/v2beta/projects/{project}/global/operations/{operation}.get.responses]
Location: N/A
Fixed: False
Source: System
Issue Source: redocly-validator
Issue Target: import-url_root-spec
Action: COULD NOT PROCESS: Issue definition for code 'operation-4xx-response' not found in registry.
--------------------------------------------------
Time: 2025-10-13T23:53:20.982433
Issue: operation-4xx-response | N/A
Message: Operation must have at least one `4XX` response. [path: paths./deploymentmanager/v2beta/projects/{project}/global/typeProviders.get.responses]
Location: N/A
Fixed: False
Source: System
Issue Source: redocly-validator
Issue Target: import-url_root-spec
Action: COULD NOT PROCESS: Issue definition for code 'operation-4xx-response' not found in registry.
--------------------------------------------------
Time: 2025-10-13T23:53:20.984327
Issue: operation-4xx-response | N/A
Message: Operation must have at least one `4XX` response. [path: paths./deploymentmanager/v2beta/projects/{project}/global/typeProviders.post.responses]
Location: N/A
Fixed: False
Source: System
Issue Source: redocly-validator
Issue Target: import-url_root-spec
Action: COULD NOT PROCESS: Issue definition for code 'operation-4xx-response' not found in registry.
--------------------------------------------------
Time: 2025-10-13T23:53:20.985734
Issue: operation-4xx-response | N/A
Message: Operation must have at least one `4XX` response. [path: paths./deploymentmanager/v2beta/projects/{project}/global/typeProviders/{typeProvider}.get.responses]
Location: N/A
Fixed: False
Source: System
Issue Source: redocly-validator
Issue Target: import-url_root-spec
Action: COULD NOT PROCESS: Issue definition for code 'operation-4xx-response' not found in registry.
--------------------------------------------------
Time: 2025-10-13T23:53:20.987143
Issue: operation-4xx-response | N/A
Message: Operation must have at least one `4XX` response. [path: paths./deploymentmanager/v2beta/projects/{project}/global/typeProviders/{typeProvider}.put.responses]
Location: N/A
Fixed: False
Source: System
Issue Source: redocly-validator
Issue Target: import-url_root-spec
Action: COULD NOT PROCESS: Issue definition for code 'operation-4xx-response' not found in registry.
--------------------------------------------------
Time: 2025-10-13T23:53:20.989473
Issue: operation-4xx-response | N/A
Message: Operation must have at least one `4XX` response. [path: paths./deploymentmanager/v2beta/projects/{project}/global/typeProviders/{typeProvider}.delete.responses]
Location: N/A
Fixed: False
Source: System
Issue Source: redocly-validator
Issue Target: import-url_root-spec
Action: COULD NOT PROCESS: Issue definition for code 'operation-4xx-response' not found in registry.
--------------------------------------------------
Time: 2025-10-13T23:53:20.991866
Issue: operation-4xx-response | N/A
Message: Operation must have at least one `4XX` response. [path: paths./deploymentmanager/v2beta/projects/{project}/global/typeProviders/{typeProvider}.patch.responses]
Location: N/A
Fixed: False
Source: System
Issue Source: redocly-validator
Issue Target: import-url_root-spec
Action: COULD NOT PROCESS: Issue definition for code 'operation-4xx-response' not found in registry.
--------------------------------------------------
Time: 2025-10-13T23:53:20.995762
Issue: operation-4xx-response | N/A
Message: Operation must have at least one `4XX` response. [path: paths./deploymentmanager/v2beta/projects/{project}/global/typeProviders/{typeProvider}/types.get.responses]
Location: N/A
Fixed: False
Source: System
Issue Source: redocly-validator
Issue Target: import-url_root-spec
Action: COULD NOT PROCESS: Issue definition for code 'operation-4xx-response' not found in registry.
--------------------------------------------------
Time: 2025-10-13T23:53:20.999520
Issue: operation-4xx-response | N/A
Message: Operation must have at least one `4XX` response. [path: paths./deploymentmanager/v2beta/projects/{project}/global/typeProviders/{typeProvider}/types/{type}.get.responses]
Location: N/A
Fixed: False
Source: System
Issue Source: redocly-validator
Issue Target: import-url_root-spec
Action: COULD NOT PROCESS: Issue definition for code 'operation-4xx-response' not found in registry.
--------------------------------------------------
Time: 2025-10-13T23:53:21.002579
Issue: operation-4xx-response | N/A
Message: Operation must have at least one `4XX` response. [path: paths./deploymentmanager/v2beta/projects/{project}/global/types.get.responses]
Location: N/A
Fixed: False
Source: System
Issue Source: redocly-validator
Issue Target: import-url_root-spec
Action: COULD NOT PROCESS: Issue definition for code 'operation-4xx-response' not found in registry.
--------------------------------------------------
Time: 2025-10-13T23:53:21.004075
Issue: no-unused-components | N/A
Message: Component: "CompositeType" is never used. [path: components.requestBodies.CompositeType]
Location: N/A
Fixed: False
Source: System
Issue Source: redocly-validator
Issue Target: import-url_root-spec
Action: COULD NOT PROCESS: Issue definition for code 'no-unused-components' not found in registry.
--------------------------------------------------
Time: 2025-10-13T23:53:21.005964
Issue: no-unused-components | N/A
Message: Component: "Deployment" is never used. [path: components.requestBodies.Deployment]
Location: N/A
Fixed: False
Source: System
Issue Source: redocly-validator
Issue Target: import-url_root-spec
Action: COULD NOT PROCESS: Issue definition for code 'no-unused-components' not found in registry.
--------------------------------------------------
Time: 2025-10-13T23:53:21.008005
Issue: no-unused-components | N/A
Message: Component: "TypeProvider" is never used. [path: components.requestBodies.TypeProvider]
Location: N/A
Fixed: False
Source: System
Issue Source: redocly-validator
Issue Target: import-url_root-spec
Action: COULD NOT PROCESS: Issue definition for code 'no-unused-components' not found in registry.
--------------------------------------------------
Time: 2025-10-13T23:53:21.009674
Issue: oas3-server-trailing-slash | N/A
Message: Server URL must not have trailing slash. [path: servers.0.url]
Location: N/A
Fixed: False
Source: System
Issue Source: spectral-validator
Issue Target: import-url_root-spec
Action: COULD NOT PROCESS: Issue definition for code 'oas3-server-trailing-slash' not found in registry.
--------------------------------------------------
Time: 2025-10-13T23:53:21.049298
Issue: oas3-unused-component | N/A
Message: Potentially unused component has been detected. [path: components.requestBodies.CompositeType]
Location: N/A
Fixed: False
Source: System
Issue Source: spectral-validator
Issue Target: import-url_root-spec
Action: COULD NOT PROCESS: Issue definition for code 'oas3-unused-component' not found in registry.
--------------------------------------------------
Time: 2025-10-13T23:53:21.146907
Issue: oas3-unused-component | N/A
Message: Potentially unused component has been detected. [path: components.requestBodies.Deployment]
Location: N/A
Fixed: False
Source: System
Issue Source: spectral-validator
Issue Target: import-url_root-spec
Action: COULD NOT PROCESS: Issue definition for code 'oas3-unused-component' not found in registry.
--------------------------------------------------
Time: 2025-10-13T23:53:21.255532
Issue: oas3-unused-component | N/A
Message: Potentially unused component has been detected. [path: components.requestBodies.TypeProvider]
Location: N/A
Fixed: False
Source: System
Issue Source: spectral-validator
Issue Target: import-url_root-spec
Action: COULD NOT PROCESS: Issue definition for code 'oas3-unused-component' not found in registry.
--------------------------------------------------
Time: 2025-10-13T23:53:24.605573
Issue: no-$ref-siblings | N/A
Message: $ref must not be placed next to any other properties [path: components.schemas.AsyncOptions.properties.pollingOptions.description]
Location: N/A
Fixed: False
Source: System
Issue Source: spectral-validator
Issue Target: import-url_root-spec
Action: COULD NOT PROCESS: Issue definition for code 'no-$ref-siblings' not found in registry.
--------------------------------------------------
Time: 2025-10-13T23:53:24.720681
Issue: no-$ref-siblings | N/A
Message: $ref must not be placed next to any other properties [path: components.schemas.BaseType.properties.credential.description]
Location: N/A
Fixed: False
Source: System
Issue Source: spectral-validator
Issue Target: import-url_root-spec
Action: COULD NOT PROCESS: Issue definition for code 'no-$ref-siblings' not found in registry.
--------------------------------------------------
Time: 2025-10-13T23:53:24.798736
Issue: no-$ref-siblings | N/A
Message: $ref must not be placed next to any other properties [path: components.schemas.BaseType.properties.options.description]
Location: N/A
Fixed: False
Source: System
Issue Source: spectral-validator
Issue Target: import-url_root-spec
Action: COULD NOT PROCESS: Issue definition for code 'no-$ref-siblings' not found in registry.
--------------------------------------------------
Time: 2025-10-13T23:53:24.878770
Issue: no-$ref-siblings | N/A
Message: $ref must not be placed next to any other properties [path: components.schemas.Binding.properties.condition.description]
Location: N/A
Fixed: False
Source: System
Issue Source: spectral-validator
Issue Target: import-url_root-spec
Action: COULD NOT PROCESS: Issue definition for code 'no-$ref-siblings' not found in registry.
--------------------------------------------------
Time: 2025-10-13T23:53:24.962181
Issue: no-$ref-siblings | N/A
Message: $ref must not be placed next to any other properties [path: components.schemas.CollectionOverride.properties.options.description]
Location: N/A
Fixed: False
Source: System
Issue Source: spectral-validator
Issue Target: import-url_root-spec
Action: COULD NOT PROCESS: Issue definition for code 'no-$ref-siblings' not found in registry.
--------------------------------------------------
Time: 2025-10-13T23:53:25.061799
Issue: no-$ref-siblings | N/A
Message: $ref must not be placed next to any other properties [path: components.schemas.CompositeType.properties.operation.description]
Location: N/A
Fixed: False
Source: System
Issue Source: spectral-validator
Issue Target: import-url_root-spec
Action: COULD NOT PROCESS: Issue definition for code 'no-$ref-siblings' not found in registry.
--------------------------------------------------
Time: 2025-10-13T23:53:25.131951
Issue: no-$ref-siblings | N/A
Message: $ref must not be placed next to any other properties [path: components.schemas.CompositeType.properties.templateContents.description]
Location: N/A
Fixed: False
Source: System
Issue Source: spectral-validator
Issue Target: import-url_root-spec
Action: COULD NOT PROCESS: Issue definition for code 'no-$ref-siblings' not found in registry.
--------------------------------------------------
Time: 2025-10-13T23:53:25.185898
Issue: no-$ref-siblings | N/A
Message: $ref must not be placed next to any other properties [path: components.schemas.Credential.properties.basicAuth.description]
Location: N/A
Fixed: False
Source: System
Issue Source: spectral-validator
Issue Target: import-url_root-spec
Action: COULD NOT PROCESS: Issue definition for code 'no-$ref-siblings' not found in registry.
--------------------------------------------------
Time: 2025-10-13T23:53:25.255088
Issue: no-$ref-siblings | N/A
Message: $ref must not be placed next to any other properties [path: components.schemas.Credential.properties.serviceAccount.description]
Location: N/A
Fixed: False
Source: System
Issue Source: spectral-validator
Issue Target: import-url_root-spec
Action: COULD NOT PROCESS: Issue definition for code 'no-$ref-siblings' not found in registry.
--------------------------------------------------
Time: 2025-10-13T23:53:25.296773
Issue: no-$ref-siblings | N/A
Message: $ref must not be placed next to any other properties [path: components.schemas.Deployment.properties.operation.description]
Location: N/A
Fixed: False
Source: System
Issue Source: spectral-validator
Issue Target: import-url_root-spec
Action: COULD NOT PROCESS: Issue definition for code 'no-$ref-siblings' not found in registry.
--------------------------------------------------
Time: 2025-10-13T23:53:25.317676
Issue: no-$ref-siblings | N/A
Message: $ref must not be placed next to any other properties [path: components.schemas.Deployment.properties.target.description]
Location: N/A
Fixed: False
Source: System
Issue Source: spectral-validator
Issue Target: import-url_root-spec
Action: COULD NOT PROCESS: Issue definition for code 'no-$ref-siblings' not found in registry.
--------------------------------------------------
Time: 2025-10-13T23:53:25.320323
Issue: no-$ref-siblings | N/A
Message: $ref must not be placed next to any other properties [path: components.schemas.Deployment.properties.update.description]
Location: N/A
Fixed: False
Source: System
Issue Source: spectral-validator
Issue Target: import-url_root-spec
Action: COULD NOT PROCESS: Issue definition for code 'no-$ref-siblings' not found in registry.
--------------------------------------------------
Time: 2025-10-13T23:53:25.322472
Issue: no-$ref-siblings | N/A
Message: $ref must not be placed next to any other properties [path: components.schemas.GlobalSetPolicyRequest.properties.policy.description]
Location: N/A
Fixed: False
Source: System
Issue Source: spectral-validator
Issue Target: import-url_root-spec
Action: COULD NOT PROCESS: Issue definition for code 'no-$ref-siblings' not found in registry.
--------------------------------------------------
Time: 2025-10-13T23:53:25.325298
Issue: no-$ref-siblings | N/A
Message: $ref must not be placed next to any other properties [path: components.schemas.Manifest.properties.config.description]
Location: N/A
Fixed: False
Source: System
Issue Source: spectral-validator
Issue Target: import-url_root-spec
Action: COULD NOT PROCESS: Issue definition for code 'no-$ref-siblings' not found in registry.
--------------------------------------------------
Time: 2025-10-13T23:53:25.328500
Issue: no-$ref-siblings | N/A
Message: $ref must not be placed next to any other properties [path: components.schemas.Operation.properties.setCommonInstanceMetadataOperationMetadata.description]
Location: N/A
Fixed: False
Source: System
Issue Source: spectral-validator
Issue Target: import-url_root-spec
Action: COULD NOT PROCESS: Issue definition for code 'no-$ref-siblings' not found in registry.
--------------------------------------------------
Time: 2025-10-13T23:53:25.331560
Issue: oas3-schema | N/A
Message: Property "enumDeprecated" is not expected to be here. [path: components.schemas.Operation.properties.warnings.items.properties.code.enumDeprecated]
Location: N/A
Fixed: False
Source: System
Issue Source: spectral-validator
Issue Target: import-url_root-spec
Action: COULD NOT PROCESS: Issue definition for code 'oas3-schema' not found in registry.
--------------------------------------------------
Time: 2025-10-13T23:53:25.332934
Issue: no-$ref-siblings | N/A
Message: $ref must not be placed next to any other properties [path: components.schemas.Options.properties.validationOptions.description]
Location: N/A
Fixed: False
Source: System
Issue Source: spectral-validator
Issue Target: import-url_root-spec
Action: COULD NOT PROCESS: Issue definition for code 'no-$ref-siblings' not found in registry.
--------------------------------------------------
Time: 2025-10-13T23:53:25.334205
Issue: no-$ref-siblings | N/A
Message: $ref must not be placed next to any other properties [path: components.schemas.Resource.properties.accessControl.description]
Location: N/A
Fixed: False
Source: System
Issue Source: spectral-validator
Issue Target: import-url_root-spec
Action: COULD NOT PROCESS: Issue definition for code 'no-$ref-siblings' not found in registry.
--------------------------------------------------
Time: 2025-10-13T23:53:25.335291
Issue: no-$ref-siblings | N/A
Message: $ref must not be placed next to any other properties [path: components.schemas.Resource.properties.update.description]
Location: N/A
Fixed: False
Source: System
Issue Source: spectral-validator
Issue Target: import-url_root-spec
Action: COULD NOT PROCESS: Issue definition for code 'no-$ref-siblings' not found in registry.
--------------------------------------------------
Time: 2025-10-13T23:53:25.362057
Issue: oas3-schema | N/A
Message: Property "enumDeprecated" is not expected to be here. [path: components.schemas.Resource.properties.warnings.items.properties.code.enumDeprecated]
Location: N/A
Fixed: False
Source: System
Issue Source: spectral-validator
Issue Target: import-url_root-spec
Action: COULD NOT PROCESS: Issue definition for code 'oas3-schema' not found in registry.
--------------------------------------------------
Time: 2025-10-13T23:53:25.460027
Issue: no-$ref-siblings | N/A
Message: $ref must not be placed next to any other properties [path: components.schemas.ResourceUpdate.properties.accessControl.description]
Location: N/A
Fixed: False
Source: System
Issue Source: spectral-validator
Issue Target: import-url_root-spec
Action: COULD NOT PROCESS: Issue definition for code 'no-$ref-siblings' not found in registry.
--------------------------------------------------
Time: 2025-10-13T23:53:25.558468
Issue: oas3-schema | N/A
Message: Property "enumDeprecated" is not expected to be here. [path: components.schemas.ResourceUpdate.properties.warnings.items.properties.code.enumDeprecated]
Location: N/A
Fixed: False
Source: System
Issue Source: spectral-validator
Issue Target: import-url_root-spec
Action: COULD NOT PROCESS: Issue definition for code 'oas3-schema' not found in registry.
--------------------------------------------------
Time: 2025-10-13T23:53:25.676156
Issue: no-$ref-siblings | N/A
Message: $ref must not be placed next to any other properties [path: components.schemas.SetCommonInstanceMetadataOperationMetadataPerLocationOperationInfo.properties.error.description]
Location: N/A
Fixed: False
Source: System
Issue Source: spectral-validator
Issue Target: import-url_root-spec
Action: COULD NOT PROCESS: Issue definition for code 'no-$ref-siblings' not found in registry.
--------------------------------------------------
Time: 2025-10-13T23:53:25.784875
Issue: no-$ref-siblings | N/A
Message: $ref must not be placed next to any other properties [path: components.schemas.TargetConfiguration.properties.config.description]
Location: N/A
Fixed: False
Source: System
Issue Source: spectral-validator
Issue Target: import-url_root-spec
Action: COULD NOT PROCESS: Issue definition for code 'no-$ref-siblings' not found in registry.
--------------------------------------------------
Time: 2025-10-13T23:53:25.900244
Issue: no-$ref-siblings | N/A
Message: $ref must not be placed next to any other properties [path: components.schemas.Type.properties.base.description]
Location: N/A
Fixed: False
Source: System
Issue Source: spectral-validator
Issue Target: import-url_root-spec
Action: COULD NOT PROCESS: Issue definition for code 'no-$ref-siblings' not found in registry.
--------------------------------------------------
Time: 2025-10-13T23:53:25.993897
Issue: no-$ref-siblings | N/A
Message: $ref must not be placed next to any other properties [path: components.schemas.Type.properties.operation.description]
Location: N/A
Fixed: False
Source: System
Issue Source: spectral-validator
Issue Target: import-url_root-spec
Action: COULD NOT PROCESS: Issue definition for code 'no-$ref-siblings' not found in registry.
--------------------------------------------------
Time: 2025-10-13T23:53:26.107092
Issue: no-$ref-siblings | N/A
Message: $ref must not be placed next to any other properties [path: components.schemas.TypeInfo.properties.schema.description]
Location: N/A
Fixed: False
Source: System
Issue Source: spectral-validator
Issue Target: import-url_root-spec
Action: COULD NOT PROCESS: Issue definition for code 'no-$ref-siblings' not found in registry.
--------------------------------------------------
Time: 2025-10-13T23:53:26.195407
Issue: no-$ref-siblings | N/A
Message: $ref must not be placed next to any other properties [path: components.schemas.TypeProvider.properties.credential.description]
Location: N/A
Fixed: False
Source: System
Issue Source: spectral-validator
Issue Target: import-url_root-spec
Action: COULD NOT PROCESS: Issue definition for code 'no-$ref-siblings' not found in registry.
--------------------------------------------------
Time: 2025-10-13T23:53:26.294918
Issue: no-$ref-siblings | N/A
Message: $ref must not be placed next to any other properties [path: components.schemas.TypeProvider.properties.operation.description]
Location: N/A
Fixed: False
Source: System
Issue Source: spectral-validator
Issue Target: import-url_root-spec
Action: COULD NOT PROCESS: Issue definition for code 'no-$ref-siblings' not found in registry.
--------------------------------------------------
Time: 2025-10-13T23:53:26.384039
Issue: no-$ref-siblings | N/A
Message: $ref must not be placed next to any other properties [path: components.schemas.TypeProvider.properties.options.description]
Location: N/A
Fixed: False
Source: System
Issue Source: spectral-validator
Issue Target: import-url_root-spec
Action: COULD NOT PROCESS: Issue definition for code 'no-$ref-siblings' not found in registry.
