Repair Log
Processed Timestamp: 2025-10-13T22:27:20.413906

--------------------------------------------------
Time: 2025-10-13T22:26:40.926455
Issue: MISSING_SERVER_URL | N/A
Message: OpenAPI spec must define at least one server in the 'servers' array.
Location: N/A
Fixed: False
Source: LLM-suggestion
Issue Source: default-validator
Issue Target: import-url_bundled-spec
Action: COULD NOT FIX LLM suggestion: No specific detail from LLM.
--------------------------------------------------
Time: 2025-10-13T22:26:41.016587
Issue: no-empty-servers | N/A
Message: Servers must be present. [path: openapi]
Location: N/A
Fixed: False
Source: System
Issue Source: redocly-validator
Issue Target: import-url_bundled-spec
Action: COULD NOT PROCESS: Issue definition for code 'no-empty-servers' not found in registry.
--------------------------------------------------
Time: 2025-10-13T22:26:41.057731
Issue: info-license | N/A
Message: Info object should contain `license` field. [path: info]
Location: N/A
Fixed: False
Source: System
Issue Source: redocly-validator
Issue Target: import-url_bundled-spec
Action: COULD NOT PROCESS: Issue definition for code 'info-license' not found in registry.
--------------------------------------------------
Time: 2025-10-13T22:26:41.168701
Issue: tag-description | N/A
Message: Tag object should contain `description` field. [path: tags.0.description]
Location: N/A
Fixed: False
Source: System
Issue Source: redocly-validator
Issue Target: import-url_bundled-spec
Action: COULD NOT PROCESS: Issue definition for code 'tag-description' not found in registry.
--------------------------------------------------
Time: 2025-10-13T22:26:41.226598
Issue: tag-description | N/A
Message: Tag object should contain `description` field. [path: tags.1.description]
Location: N/A
Fixed: False
Source: System
Issue Source: redocly-validator
Issue Target: import-url_bundled-spec
Action: COULD NOT PROCESS: Issue definition for code 'tag-description' not found in registry.
--------------------------------------------------
Time: 2025-10-13T22:26:41.273903
Issue: tag-description | N/A
Message: Tag object should contain `description` field. [path: tags.2.description]
Location: N/A
Fixed: False
Source: System
Issue Source: redocly-validator
Issue Target: import-url_bundled-spec
Action: COULD NOT PROCESS: Issue definition for code 'tag-description' not found in registry.
--------------------------------------------------
Time: 2025-10-13T22:26:41.374091
Issue: tag-description | N/A
Message: Tag object should contain `description` field. [path: tags.3.description]
Location: N/A
Fixed: False
Source: System
Issue Source: redocly-validator
Issue Target: import-url_bundled-spec
Action: COULD NOT PROCESS: Issue definition for code 'tag-description' not found in registry.
--------------------------------------------------
Time: 2025-10-13T22:26:41.490374
Issue: no-invalid-media-type-examples | N/A
Message: Example value must conform to the schema: `content` property must have required property 'merchantAccountCode'. [path: components.examples.post-ACCOUNT_FUNDS_BELOW_THRESHOLD-accountFundsBelowThreshold.value.content]
Location: N/A
Fixed: False
Source: System
Issue Source: redocly-validator
Issue Target: import-url_bundled-spec
Action: COULD NOT PROCESS: Issue definition for code 'no-invalid-media-type-examples' not found in registry.
--------------------------------------------------
Time: 2025-10-13T22:26:41.618038
Issue: no-invalid-media-type-examples | N/A
Message: Example value must conform to the schema: `content` property must have required property 'fundThreshold'. [path: components.examples.post-ACCOUNT_FUNDS_BELOW_THRESHOLD-accountFundsBelowThreshold.value.content]
Location: N/A
Fixed: False
Source: System
Issue Source: redocly-validator
Issue Target: import-url_bundled-spec
Action: COULD NOT PROCESS: Issue definition for code 'no-invalid-media-type-examples' not found in registry.
--------------------------------------------------
Time: 2025-10-13T22:26:41.724588
Issue: no-invalid-media-type-examples | N/A
Message: Example value must conform to the schema: `content` property must NOT have additional properties `amount`. [path: components.examples.post-ACCOUNT_FUNDS_BELOW_THRESHOLD-accountFundsBelowThreshold.value.content.amount]
Location: N/A
Fixed: False
Source: System
Issue Source: redocly-validator
Issue Target: import-url_bundled-spec
Action: COULD NOT PROCESS: Issue definition for code 'no-invalid-media-type-examples' not found in registry.
--------------------------------------------------
Time: 2025-10-13T22:26:41.786042
Issue: no-invalid-media-type-examples | N/A
Message: Example value must conform to the schema: `content` property must NOT have additional properties `destinationAccountCode`. [path: components.examples.post-ACCOUNT_FUNDS_BELOW_THRESHOLD-accountFundsBelowThreshold.value.content.destinationAccountCode]
Location: N/A
Fixed: False
Source: System
Issue Source: redocly-validator
Issue Target: import-url_bundled-spec
Action: COULD NOT PROCESS: Issue definition for code 'no-invalid-media-type-examples' not found in registry.
--------------------------------------------------
Time: 2025-10-13T22:26:41.906088
Issue: no-invalid-media-type-examples | N/A
Message: Example value must conform to the schema: `content` property must NOT have additional properties `invalidFields`. [path: components.examples.post-ACCOUNT_FUNDS_BELOW_THRESHOLD-accountFundsBelowThreshold.value.content.invalidFields]
Location: N/A
Fixed: False
Source: System
Issue Source: redocly-validator
Issue Target: import-url_bundled-spec
Action: COULD NOT PROCESS: Issue definition for code 'no-invalid-media-type-examples' not found in registry.
--------------------------------------------------
Time: 2025-10-13T22:26:42.097425
Issue: no-invalid-media-type-examples | N/A
Message: Example value must conform to the schema: `content` property must NOT have additional properties `merchantReference`. [path: components.examples.post-ACCOUNT_FUNDS_BELOW_THRESHOLD-accountFundsBelowThreshold.value.content.merchantReference]
Location: N/A
Fixed: False
Source: System
Issue Source: redocly-validator
Issue Target: import-url_bundled-spec
Action: COULD NOT PROCESS: Issue definition for code 'no-invalid-media-type-examples' not found in registry.
--------------------------------------------------
Time: 2025-10-13T22:26:42.213173
Issue: no-invalid-media-type-examples | N/A
Message: Example value must conform to the schema: `content` property must NOT have additional properties `sourceAccountCode`. [path: components.examples.post-ACCOUNT_FUNDS_BELOW_THRESHOLD-accountFundsBelowThreshold.value.content.sourceAccountCode]
Location: N/A
Fixed: False
Source: System
Issue Source: redocly-validator
Issue Target: import-url_bundled-spec
Action: COULD NOT PROCESS: Issue definition for code 'no-invalid-media-type-examples' not found in registry.
--------------------------------------------------
Time: 2025-10-13T22:26:42.275999
Issue: no-invalid-media-type-examples | N/A
Message: Example value must conform to the schema: `content` property must NOT have additional properties `status`. [path: components.examples.post-ACCOUNT_FUNDS_BELOW_THRESHOLD-accountFundsBelowThreshold.value.content.status]
Location: N/A
Fixed: False
Source: System
Issue Source: redocly-validator
Issue Target: import-url_bundled-spec
Action: COULD NOT PROCESS: Issue definition for code 'no-invalid-media-type-examples' not found in registry.
--------------------------------------------------
Time: 2025-10-13T22:26:42.368657
Issue: no-invalid-media-type-examples | N/A
Message: Example value must conform to the schema: `content` property must NOT have additional properties `transferCode`. [path: components.examples.post-ACCOUNT_FUNDS_BELOW_THRESHOLD-accountFundsBelowThreshold.value.content.transferCode]
Location: N/A
Fixed: False
Source: System
Issue Source: redocly-validator
Issue Target: import-url_bundled-spec
Action: COULD NOT PROCESS: Issue definition for code 'no-invalid-media-type-examples' not found in registry.
--------------------------------------------------
Time: 2025-10-13T22:26:42.441853
Issue: no-invalid-media-type-examples | N/A
Message: Example value must conform to the schema: `accountHolderDetails` property must NOT have additional properties `payoutInstrumentTokens`. [path: components.examples.post-ACCOUNT_HOLDER_CREATED-accountHolderCreated-businesses.value.content.accountHolderDetails.payoutInstrumentTokens]
Location: N/A
Fixed: False
Source: System
Issue Source: redocly-validator
Issue Target: import-url_bundled-spec
Action: COULD NOT PROCESS: Issue definition for code 'no-invalid-media-type-examples' not found in registry.
--------------------------------------------------
Time: 2025-10-13T22:26:42.597421
Issue: no-invalid-media-type-examples | N/A
Message: Example value must conform to the schema: must NOT have additional properties `mimeType`. [path: components.examples.post-ACCOUNT_HOLDER_CREATED-accountHolderCreated-failed.value.mimeType]
Location: N/A
Fixed: False
Source: System
Issue Source: redocly-validator
Issue Target: import-url_bundled-spec
Action: COULD NOT PROCESS: Issue definition for code 'no-invalid-media-type-examples' not found in registry.
--------------------------------------------------
Time: 2025-10-13T22:26:42.729303
Issue: no-invalid-media-type-examples | N/A
Message: Example value must conform to the schema: `content` property must NOT have additional properties `accountState`. [path: components.examples.post-ACCOUNT_HOLDER_CREATED-accountHolderCreated-failed.value.content.accountState]
Location: N/A
Fixed: False
Source: System
Issue Source: redocly-validator
Issue Target: import-url_bundled-spec
Action: COULD NOT PROCESS: Issue definition for code 'no-invalid-media-type-examples' not found in registry.
--------------------------------------------------
Time: 2025-10-13T22:26:42.809518
Issue: no-invalid-media-type-examples | N/A
Message: Example value must conform to the schema: `content` property must NOT have additional properties `amount`. [path: components.examples.post-ACCOUNT_HOLDER_CREATED-accountHolderCreated-failed.value.content.amount]
Location: N/A
Fixed: False
Source: System
Issue Source: redocly-validator
Issue Target: import-url_bundled-spec
Action: COULD NOT PROCESS: Issue definition for code 'no-invalid-media-type-examples' not found in registry.
--------------------------------------------------
Time: 2025-10-13T22:26:42.965600
Issue: no-invalid-media-type-examples | N/A
Message: Example value must conform to the schema: `content` property must NOT have additional properties `totalAmountBeforeLimit`. [path: components.examples.post-ACCOUNT_HOLDER_CREATED-accountHolderCreated-failed.value.content.totalAmountBeforeLimit]
Location: N/A
Fixed: False
Source: System
Issue Source: redocly-validator
Issue Target: import-url_bundled-spec
Action: COULD NOT PROCESS: Issue definition for code 'no-invalid-media-type-examples' not found in registry.
--------------------------------------------------
Time: 2025-10-13T22:26:43.059079
Issue: no-invalid-media-type-examples | N/A
Message: Example value must conform to the schema: `content` property must NOT have additional properties `transactionDate`. [path: components.examples.post-ACCOUNT_HOLDER_CREATED-accountHolderCreated-failed.value.content.transactionDate]
Location: N/A
Fixed: False
Source: System
Issue Source: redocly-validator
Issue Target: import-url_bundled-spec
Action: COULD NOT PROCESS: Issue definition for code 'no-invalid-media-type-examples' not found in registry.
--------------------------------------------------
Time: 2025-10-13T22:26:43.099100
Issue: no-invalid-media-type-examples | N/A
Message: Example value must conform to the schema: `content` property must NOT have additional properties `transactionFailed`. [path: components.examples.post-ACCOUNT_HOLDER_CREATED-accountHolderCreated-failed.value.content.transactionFailed]
Location: N/A
Fixed: False
Source: System
Issue Source: redocly-validator
Issue Target: import-url_bundled-spec
Action: COULD NOT PROCESS: Issue definition for code 'no-invalid-media-type-examples' not found in registry.
--------------------------------------------------
Time: 2025-10-13T22:26:43.155775
Issue: no-invalid-media-type-examples | N/A
Message: Example value must conform to the schema: `accountHolderDetails` property must NOT have additional properties `payoutInstrumentTokens`. [path: components.examples.post-ACCOUNT_HOLDER_CREATED-accountHolderCreated-individuals.value.content.accountHolderDetails.payoutInstrumentTokens]
Location: N/A
Fixed: False
Source: System
Issue Source: redocly-validator
Issue Target: import-url_bundled-spec
Action: COULD NOT PROCESS: Issue definition for code 'no-invalid-media-type-examples' not found in registry.
--------------------------------------------------
Time: 2025-10-13T22:26:43.218416
Issue: no-invalid-media-type-examples | N/A
Message: Example value must conform to the schema: must have required property 'executingUserKey'. [path: components.examples.post-ACCOUNT_HOLDER_UPCOMING_DEADLINE-accountHolderUpcomingDeadline.value]
Location: N/A
Fixed: False
Source: System
Issue Source: redocly-validator
Issue Target: import-url_bundled-spec
Action: COULD NOT PROCESS: Issue definition for code 'no-invalid-media-type-examples' not found in registry.
--------------------------------------------------
Time: 2025-10-13T22:26:43.280646
Issue: no-invalid-media-type-examples | N/A
Message: Example value must conform to the schema: `executionDate` property must match format "date-time". [path: components.examples.post-ACCOUNT_HOLDER_UPCOMING_DEADLINE-accountHolderUpcomingDeadline.value.content.executionDate]
Location: N/A
Fixed: False
Source: System
Issue Source: redocly-validator
Issue Target: import-url_bundled-spec
Action: COULD NOT PROCESS: Issue definition for code 'no-invalid-media-type-examples' not found in registry.
--------------------------------------------------
Time: 2025-10-13T22:26:43.320390
Issue: no-invalid-media-type-examples | N/A
Message: Example value must conform to the schema: `content` property must NOT have additional properties `status`. [path: components.examples.post-ACCOUNT_HOLDER_UPDATED-accountHolderUpdated.value.content.status]
Location: N/A
Fixed: False
Source: System
Issue Source: redocly-validator
Issue Target: import-url_bundled-spec
Action: COULD NOT PROCESS: Issue definition for code 'no-invalid-media-type-examples' not found in registry.
--------------------------------------------------
Time: 2025-10-13T22:26:43.359167
Issue: no-invalid-media-type-examples | N/A
Message: Example value must conform to the schema: must have required property 'eventDate'. [path: components.examples.post-COMPENSATE_NEGATIVE_BALANCE-compensateNegativeBalance.value]
Location: N/A
Fixed: False
Source: System
Issue Source: redocly-validator
Issue Target: import-url_bundled-spec
Action: COULD NOT PROCESS: Issue definition for code 'no-invalid-media-type-examples' not found in registry.
--------------------------------------------------
Time: 2025-10-13T22:26:43.424969
Issue: no-invalid-media-type-examples | N/A
Message: Example value must conform to the schema: `content` property must have required property 'accountCode'. [path: components.examples.post-DIRECT_DEBIT_INITIATED-directDebitInitiated.value.content]
Location: N/A
Fixed: False
Source: System
Issue Source: redocly-validator
Issue Target: import-url_bundled-spec
Action: COULD NOT PROCESS: Issue definition for code 'no-invalid-media-type-examples' not found in registry.
--------------------------------------------------
Time: 2025-10-13T22:26:43.469362
Issue: no-invalid-media-type-examples | N/A
Message: Example value must conform to the schema: `content` property must have required property 'merchantAccountCode'. [path: components.examples.post-DIRECT_DEBIT_INITIATED-directDebitInitiated.value.content]
Location: N/A
Fixed: False
Source: System
Issue Source: redocly-validator
Issue Target: import-url_bundled-spec
Action: COULD NOT PROCESS: Issue definition for code 'no-invalid-media-type-examples' not found in registry.
--------------------------------------------------
Time: 2025-10-13T22:26:43.518785
Issue: no-invalid-media-type-examples | N/A
Message: Example value must conform to the schema: `content` property must NOT have additional properties `destinationAccountCode`. [path: components.examples.post-DIRECT_DEBIT_INITIATED-directDebitInitiated.value.content.destinationAccountCode]
Location: N/A
Fixed: False
Source: System
Issue Source: redocly-validator
Issue Target: import-url_bundled-spec
Action: COULD NOT PROCESS: Issue definition for code 'no-invalid-media-type-examples' not found in registry.
--------------------------------------------------
Time: 2025-10-13T22:26:43.547026
Issue: no-invalid-media-type-examples | N/A
Message: Example value must conform to the schema: `content` property must NOT have additional properties `merchantReference`. [path: components.examples.post-DIRECT_DEBIT_INITIATED-directDebitInitiated.value.content.merchantReference]
Location: N/A
Fixed: False
Source: System
Issue Source: redocly-validator
Issue Target: import-url_bundled-spec
Action: COULD NOT PROCESS: Issue definition for code 'no-invalid-media-type-examples' not found in registry.
--------------------------------------------------
Time: 2025-10-13T22:26:43.622902
Issue: no-invalid-media-type-examples | N/A
Message: Example value must conform to the schema: `content` property must NOT have additional properties `sourceAccountCode`. [path: components.examples.post-DIRECT_DEBIT_INITIATED-directDebitInitiated.value.content.sourceAccountCode]
Location: N/A
Fixed: False
Source: System
Issue Source: redocly-validator
Issue Target: import-url_bundled-spec
Action: COULD NOT PROCESS: Issue definition for code 'no-invalid-media-type-examples' not found in registry.
--------------------------------------------------
Time: 2025-10-13T22:26:43.674354
Issue: no-invalid-media-type-examples | N/A
Message: Example value must conform to the schema: `content` property must NOT have additional properties `transferCode`. [path: components.examples.post-DIRECT_DEBIT_INITIATED-directDebitInitiated.value.content.transferCode]
Location: N/A
Fixed: False
Source: System
Issue Source: redocly-validator
Issue Target: import-url_bundled-spec
Action: COULD NOT PROCESS: Issue definition for code 'no-invalid-media-type-examples' not found in registry.
--------------------------------------------------
Time: 2025-10-13T22:26:43.747944
Issue: no-invalid-media-type-examples | N/A
Message: Example value must conform to the schema: `content` property must NOT have additional properties `amount`. [path: components.examples.post-PAYMENT_FAILURE-paymentFailure.value.content.amount]
Location: N/A
Fixed: False
Source: System
Issue Source: redocly-validator
Issue Target: import-url_bundled-spec
Action: COULD NOT PROCESS: Issue definition for code 'no-invalid-media-type-examples' not found in registry.
--------------------------------------------------
Time: 2025-10-13T22:26:43.810894
Issue: no-invalid-media-type-examples | N/A
Message: Example value must conform to the schema: `content` property must NOT have additional properties `destinationAccountCode`. [path: components.examples.post-PAYMENT_FAILURE-paymentFailure.value.content.destinationAccountCode]
Location: N/A
Fixed: False
Source: System
Issue Source: redocly-validator
Issue Target: import-url_bundled-spec
Action: COULD NOT PROCESS: Issue definition for code 'no-invalid-media-type-examples' not found in registry.
--------------------------------------------------
Time: 2025-10-13T22:26:43.894224
Issue: no-invalid-media-type-examples | N/A
Message: Example value must conform to the schema: `content` property must NOT have additional properties `invalidFields`. [path: components.examples.post-PAYMENT_FAILURE-paymentFailure.value.content.invalidFields]
Location: N/A
Fixed: False
Source: System
Issue Source: redocly-validator
Issue Target: import-url_bundled-spec
Action: COULD NOT PROCESS: Issue definition for code 'no-invalid-media-type-examples' not found in registry.
--------------------------------------------------
Time: 2025-10-13T22:26:43.992308
Issue: no-invalid-media-type-examples | N/A
Message: Example value must conform to the schema: `content` property must NOT have additional properties `merchantReference`. [path: components.examples.post-PAYMENT_FAILURE-paymentFailure.value.content.merchantReference]
Location: N/A
Fixed: False
Source: System
Issue Source: redocly-validator
Issue Target: import-url_bundled-spec
Action: COULD NOT PROCESS: Issue definition for code 'no-invalid-media-type-examples' not found in registry.
--------------------------------------------------
Time: 2025-10-13T22:26:44.131367
Issue: no-invalid-media-type-examples | N/A
Message: Example value must conform to the schema: `content` property must NOT have additional properties `sourceAccountCode`. [path: components.examples.post-PAYMENT_FAILURE-paymentFailure.value.content.sourceAccountCode]
Location: N/A
Fixed: False
Source: System
Issue Source: redocly-validator
Issue Target: import-url_bundled-spec
Action: COULD NOT PROCESS: Issue definition for code 'no-invalid-media-type-examples' not found in registry.
--------------------------------------------------
Time: 2025-10-13T22:26:44.279954
Issue: no-invalid-media-type-examples | N/A
Message: Example value must conform to the schema: `content` property must NOT have additional properties `status`. [path: components.examples.post-PAYMENT_FAILURE-paymentFailure.value.content.status]
Location: N/A
Fixed: False
Source: System
Issue Source: redocly-validator
Issue Target: import-url_bundled-spec
Action: COULD NOT PROCESS: Issue definition for code 'no-invalid-media-type-examples' not found in registry.
--------------------------------------------------
Time: 2025-10-13T22:26:44.402534
Issue: no-invalid-media-type-examples | N/A
Message: Example value must conform to the schema: `content` property must NOT have additional properties `transferCode`. [path: components.examples.post-PAYMENT_FAILURE-paymentFailure.value.content.transferCode]
Location: N/A
Fixed: False
Source: System
Issue Source: redocly-validator
Issue Target: import-url_bundled-spec
Action: COULD NOT PROCESS: Issue definition for code 'no-invalid-media-type-examples' not found in registry.
--------------------------------------------------
Time: 2025-10-13T22:26:44.465429
Issue: no-invalid-media-type-examples | N/A
Message: Example value must conform to the schema: `content` property must have required property 'originalReference'. [path: components.examples.post-REFUND_FUNDS_TRANSFER-refundFundsTransfer.value.content]
Location: N/A
Fixed: False
Source: System
Issue Source: redocly-validator
Issue Target: import-url_bundled-spec
Action: COULD NOT PROCESS: Issue definition for code 'no-invalid-media-type-examples' not found in registry.
--------------------------------------------------
Time: 2025-10-13T22:26:44.512515
Issue: no-invalid-media-type-examples | N/A
Message: Example value must conform to the schema: `content` property must NOT have additional properties `destinationAccountCode`. [path: components.examples.post-REFUND_FUNDS_TRANSFER-refundFundsTransfer.value.content.destinationAccountCode]
Location: N/A
Fixed: False
Source: System
Issue Source: redocly-validator
Issue Target: import-url_bundled-spec
Action: COULD NOT PROCESS: Issue definition for code 'no-invalid-media-type-examples' not found in registry.
--------------------------------------------------
Time: 2025-10-13T22:26:44.589925
Issue: no-invalid-media-type-examples | N/A
Message: Example value must conform to the schema: `content` property must NOT have additional properties `sourceAccountCode`. [path: components.examples.post-REFUND_FUNDS_TRANSFER-refundFundsTransfer.value.content.sourceAccountCode]
Location: N/A
Fixed: False
Source: System
Issue Source: redocly-validator
Issue Target: import-url_bundled-spec
Action: COULD NOT PROCESS: Issue definition for code 'no-invalid-media-type-examples' not found in registry.
--------------------------------------------------
Time: 2025-10-13T22:26:44.677862
Issue: no-invalid-media-type-examples | N/A
Message: Example value must conform to the schema: `content` property must NOT have additional properties `transferCode`. [path: components.examples.post-REFUND_FUNDS_TRANSFER-refundFundsTransfer.value.content.transferCode]
Location: N/A
Fixed: False
Source: System
Issue Source: redocly-validator
Issue Target: import-url_bundled-spec
Action: COULD NOT PROCESS: Issue definition for code 'no-invalid-media-type-examples' not found in registry.
--------------------------------------------------
Time: 2025-10-13T22:26:44.774714
Issue: no-invalid-media-type-examples | N/A
Message: Example value must conform to the schema: `content` property must NOT have additional properties `amount`. [path: components.examples.post-REPORT_AVAILABLE-reportAvailable.value.content.amount]
Location: N/A
Fixed: False
Source: System
Issue Source: redocly-validator
Issue Target: import-url_bundled-spec
Action: COULD NOT PROCESS: Issue definition for code 'no-invalid-media-type-examples' not found in registry.
--------------------------------------------------
Time: 2025-10-13T22:26:44.832774
Issue: no-invalid-media-type-examples | N/A
Message: Example value must conform to the schema: `content` property must NOT have additional properties `destinationAccountCode`. [path: components.examples.post-REPORT_AVAILABLE-reportAvailable.value.content.destinationAccountCode]
Location: N/A
Fixed: False
Source: System
Issue Source: redocly-validator
Issue Target: import-url_bundled-spec
Action: COULD NOT PROCESS: Issue definition for code 'no-invalid-media-type-examples' not found in registry.
--------------------------------------------------
Time: 2025-10-13T22:26:44.987397
Issue: no-invalid-media-type-examples | N/A
Message: Example value must conform to the schema: `content` property must NOT have additional properties `invalidFields`. [path: components.examples.post-REPORT_AVAILABLE-reportAvailable.value.content.invalidFields]
Location: N/A
Fixed: False
Source: System
Issue Source: redocly-validator
Issue Target: import-url_bundled-spec
Action: COULD NOT PROCESS: Issue definition for code 'no-invalid-media-type-examples' not found in registry.
--------------------------------------------------
Time: 2025-10-13T22:26:45.059299
Issue: no-invalid-media-type-examples | N/A
Message: Example value must conform to the schema: `content` property must NOT have additional properties `merchantReference`. [path: components.examples.post-REPORT_AVAILABLE-reportAvailable.value.content.merchantReference]
Location: N/A
Fixed: False
Source: System
Issue Source: redocly-validator
Issue Target: import-url_bundled-spec
Action: COULD NOT PROCESS: Issue definition for code 'no-invalid-media-type-examples' not found in registry.
--------------------------------------------------
Time: 2025-10-13T22:26:45.156870
Issue: no-invalid-media-type-examples | N/A
Message: Example value must conform to the schema: `content` property must NOT have additional properties `sourceAccountCode`. [path: components.examples.post-REPORT_AVAILABLE-reportAvailable.value.content.sourceAccountCode]
Location: N/A
Fixed: False
Source: System
Issue Source: redocly-validator
Issue Target: import-url_bundled-spec
Action: COULD NOT PROCESS: Issue definition for code 'no-invalid-media-type-examples' not found in registry.
--------------------------------------------------
Time: 2025-10-13T22:26:45.310479
Issue: no-invalid-media-type-examples | N/A
Message: Example value must conform to the schema: `content` property must NOT have additional properties `status`. [path: components.examples.post-REPORT_AVAILABLE-reportAvailable.value.content.status]
Location: N/A
Fixed: False
Source: System
Issue Source: redocly-validator
Issue Target: import-url_bundled-spec
Action: COULD NOT PROCESS: Issue definition for code 'no-invalid-media-type-examples' not found in registry.
--------------------------------------------------
Time: 2025-10-13T22:26:45.424277
Issue: no-invalid-media-type-examples | N/A
Message: Example value must conform to the schema: `content` property must NOT have additional properties `transferCode`. [path: components.examples.post-REPORT_AVAILABLE-reportAvailable.value.content.transferCode]
Location: N/A
Fixed: False
Source: System
Issue Source: redocly-validator
Issue Target: import-url_bundled-spec
Action: COULD NOT PROCESS: Issue definition for code 'no-invalid-media-type-examples' not found in registry.
--------------------------------------------------
Time: 2025-10-13T22:26:45.538751
Issue: no-invalid-media-type-examples | N/A
Message: Example value must conform to the schema: must have required property 'eventDate'. [path: components.examples.post-SCHEDULED_REFUNDS-scheduledRefunds.value]
Location: N/A
Fixed: False
Source: System
Issue Source: redocly-validator
Issue Target: import-url_bundled-spec
Action: COULD NOT PROCESS: Issue definition for code 'no-invalid-media-type-examples' not found in registry.
--------------------------------------------------
Time: 2025-10-13T22:26:45.651488
Issue: oas3-api-servers | N/A
Message: OpenAPI "servers" must be present and non-empty array. []
Location: N/A
Fixed: False
Source: System
Issue Source: spectral-validator
Issue Target: import-url_bundled-spec
Action: COULD NOT PROCESS: Issue definition for code 'oas3-api-servers' not found in registry.
--------------------------------------------------
Time: 2025-10-13T22:26:45.782285
Issue: oas3-valid-media-example | N/A
Message: "content" property must have required property "merchantAccountCode" [path: components.examples.post-ACCOUNT_FUNDS_BELOW_THRESHOLD-accountFundsBelowThreshold.value.content]
Location: N/A
Fixed: False
Source: System
Issue Source: spectral-validator
Issue Target: import-url_bundled-spec
Action: COULD NOT PROCESS: Issue definition for code 'oas3-valid-media-example' not found in registry.
--------------------------------------------------
Time: 2025-10-13T22:26:45.886070
Issue: oas3-valid-media-example | N/A
Message: Property "payoutInstrumentTokens" is not expected to be here [path: components.examples.post-ACCOUNT_HOLDER_CREATED-accountHolderCreated-businesses.value.content.accountHolderDetails]
Location: N/A
Fixed: False
Source: System
Issue Source: spectral-validator
Issue Target: import-url_bundled-spec
Action: COULD NOT PROCESS: Issue definition for code 'oas3-valid-media-example' not found in registry.
--------------------------------------------------
Time: 2025-10-13T22:26:46.056660
Issue: oas3-valid-media-example | N/A
Message: Property "mimeType" is not expected to be here [path: components.examples.post-ACCOUNT_HOLDER_CREATED-accountHolderCreated-failed.value]
Location: N/A
Fixed: False
Source: System
Issue Source: spectral-validator
Issue Target: import-url_bundled-spec
Action: COULD NOT PROCESS: Issue definition for code 'oas3-valid-media-example' not found in registry.
--------------------------------------------------
Time: 2025-10-13T22:26:46.218054
Issue: oas3-valid-media-example | N/A
Message: Property "payoutInstrumentTokens" is not expected to be here [path: components.examples.post-ACCOUNT_HOLDER_CREATED-accountHolderCreated-individuals.value.content.accountHolderDetails]
Location: N/A
Fixed: False
Source: System
Issue Source: spectral-validator
Issue Target: import-url_bundled-spec
Action: COULD NOT PROCESS: Issue definition for code 'oas3-valid-media-example' not found in registry.
--------------------------------------------------
Time: 2025-10-13T22:26:46.389809
Issue: oas3-valid-media-example | N/A
Message: "value" property must have required property "executingUserKey" [path: components.examples.post-ACCOUNT_HOLDER_UPCOMING_DEADLINE-accountHolderUpcomingDeadline.value]
Location: N/A
Fixed: False
Source: System
Issue Source: spectral-validator
Issue Target: import-url_bundled-spec
Action: COULD NOT PROCESS: Issue definition for code 'oas3-valid-media-example' not found in registry.
--------------------------------------------------
Time: 2025-10-13T22:26:46.531406
Issue: oas3-valid-media-example | N/A
Message: Property "status" is not expected to be here [path: components.examples.post-ACCOUNT_HOLDER_UPDATED-accountHolderUpdated.value.content]
Location: N/A
Fixed: False
Source: System
Issue Source: spectral-validator
Issue Target: import-url_bundled-spec
Action: COULD NOT PROCESS: Issue definition for code 'oas3-valid-media-example' not found in registry.
--------------------------------------------------
Time: 2025-10-13T22:26:46.600377
Issue: oas3-valid-media-example | N/A
Message: "value" property must have required property "eventDate" [path: components.examples.post-COMPENSATE_NEGATIVE_BALANCE-compensateNegativeBalance.value]
Location: N/A
Fixed: False
Source: System
Issue Source: spectral-validator
Issue Target: import-url_bundled-spec
Action: COULD NOT PROCESS: Issue definition for code 'oas3-valid-media-example' not found in registry.
--------------------------------------------------
Time: 2025-10-13T22:26:46.645853
Issue: oas3-valid-media-example | N/A
Message: "content" property must have required property "accountCode" [path: components.examples.post-DIRECT_DEBIT_INITIATED-directDebitInitiated.value.content]
Location: N/A
Fixed: False
Source: System
Issue Source: spectral-validator
Issue Target: import-url_bundled-spec
Action: COULD NOT PROCESS: Issue definition for code 'oas3-valid-media-example' not found in registry.
--------------------------------------------------
Time: 2025-10-13T22:26:46.697743
Issue: oas3-valid-media-example | N/A
Message: Property "amount" is not expected to be here [path: components.examples.post-PAYMENT_FAILURE-paymentFailure.value.content]
Location: N/A
Fixed: False
Source: System
Issue Source: spectral-validator
Issue Target: import-url_bundled-spec
Action: COULD NOT PROCESS: Issue definition for code 'oas3-valid-media-example' not found in registry.
--------------------------------------------------
Time: 2025-10-13T22:26:46.746792
Issue: oas3-valid-media-example | N/A
Message: "content" property must have required property "originalReference" [path: components.examples.post-REFUND_FUNDS_TRANSFER-refundFundsTransfer.value.content]
Location: N/A
Fixed: False
Source: System
Issue Source: spectral-validator
Issue Target: import-url_bundled-spec
Action: COULD NOT PROCESS: Issue definition for code 'oas3-valid-media-example' not found in registry.
--------------------------------------------------
Time: 2025-10-13T22:26:46.795979
Issue: oas3-valid-media-example | N/A
Message: Property "amount" is not expected to be here [path: components.examples.post-REPORT_AVAILABLE-reportAvailable.value.content]
Location: N/A
Fixed: False
Source: System
Issue Source: spectral-validator
Issue Target: import-url_bundled-spec
Action: COULD NOT PROCESS: Issue definition for code 'oas3-valid-media-example' not found in registry.
--------------------------------------------------
Time: 2025-10-13T22:26:46.838349
Issue: oas3-valid-media-example | N/A
Message: "value" property must have required property "eventDate" [path: components.examples.post-SCHEDULED_REFUNDS-scheduledRefunds.value]
Location: N/A
Fixed: False
Source: System
Issue Source: spectral-validator
Issue Target: import-url_bundled-spec
Action: COULD NOT PROCESS: Issue definition for code 'oas3-valid-media-example' not found in registry.
