Repair Log
Processed Timestamp: 2025-10-13T22:26:12.584606

--------------------------------------------------
Time: 2025-10-13T22:25:31.554642
Issue: MISSING_SERVER_URL | N/A
Message: OpenAPI spec must define at least one server in the 'servers' array.
Location: N/A
Fixed: False
Source: LLM-suggestion
Issue Source: default-validator
Issue Target: import-url_root-spec
Action: COULD NOT FIX LLM suggestion: No specific detail from LLM.
--------------------------------------------------
Time: 2025-10-13T22:25:31.629142
Issue: no-empty-servers | N/A
Message: Servers must be present. [path: openapi]
Location: N/A
Fixed: False
Source: System
Issue Source: redocly-validator
Issue Target: import-url_root-spec
Action: COULD NOT PROCESS: Issue definition for code 'no-empty-servers' not found in registry.
--------------------------------------------------
Time: 2025-10-13T22:25:31.683093
Issue: info-license | N/A
Message: Info object should contain `license` field. [path: info]
Location: N/A
Fixed: False
Source: System
Issue Source: redocly-validator
Issue Target: import-url_root-spec
Action: COULD NOT PROCESS: Issue definition for code 'info-license' not found in registry.
--------------------------------------------------
Time: 2025-10-13T22:25:31.759200
Issue: tag-description | N/A
Message: Tag object should contain `description` field. [path: tags.0.description]
Location: N/A
Fixed: False
Source: System
Issue Source: redocly-validator
Issue Target: import-url_root-spec
Action: COULD NOT PROCESS: Issue definition for code 'tag-description' not found in registry.
--------------------------------------------------
Time: 2025-10-13T22:25:31.907036
Issue: tag-description | N/A
Message: Tag object should contain `description` field. [path: tags.1.description]
Location: N/A
Fixed: False
Source: System
Issue Source: redocly-validator
Issue Target: import-url_root-spec
Action: COULD NOT PROCESS: Issue definition for code 'tag-description' not found in registry.
--------------------------------------------------
Time: 2025-10-13T22:25:31.930067
Issue: tag-description | N/A
Message: Tag object should contain `description` field. [path: tags.2.description]
Location: N/A
Fixed: False
Source: System
Issue Source: redocly-validator
Issue Target: import-url_root-spec
Action: COULD NOT PROCESS: Issue definition for code 'tag-description' not found in registry.
--------------------------------------------------
Time: 2025-10-13T22:25:31.974492
Issue: tag-description | N/A
Message: Tag object should contain `description` field. [path: tags.3.description]
Location: N/A
Fixed: False
Source: System
Issue Source: redocly-validator
Issue Target: import-url_root-spec
Action: COULD NOT PROCESS: Issue definition for code 'tag-description' not found in registry.
--------------------------------------------------
Time: 2025-10-13T22:25:31.997504
Issue: no-invalid-media-type-examples | N/A
Message: Example value must conform to the schema: `content` property must have required property 'merchantAccountCode'. [path: components.examples.post-ACCOUNT_FUNDS_BELOW_THRESHOLD-accountFundsBelowThreshold.value.content]
Location: N/A
Fixed: False
Source: System
Issue Source: redocly-validator
Issue Target: import-url_root-spec
Action: COULD NOT PROCESS: Issue definition for code 'no-invalid-media-type-examples' not found in registry.
--------------------------------------------------
Time: 2025-10-13T22:25:32.046808
Issue: no-invalid-media-type-examples | N/A
Message: Example value must conform to the schema: `content` property must have required property 'fundThreshold'. [path: components.examples.post-ACCOUNT_FUNDS_BELOW_THRESHOLD-accountFundsBelowThreshold.value.content]
Location: N/A
Fixed: False
Source: System
Issue Source: redocly-validator
Issue Target: import-url_root-spec
Action: COULD NOT PROCESS: Issue definition for code 'no-invalid-media-type-examples' not found in registry.
--------------------------------------------------
Time: 2025-10-13T22:25:32.053945
Issue: no-invalid-media-type-examples | N/A
Message: Example value must conform to the schema: `content` property must NOT have additional properties `amount`. [path: components.examples.post-ACCOUNT_FUNDS_BELOW_THRESHOLD-accountFundsBelowThreshold.value.content.amount]
Location: N/A
Fixed: False
Source: System
Issue Source: redocly-validator
Issue Target: import-url_root-spec
Action: COULD NOT PROCESS: Issue definition for code 'no-invalid-media-type-examples' not found in registry.
--------------------------------------------------
Time: 2025-10-13T22:25:32.125791
Issue: no-invalid-media-type-examples | N/A
Message: Example value must conform to the schema: `content` property must NOT have additional properties `destinationAccountCode`. [path: components.examples.post-ACCOUNT_FUNDS_BELOW_THRESHOLD-accountFundsBelowThreshold.value.content.destinationAccountCode]
Location: N/A
Fixed: False
Source: System
Issue Source: redocly-validator
Issue Target: import-url_root-spec
Action: COULD NOT PROCESS: Issue definition for code 'no-invalid-media-type-examples' not found in registry.
--------------------------------------------------
Time: 2025-10-13T22:25:32.190631
Issue: no-invalid-media-type-examples | N/A
Message: Example value must conform to the schema: `content` property must NOT have additional properties `invalidFields`. [path: components.examples.post-ACCOUNT_FUNDS_BELOW_THRESHOLD-accountFundsBelowThreshold.value.content.invalidFields]
Location: N/A
Fixed: False
Source: System
Issue Source: redocly-validator
Issue Target: import-url_root-spec
Action: COULD NOT PROCESS: Issue definition for code 'no-invalid-media-type-examples' not found in registry.
--------------------------------------------------
Time: 2025-10-13T22:25:32.314278
Issue: no-invalid-media-type-examples | N/A
Message: Example value must conform to the schema: `content` property must NOT have additional properties `merchantReference`. [path: components.examples.post-ACCOUNT_FUNDS_BELOW_THRESHOLD-accountFundsBelowThreshold.value.content.merchantReference]
Location: N/A
Fixed: False
Source: System
Issue Source: redocly-validator
Issue Target: import-url_root-spec
Action: COULD NOT PROCESS: Issue definition for code 'no-invalid-media-type-examples' not found in registry.
--------------------------------------------------
Time: 2025-10-13T22:25:32.358618
Issue: no-invalid-media-type-examples | N/A
Message: Example value must conform to the schema: `content` property must NOT have additional properties `sourceAccountCode`. [path: components.examples.post-ACCOUNT_FUNDS_BELOW_THRESHOLD-accountFundsBelowThreshold.value.content.sourceAccountCode]
Location: N/A
Fixed: False
Source: System
Issue Source: redocly-validator
Issue Target: import-url_root-spec
Action: COULD NOT PROCESS: Issue definition for code 'no-invalid-media-type-examples' not found in registry.
--------------------------------------------------
Time: 2025-10-13T22:25:32.400128
Issue: no-invalid-media-type-examples | N/A
Message: Example value must conform to the schema: `content` property must NOT have additional properties `status`. [path: components.examples.post-ACCOUNT_FUNDS_BELOW_THRESHOLD-accountFundsBelowThreshold.value.content.status]
Location: N/A
Fixed: False
Source: System
Issue Source: redocly-validator
Issue Target: import-url_root-spec
Action: COULD NOT PROCESS: Issue definition for code 'no-invalid-media-type-examples' not found in registry.
--------------------------------------------------
Time: 2025-10-13T22:25:32.438513
Issue: no-invalid-media-type-examples | N/A
Message: Example value must conform to the schema: `content` property must NOT have additional properties `transferCode`. [path: components.examples.post-ACCOUNT_FUNDS_BELOW_THRESHOLD-accountFundsBelowThreshold.value.content.transferCode]
Location: N/A
Fixed: False
Source: System
Issue Source: redocly-validator
Issue Target: import-url_root-spec
Action: COULD NOT PROCESS: Issue definition for code 'no-invalid-media-type-examples' not found in registry.
--------------------------------------------------
Time: 2025-10-13T22:25:32.506110
Issue: no-invalid-media-type-examples | N/A
Message: Example value must conform to the schema: `accountHolderDetails` property must NOT have additional properties `payoutInstrumentTokens`. [path: components.examples.post-ACCOUNT_HOLDER_CREATED-accountHolderCreated-businesses.value.content.accountHolderDetails.payoutInstrumentTokens]
Location: N/A
Fixed: False
Source: System
Issue Source: redocly-validator
Issue Target: import-url_root-spec
Action: COULD NOT PROCESS: Issue definition for code 'no-invalid-media-type-examples' not found in registry.
--------------------------------------------------
Time: 2025-10-13T22:25:32.609792
Issue: no-invalid-media-type-examples | N/A
Message: Example value must conform to the schema: must NOT have additional properties `mimeType`. [path: components.examples.post-ACCOUNT_HOLDER_CREATED-accountHolderCreated-failed.value.mimeType]
Location: N/A
Fixed: False
Source: System
Issue Source: redocly-validator
Issue Target: import-url_root-spec
Action: COULD NOT PROCESS: Issue definition for code 'no-invalid-media-type-examples' not found in registry.
--------------------------------------------------
Time: 2025-10-13T22:25:32.722553
Issue: no-invalid-media-type-examples | N/A
Message: Example value must conform to the schema: `content` property must NOT have additional properties `accountState`. [path: components.examples.post-ACCOUNT_HOLDER_CREATED-accountHolderCreated-failed.value.content.accountState]
Location: N/A
Fixed: False
Source: System
Issue Source: redocly-validator
Issue Target: import-url_root-spec
Action: COULD NOT PROCESS: Issue definition for code 'no-invalid-media-type-examples' not found in registry.
--------------------------------------------------
Time: 2025-10-13T22:25:32.863348
Issue: no-invalid-media-type-examples | N/A
Message: Example value must conform to the schema: `content` property must NOT have additional properties `amount`. [path: components.examples.post-ACCOUNT_HOLDER_CREATED-accountHolderCreated-failed.value.content.amount]
Location: N/A
Fixed: False
Source: System
Issue Source: redocly-validator
Issue Target: import-url_root-spec
Action: COULD NOT PROCESS: Issue definition for code 'no-invalid-media-type-examples' not found in registry.
--------------------------------------------------
Time: 2025-10-13T22:25:32.935903
Issue: no-invalid-media-type-examples | N/A
Message: Example value must conform to the schema: `content` property must NOT have additional properties `totalAmountBeforeLimit`. [path: components.examples.post-ACCOUNT_HOLDER_CREATED-accountHolderCreated-failed.value.content.totalAmountBeforeLimit]
Location: N/A
Fixed: False
Source: System
Issue Source: redocly-validator
Issue Target: import-url_root-spec
Action: COULD NOT PROCESS: Issue definition for code 'no-invalid-media-type-examples' not found in registry.
--------------------------------------------------
Time: 2025-10-13T22:25:33.051103
Issue: no-invalid-media-type-examples | N/A
Message: Example value must conform to the schema: `content` property must NOT have additional properties `transactionDate`. [path: components.examples.post-ACCOUNT_HOLDER_CREATED-accountHolderCreated-failed.value.content.transactionDate]
Location: N/A
Fixed: False
Source: System
Issue Source: redocly-validator
Issue Target: import-url_root-spec
Action: COULD NOT PROCESS: Issue definition for code 'no-invalid-media-type-examples' not found in registry.
--------------------------------------------------
Time: 2025-10-13T22:25:33.227766
Issue: no-invalid-media-type-examples | N/A
Message: Example value must conform to the schema: `content` property must NOT have additional properties `transactionFailed`. [path: components.examples.post-ACCOUNT_HOLDER_CREATED-accountHolderCreated-failed.value.content.transactionFailed]
Location: N/A
Fixed: False
Source: System
Issue Source: redocly-validator
Issue Target: import-url_root-spec
Action: COULD NOT PROCESS: Issue definition for code 'no-invalid-media-type-examples' not found in registry.
--------------------------------------------------
Time: 2025-10-13T22:25:33.399729
Issue: no-invalid-media-type-examples | N/A
Message: Example value must conform to the schema: `accountHolderDetails` property must NOT have additional properties `payoutInstrumentTokens`. [path: components.examples.post-ACCOUNT_HOLDER_CREATED-accountHolderCreated-individuals.value.content.accountHolderDetails.payoutInstrumentTokens]
Location: N/A
Fixed: False
Source: System
Issue Source: redocly-validator
Issue Target: import-url_root-spec
Action: COULD NOT PROCESS: Issue definition for code 'no-invalid-media-type-examples' not found in registry.
--------------------------------------------------
Time: 2025-10-13T22:25:33.471335
Issue: no-invalid-media-type-examples | N/A
Message: Example value must conform to the schema: must have required property 'executingUserKey'. [path: components.examples.post-ACCOUNT_HOLDER_UPCOMING_DEADLINE-accountHolderUpcomingDeadline.value]
Location: N/A
Fixed: False
Source: System
Issue Source: redocly-validator
Issue Target: import-url_root-spec
Action: COULD NOT PROCESS: Issue definition for code 'no-invalid-media-type-examples' not found in registry.
--------------------------------------------------
Time: 2025-10-13T22:25:33.622200
Issue: no-invalid-media-type-examples | N/A
Message: Example value must conform to the schema: `executionDate` property must match format "date-time". [path: components.examples.post-ACCOUNT_HOLDER_UPCOMING_DEADLINE-accountHolderUpcomingDeadline.value.content.executionDate]
Location: N/A
Fixed: False
Source: System
Issue Source: redocly-validator
Issue Target: import-url_root-spec
Action: COULD NOT PROCESS: Issue definition for code 'no-invalid-media-type-examples' not found in registry.
--------------------------------------------------
Time: 2025-10-13T22:25:33.742099
Issue: no-invalid-media-type-examples | N/A
Message: Example value must conform to the schema: `content` property must NOT have additional properties `status`. [path: components.examples.post-ACCOUNT_HOLDER_UPDATED-accountHolderUpdated.value.content.status]
Location: N/A
Fixed: False
Source: System
Issue Source: redocly-validator
Issue Target: import-url_root-spec
Action: COULD NOT PROCESS: Issue definition for code 'no-invalid-media-type-examples' not found in registry.
--------------------------------------------------
Time: 2025-10-13T22:25:33.961169
Issue: no-invalid-media-type-examples | N/A
Message: Example value must conform to the schema: must have required property 'eventDate'. [path: components.examples.post-COMPENSATE_NEGATIVE_BALANCE-compensateNegativeBalance.value]
Location: N/A
Fixed: False
Source: System
Issue Source: redocly-validator
Issue Target: import-url_root-spec
Action: COULD NOT PROCESS: Issue definition for code 'no-invalid-media-type-examples' not found in registry.
--------------------------------------------------
Time: 2025-10-13T22:25:34.076134
Issue: no-invalid-media-type-examples | N/A
Message: Example value must conform to the schema: `content` property must have required property 'accountCode'. [path: components.examples.post-DIRECT_DEBIT_INITIATED-directDebitInitiated.value.content]
Location: N/A
Fixed: False
Source: System
Issue Source: redocly-validator
Issue Target: import-url_root-spec
Action: COULD NOT PROCESS: Issue definition for code 'no-invalid-media-type-examples' not found in registry.
--------------------------------------------------
Time: 2025-10-13T22:25:34.210637
Issue: no-invalid-media-type-examples | N/A
Message: Example value must conform to the schema: `content` property must have required property 'merchantAccountCode'. [path: components.examples.post-DIRECT_DEBIT_INITIATED-directDebitInitiated.value.content]
Location: N/A
Fixed: False
Source: System
Issue Source: redocly-validator
Issue Target: import-url_root-spec
Action: COULD NOT PROCESS: Issue definition for code 'no-invalid-media-type-examples' not found in registry.
--------------------------------------------------
Time: 2025-10-13T22:25:34.320177
Issue: no-invalid-media-type-examples | N/A
Message: Example value must conform to the schema: `content` property must NOT have additional properties `destinationAccountCode`. [path: components.examples.post-DIRECT_DEBIT_INITIATED-directDebitInitiated.value.content.destinationAccountCode]
Location: N/A
Fixed: False
Source: System
Issue Source: redocly-validator
Issue Target: import-url_root-spec
Action: COULD NOT PROCESS: Issue definition for code 'no-invalid-media-type-examples' not found in registry.
--------------------------------------------------
Time: 2025-10-13T22:25:34.380603
Issue: no-invalid-media-type-examples | N/A
Message: Example value must conform to the schema: `content` property must NOT have additional properties `merchantReference`. [path: components.examples.post-DIRECT_DEBIT_INITIATED-directDebitInitiated.value.content.merchantReference]
Location: N/A
Fixed: False
Source: System
Issue Source: redocly-validator
Issue Target: import-url_root-spec
Action: COULD NOT PROCESS: Issue definition for code 'no-invalid-media-type-examples' not found in registry.
--------------------------------------------------
Time: 2025-10-13T22:25:34.473081
Issue: no-invalid-media-type-examples | N/A
Message: Example value must conform to the schema: `content` property must NOT have additional properties `sourceAccountCode`. [path: components.examples.post-DIRECT_DEBIT_INITIATED-directDebitInitiated.value.content.sourceAccountCode]
Location: N/A
Fixed: False
Source: System
Issue Source: redocly-validator
Issue Target: import-url_root-spec
Action: COULD NOT PROCESS: Issue definition for code 'no-invalid-media-type-examples' not found in registry.
--------------------------------------------------
Time: 2025-10-13T22:25:34.532316
Issue: no-invalid-media-type-examples | N/A
Message: Example value must conform to the schema: `content` property must NOT have additional properties `transferCode`. [path: components.examples.post-DIRECT_DEBIT_INITIATED-directDebitInitiated.value.content.transferCode]
Location: N/A
Fixed: False
Source: System
Issue Source: redocly-validator
Issue Target: import-url_root-spec
Action: COULD NOT PROCESS: Issue definition for code 'no-invalid-media-type-examples' not found in registry.
--------------------------------------------------
Time: 2025-10-13T22:25:34.628883
Issue: no-invalid-media-type-examples | N/A
Message: Example value must conform to the schema: `content` property must NOT have additional properties `amount`. [path: components.examples.post-PAYMENT_FAILURE-paymentFailure.value.content.amount]
Location: N/A
Fixed: False
Source: System
Issue Source: redocly-validator
Issue Target: import-url_root-spec
Action: COULD NOT PROCESS: Issue definition for code 'no-invalid-media-type-examples' not found in registry.
--------------------------------------------------
Time: 2025-10-13T22:25:34.716163
Issue: no-invalid-media-type-examples | N/A
Message: Example value must conform to the schema: `content` property must NOT have additional properties `destinationAccountCode`. [path: components.examples.post-PAYMENT_FAILURE-paymentFailure.value.content.destinationAccountCode]
Location: N/A
Fixed: False
Source: System
Issue Source: redocly-validator
Issue Target: import-url_root-spec
Action: COULD NOT PROCESS: Issue definition for code 'no-invalid-media-type-examples' not found in registry.
--------------------------------------------------
Time: 2025-10-13T22:25:34.733497
Issue: no-invalid-media-type-examples | N/A
Message: Example value must conform to the schema: `content` property must NOT have additional properties `invalidFields`. [path: components.examples.post-PAYMENT_FAILURE-paymentFailure.value.content.invalidFields]
Location: N/A
Fixed: False
Source: System
Issue Source: redocly-validator
Issue Target: import-url_root-spec
Action: COULD NOT PROCESS: Issue definition for code 'no-invalid-media-type-examples' not found in registry.
--------------------------------------------------
Time: 2025-10-13T22:25:34.790723
Issue: no-invalid-media-type-examples | N/A
Message: Example value must conform to the schema: `content` property must NOT have additional properties `merchantReference`. [path: components.examples.post-PAYMENT_FAILURE-paymentFailure.value.content.merchantReference]
Location: N/A
Fixed: False
Source: System
Issue Source: redocly-validator
Issue Target: import-url_root-spec
Action: COULD NOT PROCESS: Issue definition for code 'no-invalid-media-type-examples' not found in registry.
--------------------------------------------------
Time: 2025-10-13T22:25:34.854306
Issue: no-invalid-media-type-examples | N/A
Message: Example value must conform to the schema: `content` property must NOT have additional properties `sourceAccountCode`. [path: components.examples.post-PAYMENT_FAILURE-paymentFailure.value.content.sourceAccountCode]
Location: N/A
Fixed: False
Source: System
Issue Source: redocly-validator
Issue Target: import-url_root-spec
Action: COULD NOT PROCESS: Issue definition for code 'no-invalid-media-type-examples' not found in registry.
--------------------------------------------------
Time: 2025-10-13T22:25:34.910485
Issue: no-invalid-media-type-examples | N/A
Message: Example value must conform to the schema: `content` property must NOT have additional properties `status`. [path: components.examples.post-PAYMENT_FAILURE-paymentFailure.value.content.status]
Location: N/A
Fixed: False
Source: System
Issue Source: redocly-validator
Issue Target: import-url_root-spec
Action: COULD NOT PROCESS: Issue definition for code 'no-invalid-media-type-examples' not found in registry.
--------------------------------------------------
Time: 2025-10-13T22:25:34.955765
Issue: no-invalid-media-type-examples | N/A
Message: Example value must conform to the schema: `content` property must NOT have additional properties `transferCode`. [path: components.examples.post-PAYMENT_FAILURE-paymentFailure.value.content.transferCode]
Location: N/A
Fixed: False
Source: System
Issue Source: redocly-validator
Issue Target: import-url_root-spec
Action: COULD NOT PROCESS: Issue definition for code 'no-invalid-media-type-examples' not found in registry.
--------------------------------------------------
Time: 2025-10-13T22:25:35.024496
Issue: no-invalid-media-type-examples | N/A
Message: Example value must conform to the schema: `content` property must have required property 'originalReference'. [path: components.examples.post-REFUND_FUNDS_TRANSFER-refundFundsTransfer.value.content]
Location: N/A
Fixed: False
Source: System
Issue Source: redocly-validator
Issue Target: import-url_root-spec
Action: COULD NOT PROCESS: Issue definition for code 'no-invalid-media-type-examples' not found in registry.
--------------------------------------------------
Time: 2025-10-13T22:25:35.107639
Issue: no-invalid-media-type-examples | N/A
Message: Example value must conform to the schema: `content` property must NOT have additional properties `destinationAccountCode`. [path: components.examples.post-REFUND_FUNDS_TRANSFER-refundFundsTransfer.value.content.destinationAccountCode]
Location: N/A
Fixed: False
Source: System
Issue Source: redocly-validator
Issue Target: import-url_root-spec
Action: COULD NOT PROCESS: Issue definition for code 'no-invalid-media-type-examples' not found in registry.
--------------------------------------------------
Time: 2025-10-13T22:25:35.161234
Issue: no-invalid-media-type-examples | N/A
Message: Example value must conform to the schema: `content` property must NOT have additional properties `sourceAccountCode`. [path: components.examples.post-REFUND_FUNDS_TRANSFER-refundFundsTransfer.value.content.sourceAccountCode]
Location: N/A
Fixed: False
Source: System
Issue Source: redocly-validator
Issue Target: import-url_root-spec
Action: COULD NOT PROCESS: Issue definition for code 'no-invalid-media-type-examples' not found in registry.
--------------------------------------------------
Time: 2025-10-13T22:25:35.230517
Issue: no-invalid-media-type-examples | N/A
Message: Example value must conform to the schema: `content` property must NOT have additional properties `transferCode`. [path: components.examples.post-REFUND_FUNDS_TRANSFER-refundFundsTransfer.value.content.transferCode]
Location: N/A
Fixed: False
Source: System
Issue Source: redocly-validator
Issue Target: import-url_root-spec
Action: COULD NOT PROCESS: Issue definition for code 'no-invalid-media-type-examples' not found in registry.
--------------------------------------------------
Time: 2025-10-13T22:25:35.275733
Issue: no-invalid-media-type-examples | N/A
Message: Example value must conform to the schema: `content` property must NOT have additional properties `amount`. [path: components.examples.post-REPORT_AVAILABLE-reportAvailable.value.content.amount]
Location: N/A
Fixed: False
Source: System
Issue Source: redocly-validator
Issue Target: import-url_root-spec
Action: COULD NOT PROCESS: Issue definition for code 'no-invalid-media-type-examples' not found in registry.
--------------------------------------------------
Time: 2025-10-13T22:25:35.380668
Issue: no-invalid-media-type-examples | N/A
Message: Example value must conform to the schema: `content` property must NOT have additional properties `destinationAccountCode`. [path: components.examples.post-REPORT_AVAILABLE-reportAvailable.value.content.destinationAccountCode]
Location: N/A
Fixed: False
Source: System
Issue Source: redocly-validator
Issue Target: import-url_root-spec
Action: COULD NOT PROCESS: Issue definition for code 'no-invalid-media-type-examples' not found in registry.
--------------------------------------------------
Time: 2025-10-13T22:25:35.432689
Issue: no-invalid-media-type-examples | N/A
Message: Example value must conform to the schema: `content` property must NOT have additional properties `invalidFields`. [path: components.examples.post-REPORT_AVAILABLE-reportAvailable.value.content.invalidFields]
Location: N/A
Fixed: False
Source: System
Issue Source: redocly-validator
Issue Target: import-url_root-spec
Action: COULD NOT PROCESS: Issue definition for code 'no-invalid-media-type-examples' not found in registry.
--------------------------------------------------
Time: 2025-10-13T22:25:35.503631
Issue: no-invalid-media-type-examples | N/A
Message: Example value must conform to the schema: `content` property must NOT have additional properties `merchantReference`. [path: components.examples.post-REPORT_AVAILABLE-reportAvailable.value.content.merchantReference]
Location: N/A
Fixed: False
Source: System
Issue Source: redocly-validator
Issue Target: import-url_root-spec
Action: COULD NOT PROCESS: Issue definition for code 'no-invalid-media-type-examples' not found in registry.
--------------------------------------------------
Time: 2025-10-13T22:25:35.589600
Issue: no-invalid-media-type-examples | N/A
Message: Example value must conform to the schema: `content` property must NOT have additional properties `sourceAccountCode`. [path: components.examples.post-REPORT_AVAILABLE-reportAvailable.value.content.sourceAccountCode]
Location: N/A
Fixed: False
Source: System
Issue Source: redocly-validator
Issue Target: import-url_root-spec
Action: COULD NOT PROCESS: Issue definition for code 'no-invalid-media-type-examples' not found in registry.
--------------------------------------------------
Time: 2025-10-13T22:25:35.643730
Issue: no-invalid-media-type-examples | N/A
Message: Example value must conform to the schema: `content` property must NOT have additional properties `status`. [path: components.examples.post-REPORT_AVAILABLE-reportAvailable.value.content.status]
Location: N/A
Fixed: False
Source: System
Issue Source: redocly-validator
Issue Target: import-url_root-spec
Action: COULD NOT PROCESS: Issue definition for code 'no-invalid-media-type-examples' not found in registry.
--------------------------------------------------
Time: 2025-10-13T22:25:35.829383
Issue: no-invalid-media-type-examples | N/A
Message: Example value must conform to the schema: `content` property must NOT have additional properties `transferCode`. [path: components.examples.post-REPORT_AVAILABLE-reportAvailable.value.content.transferCode]
Location: N/A
Fixed: False
Source: System
Issue Source: redocly-validator
Issue Target: import-url_root-spec
Action: COULD NOT PROCESS: Issue definition for code 'no-invalid-media-type-examples' not found in registry.
--------------------------------------------------
Time: 2025-10-13T22:25:35.957736
Issue: no-invalid-media-type-examples | N/A
Message: Example value must conform to the schema: must have required property 'eventDate'. [path: components.examples.post-SCHEDULED_REFUNDS-scheduledRefunds.value]
Location: N/A
Fixed: False
Source: System
Issue Source: redocly-validator
Issue Target: import-url_root-spec
Action: COULD NOT PROCESS: Issue definition for code 'no-invalid-media-type-examples' not found in registry.
--------------------------------------------------
Time: 2025-10-13T22:25:36.030293
Issue: oas3-api-servers | N/A
Message: OpenAPI "servers" must be present and non-empty array. []
Location: N/A
Fixed: False
Source: System
Issue Source: spectral-validator
Issue Target: import-url_root-spec
Action: COULD NOT PROCESS: Issue definition for code 'oas3-api-servers' not found in registry.
--------------------------------------------------
Time: 2025-10-13T22:25:36.093080
Issue: oas3-valid-media-example | N/A
Message: "content" property must have required property "merchantAccountCode" [path: components.examples.post-ACCOUNT_FUNDS_BELOW_THRESHOLD-accountFundsBelowThreshold.value.content]
Location: N/A
Fixed: False
Source: System
Issue Source: spectral-validator
Issue Target: import-url_root-spec
Action: COULD NOT PROCESS: Issue definition for code 'oas3-valid-media-example' not found in registry.
--------------------------------------------------
Time: 2025-10-13T22:25:36.187193
Issue: oas3-valid-media-example | N/A
Message: Property "payoutInstrumentTokens" is not expected to be here [path: components.examples.post-ACCOUNT_HOLDER_CREATED-accountHolderCreated-businesses.value.content.accountHolderDetails]
Location: N/A
Fixed: False
Source: System
Issue Source: spectral-validator
Issue Target: import-url_root-spec
Action: COULD NOT PROCESS: Issue definition for code 'oas3-valid-media-example' not found in registry.
--------------------------------------------------
Time: 2025-10-13T22:25:36.259634
Issue: oas3-valid-media-example | N/A
Message: Property "mimeType" is not expected to be here [path: components.examples.post-ACCOUNT_HOLDER_CREATED-accountHolderCreated-failed.value]
Location: N/A
Fixed: False
Source: System
Issue Source: spectral-validator
Issue Target: import-url_root-spec
Action: COULD NOT PROCESS: Issue definition for code 'oas3-valid-media-example' not found in registry.
--------------------------------------------------
Time: 2025-10-13T22:25:36.449575
Issue: oas3-valid-media-example | N/A
Message: Property "payoutInstrumentTokens" is not expected to be here [path: components.examples.post-ACCOUNT_HOLDER_CREATED-accountHolderCreated-individuals.value.content.accountHolderDetails]
Location: N/A
Fixed: False
Source: System
Issue Source: spectral-validator
Issue Target: import-url_root-spec
Action: COULD NOT PROCESS: Issue definition for code 'oas3-valid-media-example' not found in registry.
--------------------------------------------------
Time: 2025-10-13T22:25:36.522065
Issue: oas3-valid-media-example | N/A
Message: "value" property must have required property "executingUserKey" [path: components.examples.post-ACCOUNT_HOLDER_UPCOMING_DEADLINE-accountHolderUpcomingDeadline.value]
Location: N/A
Fixed: False
Source: System
Issue Source: spectral-validator
Issue Target: import-url_root-spec
Action: COULD NOT PROCESS: Issue definition for code 'oas3-valid-media-example' not found in registry.
--------------------------------------------------
Time: 2025-10-13T22:25:36.652724
Issue: oas3-valid-media-example | N/A
Message: Property "status" is not expected to be here [path: components.examples.post-ACCOUNT_HOLDER_UPDATED-accountHolderUpdated.value.content]
Location: N/A
Fixed: False
Source: System
Issue Source: spectral-validator
Issue Target: import-url_root-spec
Action: COULD NOT PROCESS: Issue definition for code 'oas3-valid-media-example' not found in registry.
--------------------------------------------------
Time: 2025-10-13T22:25:36.722525
Issue: oas3-valid-media-example | N/A
Message: "value" property must have required property "eventDate" [path: components.examples.post-COMPENSATE_NEGATIVE_BALANCE-compensateNegativeBalance.value]
Location: N/A
Fixed: False
Source: System
Issue Source: spectral-validator
Issue Target: import-url_root-spec
Action: COULD NOT PROCESS: Issue definition for code 'oas3-valid-media-example' not found in registry.
--------------------------------------------------
Time: 2025-10-13T22:25:36.800285
Issue: oas3-valid-media-example | N/A
Message: "content" property must have required property "accountCode" [path: components.examples.post-DIRECT_DEBIT_INITIATED-directDebitInitiated.value.content]
Location: N/A
Fixed: False
Source: System
Issue Source: spectral-validator
Issue Target: import-url_root-spec
Action: COULD NOT PROCESS: Issue definition for code 'oas3-valid-media-example' not found in registry.
--------------------------------------------------
Time: 2025-10-13T22:25:36.853716
Issue: oas3-valid-media-example | N/A
Message: Property "amount" is not expected to be here [path: components.examples.post-PAYMENT_FAILURE-paymentFailure.value.content]
Location: N/A
Fixed: False
Source: System
Issue Source: spectral-validator
Issue Target: import-url_root-spec
Action: COULD NOT PROCESS: Issue definition for code 'oas3-valid-media-example' not found in registry.
--------------------------------------------------
Time: 2025-10-13T22:25:36.884048
Issue: oas3-valid-media-example | N/A
Message: "content" property must have required property "originalReference" [path: components.examples.post-REFUND_FUNDS_TRANSFER-refundFundsTransfer.value.content]
Location: N/A
Fixed: False
Source: System
Issue Source: spectral-validator
Issue Target: import-url_root-spec
Action: COULD NOT PROCESS: Issue definition for code 'oas3-valid-media-example' not found in registry.
--------------------------------------------------
Time: 2025-10-13T22:25:36.922145
Issue: oas3-valid-media-example | N/A
Message: Property "amount" is not expected to be here [path: components.examples.post-REPORT_AVAILABLE-reportAvailable.value.content]
Location: N/A
Fixed: False
Source: System
Issue Source: spectral-validator
Issue Target: import-url_root-spec
Action: COULD NOT PROCESS: Issue definition for code 'oas3-valid-media-example' not found in registry.
--------------------------------------------------
Time: 2025-10-13T22:25:36.951182
Issue: oas3-valid-media-example | N/A
Message: "value" property must have required property "eventDate" [path: components.examples.post-SCHEDULED_REFUNDS-scheduledRefunds.value]
Location: N/A
Fixed: False
Source: System
Issue Source: spectral-validator
Issue Target: import-url_root-spec
Action: COULD NOT PROCESS: Issue definition for code 'oas3-valid-media-example' not found in registry.
