Repair Log
Processed Timestamp: 2025-10-13T23:44:57.991188

--------------------------------------------------
Time: 2025-10-13T23:44:50.324472
Issue: oneOf | N/A
Message: {'description': 'Capacity commitment is a way to purchase compute capacity for BigQuery jobs (in the form of slots) with some committed period of usage. Annual commitments renew by default. Commitments can be removed after their commitment end time passes. In order to remove annual commitment, its plan needs to be changed to monthly or flex first. A capacity commitment resource exists as a child resource of the admin project.', 'properties': {'commitmentEndTime': {'description': "Output only. The end of the current commitment period. It is applicable only for ACTIVE capacity commitments. Note after renewal, commitment_end_time is the time the renewed commitment expires. So itwould be at a time after commitment_start_time + committed period, because we don't change commitment_start_time ,", 'format': 'google-datetime', 'readOnly': True, 'type': 'string'}, 'commitmentStartTime': {'description': "Output only. The start of the current commitment period. It is applicable only for ACTIVE capacity commitments. Note after the commitment is renewed, commitment_start_time won't be changed. It refers to the start time of the original commitment.", 'format': 'google-datetime', 'readOnly': True, 'type': 'string'}, 'edition': {'description': 'Edition of the capacity commitment.', 'enum': ['EDITION_UNSPECIFIED', 'STANDARD', 'ENTERPRISE', 'ENTERPRISE_PLUS'], 'type': 'string'}, 'failureStatus': {'$ref': '#/components/schemas/Status', 'description': 'Output only. For FAILED commitment plan, provides the reason of failure.', 'readOnly': True}, 'isFlatRate': {'description': "Output only. If true, the commitment is a flat-rate commitment, otherwise, it's an edition commitment.", 'readOnly': True, 'type': 'boolean'}, 'multiRegionAuxiliary': {'description': "Applicable only for commitments located within one of the BigQuery multi-regions (US or EU). If set to true, this commitment is placed in the organization's secondary region which is designated for disaster recovery purposes. If false, this commitment is placed in the organization's default region. NOTE: this is a preview feature. Project must be allow-listed in order to set this field.", 'type': 'boolean'}, 'name': {'description': 'Output only. The resource name of the capacity commitment, e.g., `projects/myproject/locations/US/capacityCommitments/123` The commitment_id must only contain lower case alphanumeric characters or dashes. It must start with a letter and must not end with a dash. Its maximum length is 64 characters.', 'readOnly': True, 'type': 'string'}, 'plan': {'description': 'Capacity commitment commitment plan.', 'enum': ['COMMITMENT_PLAN_UNSPECIFIED', 'FLEX', 'FLEX_FLAT_RATE', 'TRIAL', 'MONTHLY', 'MONTHLY_FLAT_RATE', 'ANNUAL', 'ANNUAL_FLAT_RATE', 'THREE_YEAR', 'NONE'], 'enumDeprecated': [False, False, True, True, False, True, False, True, False, False], 'type': 'string'}, 'renewalPlan': {'description': 'The plan this capacity commitment is converted to after commitment_end_time passes. Once the plan is changed, committed period is extended according to commitment plan. Only applicable for ANNUAL and TRIAL commitments.', 'enum': ['COMMITMENT_PLAN_UNSPECIFIED', 'FLEX', 'FLEX_FLAT_RATE', 'TRIAL', 'MONTHLY', 'MONTHLY_FLAT_RATE', 'ANNUAL', 'ANNUAL_FLAT_RATE', 'THREE_YEAR', 'NONE'], 'enumDeprecated': [False, False, True, True, False, True, False, True, False, False], 'type': 'string'}, 'slotCount': {'description': 'Number of slots in this commitment.', 'format': 'int64', 'type': 'string'}, 'state': {'description': 'Output only. State of the commitment.', 'enum': ['STATE_UNSPECIFIED', 'PENDING', 'ACTIVE', 'FAILED'], 'readOnly': True, 'type': 'string'}}, 'type': 'object'} is not valid under any of the given schemas
Location: N/A
Fixed: False
Source: System
Issue Source: openapi-spec-validator
Issue Target: import-url_bundled-spec
Action: COULD NOT PROCESS: Issue definition for code 'oneOf' not found in registry.
--------------------------------------------------
Time: 2025-10-13T23:44:50.357063
Issue: <unset> | N/A
Message: Path parameter '+name' for 'delete' operation in '/v1/{+name}' was not resolved
Location: N/A
Fixed: False
Source: System
Issue Source: openapi-spec-validator
Issue Target: import-url_bundled-spec
Action: COULD NOT PROCESS: Issue definition for code '<unset>' not found in registry.
--------------------------------------------------
Time: 2025-10-13T23:44:50.389535
Issue: <unset> | N/A
Message: Path parameter '+name' for 'get' operation in '/v1/{+name}' was not resolved
Location: N/A
Fixed: False
Source: System
Issue Source: openapi-spec-validator
Issue Target: import-url_bundled-spec
Action: COULD NOT PROCESS: Issue definition for code '<unset>' not found in registry.
--------------------------------------------------
Time: 2025-10-13T23:44:50.392657
Issue: <unset> | N/A
Message: Path parameter '+name' for 'patch' operation in '/v1/{+name}' was not resolved
Location: N/A
Fixed: False
Source: System
Issue Source: openapi-spec-validator
Issue Target: import-url_bundled-spec
Action: COULD NOT PROCESS: Issue definition for code '<unset>' not found in registry.
--------------------------------------------------
Time: 2025-10-13T23:44:50.393706
Issue: <unset> | N/A
Message: Path parameter '+name' for 'post' operation in '/v1/{+name}:failoverReservation' was not resolved
Location: N/A
Fixed: False
Source: System
Issue Source: openapi-spec-validator
Issue Target: import-url_bundled-spec
Action: COULD NOT PROCESS: Issue definition for code '<unset>' not found in registry.
--------------------------------------------------
Time: 2025-10-13T23:44:50.394974
Issue: <unset> | N/A
Message: Path parameter '+name' for 'post' operation in '/v1/{+name}:move' was not resolved
Location: N/A
Fixed: False
Source: System
Issue Source: openapi-spec-validator
Issue Target: import-url_bundled-spec
Action: COULD NOT PROCESS: Issue definition for code '<unset>' not found in registry.
--------------------------------------------------
Time: 2025-10-13T23:44:50.396306
Issue: <unset> | N/A
Message: Path parameter '+name' for 'post' operation in '/v1/{+name}:split' was not resolved
Location: N/A
Fixed: False
Source: System
Issue Source: openapi-spec-validator
Issue Target: import-url_bundled-spec
Action: COULD NOT PROCESS: Issue definition for code '<unset>' not found in registry.
--------------------------------------------------
Time: 2025-10-13T23:44:50.397794
Issue: <unset> | N/A
Message: Path parameter '+parent' for 'get' operation in '/v1/{+parent}/assignments' was not resolved
Location: N/A
Fixed: False
Source: System
Issue Source: openapi-spec-validator
Issue Target: import-url_bundled-spec
Action: COULD NOT PROCESS: Issue definition for code '<unset>' not found in registry.
--------------------------------------------------
Time: 2025-10-13T23:44:50.398833
Issue: <unset> | N/A
Message: Path parameter '+parent' for 'post' operation in '/v1/{+parent}/assignments' was not resolved
Location: N/A
Fixed: False
Source: System
Issue Source: openapi-spec-validator
Issue Target: import-url_bundled-spec
Action: COULD NOT PROCESS: Issue definition for code '<unset>' not found in registry.
--------------------------------------------------
Time: 2025-10-13T23:44:50.400158
Issue: <unset> | N/A
Message: Path parameter '+parent' for 'get' operation in '/v1/{+parent}/capacityCommitments' was not resolved
Location: N/A
Fixed: False
Source: System
Issue Source: openapi-spec-validator
Issue Target: import-url_bundled-spec
Action: COULD NOT PROCESS: Issue definition for code '<unset>' not found in registry.
--------------------------------------------------
Time: 2025-10-13T23:44:50.401381
Issue: <unset> | N/A
Message: Path parameter '+parent' for 'post' operation in '/v1/{+parent}/capacityCommitments' was not resolved
Location: N/A
Fixed: False
Source: System
Issue Source: openapi-spec-validator
Issue Target: import-url_bundled-spec
Action: COULD NOT PROCESS: Issue definition for code '<unset>' not found in registry.
--------------------------------------------------
Time: 2025-10-13T23:44:50.402658
Issue: <unset> | N/A
Message: Path parameter '+parent' for 'post' operation in '/v1/{+parent}/capacityCommitments:merge' was not resolved
Location: N/A
Fixed: False
Source: System
Issue Source: openapi-spec-validator
Issue Target: import-url_bundled-spec
Action: COULD NOT PROCESS: Issue definition for code '<unset>' not found in registry.
--------------------------------------------------
Time: 2025-10-13T23:44:50.404826
Issue: <unset> | N/A
Message: Path parameter '+parent' for 'get' operation in '/v1/{+parent}/reservations' was not resolved
Location: N/A
Fixed: False
Source: System
Issue Source: openapi-spec-validator
Issue Target: import-url_bundled-spec
Action: COULD NOT PROCESS: Issue definition for code '<unset>' not found in registry.
--------------------------------------------------
Time: 2025-10-13T23:44:50.406359
Issue: <unset> | N/A
Message: Path parameter '+parent' for 'post' operation in '/v1/{+parent}/reservations' was not resolved
Location: N/A
Fixed: False
Source: System
Issue Source: openapi-spec-validator
Issue Target: import-url_bundled-spec
Action: COULD NOT PROCESS: Issue definition for code '<unset>' not found in registry.
--------------------------------------------------
Time: 2025-10-13T23:44:50.407830
Issue: <unset> | N/A
Message: Path parameter '+parent' for 'get' operation in '/v1/{+parent}:searchAllAssignments' was not resolved
Location: N/A
Fixed: False
Source: System
Issue Source: openapi-spec-validator
Issue Target: import-url_bundled-spec
Action: COULD NOT PROCESS: Issue definition for code '<unset>' not found in registry.
--------------------------------------------------
Time: 2025-10-13T23:44:50.409343
Issue: <unset> | N/A
Message: Path parameter '+parent' for 'get' operation in '/v1/{+parent}:searchAssignments' was not resolved
Location: N/A
Fixed: False
Source: System
Issue Source: openapi-spec-validator
Issue Target: import-url_bundled-spec
Action: COULD NOT PROCESS: Issue definition for code '<unset>' not found in registry.
--------------------------------------------------
Time: 2025-10-13T23:44:50.410908
Issue: no-server-trailing-slash | N/A
Message: Server `url` should not have a trailing slash. [path: servers.0.url]
Location: N/A
Fixed: False
Source: System
Issue Source: redocly-validator
Issue Target: import-url_bundled-spec
Action: COULD NOT PROCESS: Issue definition for code 'no-server-trailing-slash' not found in registry.
--------------------------------------------------
Time: 2025-10-13T23:44:50.412503
Issue: operation-summary | N/A
Message: Operation object should contain `summary` field. [path: paths./v1/{+name}.get.summary]
Location: N/A
Fixed: False
Source: System
Issue Source: redocly-validator
Issue Target: import-url_bundled-spec
Action: COULD NOT PROCESS: Issue definition for code 'operation-summary' not found in registry.
--------------------------------------------------
Time: 2025-10-13T23:44:50.414220
Issue: path-parameters-defined | N/A
Message: Path parameter `name` is not used in the path `/v1/{+name}`. [path: paths./v1/{+name}.get.parameters.0.name]
Location: N/A
Fixed: False
Source: System
Issue Source: redocly-validator
Issue Target: import-url_bundled-spec
Action: COULD NOT PROCESS: Issue definition for code 'path-parameters-defined' not found in registry.
--------------------------------------------------
Time: 2025-10-13T23:44:50.415360
Issue: struct | N/A
Message: Property `enumDeprecated` is not expected here. [path: components.schemas.CapacityCommitment.properties.plan.enumDeprecated]
Location: N/A
Fixed: False
Source: System
Issue Source: redocly-validator
Issue Target: import-url_bundled-spec
Action: COULD NOT PROCESS: Issue definition for code 'struct' not found in registry.
--------------------------------------------------
Time: 2025-10-13T23:44:50.416024
Issue: struct | N/A
Message: Property `enumDeprecated` is not expected here. [path: components.schemas.CapacityCommitment.properties.renewalPlan.enumDeprecated]
Location: N/A
Fixed: False
Source: System
Issue Source: redocly-validator
Issue Target: import-url_bundled-spec
Action: COULD NOT PROCESS: Issue definition for code 'struct' not found in registry.
--------------------------------------------------
Time: 2025-10-13T23:44:50.417011
Issue: operation-summary | N/A
Message: Operation object should contain `summary` field. [path: paths./v1/{+name}.delete.summary]
Location: N/A
Fixed: False
Source: System
Issue Source: redocly-validator
Issue Target: import-url_bundled-spec
Action: COULD NOT PROCESS: Issue definition for code 'operation-summary' not found in registry.
--------------------------------------------------
Time: 2025-10-13T23:44:50.417988
Issue: path-parameters-defined | N/A
Message: Path parameter `name` is not used in the path `/v1/{+name}`. [path: paths./v1/{+name}.delete.parameters.0.name]
Location: N/A
Fixed: False
Source: System
Issue Source: redocly-validator
Issue Target: import-url_bundled-spec
Action: COULD NOT PROCESS: Issue definition for code 'path-parameters-defined' not found in registry.
--------------------------------------------------
Time: 2025-10-13T23:44:50.420485
Issue: operation-summary | N/A
Message: Operation object should contain `summary` field. [path: paths./v1/{+name}.patch.summary]
Location: N/A
Fixed: False
Source: System
Issue Source: redocly-validator
Issue Target: import-url_bundled-spec
Action: COULD NOT PROCESS: Issue definition for code 'operation-summary' not found in registry.
--------------------------------------------------
Time: 2025-10-13T23:44:50.421495
Issue: path-parameters-defined | N/A
Message: Path parameter `name` is not used in the path `/v1/{+name}`. [path: paths./v1/{+name}.patch.parameters.0.name]
Location: N/A
Fixed: False
Source: System
Issue Source: redocly-validator
Issue Target: import-url_bundled-spec
Action: COULD NOT PROCESS: Issue definition for code 'path-parameters-defined' not found in registry.
--------------------------------------------------
Time: 2025-10-13T23:44:50.422606
Issue: operation-summary | N/A
Message: Operation object should contain `summary` field. [path: paths./v1/{+name}:failoverReservation.post.summary]
Location: N/A
Fixed: False
Source: System
Issue Source: redocly-validator
Issue Target: import-url_bundled-spec
Action: COULD NOT PROCESS: Issue definition for code 'operation-summary' not found in registry.
--------------------------------------------------
Time: 2025-10-13T23:44:50.424395
Issue: path-parameters-defined | N/A
Message: Path parameter `name` is not used in the path `/v1/{+name}:failoverReservation`. [path: paths./v1/{+name}:failoverReservation.post.parameters.0.name]
Location: N/A
Fixed: False
Source: System
Issue Source: redocly-validator
Issue Target: import-url_bundled-spec
Action: COULD NOT PROCESS: Issue definition for code 'path-parameters-defined' not found in registry.
--------------------------------------------------
Time: 2025-10-13T23:44:50.425495
Issue: operation-summary | N/A
Message: Operation object should contain `summary` field. [path: paths./v1/{+name}:move.post.summary]
Location: N/A
Fixed: False
Source: System
Issue Source: redocly-validator
Issue Target: import-url_bundled-spec
Action: COULD NOT PROCESS: Issue definition for code 'operation-summary' not found in registry.
--------------------------------------------------
Time: 2025-10-13T23:44:50.426548
Issue: path-parameters-defined | N/A
Message: Path parameter `name` is not used in the path `/v1/{+name}:move`. [path: paths./v1/{+name}:move.post.parameters.0.name]
Location: N/A
Fixed: False
Source: System
Issue Source: redocly-validator
Issue Target: import-url_bundled-spec
Action: COULD NOT PROCESS: Issue definition for code 'path-parameters-defined' not found in registry.
--------------------------------------------------
Time: 2025-10-13T23:44:50.427674
Issue: operation-summary | N/A
Message: Operation object should contain `summary` field. [path: paths./v1/{+name}:split.post.summary]
Location: N/A
Fixed: False
Source: System
Issue Source: redocly-validator
Issue Target: import-url_bundled-spec
Action: COULD NOT PROCESS: Issue definition for code 'operation-summary' not found in registry.
--------------------------------------------------
Time: 2025-10-13T23:44:50.428881
Issue: path-parameters-defined | N/A
Message: Path parameter `name` is not used in the path `/v1/{+name}:split`. [path: paths./v1/{+name}:split.post.parameters.0.name]
Location: N/A
Fixed: False
Source: System
Issue Source: redocly-validator
Issue Target: import-url_bundled-spec
Action: COULD NOT PROCESS: Issue definition for code 'path-parameters-defined' not found in registry.
--------------------------------------------------
Time: 2025-10-13T23:44:50.430025
Issue: operation-summary | N/A
Message: Operation object should contain `summary` field. [path: paths./v1/{+parent}/assignments.get.summary]
Location: N/A
Fixed: False
Source: System
Issue Source: redocly-validator
Issue Target: import-url_bundled-spec
Action: COULD NOT PROCESS: Issue definition for code 'operation-summary' not found in registry.
--------------------------------------------------
Time: 2025-10-13T23:44:50.431281
Issue: path-parameters-defined | N/A
Message: Path parameter `parent` is not used in the path `/v1/{+parent}/assignments`. [path: paths./v1/{+parent}/assignments.get.parameters.0.name]
Location: N/A
Fixed: False
Source: System
Issue Source: redocly-validator
Issue Target: import-url_bundled-spec
Action: COULD NOT PROCESS: Issue definition for code 'path-parameters-defined' not found in registry.
--------------------------------------------------
Time: 2025-10-13T23:44:50.432767
Issue: operation-summary | N/A
Message: Operation object should contain `summary` field. [path: paths./v1/{+parent}/assignments.post.summary]
Location: N/A
Fixed: False
Source: System
Issue Source: redocly-validator
Issue Target: import-url_bundled-spec
Action: COULD NOT PROCESS: Issue definition for code 'operation-summary' not found in registry.
--------------------------------------------------
Time: 2025-10-13T23:44:50.433915
Issue: path-parameters-defined | N/A
Message: Path parameter `parent` is not used in the path `/v1/{+parent}/assignments`. [path: paths./v1/{+parent}/assignments.post.parameters.0.name]
Location: N/A
Fixed: False
Source: System
Issue Source: redocly-validator
Issue Target: import-url_bundled-spec
Action: COULD NOT PROCESS: Issue definition for code 'path-parameters-defined' not found in registry.
--------------------------------------------------
Time: 2025-10-13T23:44:50.435371
Issue: operation-summary | N/A
Message: Operation object should contain `summary` field. [path: paths./v1/{+parent}/capacityCommitments.get.summary]
Location: N/A
Fixed: False
Source: System
Issue Source: redocly-validator
Issue Target: import-url_bundled-spec
Action: COULD NOT PROCESS: Issue definition for code 'operation-summary' not found in registry.
--------------------------------------------------
Time: 2025-10-13T23:44:50.436461
Issue: path-parameters-defined | N/A
Message: Path parameter `parent` is not used in the path `/v1/{+parent}/capacityCommitments`. [path: paths./v1/{+parent}/capacityCommitments.get.parameters.0.name]
Location: N/A
Fixed: False
Source: System
Issue Source: redocly-validator
Issue Target: import-url_bundled-spec
Action: COULD NOT PROCESS: Issue definition for code 'path-parameters-defined' not found in registry.
--------------------------------------------------
Time: 2025-10-13T23:44:50.437934
Issue: operation-summary | N/A
Message: Operation object should contain `summary` field. [path: paths./v1/{+parent}/capacityCommitments.post.summary]
Location: N/A
Fixed: False
Source: System
Issue Source: redocly-validator
Issue Target: import-url_bundled-spec
Action: COULD NOT PROCESS: Issue definition for code 'operation-summary' not found in registry.
--------------------------------------------------
Time: 2025-10-13T23:44:50.439208
Issue: path-parameters-defined | N/A
Message: Path parameter `parent` is not used in the path `/v1/{+parent}/capacityCommitments`. [path: paths./v1/{+parent}/capacityCommitments.post.parameters.0.name]
Location: N/A
Fixed: False
Source: System
Issue Source: redocly-validator
Issue Target: import-url_bundled-spec
Action: COULD NOT PROCESS: Issue definition for code 'path-parameters-defined' not found in registry.
--------------------------------------------------
Time: 2025-10-13T23:44:50.440792
Issue: operation-summary | N/A
Message: Operation object should contain `summary` field. [path: paths./v1/{+parent}/capacityCommitments:merge.post.summary]
Location: N/A
Fixed: False
Source: System
Issue Source: redocly-validator
Issue Target: import-url_bundled-spec
Action: COULD NOT PROCESS: Issue definition for code 'operation-summary' not found in registry.
--------------------------------------------------
Time: 2025-10-13T23:44:50.443070
Issue: path-parameters-defined | N/A
Message: Path parameter `parent` is not used in the path `/v1/{+parent}/capacityCommitments:merge`. [path: paths./v1/{+parent}/capacityCommitments:merge.post.parameters.0.name]
Location: N/A
Fixed: False
Source: System
Issue Source: redocly-validator
Issue Target: import-url_bundled-spec
Action: COULD NOT PROCESS: Issue definition for code 'path-parameters-defined' not found in registry.
--------------------------------------------------
Time: 2025-10-13T23:44:50.444224
Issue: operation-summary | N/A
Message: Operation object should contain `summary` field. [path: paths./v1/{+parent}/reservations.get.summary]
Location: N/A
Fixed: False
Source: System
Issue Source: redocly-validator
Issue Target: import-url_bundled-spec
Action: COULD NOT PROCESS: Issue definition for code 'operation-summary' not found in registry.
--------------------------------------------------
Time: 2025-10-13T23:44:50.445378
Issue: path-parameters-defined | N/A
Message: Path parameter `parent` is not used in the path `/v1/{+parent}/reservations`. [path: paths./v1/{+parent}/reservations.get.parameters.0.name]
Location: N/A
Fixed: False
Source: System
Issue Source: redocly-validator
Issue Target: import-url_bundled-spec
Action: COULD NOT PROCESS: Issue definition for code 'path-parameters-defined' not found in registry.
--------------------------------------------------
Time: 2025-10-13T23:44:50.446092
Issue: operation-summary | N/A
Message: Operation object should contain `summary` field. [path: paths./v1/{+parent}/reservations.post.summary]
Location: N/A
Fixed: False
Source: System
Issue Source: redocly-validator
Issue Target: import-url_bundled-spec
Action: COULD NOT PROCESS: Issue definition for code 'operation-summary' not found in registry.
--------------------------------------------------
Time: 2025-10-13T23:44:50.447254
Issue: path-parameters-defined | N/A
Message: Path parameter `parent` is not used in the path `/v1/{+parent}/reservations`. [path: paths./v1/{+parent}/reservations.post.parameters.0.name]
Location: N/A
Fixed: False
Source: System
Issue Source: redocly-validator
Issue Target: import-url_bundled-spec
Action: COULD NOT PROCESS: Issue definition for code 'path-parameters-defined' not found in registry.
--------------------------------------------------
Time: 2025-10-13T23:44:50.448040
Issue: operation-summary | N/A
Message: Operation object should contain `summary` field. [path: paths./v1/{+parent}:searchAllAssignments.get.summary]
Location: N/A
Fixed: False
Source: System
Issue Source: redocly-validator
Issue Target: import-url_bundled-spec
Action: COULD NOT PROCESS: Issue definition for code 'operation-summary' not found in registry.
--------------------------------------------------
Time: 2025-10-13T23:44:50.448717
Issue: path-parameters-defined | N/A
Message: Path parameter `parent` is not used in the path `/v1/{+parent}:searchAllAssignments`. [path: paths./v1/{+parent}:searchAllAssignments.get.parameters.0.name]
Location: N/A
Fixed: False
Source: System
Issue Source: redocly-validator
Issue Target: import-url_bundled-spec
Action: COULD NOT PROCESS: Issue definition for code 'path-parameters-defined' not found in registry.
--------------------------------------------------
Time: 2025-10-13T23:44:50.449376
Issue: operation-summary | N/A
Message: Operation object should contain `summary` field. [path: paths./v1/{+parent}:searchAssignments.get.summary]
Location: N/A
Fixed: False
Source: System
Issue Source: redocly-validator
Issue Target: import-url_bundled-spec
Action: COULD NOT PROCESS: Issue definition for code 'operation-summary' not found in registry.
--------------------------------------------------
Time: 2025-10-13T23:44:50.450318
Issue: path-parameters-defined | N/A
Message: Path parameter `parent` is not used in the path `/v1/{+parent}:searchAssignments`. [path: paths./v1/{+parent}:searchAssignments.get.parameters.0.name]
Location: N/A
Fixed: False
Source: System
Issue Source: redocly-validator
Issue Target: import-url_bundled-spec
Action: COULD NOT PROCESS: Issue definition for code 'path-parameters-defined' not found in registry.
--------------------------------------------------
Time: 2025-10-13T23:44:50.451591
Issue: tag-description | N/A
Message: Tag object should contain `description` field. [path: tags.0.description]
Location: N/A
Fixed: False
Source: System
Issue Source: redocly-validator
Issue Target: import-url_bundled-spec
Action: COULD NOT PROCESS: Issue definition for code 'tag-description' not found in registry.
--------------------------------------------------
Time: 2025-10-13T23:44:50.452707
Issue: operation-4xx-response | N/A
Message: Operation must have at least one `4XX` response. [path: paths./v1/{+name}.get.responses]
Location: N/A
Fixed: False
Source: System
Issue Source: redocly-validator
Issue Target: import-url_bundled-spec
Action: COULD NOT PROCESS: Issue definition for code 'operation-4xx-response' not found in registry.
--------------------------------------------------
Time: 2025-10-13T23:44:50.453391
Issue: operation-4xx-response | N/A
Message: Operation must have at least one `4XX` response. [path: paths./v1/{+name}.delete.responses]
Location: N/A
Fixed: False
Source: System
Issue Source: redocly-validator
Issue Target: import-url_bundled-spec
Action: COULD NOT PROCESS: Issue definition for code 'operation-4xx-response' not found in registry.
--------------------------------------------------
Time: 2025-10-13T23:44:50.454616
Issue: operation-4xx-response | N/A
Message: Operation must have at least one `4XX` response. [path: paths./v1/{+name}.patch.responses]
Location: N/A
Fixed: False
Source: System
Issue Source: redocly-validator
Issue Target: import-url_bundled-spec
Action: COULD NOT PROCESS: Issue definition for code 'operation-4xx-response' not found in registry.
--------------------------------------------------
Time: 2025-10-13T23:44:50.456046
Issue: operation-4xx-response | N/A
Message: Operation must have at least one `4XX` response. [path: paths./v1/{+name}:failoverReservation.post.responses]
Location: N/A
Fixed: False
Source: System
Issue Source: redocly-validator
Issue Target: import-url_bundled-spec
Action: COULD NOT PROCESS: Issue definition for code 'operation-4xx-response' not found in registry.
--------------------------------------------------
Time: 2025-10-13T23:44:50.457277
Issue: operation-4xx-response | N/A
Message: Operation must have at least one `4XX` response. [path: paths./v1/{+name}:move.post.responses]
Location: N/A
Fixed: False
Source: System
Issue Source: redocly-validator
Issue Target: import-url_bundled-spec
Action: COULD NOT PROCESS: Issue definition for code 'operation-4xx-response' not found in registry.
--------------------------------------------------
Time: 2025-10-13T23:44:50.458238
Issue: operation-4xx-response | N/A
Message: Operation must have at least one `4XX` response. [path: paths./v1/{+name}:split.post.responses]
Location: N/A
Fixed: False
Source: System
Issue Source: redocly-validator
Issue Target: import-url_bundled-spec
Action: COULD NOT PROCESS: Issue definition for code 'operation-4xx-response' not found in registry.
--------------------------------------------------
Time: 2025-10-13T23:44:50.459183
Issue: operation-4xx-response | N/A
Message: Operation must have at least one `4XX` response. [path: paths./v1/{+parent}/assignments.get.responses]
Location: N/A
Fixed: False
Source: System
Issue Source: redocly-validator
Issue Target: import-url_bundled-spec
Action: COULD NOT PROCESS: Issue definition for code 'operation-4xx-response' not found in registry.
--------------------------------------------------
Time: 2025-10-13T23:44:50.459842
Issue: operation-4xx-response | N/A
Message: Operation must have at least one `4XX` response. [path: paths./v1/{+parent}/assignments.post.responses]
Location: N/A
Fixed: False
Source: System
Issue Source: redocly-validator
Issue Target: import-url_bundled-spec
Action: COULD NOT PROCESS: Issue definition for code 'operation-4xx-response' not found in registry.
--------------------------------------------------
Time: 2025-10-13T23:44:50.460416
Issue: operation-4xx-response | N/A
Message: Operation must have at least one `4XX` response. [path: paths./v1/{+parent}/capacityCommitments.get.responses]
Location: N/A
Fixed: False
Source: System
Issue Source: redocly-validator
Issue Target: import-url_bundled-spec
Action: COULD NOT PROCESS: Issue definition for code 'operation-4xx-response' not found in registry.
--------------------------------------------------
Time: 2025-10-13T23:44:50.460969
Issue: operation-4xx-response | N/A
Message: Operation must have at least one `4XX` response. [path: paths./v1/{+parent}/capacityCommitments.post.responses]
Location: N/A
Fixed: False
Source: System
Issue Source: redocly-validator
Issue Target: import-url_bundled-spec
Action: COULD NOT PROCESS: Issue definition for code 'operation-4xx-response' not found in registry.
--------------------------------------------------
Time: 2025-10-13T23:44:50.461445
Issue: operation-4xx-response | N/A
Message: Operation must have at least one `4XX` response. [path: paths./v1/{+parent}/capacityCommitments:merge.post.responses]
Location: N/A
Fixed: False
Source: System
Issue Source: redocly-validator
Issue Target: import-url_bundled-spec
Action: COULD NOT PROCESS: Issue definition for code 'operation-4xx-response' not found in registry.
--------------------------------------------------
Time: 2025-10-13T23:44:50.461920
Issue: operation-4xx-response | N/A
Message: Operation must have at least one `4XX` response. [path: paths./v1/{+parent}/reservations.get.responses]
Location: N/A
Fixed: False
Source: System
Issue Source: redocly-validator
Issue Target: import-url_bundled-spec
Action: COULD NOT PROCESS: Issue definition for code 'operation-4xx-response' not found in registry.
--------------------------------------------------
Time: 2025-10-13T23:44:50.462500
Issue: operation-4xx-response | N/A
Message: Operation must have at least one `4XX` response. [path: paths./v1/{+parent}/reservations.post.responses]
Location: N/A
Fixed: False
Source: System
Issue Source: redocly-validator
Issue Target: import-url_bundled-spec
Action: COULD NOT PROCESS: Issue definition for code 'operation-4xx-response' not found in registry.
--------------------------------------------------
Time: 2025-10-13T23:44:50.463155
Issue: operation-4xx-response | N/A
Message: Operation must have at least one `4XX` response. [path: paths./v1/{+parent}:searchAllAssignments.get.responses]
Location: N/A
Fixed: False
Source: System
Issue Source: redocly-validator
Issue Target: import-url_bundled-spec
Action: COULD NOT PROCESS: Issue definition for code 'operation-4xx-response' not found in registry.
--------------------------------------------------
Time: 2025-10-13T23:44:50.463909
Issue: operation-4xx-response | N/A
Message: Operation must have at least one `4XX` response. [path: paths./v1/{+parent}:searchAssignments.get.responses]
Location: N/A
Fixed: False
Source: System
Issue Source: redocly-validator
Issue Target: import-url_bundled-spec
Action: COULD NOT PROCESS: Issue definition for code 'operation-4xx-response' not found in registry.
--------------------------------------------------
Time: 2025-10-13T23:44:50.464621
Issue: no-unused-components | N/A
Message: Component: "BiReservation" is never used. [path: components.schemas.BiReservation]
Location: N/A
Fixed: False
Source: System
Issue Source: redocly-validator
Issue Target: import-url_bundled-spec
Action: COULD NOT PROCESS: Issue definition for code 'no-unused-components' not found in registry.
--------------------------------------------------
Time: 2025-10-13T23:44:50.465239
Issue: no-unused-components | N/A
Message: Component: "CapacityCommitment" is never used. [path: components.requestBodies.CapacityCommitment]
Location: N/A
Fixed: False
Source: System
Issue Source: redocly-validator
Issue Target: import-url_bundled-spec
Action: COULD NOT PROCESS: Issue definition for code 'no-unused-components' not found in registry.
--------------------------------------------------
Time: 2025-10-13T23:44:50.465987
Issue: oas3-server-trailing-slash | N/A
Message: Server URL must not have trailing slash. [path: servers.0.url]
Location: N/A
Fixed: False
Source: System
Issue Source: spectral-validator
Issue Target: import-url_bundled-spec
Action: COULD NOT PROCESS: Issue definition for code 'oas3-server-trailing-slash' not found in registry.
--------------------------------------------------
Time: 2025-10-13T23:44:50.466845
Issue: path-params | N/A
Message: Parameter "name" must be used in path "/v1/{+name}". [path: paths./v1/{+name}.delete.parameters.0]
Location: N/A
Fixed: False
Source: System
Issue Source: spectral-validator
Issue Target: import-url_bundled-spec
Action: COULD NOT PROCESS: Issue definition for code 'path-params' not found in registry.
--------------------------------------------------
Time: 2025-10-13T23:44:50.467793
Issue: path-params | N/A
Message: Parameter "name" must be used in path "/v1/{+name}". [path: paths./v1/{+name}.get.parameters.0]
Location: N/A
Fixed: False
Source: System
Issue Source: spectral-validator
Issue Target: import-url_bundled-spec
Action: COULD NOT PROCESS: Issue definition for code 'path-params' not found in registry.
--------------------------------------------------
Time: 2025-10-13T23:44:50.468445
Issue: path-params | N/A
Message: Parameter "name" must be used in path "/v1/{+name}". [path: paths./v1/{+name}.patch.parameters.0]
Location: N/A
Fixed: False
Source: System
Issue Source: spectral-validator
Issue Target: import-url_bundled-spec
Action: COULD NOT PROCESS: Issue definition for code 'path-params' not found in registry.
--------------------------------------------------
Time: 2025-10-13T23:44:50.469244
Issue: path-params | N/A
Message: Parameter "name" must be used in path "/v1/{+name}:failoverReservation". [path: paths./v1/{+name}:failoverReservation.post.parameters.0]
Location: N/A
Fixed: False
Source: System
Issue Source: spectral-validator
Issue Target: import-url_bundled-spec
Action: COULD NOT PROCESS: Issue definition for code 'path-params' not found in registry.
--------------------------------------------------
Time: 2025-10-13T23:44:50.469802
Issue: path-params | N/A
Message: Parameter "name" must be used in path "/v1/{+name}:move". [path: paths./v1/{+name}:move.post.parameters.0]
Location: N/A
Fixed: False
Source: System
Issue Source: spectral-validator
Issue Target: import-url_bundled-spec
Action: COULD NOT PROCESS: Issue definition for code 'path-params' not found in registry.
--------------------------------------------------
Time: 2025-10-13T23:44:50.470758
Issue: path-params | N/A
Message: Parameter "name" must be used in path "/v1/{+name}:split". [path: paths./v1/{+name}:split.post.parameters.0]
Location: N/A
Fixed: False
Source: System
Issue Source: spectral-validator
Issue Target: import-url_bundled-spec
Action: COULD NOT PROCESS: Issue definition for code 'path-params' not found in registry.
--------------------------------------------------
Time: 2025-10-13T23:44:50.472043
Issue: path-params | N/A
Message: Parameter "parent" must be used in path "/v1/{+parent}/assignments". [path: paths./v1/{+parent}/assignments.get.parameters.0]
Location: N/A
Fixed: False
Source: System
Issue Source: spectral-validator
Issue Target: import-url_bundled-spec
Action: COULD NOT PROCESS: Issue definition for code 'path-params' not found in registry.
--------------------------------------------------
Time: 2025-10-13T23:44:50.473170
Issue: path-params | N/A
Message: Parameter "parent" must be used in path "/v1/{+parent}/assignments". [path: paths./v1/{+parent}/assignments.post.parameters.0]
Location: N/A
Fixed: False
Source: System
Issue Source: spectral-validator
Issue Target: import-url_bundled-spec
Action: COULD NOT PROCESS: Issue definition for code 'path-params' not found in registry.
--------------------------------------------------
Time: 2025-10-13T23:44:50.474205
Issue: path-params | N/A
Message: Parameter "parent" must be used in path "/v1/{+parent}/capacityCommitments". [path: paths./v1/{+parent}/capacityCommitments.get.parameters.0]
Location: N/A
Fixed: False
Source: System
Issue Source: spectral-validator
Issue Target: import-url_bundled-spec
Action: COULD NOT PROCESS: Issue definition for code 'path-params' not found in registry.
--------------------------------------------------
Time: 2025-10-13T23:44:50.475156
Issue: path-params | N/A
Message: Parameter "parent" must be used in path "/v1/{+parent}/capacityCommitments". [path: paths./v1/{+parent}/capacityCommitments.post.parameters.0]
Location: N/A
Fixed: False
Source: System
Issue Source: spectral-validator
Issue Target: import-url_bundled-spec
Action: COULD NOT PROCESS: Issue definition for code 'path-params' not found in registry.
--------------------------------------------------
Time: 2025-10-13T23:44:50.476804
Issue: path-params | N/A
Message: Parameter "parent" must be used in path "/v1/{+parent}/capacityCommitments:merge". [path: paths./v1/{+parent}/capacityCommitments:merge.post.parameters.0]
Location: N/A
Fixed: False
Source: System
Issue Source: spectral-validator
Issue Target: import-url_bundled-spec
Action: COULD NOT PROCESS: Issue definition for code 'path-params' not found in registry.
--------------------------------------------------
Time: 2025-10-13T23:44:50.477632
Issue: path-params | N/A
Message: Parameter "parent" must be used in path "/v1/{+parent}/reservations". [path: paths./v1/{+parent}/reservations.get.parameters.0]
Location: N/A
Fixed: False
Source: System
Issue Source: spectral-validator
Issue Target: import-url_bundled-spec
Action: COULD NOT PROCESS: Issue definition for code 'path-params' not found in registry.
--------------------------------------------------
Time: 2025-10-13T23:44:50.479615
Issue: path-params | N/A
Message: Parameter "parent" must be used in path "/v1/{+parent}/reservations". [path: paths./v1/{+parent}/reservations.post.parameters.0]
Location: N/A
Fixed: False
Source: System
Issue Source: spectral-validator
Issue Target: import-url_bundled-spec
Action: COULD NOT PROCESS: Issue definition for code 'path-params' not found in registry.
--------------------------------------------------
Time: 2025-10-13T23:44:50.481255
Issue: path-params | N/A
Message: Parameter "parent" must be used in path "/v1/{+parent}:searchAllAssignments". [path: paths./v1/{+parent}:searchAllAssignments.get.parameters.0]
Location: N/A
Fixed: False
Source: System
Issue Source: spectral-validator
Issue Target: import-url_bundled-spec
Action: COULD NOT PROCESS: Issue definition for code 'path-params' not found in registry.
--------------------------------------------------
Time: 2025-10-13T23:44:50.482661
Issue: path-params | N/A
Message: Parameter "parent" must be used in path "/v1/{+parent}:searchAssignments". [path: paths./v1/{+parent}:searchAssignments.get.parameters.0]
Location: N/A
Fixed: False
Source: System
Issue Source: spectral-validator
Issue Target: import-url_bundled-spec
Action: COULD NOT PROCESS: Issue definition for code 'path-params' not found in registry.
--------------------------------------------------
Time: 2025-10-13T23:44:50.484035
Issue: oas3-unused-component | N/A
Message: Potentially unused component has been detected. [path: components.requestBodies.CapacityCommitment]
Location: N/A
Fixed: False
Source: System
Issue Source: spectral-validator
Issue Target: import-url_bundled-spec
Action: COULD NOT PROCESS: Issue definition for code 'oas3-unused-component' not found in registry.
--------------------------------------------------
Time: 2025-10-13T23:44:50.485050
Issue: oas3-unused-component | N/A
Message: Potentially unused component has been detected. [path: components.schemas.BiReservation]
Location: N/A
Fixed: False
Source: System
Issue Source: spectral-validator
Issue Target: import-url_bundled-spec
Action: COULD NOT PROCESS: Issue definition for code 'oas3-unused-component' not found in registry.
--------------------------------------------------
Time: 2025-10-13T23:44:50.486020
Issue: no-$ref-siblings | N/A
Message: $ref must not be placed next to any other properties [path: components.schemas.CapacityCommitment.properties.failureStatus.description]
Location: N/A
Fixed: False
Source: System
Issue Source: spectral-validator
Issue Target: import-url_bundled-spec
Action: COULD NOT PROCESS: Issue definition for code 'no-$ref-siblings' not found in registry.
--------------------------------------------------
Time: 2025-10-13T23:44:50.487114
Issue: no-$ref-siblings | N/A
Message: $ref must not be placed next to any other properties [path: components.schemas.CapacityCommitment.properties.failureStatus.readOnly]
Location: N/A
Fixed: False
Source: System
Issue Source: spectral-validator
Issue Target: import-url_bundled-spec
Action: COULD NOT PROCESS: Issue definition for code 'no-$ref-siblings' not found in registry.
--------------------------------------------------
Time: 2025-10-13T23:44:50.488054
Issue: oas3-schema | N/A
Message: Property "enumDeprecated" is not expected to be here. [path: components.schemas.CapacityCommitment.properties.plan.enumDeprecated]
Location: N/A
Fixed: False
Source: System
Issue Source: spectral-validator
Issue Target: import-url_bundled-spec
Action: COULD NOT PROCESS: Issue definition for code 'oas3-schema' not found in registry.
--------------------------------------------------
Time: 2025-10-13T23:44:50.489087
Issue: oas3-schema | N/A
Message: Property "enumDeprecated" is not expected to be here. [path: components.schemas.CapacityCommitment.properties.renewalPlan.enumDeprecated]
Location: N/A
Fixed: False
Source: System
Issue Source: spectral-validator
Issue Target: import-url_bundled-spec
Action: COULD NOT PROCESS: Issue definition for code 'oas3-schema' not found in registry.
--------------------------------------------------
Time: 2025-10-13T23:44:50.489886
Issue: no-$ref-siblings | N/A
Message: $ref must not be placed next to any other properties [path: components.schemas.ReplicationStatus.properties.error.description]
Location: N/A
Fixed: False
Source: System
Issue Source: spectral-validator
Issue Target: import-url_bundled-spec
Action: COULD NOT PROCESS: Issue definition for code 'no-$ref-siblings' not found in registry.
--------------------------------------------------
Time: 2025-10-13T23:44:50.490952
Issue: no-$ref-siblings | N/A
Message: $ref must not be placed next to any other properties [path: components.schemas.ReplicationStatus.properties.error.readOnly]
Location: N/A
Fixed: False
Source: System
Issue Source: spectral-validator
Issue Target: import-url_bundled-spec
Action: COULD NOT PROCESS: Issue definition for code 'no-$ref-siblings' not found in registry.
--------------------------------------------------
Time: 2025-10-13T23:44:50.491895
Issue: no-$ref-siblings | N/A
Message: $ref must not be placed next to any other properties [path: components.schemas.Reservation.properties.autoscale.description]
Location: N/A
Fixed: False
Source: System
Issue Source: spectral-validator
Issue Target: import-url_bundled-spec
Action: COULD NOT PROCESS: Issue definition for code 'no-$ref-siblings' not found in registry.
--------------------------------------------------
Time: 2025-10-13T23:44:50.492825
Issue: no-$ref-siblings | N/A
Message: $ref must not be placed next to any other properties [path: components.schemas.Reservation.properties.replicationStatus.description]
Location: N/A
Fixed: False
Source: System
Issue Source: spectral-validator
Issue Target: import-url_bundled-spec
Action: COULD NOT PROCESS: Issue definition for code 'no-$ref-siblings' not found in registry.
--------------------------------------------------
Time: 2025-10-13T23:44:50.493451
Issue: no-$ref-siblings | N/A
Message: $ref must not be placed next to any other properties [path: components.schemas.Reservation.properties.replicationStatus.readOnly]
Location: N/A
Fixed: False
Source: System
Issue Source: spectral-validator
Issue Target: import-url_bundled-spec
Action: COULD NOT PROCESS: Issue definition for code 'no-$ref-siblings' not found in registry.
--------------------------------------------------
Time: 2025-10-13T23:44:50.493938
Issue: no-$ref-siblings | N/A
Message: $ref must not be placed next to any other properties [path: components.schemas.SplitCapacityCommitmentResponse.properties.first.description]
Location: N/A
Fixed: False
Source: System
Issue Source: spectral-validator
Issue Target: import-url_bundled-spec
Action: COULD NOT PROCESS: Issue definition for code 'no-$ref-siblings' not found in registry.
--------------------------------------------------
Time: 2025-10-13T23:44:50.494715
Issue: no-$ref-siblings | N/A
Message: $ref must not be placed next to any other properties [path: components.schemas.SplitCapacityCommitmentResponse.properties.second.description]
Location: N/A
Fixed: False
Source: System
Issue Source: spectral-validator
Issue Target: import-url_bundled-spec
Action: COULD NOT PROCESS: Issue definition for code 'no-$ref-siblings' not found in registry.
