Repair Log
Processed Timestamp: 2025-10-13T21:56:01.397088

--------------------------------------------------
Time: 2025-10-13T21:53:59.478839
Issue: oneOf | N/A
Message: {'description': 'Details on a data issue in the listing.', 'properties': {'dataIssueSeverity': {'description': 'The severity of the data issue.', 'enum': ['DATA_ISSUE_SEVERITY_UNSPECIFIED', 'ERROR', 'WARNING', 'INFO'], 'type': 'string'}, 'dataIssueType': {'description': 'The type of the data issue.', 'enum': ['FEED_DATA_ISSUE_UNSPECIFIED', 'FEED_DATA_ISSUE_UNKNOWN', 'NO_DATA_ISSUE', 'DUPLICATE_ADDRESS', 'MISSING_PHYSICAL_STREET_ADDRESS', 'MISSING_STREET_NAME', 'MISSING_STREET_NUMBER', 'MISSING_ADDRESS', 'MISSING_COUNTRY', 'INVALID_POSTAL_CODE', 'INVALID_POSTAL_CODE_SUFFIX', 'UNEXPECTED_POSTAL_CODE_SUFFIX', 'UNEXPECTED_POSTAL_CODE', 'INVALID_AMENITIES', 'INVALID_EMAIL_ADDRESS', 'DUPLICATE_LATLONG', 'LATLONG_INCONSISTENT_WITH_ADDRESS', 'MISSING_LATLONG', 'COULD_NOT_GEOCODE', 'MISSING_HOTEL_NAME', 'HOTEL_NAME_EMPTY', 'INVALID_HOTEL_NAME', 'HOTEL_NAME_TOO_LONG', 'PARSE_ERROR_IN_XML', 'UNEXPECTED_ATTRIBUTE_IN_XML', 'DUPLICATE_PHONE_NUMBER', 'MISSING_PHONE_NUMBER', 'MISSING_VOICE_PHONE_NUMBER', 'INVALID_PHONE_NUMBER_FORMAT', 'INVALID_PHONE_NUMBER', 'INVALID_PHONE_NUMBER_COUNTRY_CODE', 'PHONE_NUMBER_TOO_LONG', 'PHONE_NUMBER_TOO_SHORT', 'INVALID_WEBSITE_URL', 'ADWORDS_ATTRIBUTE_TOO_LONG', 'FLAGGED_DUE_TO_SUSPICIOUS_METADATA', 'NOT_ENOUGH_IMAGES_PROVIDED', 'IMAGE_PROCESSING_IN_PROGRESS', 'CANNOT_FETCH_IMAGES', 'INCOMPATIBLE_IMAGE_SIZE_OR_LOW_QUALITY', 'MISSING_LANG_IN_RAW_LISTING', 'IS_HOTEL', 'MISSING_REQ_ATTR', 'MISSING_NAME', 'MISSING_LANG_IN_NAME', 'VR_NAME_TOO_LONG', 'NAME_AND_DESCRIPTION_ABUSE_VERIFIED', 'TEST_PROPERTY', 'NON_VR_ACCOMMODATION_TYPE_BASED_ON_LISTING_NAME', 'NON_VR_ACCOMMODATION_TYPE', 'BRAND_NAME_TOO_LONG', 'MISSING_BRAND_NAME', 'REVIEW_MISSING_VISIT_TIMESTAMP', 'VR_ADDRESS_MISSING', 'VR_ADDRESS_INVALID', 'VR_ADDRESS_INCOMPLETE', 'VR_ADDRESS_INCOMPLETE_NO_STREET_NAME', 'VR_ADDRESS_INCOMPLETE_NO_STREET_NUMBER', 'VR_ADDRESS_INCOMPLETE_NO_UNIT_NUMBER', 'VR_ADDRESS_LATLONG_MISMATCH', 'INVALID_REVIEW_RATING', 'INVALID_CHECKIN_FORMAT', 'INVALID_CHECKOUT_FORMAT', 'INTERNAL_BLOCKLIST', 'VR_LIVE_ON_GOOGLE_INACTIVE_ERROR', 'VR_XML_FAILED_PARSING', 'VR_ZIP_FILE_CORRUPT', 'VR_PENDING_INITIAL_PROCESSING', 'VR_WEBSITE_LINK_ROBOTED', 'VR_PENDING_WEBSITE_CRAWLING', 'VR_WEBSITE_LINK_WITH_CRAWLING_ERROR', 'VR_BRAND_MISSING_LANDING_PAGE', 'VR_INVALID_ROOM_TYPE'], 'enumDeprecated': [False, False, False, False, False, False, False, False, False, False, False, False, False, False, False, False, False, False, False, False, False, False, False, False, False, False, False, False, False, False, False, False, False, False, False, False, False, False, False, False, False, False, False, False, False, False, False, False, True, False, False, True, False, False, False, True, False, False, False, False, False, False, False, False, False, False, False, False, False, False, False, False, False], 'type': 'string'}, 'isSelfResolving': {'description': 'Whether or not the issue is self-resolving. If true, the issue is expected to resolve itself. If false or not set, action is needed to resolve the issue. Refer to documentation on the data issueâ€™s type for further information.', 'type': 'boolean'}}, 'type': 'object'} is not valid under any of the given schemas
Location: N/A
Fixed: False
Source: System
Issue Source: openapi-spec-validator
Issue Target: import-url_bundled-spec
Action: COULD NOT PROCESS: Issue definition for code 'oneOf' not found in registry.
--------------------------------------------------
Time: 2025-10-13T21:53:59.607239
Issue: oneOf | N/A
Message: {'description': 'A hotel view.', 'properties': {'dataIssueDetail': {'description': 'The type and severity of each data quality issue in the feed. If your feed contains data issues, update the feed and resubmit it. For more information, refer to this article.', 'items': {'$ref': '#/components/schemas/DataIssueDetail'}, 'type': 'array'}, 'dataIssues': {'description': 'DEPRECATED. Indicates that the hotel has data quality issues. The value of this field indicates the type of error. This has been replaced with the data_issue_detail field. If your feed contains data issues, update the feed and resubmit it. For more information, refer to this article.', 'items': {'enum': ['FEED_DATA_ISSUE_UNSPECIFIED', 'FEED_DATA_ISSUE_UNKNOWN', 'NO_DATA_ISSUE', 'DUPLICATE_ADDRESS', 'MISSING_PHYSICAL_STREET_ADDRESS', 'MISSING_STREET_NAME', 'MISSING_STREET_NUMBER', 'MISSING_ADDRESS', 'MISSING_COUNTRY', 'INVALID_POSTAL_CODE', 'INVALID_POSTAL_CODE_SUFFIX', 'UNEXPECTED_POSTAL_CODE_SUFFIX', 'UNEXPECTED_POSTAL_CODE', 'INVALID_AMENITIES', 'INVALID_EMAIL_ADDRESS', 'DUPLICATE_LATLONG', 'LATLONG_INCONSISTENT_WITH_ADDRESS', 'MISSING_LATLONG', 'COULD_NOT_GEOCODE', 'MISSING_HOTEL_NAME', 'HOTEL_NAME_EMPTY', 'INVALID_HOTEL_NAME', 'HOTEL_NAME_TOO_LONG', 'PARSE_ERROR_IN_XML', 'UNEXPECTED_ATTRIBUTE_IN_XML', 'DUPLICATE_PHONE_NUMBER', 'MISSING_PHONE_NUMBER', 'MISSING_VOICE_PHONE_NUMBER', 'INVALID_PHONE_NUMBER_FORMAT', 'INVALID_PHONE_NUMBER', 'INVALID_PHONE_NUMBER_COUNTRY_CODE', 'PHONE_NUMBER_TOO_LONG', 'PHONE_NUMBER_TOO_SHORT', 'INVALID_WEBSITE_URL', 'ADWORDS_ATTRIBUTE_TOO_LONG', 'FLAGGED_DUE_TO_SUSPICIOUS_METADATA', 'NOT_ENOUGH_IMAGES_PROVIDED', 'IMAGE_PROCESSING_IN_PROGRESS', 'CANNOT_FETCH_IMAGES', 'INCOMPATIBLE_IMAGE_SIZE_OR_LOW_QUALITY', 'MISSING_LANG_IN_RAW_LISTING', 'IS_HOTEL', 'MISSING_REQ_ATTR', 'MISSING_NAME', 'MISSING_LANG_IN_NAME', 'VR_NAME_TOO_LONG', 'NAME_AND_DESCRIPTION_ABUSE_VERIFIED', 'TEST_PROPERTY', 'NON_VR_ACCOMMODATION_TYPE_BASED_ON_LISTING_NAME', 'NON_VR_ACCOMMODATION_TYPE', 'BRAND_NAME_TOO_LONG', 'MISSING_BRAND_NAME', 'REVIEW_MISSING_VISIT_TIMESTAMP', 'VR_ADDRESS_MISSING', 'VR_ADDRESS_INVALID', 'VR_ADDRESS_INCOMPLETE', 'VR_ADDRESS_INCOMPLETE_NO_STREET_NAME', 'VR_ADDRESS_INCOMPLETE_NO_STREET_NUMBER', 'VR_ADDRESS_INCOMPLETE_NO_UNIT_NUMBER', 'VR_ADDRESS_LATLONG_MISMATCH', 'INVALID_REVIEW_RATING', 'INVALID_CHECKIN_FORMAT', 'INVALID_CHECKOUT_FORMAT', 'INTERNAL_BLOCKLIST', 'VR_LIVE_ON_GOOGLE_INACTIVE_ERROR', 'VR_XML_FAILED_PARSING', 'VR_ZIP_FILE_CORRUPT', 'VR_PENDING_INITIAL_PROCESSING', 'VR_WEBSITE_LINK_ROBOTED', 'VR_PENDING_WEBSITE_CRAWLING', 'VR_WEBSITE_LINK_WITH_CRAWLING_ERROR', 'VR_BRAND_MISSING_LANDING_PAGE', 'VR_INVALID_ROOM_TYPE'], 'enumDeprecated': [False, False, False, False, False, False, False, False, False, False, False, False, False, False, False, False, False, False, False, False, False, False, False, False, False, False, False, False, False, False, False, False, False, False, False, False, False, False, False, False, False, False, False, False, False, False, False, False, True, False, False, True, False, False, False, True, False, False, False, False, False, False, False, False, False, False, False, False, False, False, False, False, False], 'type': 'string'}, 'type': 'array'}, 'googleClusterId': {'description': 'The Google Maps identifier for the hotel.', 'format': 'uint64', 'type': 'string'}, 'googleHotelDisplayName': {'description': "Google's hotel name.", 'type': 'string'}, 'googleHotelId': {'description': "Google's canonical ID for the hotel.", 'format': 'uint64', 'type': 'string'}, 'liveOnGoogle': {'deprecated': True, 'description': "Optional. DEPRECATED. Prefer live_on_google_status. Whether the hotel appears in Google's hotel booking links. Declaration & behavior to get detection of presence/absence in JSON conversion.", 'type': 'boolean'}, 'liveOnGoogleStatus': {'description': "Optional. Whether the hotel appears in Google's hotel booking links. Declaration & behavior to get detection of presence/absence in JSON conversion.", 'enum': ['LIVE_ON_GOOGLE_STATUS_UNSPECIFIED', 'LIVE_ON_GOOGLE_STATUS_ACTIVE', 'LIVE_ON_GOOGLE_STATUS_INACTIVE', 'LIVE_ON_GOOGLE_STATUS_ACTIVE_OUTSIDE_DSA_REGION'], 'type': 'string'}, 'matchFailureReasons': {'description': 'The reasons why a hotel failed to match to a property on Maps.', 'items': {'type': 'string'}, 'type': 'array'}, 'matchStatus': {'description': 'Current matching status of the hotel.', 'enum': ['MATCH_STATUS_UNSPECIFIED', 'MATCH_STATUS_UNKNOWN', 'NOT_MATCHED', 'MATCHED', 'MAP_OVERLAP'], 'type': 'string'}, 'overclusteredPartnerHotelIds': {'description': 'Other hotels with which the hotel is overclustered. If your feed contains overclustered hotels, update the feed and resubmit it. To do this, you can use the manual match tool.', 'items': {'type': 'string'}, 'type': 'array'}, 'partnerHotelDisplayName': {'description': "Partner's hotel name.", 'type': 'string'}, 'partnerHotelId': {'description': 'The unique ID of the hotel that the partner provides in their Hotel List Feed.', 'type': 'string'}, 'primaryOverclusteredPartnerHotelId': {'description': 'The primary hotel in the overclustered set.', 'type': 'string'}, 'propertyDetails': {'description': 'Optional. A URL to the property on Google. Only available for properties that are listed.', 'type': 'string'}}, 'type': 'object'} is not valid under any of the given schemas
Location: N/A
Fixed: False
Source: System
Issue Source: openapi-spec-validator
Issue Target: import-url_bundled-spec
Action: COULD NOT PROCESS: Issue definition for code 'oneOf' not found in registry.
--------------------------------------------------
Time: 2025-10-13T21:53:59.747602
Issue: <unset> | N/A
Message: Path parameter '+account' for 'post' operation in '/v3/{+account}/hotels:setLiveOnGoogle' was not resolved
Location: N/A
Fixed: False
Source: System
Issue Source: openapi-spec-validator
Issue Target: import-url_bundled-spec
Action: COULD NOT PROCESS: Issue definition for code '<unset>' not found in registry.
--------------------------------------------------
Time: 2025-10-13T21:53:59.866946
Issue: <unset> | N/A
Message: Path parameter '+name' for 'delete' operation in '/v3/{+name}' was not resolved
Location: N/A
Fixed: False
Source: System
Issue Source: openapi-spec-validator
Issue Target: import-url_bundled-spec
Action: COULD NOT PROCESS: Issue definition for code '<unset>' not found in registry.
--------------------------------------------------
Time: 2025-10-13T21:53:59.998771
Issue: <unset> | N/A
Message: Path parameter '+name' for 'get' operation in '/v3/{+name}' was not resolved
Location: N/A
Fixed: False
Source: System
Issue Source: openapi-spec-validator
Issue Target: import-url_bundled-spec
Action: COULD NOT PROCESS: Issue definition for code '<unset>' not found in registry.
--------------------------------------------------
Time: 2025-10-13T21:54:01.408201
Issue: <unset> | N/A
Message: Path parameter '+name' for 'patch' operation in '/v3/{+name}' was not resolved
Location: N/A
Fixed: False
Source: System
Issue Source: openapi-spec-validator
Issue Target: import-url_bundled-spec
Action: COULD NOT PROCESS: Issue definition for code '<unset>' not found in registry.
--------------------------------------------------
Time: 2025-10-13T21:54:01.581110
Issue: <unset> | N/A
Message: Path parameter '+name' for 'get' operation in '/v3/{+name}/freeBookingLinksReportViews:query' was not resolved
Location: N/A
Fixed: False
Source: System
Issue Source: openapi-spec-validator
Issue Target: import-url_bundled-spec
Action: COULD NOT PROCESS: Issue definition for code '<unset>' not found in registry.
--------------------------------------------------
Time: 2025-10-13T21:54:01.807593
Issue: <unset> | N/A
Message: Path parameter '+name' for 'get' operation in '/v3/{+name}/participationReportViews:query' was not resolved
Location: N/A
Fixed: False
Source: System
Issue Source: openapi-spec-validator
Issue Target: import-url_bundled-spec
Action: COULD NOT PROCESS: Issue definition for code '<unset>' not found in registry.
--------------------------------------------------
Time: 2025-10-13T21:54:01.958636
Issue: <unset> | N/A
Message: Path parameter '+name' for 'get' operation in '/v3/{+name}/propertyPerformanceReportViews:query' was not resolved
Location: N/A
Fixed: False
Source: System
Issue Source: openapi-spec-validator
Issue Target: import-url_bundled-spec
Action: COULD NOT PROCESS: Issue definition for code '<unset>' not found in registry.
--------------------------------------------------
Time: 2025-10-13T21:54:02.105438
Issue: <unset> | N/A
Message: Path parameter '+parent' for 'get' operation in '/v3/{+parent}/accountLinks' was not resolved
Location: N/A
Fixed: False
Source: System
Issue Source: openapi-spec-validator
Issue Target: import-url_bundled-spec
Action: COULD NOT PROCESS: Issue definition for code '<unset>' not found in registry.
--------------------------------------------------
Time: 2025-10-13T21:54:02.433059
Issue: <unset> | N/A
Message: Path parameter '+parent' for 'post' operation in '/v3/{+parent}/accountLinks' was not resolved
Location: N/A
Fixed: False
Source: System
Issue Source: openapi-spec-validator
Issue Target: import-url_bundled-spec
Action: COULD NOT PROCESS: Issue definition for code '<unset>' not found in registry.
--------------------------------------------------
Time: 2025-10-13T21:54:02.640330
Issue: <unset> | N/A
Message: Path parameter '+parent' for 'get' operation in '/v3/{+parent}/brands' was not resolved
Location: N/A
Fixed: False
Source: System
Issue Source: openapi-spec-validator
Issue Target: import-url_bundled-spec
Action: COULD NOT PROCESS: Issue definition for code '<unset>' not found in registry.
--------------------------------------------------
Time: 2025-10-13T21:54:02.736464
Issue: <unset> | N/A
Message: Path parameter '+parent' for 'post' operation in '/v3/{+parent}/brands' was not resolved
Location: N/A
Fixed: False
Source: System
Issue Source: openapi-spec-validator
Issue Target: import-url_bundled-spec
Action: COULD NOT PROCESS: Issue definition for code '<unset>' not found in registry.
--------------------------------------------------
Time: 2025-10-13T21:54:02.791938
Issue: <unset> | N/A
Message: Path parameter '+parent' for 'get' operation in '/v3/{+parent}/hotelViews' was not resolved
Location: N/A
Fixed: False
Source: System
Issue Source: openapi-spec-validator
Issue Target: import-url_bundled-spec
Action: COULD NOT PROCESS: Issue definition for code '<unset>' not found in registry.
--------------------------------------------------
Time: 2025-10-13T21:54:02.933522
Issue: <unset> | N/A
Message: Path parameter '+parent' for 'get' operation in '/v3/{+parent}/hotelViews:summarize' was not resolved
Location: N/A
Fixed: False
Source: System
Issue Source: openapi-spec-validator
Issue Target: import-url_bundled-spec
Action: COULD NOT PROCESS: Issue definition for code '<unset>' not found in registry.
--------------------------------------------------
Time: 2025-10-13T21:54:03.024505
Issue: <unset> | N/A
Message: Path parameter '+parent' for 'get' operation in '/v3/{+parent}/icons' was not resolved
Location: N/A
Fixed: False
Source: System
Issue Source: openapi-spec-validator
Issue Target: import-url_bundled-spec
Action: COULD NOT PROCESS: Issue definition for code '<unset>' not found in registry.
--------------------------------------------------
Time: 2025-10-13T21:54:03.154047
Issue: <unset> | N/A
Message: Path parameter '+parent' for 'post' operation in '/v3/{+parent}/icons' was not resolved
Location: N/A
Fixed: False
Source: System
Issue Source: openapi-spec-validator
Issue Target: import-url_bundled-spec
Action: COULD NOT PROCESS: Issue definition for code '<unset>' not found in registry.
--------------------------------------------------
Time: 2025-10-13T21:54:03.262943
Issue: <unset> | N/A
Message: Path parameter '+parent' for 'post' operation in '/v3/{+parent}/listings:verify' was not resolved
Location: N/A
Fixed: False
Source: System
Issue Source: openapi-spec-validator
Issue Target: import-url_bundled-spec
Action: COULD NOT PROCESS: Issue definition for code '<unset>' not found in registry.
--------------------------------------------------
Time: 2025-10-13T21:54:03.423709
Issue: <unset> | N/A
Message: Path parameter '+parent' for 'get' operation in '/v3/{+parent}/priceAccuracyViews' was not resolved
Location: N/A
Fixed: False
Source: System
Issue Source: openapi-spec-validator
Issue Target: import-url_bundled-spec
Action: COULD NOT PROCESS: Issue definition for code '<unset>' not found in registry.
--------------------------------------------------
Time: 2025-10-13T21:54:03.608582
Issue: <unset> | N/A
Message: Path parameter '+parent' for 'get' operation in '/v3/{+parent}/priceAccuracyViews:summarize' was not resolved
Location: N/A
Fixed: False
Source: System
Issue Source: openapi-spec-validator
Issue Target: import-url_bundled-spec
Action: COULD NOT PROCESS: Issue definition for code '<unset>' not found in registry.
--------------------------------------------------
Time: 2025-10-13T21:54:03.779394
Issue: <unset> | N/A
Message: Path parameter '+parent' for 'get' operation in '/v3/{+parent}/priceCoverageViews' was not resolved
Location: N/A
Fixed: False
Source: System
Issue Source: openapi-spec-validator
Issue Target: import-url_bundled-spec
Action: COULD NOT PROCESS: Issue definition for code '<unset>' not found in registry.
--------------------------------------------------
Time: 2025-10-13T21:54:04.047941
Issue: <unset> | N/A
Message: Path parameter '+parent' for 'get' operation in '/v3/{+parent}/priceCoverageViews:latest' was not resolved
Location: N/A
Fixed: False
Source: System
Issue Source: openapi-spec-validator
Issue Target: import-url_bundled-spec
Action: COULD NOT PROCESS: Issue definition for code '<unset>' not found in registry.
--------------------------------------------------
Time: 2025-10-13T21:54:04.266915
Issue: <unset> | N/A
Message: Path parameter '+parent' for 'get' operation in '/v3/{+parent}/reconciliationReports' was not resolved
Location: N/A
Fixed: False
Source: System
Issue Source: openapi-spec-validator
Issue Target: import-url_bundled-spec
Action: COULD NOT PROCESS: Issue definition for code '<unset>' not found in registry.
--------------------------------------------------
Time: 2025-10-13T21:54:04.350171
Issue: <unset> | N/A
Message: Path parameter '+parent' for 'post' operation in '/v3/{+parent}/reconciliationReports' was not resolved
Location: N/A
Fixed: False
Source: System
Issue Source: openapi-spec-validator
Issue Target: import-url_bundled-spec
Action: COULD NOT PROCESS: Issue definition for code '<unset>' not found in registry.
--------------------------------------------------
Time: 2025-10-13T21:54:04.541220
Issue: <unset> | N/A
Message: Path parameter '+parent' for 'post' operation in '/v3/{+parent}/reconciliationReports:validate' was not resolved
Location: N/A
Fixed: False
Source: System
Issue Source: openapi-spec-validator
Issue Target: import-url_bundled-spec
Action: COULD NOT PROCESS: Issue definition for code '<unset>' not found in registry.
--------------------------------------------------
Time: 2025-10-13T21:54:04.771612
Issue: no-server-trailing-slash | N/A
Message: Server `url` should not have a trailing slash. [path: servers.0.url]
Location: N/A
Fixed: False
Source: System
Issue Source: redocly-validator
Issue Target: import-url_bundled-spec
Action: COULD NOT PROCESS: Issue definition for code 'no-server-trailing-slash' not found in registry.
--------------------------------------------------
Time: 2025-10-13T21:54:05.084088
Issue: operation-summary | N/A
Message: Operation object should contain `summary` field. [path: paths./v3/{+account}/hotels:setLiveOnGoogle.post.summary]
Location: N/A
Fixed: False
Source: System
Issue Source: redocly-validator
Issue Target: import-url_bundled-spec
Action: COULD NOT PROCESS: Issue definition for code 'operation-summary' not found in registry.
--------------------------------------------------
Time: 2025-10-13T21:54:05.239569
Issue: path-parameters-defined | N/A
Message: Path parameter `account` is not used in the path `/v3/{+account}/hotels:setLiveOnGoogle`. [path: paths./v3/{+account}/hotels:setLiveOnGoogle.post.parameters.0.name]
Location: N/A
Fixed: False
Source: System
Issue Source: redocly-validator
Issue Target: import-url_bundled-spec
Action: COULD NOT PROCESS: Issue definition for code 'path-parameters-defined' not found in registry.
--------------------------------------------------
Time: 2025-10-13T21:54:05.293594
Issue: operation-summary | N/A
Message: Operation object should contain `summary` field. [path: paths./v3/{+name}.get.summary]
Location: N/A
Fixed: False
Source: System
Issue Source: redocly-validator
Issue Target: import-url_bundled-spec
Action: COULD NOT PROCESS: Issue definition for code 'operation-summary' not found in registry.
--------------------------------------------------
Time: 2025-10-13T21:54:05.444422
Issue: path-parameters-defined | N/A
Message: Path parameter `name` is not used in the path `/v3/{+name}`. [path: paths./v3/{+name}.get.parameters.0.name]
Location: N/A
Fixed: False
Source: System
Issue Source: redocly-validator
Issue Target: import-url_bundled-spec
Action: COULD NOT PROCESS: Issue definition for code 'path-parameters-defined' not found in registry.
--------------------------------------------------
Time: 2025-10-13T21:54:05.538915
Issue: operation-summary | N/A
Message: Operation object should contain `summary` field. [path: paths./v3/{+name}.delete.summary]
Location: N/A
Fixed: False
Source: System
Issue Source: redocly-validator
Issue Target: import-url_bundled-spec
Action: COULD NOT PROCESS: Issue definition for code 'operation-summary' not found in registry.
--------------------------------------------------
Time: 2025-10-13T21:54:05.633198
Issue: path-parameters-defined | N/A
Message: Path parameter `name` is not used in the path `/v3/{+name}`. [path: paths./v3/{+name}.delete.parameters.0.name]
Location: N/A
Fixed: False
Source: System
Issue Source: redocly-validator
Issue Target: import-url_bundled-spec
Action: COULD NOT PROCESS: Issue definition for code 'path-parameters-defined' not found in registry.
--------------------------------------------------
Time: 2025-10-13T21:54:05.824272
Issue: operation-summary | N/A
Message: Operation object should contain `summary` field. [path: paths./v3/{+name}.patch.summary]
Location: N/A
Fixed: False
Source: System
Issue Source: redocly-validator
Issue Target: import-url_bundled-spec
Action: COULD NOT PROCESS: Issue definition for code 'operation-summary' not found in registry.
--------------------------------------------------
Time: 2025-10-13T21:54:05.989998
Issue: path-parameters-defined | N/A
Message: Path parameter `name` is not used in the path `/v3/{+name}`. [path: paths./v3/{+name}.patch.parameters.0.name]
Location: N/A
Fixed: False
Source: System
Issue Source: redocly-validator
Issue Target: import-url_bundled-spec
Action: COULD NOT PROCESS: Issue definition for code 'path-parameters-defined' not found in registry.
--------------------------------------------------
Time: 2025-10-13T21:54:06.079363
Issue: operation-summary | N/A
Message: Operation object should contain `summary` field. [path: paths./v3/{+name}/freeBookingLinksReportViews:query.get.summary]
Location: N/A
Fixed: False
Source: System
Issue Source: redocly-validator
Issue Target: import-url_bundled-spec
Action: COULD NOT PROCESS: Issue definition for code 'operation-summary' not found in registry.
--------------------------------------------------
Time: 2025-10-13T21:54:06.222780
Issue: path-parameters-defined | N/A
Message: Path parameter `name` is not used in the path `/v3/{+name}/freeBookingLinksReportViews:query`. [path: paths./v3/{+name}/freeBookingLinksReportViews:query.get.parameters.0.name]
Location: N/A
Fixed: False
Source: System
Issue Source: redocly-validator
Issue Target: import-url_bundled-spec
Action: COULD NOT PROCESS: Issue definition for code 'path-parameters-defined' not found in registry.
--------------------------------------------------
Time: 2025-10-13T21:54:06.321443
Issue: operation-summary | N/A
Message: Operation object should contain `summary` field. [path: paths./v3/{+name}/participationReportViews:query.get.summary]
Location: N/A
Fixed: False
Source: System
Issue Source: redocly-validator
Issue Target: import-url_bundled-spec
Action: COULD NOT PROCESS: Issue definition for code 'operation-summary' not found in registry.
--------------------------------------------------
Time: 2025-10-13T21:54:06.495536
Issue: path-parameters-defined | N/A
Message: Path parameter `name` is not used in the path `/v3/{+name}/participationReportViews:query`. [path: paths./v3/{+name}/participationReportViews:query.get.parameters.0.name]
Location: N/A
Fixed: False
Source: System
Issue Source: redocly-validator
Issue Target: import-url_bundled-spec
Action: COULD NOT PROCESS: Issue definition for code 'path-parameters-defined' not found in registry.
--------------------------------------------------
Time: 2025-10-13T21:54:06.603494
Issue: operation-summary | N/A
Message: Operation object should contain `summary` field. [path: paths./v3/{+name}/propertyPerformanceReportViews:query.get.summary]
Location: N/A
Fixed: False
Source: System
Issue Source: redocly-validator
Issue Target: import-url_bundled-spec
Action: COULD NOT PROCESS: Issue definition for code 'operation-summary' not found in registry.
--------------------------------------------------
Time: 2025-10-13T21:54:06.821207
Issue: path-parameters-defined | N/A
Message: Path parameter `name` is not used in the path `/v3/{+name}/propertyPerformanceReportViews:query`. [path: paths./v3/{+name}/propertyPerformanceReportViews:query.get.parameters.0.name]
Location: N/A
Fixed: False
Source: System
Issue Source: redocly-validator
Issue Target: import-url_bundled-spec
Action: COULD NOT PROCESS: Issue definition for code 'path-parameters-defined' not found in registry.
--------------------------------------------------
Time: 2025-10-13T21:54:08.415066
Issue: operation-summary | N/A
Message: Operation object should contain `summary` field. [path: paths./v3/{+parent}/accountLinks.get.summary]
Location: N/A
Fixed: False
Source: System
Issue Source: redocly-validator
Issue Target: import-url_bundled-spec
Action: COULD NOT PROCESS: Issue definition for code 'operation-summary' not found in registry.
--------------------------------------------------
Time: 2025-10-13T21:54:08.551240
Issue: path-parameters-defined | N/A
Message: Path parameter `parent` is not used in the path `/v3/{+parent}/accountLinks`. [path: paths./v3/{+parent}/accountLinks.get.parameters.0.name]
Location: N/A
Fixed: False
Source: System
Issue Source: redocly-validator
Issue Target: import-url_bundled-spec
Action: COULD NOT PROCESS: Issue definition for code 'path-parameters-defined' not found in registry.
--------------------------------------------------
Time: 2025-10-13T21:54:08.702501
Issue: operation-summary | N/A
Message: Operation object should contain `summary` field. [path: paths./v3/{+parent}/accountLinks.post.summary]
Location: N/A
Fixed: False
Source: System
Issue Source: redocly-validator
Issue Target: import-url_bundled-spec
Action: COULD NOT PROCESS: Issue definition for code 'operation-summary' not found in registry.
--------------------------------------------------
Time: 2025-10-13T21:54:08.879522
Issue: path-parameters-defined | N/A
Message: Path parameter `parent` is not used in the path `/v3/{+parent}/accountLinks`. [path: paths./v3/{+parent}/accountLinks.post.parameters.0.name]
Location: N/A
Fixed: False
Source: System
Issue Source: redocly-validator
Issue Target: import-url_bundled-spec
Action: COULD NOT PROCESS: Issue definition for code 'path-parameters-defined' not found in registry.
--------------------------------------------------
Time: 2025-10-13T21:54:09.007114
Issue: operation-summary | N/A
Message: Operation object should contain `summary` field. [path: paths./v3/{+parent}/brands.get.summary]
Location: N/A
Fixed: False
Source: System
Issue Source: redocly-validator
Issue Target: import-url_bundled-spec
Action: COULD NOT PROCESS: Issue definition for code 'operation-summary' not found in registry.
--------------------------------------------------
Time: 2025-10-13T21:54:09.152094
Issue: path-parameters-defined | N/A
Message: Path parameter `parent` is not used in the path `/v3/{+parent}/brands`. [path: paths./v3/{+parent}/brands.get.parameters.0.name]
Location: N/A
Fixed: False
Source: System
Issue Source: redocly-validator
Issue Target: import-url_bundled-spec
Action: COULD NOT PROCESS: Issue definition for code 'path-parameters-defined' not found in registry.
--------------------------------------------------
Time: 2025-10-13T21:54:09.293860
Issue: operation-summary | N/A
Message: Operation object should contain `summary` field. [path: paths./v3/{+parent}/brands.post.summary]
Location: N/A
Fixed: False
Source: System
Issue Source: redocly-validator
Issue Target: import-url_bundled-spec
Action: COULD NOT PROCESS: Issue definition for code 'operation-summary' not found in registry.
--------------------------------------------------
Time: 2025-10-13T21:54:09.554238
Issue: path-parameters-defined | N/A
Message: Path parameter `parent` is not used in the path `/v3/{+parent}/brands`. [path: paths./v3/{+parent}/brands.post.parameters.0.name]
Location: N/A
Fixed: False
Source: System
Issue Source: redocly-validator
Issue Target: import-url_bundled-spec
Action: COULD NOT PROCESS: Issue definition for code 'path-parameters-defined' not found in registry.
--------------------------------------------------
Time: 2025-10-13T21:54:09.759443
Issue: operation-summary | N/A
Message: Operation object should contain `summary` field. [path: paths./v3/{+parent}/hotelViews.get.summary]
Location: N/A
Fixed: False
Source: System
Issue Source: redocly-validator
Issue Target: import-url_bundled-spec
Action: COULD NOT PROCESS: Issue definition for code 'operation-summary' not found in registry.
--------------------------------------------------
Time: 2025-10-13T21:54:09.873698
Issue: path-parameters-defined | N/A
Message: Path parameter `parent` is not used in the path `/v3/{+parent}/hotelViews`. [path: paths./v3/{+parent}/hotelViews.get.parameters.0.name]
Location: N/A
Fixed: False
Source: System
Issue Source: redocly-validator
Issue Target: import-url_bundled-spec
Action: COULD NOT PROCESS: Issue definition for code 'path-parameters-defined' not found in registry.
--------------------------------------------------
Time: 2025-10-13T21:54:10.051290
Issue: struct | N/A
Message: Property `enumDeprecated` is not expected here. [path: components.schemas.DataIssueDetail.properties.dataIssueType.enumDeprecated]
Location: N/A
Fixed: False
Source: System
Issue Source: redocly-validator
Issue Target: import-url_bundled-spec
Action: COULD NOT PROCESS: Issue definition for code 'struct' not found in registry.
--------------------------------------------------
Time: 2025-10-13T21:54:10.213405
Issue: struct | N/A
Message: Property `enumDeprecated` is not expected here. [path: components.schemas.HotelView.properties.dataIssues.items.enumDeprecated]
Location: N/A
Fixed: False
Source: System
Issue Source: redocly-validator
Issue Target: import-url_bundled-spec
Action: COULD NOT PROCESS: Issue definition for code 'struct' not found in registry.
--------------------------------------------------
Time: 2025-10-13T21:54:10.399829
Issue: operation-summary | N/A
Message: Operation object should contain `summary` field. [path: paths./v3/{+parent}/hotelViews:summarize.get.summary]
Location: N/A
Fixed: False
Source: System
Issue Source: redocly-validator
Issue Target: import-url_bundled-spec
Action: COULD NOT PROCESS: Issue definition for code 'operation-summary' not found in registry.
--------------------------------------------------
Time: 2025-10-13T21:54:10.506944
Issue: path-parameters-defined | N/A
Message: Path parameter `parent` is not used in the path `/v3/{+parent}/hotelViews:summarize`. [path: paths./v3/{+parent}/hotelViews:summarize.get.parameters.0.name]
Location: N/A
Fixed: False
Source: System
Issue Source: redocly-validator
Issue Target: import-url_bundled-spec
Action: COULD NOT PROCESS: Issue definition for code 'path-parameters-defined' not found in registry.
--------------------------------------------------
Time: 2025-10-13T21:54:10.671685
Issue: operation-summary | N/A
Message: Operation object should contain `summary` field. [path: paths./v3/{+parent}/icons.get.summary]
Location: N/A
Fixed: False
Source: System
Issue Source: redocly-validator
Issue Target: import-url_bundled-spec
Action: COULD NOT PROCESS: Issue definition for code 'operation-summary' not found in registry.
--------------------------------------------------
Time: 2025-10-13T21:54:10.849230
Issue: path-parameters-defined | N/A
Message: Path parameter `parent` is not used in the path `/v3/{+parent}/icons`. [path: paths./v3/{+parent}/icons.get.parameters.0.name]
Location: N/A
Fixed: False
Source: System
Issue Source: redocly-validator
Issue Target: import-url_bundled-spec
Action: COULD NOT PROCESS: Issue definition for code 'path-parameters-defined' not found in registry.
--------------------------------------------------
Time: 2025-10-13T21:54:11.015984
Issue: operation-summary | N/A
Message: Operation object should contain `summary` field. [path: paths./v3/{+parent}/icons.post.summary]
Location: N/A
Fixed: False
Source: System
Issue Source: redocly-validator
Issue Target: import-url_bundled-spec
Action: COULD NOT PROCESS: Issue definition for code 'operation-summary' not found in registry.
--------------------------------------------------
Time: 2025-10-13T21:54:11.138236
Issue: path-parameters-defined | N/A
Message: Path parameter `parent` is not used in the path `/v3/{+parent}/icons`. [path: paths./v3/{+parent}/icons.post.parameters.0.name]
Location: N/A
Fixed: False
Source: System
Issue Source: redocly-validator
Issue Target: import-url_bundled-spec
Action: COULD NOT PROCESS: Issue definition for code 'path-parameters-defined' not found in registry.
--------------------------------------------------
Time: 2025-10-13T21:54:11.246471
Issue: operation-summary | N/A
Message: Operation object should contain `summary` field. [path: paths./v3/{+parent}/listings:verify.post.summary]
Location: N/A
Fixed: False
Source: System
Issue Source: redocly-validator
Issue Target: import-url_bundled-spec
Action: COULD NOT PROCESS: Issue definition for code 'operation-summary' not found in registry.
--------------------------------------------------
Time: 2025-10-13T21:54:11.411517
Issue: path-parameters-defined | N/A
Message: Path parameter `parent` is not used in the path `/v3/{+parent}/listings:verify`. [path: paths./v3/{+parent}/listings:verify.post.parameters.0.name]
Location: N/A
Fixed: False
Source: System
Issue Source: redocly-validator
Issue Target: import-url_bundled-spec
Action: COULD NOT PROCESS: Issue definition for code 'path-parameters-defined' not found in registry.
--------------------------------------------------
Time: 2025-10-13T21:54:11.593027
Issue: operation-summary | N/A
Message: Operation object should contain `summary` field. [path: paths./v3/{+parent}/priceAccuracyViews.get.summary]
Location: N/A
Fixed: False
Source: System
Issue Source: redocly-validator
Issue Target: import-url_bundled-spec
Action: COULD NOT PROCESS: Issue definition for code 'operation-summary' not found in registry.
--------------------------------------------------
Time: 2025-10-13T21:54:11.733120
Issue: path-parameters-defined | N/A
Message: Path parameter `parent` is not used in the path `/v3/{+parent}/priceAccuracyViews`. [path: paths./v3/{+parent}/priceAccuracyViews.get.parameters.0.name]
Location: N/A
Fixed: False
Source: System
Issue Source: redocly-validator
Issue Target: import-url_bundled-spec
Action: COULD NOT PROCESS: Issue definition for code 'path-parameters-defined' not found in registry.
--------------------------------------------------
Time: 2025-10-13T21:54:11.922982
Issue: operation-summary | N/A
Message: Operation object should contain `summary` field. [path: paths./v3/{+parent}/priceAccuracyViews:summarize.get.summary]
Location: N/A
Fixed: False
Source: System
Issue Source: redocly-validator
Issue Target: import-url_bundled-spec
Action: COULD NOT PROCESS: Issue definition for code 'operation-summary' not found in registry.
--------------------------------------------------
Time: 2025-10-13T21:54:12.158409
Issue: path-parameters-defined | N/A
Message: Path parameter `parent` is not used in the path `/v3/{+parent}/priceAccuracyViews:summarize`. [path: paths./v3/{+parent}/priceAccuracyViews:summarize.get.parameters.0.name]
Location: N/A
Fixed: False
Source: System
Issue Source: redocly-validator
Issue Target: import-url_bundled-spec
Action: COULD NOT PROCESS: Issue definition for code 'path-parameters-defined' not found in registry.
--------------------------------------------------
Time: 2025-10-13T21:54:12.308228
Issue: operation-summary | N/A
Message: Operation object should contain `summary` field. [path: paths./v3/{+parent}/priceCoverageViews.get.summary]
Location: N/A
Fixed: False
Source: System
Issue Source: redocly-validator
Issue Target: import-url_bundled-spec
Action: COULD NOT PROCESS: Issue definition for code 'operation-summary' not found in registry.
--------------------------------------------------
Time: 2025-10-13T21:54:12.473318
Issue: path-parameters-defined | N/A
Message: Path parameter `parent` is not used in the path `/v3/{+parent}/priceCoverageViews`. [path: paths./v3/{+parent}/priceCoverageViews.get.parameters.0.name]
Location: N/A
Fixed: False
Source: System
Issue Source: redocly-validator
Issue Target: import-url_bundled-spec
Action: COULD NOT PROCESS: Issue definition for code 'path-parameters-defined' not found in registry.
--------------------------------------------------
Time: 2025-10-13T21:54:12.658369
Issue: operation-summary | N/A
Message: Operation object should contain `summary` field. [path: paths./v3/{+parent}/priceCoverageViews:latest.get.summary]
Location: N/A
Fixed: False
Source: System
Issue Source: redocly-validator
Issue Target: import-url_bundled-spec
Action: COULD NOT PROCESS: Issue definition for code 'operation-summary' not found in registry.
--------------------------------------------------
Time: 2025-10-13T21:54:12.809230
Issue: path-parameters-defined | N/A
Message: Path parameter `parent` is not used in the path `/v3/{+parent}/priceCoverageViews:latest`. [path: paths./v3/{+parent}/priceCoverageViews:latest.get.parameters.0.name]
Location: N/A
Fixed: False
Source: System
Issue Source: redocly-validator
Issue Target: import-url_bundled-spec
Action: COULD NOT PROCESS: Issue definition for code 'path-parameters-defined' not found in registry.
--------------------------------------------------
Time: 2025-10-13T21:54:12.982898
Issue: operation-summary | N/A
Message: Operation object should contain `summary` field. [path: paths./v3/{+parent}/reconciliationReports.get.summary]
Location: N/A
Fixed: False
Source: System
Issue Source: redocly-validator
Issue Target: import-url_bundled-spec
Action: COULD NOT PROCESS: Issue definition for code 'operation-summary' not found in registry.
--------------------------------------------------
Time: 2025-10-13T21:54:13.096847
Issue: path-parameters-defined | N/A
Message: Path parameter `parent` is not used in the path `/v3/{+parent}/reconciliationReports`. [path: paths./v3/{+parent}/reconciliationReports.get.parameters.0.name]
Location: N/A
Fixed: False
Source: System
Issue Source: redocly-validator
Issue Target: import-url_bundled-spec
Action: COULD NOT PROCESS: Issue definition for code 'path-parameters-defined' not found in registry.
--------------------------------------------------
Time: 2025-10-13T21:54:13.261030
Issue: operation-summary | N/A
Message: Operation object should contain `summary` field. [path: paths./v3/{+parent}/reconciliationReports.post.summary]
Location: N/A
Fixed: False
Source: System
Issue Source: redocly-validator
Issue Target: import-url_bundled-spec
Action: COULD NOT PROCESS: Issue definition for code 'operation-summary' not found in registry.
--------------------------------------------------
Time: 2025-10-13T21:54:13.380925
Issue: path-parameters-defined | N/A
Message: Path parameter `parent` is not used in the path `/v3/{+parent}/reconciliationReports`. [path: paths./v3/{+parent}/reconciliationReports.post.parameters.0.name]
Location: N/A
Fixed: False
Source: System
Issue Source: redocly-validator
Issue Target: import-url_bundled-spec
Action: COULD NOT PROCESS: Issue definition for code 'path-parameters-defined' not found in registry.
--------------------------------------------------
Time: 2025-10-13T21:54:13.496713
Issue: operation-summary | N/A
Message: Operation object should contain `summary` field. [path: paths./v3/{+parent}/reconciliationReports:validate.post.summary]
Location: N/A
Fixed: False
Source: System
Issue Source: redocly-validator
Issue Target: import-url_bundled-spec
Action: COULD NOT PROCESS: Issue definition for code 'operation-summary' not found in registry.
--------------------------------------------------
Time: 2025-10-13T21:54:13.602306
Issue: path-parameters-defined | N/A
Message: Path parameter `parent` is not used in the path `/v3/{+parent}/reconciliationReports:validate`. [path: paths./v3/{+parent}/reconciliationReports:validate.post.parameters.0.name]
Location: N/A
Fixed: False
Source: System
Issue Source: redocly-validator
Issue Target: import-url_bundled-spec
Action: COULD NOT PROCESS: Issue definition for code 'path-parameters-defined' not found in registry.
--------------------------------------------------
Time: 2025-10-13T21:54:13.702332
Issue: security-defined | N/A
Message: Every operation should have security defined on it or on the root level. [path: paths./v3/{+account}/hotels:setLiveOnGoogle.post]
Location: N/A
Fixed: False
Source: System
Issue Source: redocly-validator
Issue Target: import-url_bundled-spec
Action: COULD NOT PROCESS: Issue definition for code 'security-defined' not found in registry.
--------------------------------------------------
Time: 2025-10-13T21:54:13.813724
Issue: security-defined | N/A
Message: Every operation should have security defined on it or on the root level. [path: paths./v3/{+name}.get]
Location: N/A
Fixed: False
Source: System
Issue Source: redocly-validator
Issue Target: import-url_bundled-spec
Action: COULD NOT PROCESS: Issue definition for code 'security-defined' not found in registry.
--------------------------------------------------
Time: 2025-10-13T21:54:13.884228
Issue: security-defined | N/A
Message: Every operation should have security defined on it or on the root level. [path: paths./v3/{+name}.delete]
Location: N/A
Fixed: False
Source: System
Issue Source: redocly-validator
Issue Target: import-url_bundled-spec
Action: COULD NOT PROCESS: Issue definition for code 'security-defined' not found in registry.
--------------------------------------------------
Time: 2025-10-13T21:54:13.958395
Issue: security-defined | N/A
Message: Every operation should have security defined on it or on the root level. [path: paths./v3/{+name}.patch]
Location: N/A
Fixed: False
Source: System
Issue Source: redocly-validator
Issue Target: import-url_bundled-spec
Action: COULD NOT PROCESS: Issue definition for code 'security-defined' not found in registry.
--------------------------------------------------
Time: 2025-10-13T21:54:14.034769
Issue: security-defined | N/A
Message: Every operation should have security defined on it or on the root level. [path: paths./v3/{+name}/freeBookingLinksReportViews:query.get]
Location: N/A
Fixed: False
Source: System
Issue Source: redocly-validator
Issue Target: import-url_bundled-spec
Action: COULD NOT PROCESS: Issue definition for code 'security-defined' not found in registry.
--------------------------------------------------
Time: 2025-10-13T21:54:14.158626
Issue: security-defined | N/A
Message: Every operation should have security defined on it or on the root level. [path: paths./v3/{+name}/participationReportViews:query.get]
Location: N/A
Fixed: False
Source: System
Issue Source: redocly-validator
Issue Target: import-url_bundled-spec
Action: COULD NOT PROCESS: Issue definition for code 'security-defined' not found in registry.
--------------------------------------------------
Time: 2025-10-13T21:54:14.215409
Issue: security-defined | N/A
Message: Every operation should have security defined on it or on the root level. [path: paths./v3/{+name}/propertyPerformanceReportViews:query.get]
Location: N/A
Fixed: False
Source: System
Issue Source: redocly-validator
Issue Target: import-url_bundled-spec
Action: COULD NOT PROCESS: Issue definition for code 'security-defined' not found in registry.
--------------------------------------------------
Time: 2025-10-13T21:54:14.270217
Issue: security-defined | N/A
Message: Every operation should have security defined on it or on the root level. [path: paths./v3/{+parent}/accountLinks.get]
Location: N/A
Fixed: False
Source: System
Issue Source: redocly-validator
Issue Target: import-url_bundled-spec
Action: COULD NOT PROCESS: Issue definition for code 'security-defined' not found in registry.
--------------------------------------------------
Time: 2025-10-13T21:54:14.331935
Issue: security-defined | N/A
Message: Every operation should have security defined on it or on the root level. [path: paths./v3/{+parent}/accountLinks.post]
Location: N/A
Fixed: False
Source: System
Issue Source: redocly-validator
Issue Target: import-url_bundled-spec
Action: COULD NOT PROCESS: Issue definition for code 'security-defined' not found in registry.
--------------------------------------------------
Time: 2025-10-13T21:54:14.390389
Issue: security-defined | N/A
Message: Every operation should have security defined on it or on the root level. [path: paths./v3/{+parent}/brands.get]
Location: N/A
Fixed: False
Source: System
Issue Source: redocly-validator
Issue Target: import-url_bundled-spec
Action: COULD NOT PROCESS: Issue definition for code 'security-defined' not found in registry.
--------------------------------------------------
Time: 2025-10-13T21:54:14.456036
Issue: security-defined | N/A
Message: Every operation should have security defined on it or on the root level. [path: paths./v3/{+parent}/brands.post]
Location: N/A
Fixed: False
Source: System
Issue Source: redocly-validator
Issue Target: import-url_bundled-spec
Action: COULD NOT PROCESS: Issue definition for code 'security-defined' not found in registry.
--------------------------------------------------
Time: 2025-10-13T21:54:14.517109
Issue: security-defined | N/A
Message: Every operation should have security defined on it or on the root level. [path: paths./v3/{+parent}/hotelViews.get]
Location: N/A
Fixed: False
Source: System
Issue Source: redocly-validator
Issue Target: import-url_bundled-spec
Action: COULD NOT PROCESS: Issue definition for code 'security-defined' not found in registry.
--------------------------------------------------
Time: 2025-10-13T21:54:14.645769
Issue: security-defined | N/A
Message: Every operation should have security defined on it or on the root level. [path: paths./v3/{+parent}/hotelViews:summarize.get]
Location: N/A
Fixed: False
Source: System
Issue Source: redocly-validator
Issue Target: import-url_bundled-spec
Action: COULD NOT PROCESS: Issue definition for code 'security-defined' not found in registry.
--------------------------------------------------
Time: 2025-10-13T21:54:14.845522
Issue: security-defined | N/A
Message: Every operation should have security defined on it or on the root level. [path: paths./v3/{+parent}/icons.get]
Location: N/A
Fixed: False
Source: System
Issue Source: redocly-validator
Issue Target: import-url_bundled-spec
Action: COULD NOT PROCESS: Issue definition for code 'security-defined' not found in registry.
--------------------------------------------------
Time: 2025-10-13T21:54:14.955647
Issue: security-defined | N/A
Message: Every operation should have security defined on it or on the root level. [path: paths./v3/{+parent}/icons.post]
Location: N/A
Fixed: False
Source: System
Issue Source: redocly-validator
Issue Target: import-url_bundled-spec
Action: COULD NOT PROCESS: Issue definition for code 'security-defined' not found in registry.
--------------------------------------------------
Time: 2025-10-13T21:54:15.134036
Issue: security-defined | N/A
Message: Every operation should have security defined on it or on the root level. [path: paths./v3/{+parent}/listings:verify.post]
Location: N/A
Fixed: False
Source: System
Issue Source: redocly-validator
Issue Target: import-url_bundled-spec
Action: COULD NOT PROCESS: Issue definition for code 'security-defined' not found in registry.
--------------------------------------------------
Time: 2025-10-13T21:54:15.365387
Issue: security-defined | N/A
Message: Every operation should have security defined on it or on the root level. [path: paths./v3/{+parent}/priceAccuracyViews.get]
Location: N/A
Fixed: False
Source: System
Issue Source: redocly-validator
Issue Target: import-url_bundled-spec
Action: COULD NOT PROCESS: Issue definition for code 'security-defined' not found in registry.
--------------------------------------------------
Time: 2025-10-13T21:54:16.961961
Issue: security-defined | N/A
Message: Every operation should have security defined on it or on the root level. [path: paths./v3/{+parent}/priceAccuracyViews:summarize.get]
Location: N/A
Fixed: False
Source: System
Issue Source: redocly-validator
Issue Target: import-url_bundled-spec
Action: COULD NOT PROCESS: Issue definition for code 'security-defined' not found in registry.
--------------------------------------------------
Time: 2025-10-13T21:54:17.164942
Issue: security-defined | N/A
Message: Every operation should have security defined on it or on the root level. [path: paths./v3/{+parent}/priceCoverageViews.get]
Location: N/A
Fixed: False
Source: System
Issue Source: redocly-validator
Issue Target: import-url_bundled-spec
Action: COULD NOT PROCESS: Issue definition for code 'security-defined' not found in registry.
--------------------------------------------------
Time: 2025-10-13T21:54:17.440278
Issue: security-defined | N/A
Message: Every operation should have security defined on it or on the root level. [path: paths./v3/{+parent}/priceCoverageViews:latest.get]
Location: N/A
Fixed: False
Source: System
Issue Source: redocly-validator
Issue Target: import-url_bundled-spec
Action: COULD NOT PROCESS: Issue definition for code 'security-defined' not found in registry.
--------------------------------------------------
Time: 2025-10-13T21:54:17.638485
Issue: security-defined | N/A
Message: Every operation should have security defined on it or on the root level. [path: paths./v3/{+parent}/reconciliationReports.get]
Location: N/A
Fixed: False
Source: System
Issue Source: redocly-validator
Issue Target: import-url_bundled-spec
Action: COULD NOT PROCESS: Issue definition for code 'security-defined' not found in registry.
--------------------------------------------------
Time: 2025-10-13T21:54:17.807857
Issue: security-defined | N/A
Message: Every operation should have security defined on it or on the root level. [path: paths./v3/{+parent}/reconciliationReports.post]
Location: N/A
Fixed: False
Source: System
Issue Source: redocly-validator
Issue Target: import-url_bundled-spec
Action: COULD NOT PROCESS: Issue definition for code 'security-defined' not found in registry.
--------------------------------------------------
Time: 2025-10-13T21:54:17.907093
Issue: security-defined | N/A
Message: Every operation should have security defined on it or on the root level. [path: paths./v3/{+parent}/reconciliationReports:validate.post]
Location: N/A
Fixed: False
Source: System
Issue Source: redocly-validator
Issue Target: import-url_bundled-spec
Action: COULD NOT PROCESS: Issue definition for code 'security-defined' not found in registry.
--------------------------------------------------
Time: 2025-10-13T21:54:18.048115
Issue: tag-description | N/A
Message: Tag object should contain `description` field. [path: tags.0.description]
Location: N/A
Fixed: False
Source: System
Issue Source: redocly-validator
Issue Target: import-url_bundled-spec
Action: COULD NOT PROCESS: Issue definition for code 'tag-description' not found in registry.
--------------------------------------------------
Time: 2025-10-13T21:54:18.128492
Issue: operation-4xx-response | N/A
Message: Operation must have at least one `4XX` response. [path: paths./v3/{+account}/hotels:setLiveOnGoogle.post.responses]
Location: N/A
Fixed: False
Source: System
Issue Source: redocly-validator
Issue Target: import-url_bundled-spec
Action: COULD NOT PROCESS: Issue definition for code 'operation-4xx-response' not found in registry.
--------------------------------------------------
Time: 2025-10-13T21:54:18.216093
Issue: operation-4xx-response | N/A
Message: Operation must have at least one `4XX` response. [path: paths./v3/{+name}.get.responses]
Location: N/A
Fixed: False
Source: System
Issue Source: redocly-validator
Issue Target: import-url_bundled-spec
Action: COULD NOT PROCESS: Issue definition for code 'operation-4xx-response' not found in registry.
--------------------------------------------------
Time: 2025-10-13T21:54:18.296008
Issue: operation-4xx-response | N/A
Message: Operation must have at least one `4XX` response. [path: paths./v3/{+name}.delete.responses]
Location: N/A
Fixed: False
Source: System
Issue Source: redocly-validator
Issue Target: import-url_bundled-spec
Action: COULD NOT PROCESS: Issue definition for code 'operation-4xx-response' not found in registry.
--------------------------------------------------
Time: 2025-10-13T21:54:18.411580
Issue: operation-4xx-response | N/A
Message: Operation must have at least one `4XX` response. [path: paths./v3/{+name}.patch.responses]
Location: N/A
Fixed: False
Source: System
Issue Source: redocly-validator
Issue Target: import-url_bundled-spec
Action: COULD NOT PROCESS: Issue definition for code 'operation-4xx-response' not found in registry.
--------------------------------------------------
Time: 2025-10-13T21:54:18.465108
Issue: operation-4xx-response | N/A
Message: Operation must have at least one `4XX` response. [path: paths./v3/{+name}/freeBookingLinksReportViews:query.get.responses]
Location: N/A
Fixed: False
Source: System
Issue Source: redocly-validator
Issue Target: import-url_bundled-spec
Action: COULD NOT PROCESS: Issue definition for code 'operation-4xx-response' not found in registry.
--------------------------------------------------
Time: 2025-10-13T21:54:18.560904
Issue: operation-4xx-response | N/A
Message: Operation must have at least one `4XX` response. [path: paths./v3/{+name}/participationReportViews:query.get.responses]
Location: N/A
Fixed: False
Source: System
Issue Source: redocly-validator
Issue Target: import-url_bundled-spec
Action: COULD NOT PROCESS: Issue definition for code 'operation-4xx-response' not found in registry.
--------------------------------------------------
Time: 2025-10-13T21:54:18.626282
Issue: operation-4xx-response | N/A
Message: Operation must have at least one `4XX` response. [path: paths./v3/{+name}/propertyPerformanceReportViews:query.get.responses]
Location: N/A
Fixed: False
Source: System
Issue Source: redocly-validator
Issue Target: import-url_bundled-spec
Action: COULD NOT PROCESS: Issue definition for code 'operation-4xx-response' not found in registry.
--------------------------------------------------
Time: 2025-10-13T21:54:18.680679
Issue: operation-4xx-response | N/A
Message: Operation must have at least one `4XX` response. [path: paths./v3/{+parent}/accountLinks.get.responses]
Location: N/A
Fixed: False
Source: System
Issue Source: redocly-validator
Issue Target: import-url_bundled-spec
Action: COULD NOT PROCESS: Issue definition for code 'operation-4xx-response' not found in registry.
--------------------------------------------------
Time: 2025-10-13T21:54:18.742873
Issue: operation-4xx-response | N/A
Message: Operation must have at least one `4XX` response. [path: paths./v3/{+parent}/accountLinks.post.responses]
Location: N/A
Fixed: False
Source: System
Issue Source: redocly-validator
Issue Target: import-url_bundled-spec
Action: COULD NOT PROCESS: Issue definition for code 'operation-4xx-response' not found in registry.
--------------------------------------------------
Time: 2025-10-13T21:54:18.833448
Issue: operation-4xx-response | N/A
Message: Operation must have at least one `4XX` response. [path: paths./v3/{+parent}/brands.get.responses]
Location: N/A
Fixed: False
Source: System
Issue Source: redocly-validator
Issue Target: import-url_bundled-spec
Action: COULD NOT PROCESS: Issue definition for code 'operation-4xx-response' not found in registry.
--------------------------------------------------
Time: 2025-10-13T21:54:18.924796
Issue: operation-4xx-response | N/A
Message: Operation must have at least one `4XX` response. [path: paths./v3/{+parent}/brands.post.responses]
Location: N/A
Fixed: False
Source: System
Issue Source: redocly-validator
Issue Target: import-url_bundled-spec
Action: COULD NOT PROCESS: Issue definition for code 'operation-4xx-response' not found in registry.
--------------------------------------------------
Time: 2025-10-13T21:54:19.104475
Issue: operation-4xx-response | N/A
Message: Operation must have at least one `4XX` response. [path: paths./v3/{+parent}/hotelViews.get.responses]
Location: N/A
Fixed: False
Source: System
Issue Source: redocly-validator
Issue Target: import-url_bundled-spec
Action: COULD NOT PROCESS: Issue definition for code 'operation-4xx-response' not found in registry.
--------------------------------------------------
Time: 2025-10-13T21:54:19.291885
Issue: operation-4xx-response | N/A
Message: Operation must have at least one `4XX` response. [path: paths./v3/{+parent}/hotelViews:summarize.get.responses]
Location: N/A
Fixed: False
Source: System
Issue Source: redocly-validator
Issue Target: import-url_bundled-spec
Action: COULD NOT PROCESS: Issue definition for code 'operation-4xx-response' not found in registry.
--------------------------------------------------
Time: 2025-10-13T21:54:19.445214
Issue: operation-4xx-response | N/A
Message: Operation must have at least one `4XX` response. [path: paths./v3/{+parent}/icons.get.responses]
Location: N/A
Fixed: False
Source: System
Issue Source: redocly-validator
Issue Target: import-url_bundled-spec
Action: COULD NOT PROCESS: Issue definition for code 'operation-4xx-response' not found in registry.
--------------------------------------------------
Time: 2025-10-13T21:54:19.631523
Issue: operation-4xx-response | N/A
Message: Operation must have at least one `4XX` response. [path: paths./v3/{+parent}/icons.post.responses]
Location: N/A
Fixed: False
Source: System
Issue Source: redocly-validator
Issue Target: import-url_bundled-spec
Action: COULD NOT PROCESS: Issue definition for code 'operation-4xx-response' not found in registry.
--------------------------------------------------
Time: 2025-10-13T21:54:19.800274
Issue: operation-4xx-response | N/A
Message: Operation must have at least one `4XX` response. [path: paths./v3/{+parent}/listings:verify.post.responses]
Location: N/A
Fixed: False
Source: System
Issue Source: redocly-validator
Issue Target: import-url_bundled-spec
Action: COULD NOT PROCESS: Issue definition for code 'operation-4xx-response' not found in registry.
--------------------------------------------------
Time: 2025-10-13T21:54:20.026303
Issue: operation-4xx-response | N/A
Message: Operation must have at least one `4XX` response. [path: paths./v3/{+parent}/priceAccuracyViews.get.responses]
Location: N/A
Fixed: False
Source: System
Issue Source: redocly-validator
Issue Target: import-url_bundled-spec
Action: COULD NOT PROCESS: Issue definition for code 'operation-4xx-response' not found in registry.
--------------------------------------------------
Time: 2025-10-13T21:54:20.225075
Issue: operation-4xx-response | N/A
Message: Operation must have at least one `4XX` response. [path: paths./v3/{+parent}/priceAccuracyViews:summarize.get.responses]
Location: N/A
Fixed: False
Source: System
Issue Source: redocly-validator
Issue Target: import-url_bundled-spec
Action: COULD NOT PROCESS: Issue definition for code 'operation-4xx-response' not found in registry.
--------------------------------------------------
Time: 2025-10-13T21:54:20.475013
Issue: operation-4xx-response | N/A
Message: Operation must have at least one `4XX` response. [path: paths./v3/{+parent}/priceCoverageViews.get.responses]
Location: N/A
Fixed: False
Source: System
Issue Source: redocly-validator
Issue Target: import-url_bundled-spec
Action: COULD NOT PROCESS: Issue definition for code 'operation-4xx-response' not found in registry.
--------------------------------------------------
Time: 2025-10-13T21:54:20.636161
Issue: operation-4xx-response | N/A
Message: Operation must have at least one `4XX` response. [path: paths./v3/{+parent}/priceCoverageViews:latest.get.responses]
Location: N/A
Fixed: False
Source: System
Issue Source: redocly-validator
Issue Target: import-url_bundled-spec
Action: COULD NOT PROCESS: Issue definition for code 'operation-4xx-response' not found in registry.
--------------------------------------------------
Time: 2025-10-13T21:54:20.865950
Issue: operation-4xx-response | N/A
Message: Operation must have at least one `4XX` response. [path: paths./v3/{+parent}/reconciliationReports.get.responses]
Location: N/A
Fixed: False
Source: System
Issue Source: redocly-validator
Issue Target: import-url_bundled-spec
Action: COULD NOT PROCESS: Issue definition for code 'operation-4xx-response' not found in registry.
--------------------------------------------------
Time: 2025-10-13T21:54:21.103826
Issue: operation-4xx-response | N/A
Message: Operation must have at least one `4XX` response. [path: paths./v3/{+parent}/reconciliationReports.post.responses]
Location: N/A
Fixed: False
Source: System
Issue Source: redocly-validator
Issue Target: import-url_bundled-spec
Action: COULD NOT PROCESS: Issue definition for code 'operation-4xx-response' not found in registry.
--------------------------------------------------
Time: 2025-10-13T21:54:21.310782
Issue: operation-4xx-response | N/A
Message: Operation must have at least one `4XX` response. [path: paths./v3/{+parent}/reconciliationReports:validate.post.responses]
Location: N/A
Fixed: False
Source: System
Issue Source: redocly-validator
Issue Target: import-url_bundled-spec
Action: COULD NOT PROCESS: Issue definition for code 'operation-4xx-response' not found in registry.
--------------------------------------------------
Time: 2025-10-13T21:54:21.497602
Issue: no-unused-components | N/A
Message: Component: "PriceView" is never used. [path: components.schemas.PriceView]
Location: N/A
Fixed: False
Source: System
Issue Source: redocly-validator
Issue Target: import-url_bundled-spec
Action: COULD NOT PROCESS: Issue definition for code 'no-unused-components' not found in registry.
--------------------------------------------------
Time: 2025-10-13T21:54:21.611135
Issue: no-unused-components | N/A
Message: Component: "Brand" is never used. [path: components.requestBodies.Brand]
Location: N/A
Fixed: False
Source: System
Issue Source: redocly-validator
Issue Target: import-url_bundled-spec
Action: COULD NOT PROCESS: Issue definition for code 'no-unused-components' not found in registry.
--------------------------------------------------
Time: 2025-10-13T21:54:21.798397
Issue: no-unused-components | N/A
Message: Component: "ReconciliationReport" is never used. [path: components.requestBodies.ReconciliationReport]
Location: N/A
Fixed: False
Source: System
Issue Source: redocly-validator
Issue Target: import-url_bundled-spec
Action: COULD NOT PROCESS: Issue definition for code 'no-unused-components' not found in registry.
--------------------------------------------------
Time: 2025-10-13T21:54:21.873444
Issue: oas3-server-trailing-slash | N/A
Message: Server URL must not have trailing slash. [path: servers.0.url]
Location: N/A
Fixed: False
Source: System
Issue Source: spectral-validator
Issue Target: import-url_bundled-spec
Action: COULD NOT PROCESS: Issue definition for code 'oas3-server-trailing-slash' not found in registry.
--------------------------------------------------
Time: 2025-10-13T21:54:22.038806
Issue: path-params | N/A
Message: Parameter "account" must be used in path "/v3/{+account}/hotels:setLiveOnGoogle". [path: paths./v3/{+account}/hotels:setLiveOnGoogle.post.parameters.0]
Location: N/A
Fixed: False
Source: System
Issue Source: spectral-validator
Issue Target: import-url_bundled-spec
Action: COULD NOT PROCESS: Issue definition for code 'path-params' not found in registry.
--------------------------------------------------
Time: 2025-10-13T21:54:22.185364
Issue: path-params | N/A
Message: Parameter "name" must be used in path "/v3/{+name}". [path: paths./v3/{+name}.delete.parameters.0]
Location: N/A
Fixed: False
Source: System
Issue Source: spectral-validator
Issue Target: import-url_bundled-spec
Action: COULD NOT PROCESS: Issue definition for code 'path-params' not found in registry.
--------------------------------------------------
Time: 2025-10-13T21:54:22.468175
Issue: path-params | N/A
Message: Parameter "name" must be used in path "/v3/{+name}". [path: paths./v3/{+name}.get.parameters.0]
Location: N/A
Fixed: False
Source: System
Issue Source: spectral-validator
Issue Target: import-url_bundled-spec
Action: COULD NOT PROCESS: Issue definition for code 'path-params' not found in registry.
--------------------------------------------------
Time: 2025-10-13T21:54:22.729394
Issue: path-params | N/A
Message: Parameter "name" must be used in path "/v3/{+name}". [path: paths./v3/{+name}.patch.parameters.0]
Location: N/A
Fixed: False
Source: System
Issue Source: spectral-validator
Issue Target: import-url_bundled-spec
Action: COULD NOT PROCESS: Issue definition for code 'path-params' not found in registry.
--------------------------------------------------
Time: 2025-10-13T21:54:22.952441
Issue: path-params | N/A
Message: Parameter "name" must be used in path "/v3/{+name}/freeBookingLinksReportViews:query". [path: paths./v3/{+name}/freeBookingLinksReportViews:query.get.parameters.0]
Location: N/A
Fixed: False
Source: System
Issue Source: spectral-validator
Issue Target: import-url_bundled-spec
Action: COULD NOT PROCESS: Issue definition for code 'path-params' not found in registry.
--------------------------------------------------
Time: 2025-10-13T21:54:23.037747
Issue: path-params | N/A
Message: Parameter "name" must be used in path "/v3/{+name}/participationReportViews:query". [path: paths./v3/{+name}/participationReportViews:query.get.parameters.0]
Location: N/A
Fixed: False
Source: System
Issue Source: spectral-validator
Issue Target: import-url_bundled-spec
Action: COULD NOT PROCESS: Issue definition for code 'path-params' not found in registry.
--------------------------------------------------
Time: 2025-10-13T21:54:24.497812
Issue: path-params | N/A
Message: Parameter "name" must be used in path "/v3/{+name}/propertyPerformanceReportViews:query". [path: paths./v3/{+name}/propertyPerformanceReportViews:query.get.parameters.0]
Location: N/A
Fixed: False
Source: System
Issue Source: spectral-validator
Issue Target: import-url_bundled-spec
Action: COULD NOT PROCESS: Issue definition for code 'path-params' not found in registry.
--------------------------------------------------
Time: 2025-10-13T21:54:24.602089
Issue: path-params | N/A
Message: Parameter "parent" must be used in path "/v3/{+parent}/accountLinks". [path: paths./v3/{+parent}/accountLinks.get.parameters.0]
Location: N/A
Fixed: False
Source: System
Issue Source: spectral-validator
Issue Target: import-url_bundled-spec
Action: COULD NOT PROCESS: Issue definition for code 'path-params' not found in registry.
--------------------------------------------------
Time: 2025-10-13T21:54:24.803340
Issue: path-params | N/A
Message: Parameter "parent" must be used in path "/v3/{+parent}/accountLinks". [path: paths./v3/{+parent}/accountLinks.post.parameters.0]
Location: N/A
Fixed: False
Source: System
Issue Source: spectral-validator
Issue Target: import-url_bundled-spec
Action: COULD NOT PROCESS: Issue definition for code 'path-params' not found in registry.
--------------------------------------------------
Time: 2025-10-13T21:54:24.891553
Issue: path-params | N/A
Message: Parameter "parent" must be used in path "/v3/{+parent}/brands". [path: paths./v3/{+parent}/brands.get.parameters.0]
Location: N/A
Fixed: False
Source: System
Issue Source: spectral-validator
Issue Target: import-url_bundled-spec
Action: COULD NOT PROCESS: Issue definition for code 'path-params' not found in registry.
--------------------------------------------------
Time: 2025-10-13T21:54:25.122277
Issue: path-params | N/A
Message: Parameter "parent" must be used in path "/v3/{+parent}/brands". [path: paths./v3/{+parent}/brands.post.parameters.0]
Location: N/A
Fixed: False
Source: System
Issue Source: spectral-validator
Issue Target: import-url_bundled-spec
Action: COULD NOT PROCESS: Issue definition for code 'path-params' not found in registry.
--------------------------------------------------
Time: 2025-10-13T21:54:25.357847
Issue: path-params | N/A
Message: Parameter "parent" must be used in path "/v3/{+parent}/hotelViews". [path: paths./v3/{+parent}/hotelViews.get.parameters.0]
Location: N/A
Fixed: False
Source: System
Issue Source: spectral-validator
Issue Target: import-url_bundled-spec
Action: COULD NOT PROCESS: Issue definition for code 'path-params' not found in registry.
--------------------------------------------------
Time: 2025-10-13T21:54:25.531867
Issue: path-params | N/A
Message: Parameter "parent" must be used in path "/v3/{+parent}/hotelViews:summarize". [path: paths./v3/{+parent}/hotelViews:summarize.get.parameters.0]
Location: N/A
Fixed: False
Source: System
Issue Source: spectral-validator
Issue Target: import-url_bundled-spec
Action: COULD NOT PROCESS: Issue definition for code 'path-params' not found in registry.
--------------------------------------------------
Time: 2025-10-13T21:54:25.650286
Issue: path-params | N/A
Message: Parameter "parent" must be used in path "/v3/{+parent}/icons". [path: paths./v3/{+parent}/icons.get.parameters.0]
Location: N/A
Fixed: False
Source: System
Issue Source: spectral-validator
Issue Target: import-url_bundled-spec
Action: COULD NOT PROCESS: Issue definition for code 'path-params' not found in registry.
--------------------------------------------------
Time: 2025-10-13T21:54:25.833576
Issue: path-params | N/A
Message: Parameter "parent" must be used in path "/v3/{+parent}/icons". [path: paths./v3/{+parent}/icons.post.parameters.0]
Location: N/A
Fixed: False
Source: System
Issue Source: spectral-validator
Issue Target: import-url_bundled-spec
Action: COULD NOT PROCESS: Issue definition for code 'path-params' not found in registry.
--------------------------------------------------
Time: 2025-10-13T21:54:25.988254
Issue: path-params | N/A
Message: Parameter "parent" must be used in path "/v3/{+parent}/listings:verify". [path: paths./v3/{+parent}/listings:verify.post.parameters.0]
Location: N/A
Fixed: False
Source: System
Issue Source: spectral-validator
Issue Target: import-url_bundled-spec
Action: COULD NOT PROCESS: Issue definition for code 'path-params' not found in registry.
--------------------------------------------------
Time: 2025-10-13T21:54:26.089313
Issue: path-params | N/A
Message: Parameter "parent" must be used in path "/v3/{+parent}/priceAccuracyViews". [path: paths./v3/{+parent}/priceAccuracyViews.get.parameters.0]
Location: N/A
Fixed: False
Source: System
Issue Source: spectral-validator
Issue Target: import-url_bundled-spec
Action: COULD NOT PROCESS: Issue definition for code 'path-params' not found in registry.
--------------------------------------------------
Time: 2025-10-13T21:54:26.199415
Issue: path-params | N/A
Message: Parameter "parent" must be used in path "/v3/{+parent}/priceAccuracyViews:summarize". [path: paths./v3/{+parent}/priceAccuracyViews:summarize.get.parameters.0]
Location: N/A
Fixed: False
Source: System
Issue Source: spectral-validator
Issue Target: import-url_bundled-spec
Action: COULD NOT PROCESS: Issue definition for code 'path-params' not found in registry.
--------------------------------------------------
Time: 2025-10-13T21:54:26.321284
Issue: path-params | N/A
Message: Parameter "parent" must be used in path "/v3/{+parent}/priceCoverageViews". [path: paths./v3/{+parent}/priceCoverageViews.get.parameters.0]
Location: N/A
Fixed: False
Source: System
Issue Source: spectral-validator
Issue Target: import-url_bundled-spec
Action: COULD NOT PROCESS: Issue definition for code 'path-params' not found in registry.
--------------------------------------------------
Time: 2025-10-13T21:54:26.519414
Issue: path-params | N/A
Message: Parameter "parent" must be used in path "/v3/{+parent}/priceCoverageViews:latest". [path: paths./v3/{+parent}/priceCoverageViews:latest.get.parameters.0]
Location: N/A
Fixed: False
Source: System
Issue Source: spectral-validator
Issue Target: import-url_bundled-spec
Action: COULD NOT PROCESS: Issue definition for code 'path-params' not found in registry.
--------------------------------------------------
Time: 2025-10-13T21:54:26.631084
Issue: path-params | N/A
Message: Parameter "parent" must be used in path "/v3/{+parent}/reconciliationReports". [path: paths./v3/{+parent}/reconciliationReports.get.parameters.0]
Location: N/A
Fixed: False
Source: System
Issue Source: spectral-validator
Issue Target: import-url_bundled-spec
Action: COULD NOT PROCESS: Issue definition for code 'path-params' not found in registry.
--------------------------------------------------
Time: 2025-10-13T21:54:26.771795
Issue: path-params | N/A
Message: Parameter "parent" must be used in path "/v3/{+parent}/reconciliationReports". [path: paths./v3/{+parent}/reconciliationReports.post.parameters.0]
Location: N/A
Fixed: False
Source: System
Issue Source: spectral-validator
Issue Target: import-url_bundled-spec
Action: COULD NOT PROCESS: Issue definition for code 'path-params' not found in registry.
--------------------------------------------------
Time: 2025-10-13T21:54:26.902770
Issue: path-params | N/A
Message: Parameter "parent" must be used in path "/v3/{+parent}/reconciliationReports:validate". [path: paths./v3/{+parent}/reconciliationReports:validate.post.parameters.0]
Location: N/A
Fixed: False
Source: System
Issue Source: spectral-validator
Issue Target: import-url_bundled-spec
Action: COULD NOT PROCESS: Issue definition for code 'path-params' not found in registry.
--------------------------------------------------
Time: 2025-10-13T21:54:27.060485
Issue: oas3-unused-component | N/A
Message: Potentially unused component has been detected. [path: components.requestBodies.Brand]
Location: N/A
Fixed: False
Source: System
Issue Source: spectral-validator
Issue Target: import-url_bundled-spec
Action: COULD NOT PROCESS: Issue definition for code 'oas3-unused-component' not found in registry.
--------------------------------------------------
Time: 2025-10-13T21:54:27.166424
Issue: oas3-unused-component | N/A
Message: Potentially unused component has been detected. [path: components.requestBodies.ReconciliationReport]
Location: N/A
Fixed: False
Source: System
Issue Source: spectral-validator
Issue Target: import-url_bundled-spec
Action: COULD NOT PROCESS: Issue definition for code 'oas3-unused-component' not found in registry.
--------------------------------------------------
Time: 2025-10-13T21:54:27.368623
Issue: no-$ref-siblings | N/A
Message: $ref must not be placed next to any other properties [path: components.schemas.AccountLink.properties.accountLinkTarget.description]
Location: N/A
Fixed: False
Source: System
Issue Source: spectral-validator
Issue Target: import-url_bundled-spec
Action: COULD NOT PROCESS: Issue definition for code 'no-$ref-siblings' not found in registry.
--------------------------------------------------
Time: 2025-10-13T21:54:27.568083
Issue: no-$ref-siblings | N/A
Message: $ref must not be placed next to any other properties [path: components.schemas.AccountLinkTarget.properties.hotelList.description]
Location: N/A
Fixed: False
Source: System
Issue Source: spectral-validator
Issue Target: import-url_bundled-spec
Action: COULD NOT PROCESS: Issue definition for code 'no-$ref-siblings' not found in registry.
--------------------------------------------------
Time: 2025-10-13T21:54:27.861535
Issue: no-$ref-siblings | N/A
Message: $ref must not be placed next to any other properties [path: components.schemas.CreateReconciliationReportResponse.properties.reconciliationReport.description]
Location: N/A
Fixed: False
Source: System
Issue Source: spectral-validator
Issue Target: import-url_bundled-spec
Action: COULD NOT PROCESS: Issue definition for code 'no-$ref-siblings' not found in registry.
--------------------------------------------------
Time: 2025-10-13T21:54:27.990744
Issue: oas3-schema | N/A
Message: Property "enumDeprecated" is not expected to be here. [path: components.schemas.DataIssueDetail.properties.dataIssueType.enumDeprecated]
Location: N/A
Fixed: False
Source: System
Issue Source: spectral-validator
Issue Target: import-url_bundled-spec
Action: COULD NOT PROCESS: Issue definition for code 'oas3-schema' not found in registry.
--------------------------------------------------
Time: 2025-10-13T21:54:28.155547
Issue: no-$ref-siblings | N/A
Message: $ref must not be placed next to any other properties [path: components.schemas.FreeBookingLinksResult.properties.date.description]
Location: N/A
Fixed: False
Source: System
Issue Source: spectral-validator
Issue Target: import-url_bundled-spec
Action: COULD NOT PROCESS: Issue definition for code 'no-$ref-siblings' not found in registry.
--------------------------------------------------
Time: 2025-10-13T21:54:28.391081
Issue: no-$ref-siblings | N/A
Message: $ref must not be placed next to any other properties [path: components.schemas.HotelPricePerItinerary.properties.checkinDate.description]
Location: N/A
Fixed: False
Source: System
Issue Source: spectral-validator
Issue Target: import-url_bundled-spec
Action: COULD NOT PROCESS: Issue definition for code 'no-$ref-siblings' not found in registry.
--------------------------------------------------
Time: 2025-10-13T21:54:28.607302
Issue: oas3-schema | N/A
Message: Property "enumDeprecated" is not expected to be here. [path: components.schemas.HotelView.properties.dataIssues.items.enumDeprecated]
Location: N/A
Fixed: False
Source: System
Issue Source: spectral-validator
Issue Target: import-url_bundled-spec
Action: COULD NOT PROCESS: Issue definition for code 'oas3-schema' not found in registry.
--------------------------------------------------
Time: 2025-10-13T21:54:28.750414
Issue: no-$ref-siblings | N/A
Message: $ref must not be placed next to any other properties [path: components.schemas.Key.properties.checkinDate.description]
Location: N/A
Fixed: False
Source: System
Issue Source: spectral-validator
Issue Target: import-url_bundled-spec
Action: COULD NOT PROCESS: Issue definition for code 'no-$ref-siblings' not found in registry.
--------------------------------------------------
Time: 2025-10-13T21:54:28.836179
Issue: no-$ref-siblings | N/A
Message: $ref must not be placed next to any other properties [path: components.schemas.Key.properties.date.description]
Location: N/A
Fixed: False
Source: System
Issue Source: spectral-validator
Issue Target: import-url_bundled-spec
Action: COULD NOT PROCESS: Issue definition for code 'no-$ref-siblings' not found in registry.
--------------------------------------------------
Time: 2025-10-13T21:54:29.102530
Issue: no-$ref-siblings | N/A
Message: $ref must not be placed next to any other properties [path: components.schemas.MissedParticipationCountDetails.properties.noPriceCountDetails.deprecated]
Location: N/A
Fixed: False
Source: System
Issue Source: spectral-validator
Issue Target: import-url_bundled-spec
Action: COULD NOT PROCESS: Issue definition for code 'no-$ref-siblings' not found in registry.
--------------------------------------------------
Time: 2025-10-13T21:54:29.212948
Issue: no-$ref-siblings | N/A
Message: $ref must not be placed next to any other properties [path: components.schemas.MissedParticipationCountDetails.properties.noPriceCountDetails.description]
Location: N/A
Fixed: False
Source: System
Issue Source: spectral-validator
Issue Target: import-url_bundled-spec
Action: COULD NOT PROCESS: Issue definition for code 'no-$ref-siblings' not found in registry.
--------------------------------------------------
Time: 2025-10-13T21:54:29.291660
Issue: no-$ref-siblings | N/A
Message: $ref must not be placed next to any other properties [path: components.schemas.MissedParticipationCountDetails.properties.priceMissingCountDetails.description]
Location: N/A
Fixed: False
Source: System
Issue Source: spectral-validator
Issue Target: import-url_bundled-spec
Action: COULD NOT PROCESS: Issue definition for code 'no-$ref-siblings' not found in registry.
--------------------------------------------------
Time: 2025-10-13T21:54:29.465986
Issue: no-$ref-siblings | N/A
Message: $ref must not be placed next to any other properties [path: components.schemas.MissedParticipationCountDetails.properties.priceProblemCountDetails.description]
Location: N/A
Fixed: False
Source: System
Issue Source: spectral-validator
Issue Target: import-url_bundled-spec
Action: COULD NOT PROCESS: Issue definition for code 'no-$ref-siblings' not found in registry.
--------------------------------------------------
Time: 2025-10-13T21:54:29.546228
Issue: no-$ref-siblings | N/A
Message: $ref must not be placed next to any other properties [path: components.schemas.MissedParticipationCountDetails.properties.priceUnavailableCountDetails.description]
Location: N/A
Fixed: False
Source: System
Issue Source: spectral-validator
Issue Target: import-url_bundled-spec
Action: COULD NOT PROCESS: Issue definition for code 'no-$ref-siblings' not found in registry.
--------------------------------------------------
Time: 2025-10-13T21:54:29.631126
Issue: no-$ref-siblings | N/A
Message: $ref must not be placed next to any other properties [path: components.schemas.ParsedListing.properties.location.description]
Location: N/A
Fixed: False
Source: System
Issue Source: spectral-validator
Issue Target: import-url_bundled-spec
Action: COULD NOT PROCESS: Issue definition for code 'no-$ref-siblings' not found in registry.
--------------------------------------------------
Time: 2025-10-13T21:54:29.718134
Issue: no-$ref-siblings | N/A
Message: $ref must not be placed next to any other properties [path: components.schemas.ParticipationResult.properties.key.description]
Location: N/A
Fixed: False
Source: System
Issue Source: spectral-validator
Issue Target: import-url_bundled-spec
Action: COULD NOT PROCESS: Issue definition for code 'no-$ref-siblings' not found in registry.
--------------------------------------------------
Time: 2025-10-13T21:54:29.819024
Issue: no-$ref-siblings | N/A
Message: $ref must not be placed next to any other properties [path: components.schemas.ParticipationResult.properties.missedParticipationCountDetails.description]
Location: N/A
Fixed: False
Source: System
Issue Source: spectral-validator
Issue Target: import-url_bundled-spec
Action: COULD NOT PROCESS: Issue definition for code 'no-$ref-siblings' not found in registry.
--------------------------------------------------
Time: 2025-10-13T21:54:29.893807
Issue: no-$ref-siblings | N/A
Message: $ref must not be placed next to any other properties [path: components.schemas.PriceAccuracyRow.properties.cachedPriceRecord.description]
Location: N/A
Fixed: False
Source: System
Issue Source: spectral-validator
Issue Target: import-url_bundled-spec
Action: COULD NOT PROCESS: Issue definition for code 'no-$ref-siblings' not found in registry.
--------------------------------------------------
Time: 2025-10-13T21:54:31.214168
Issue: no-$ref-siblings | N/A
Message: $ref must not be placed next to any other properties [path: components.schemas.PriceAccuracyRow.properties.checkinDate.description]
Location: N/A
Fixed: False
Source: System
Issue Source: spectral-validator
Issue Target: import-url_bundled-spec
Action: COULD NOT PROCESS: Issue definition for code 'no-$ref-siblings' not found in registry.
--------------------------------------------------
Time: 2025-10-13T21:54:31.304675
Issue: no-$ref-siblings | N/A
Message: $ref must not be placed next to any other properties [path: components.schemas.PriceAccuracyRow.properties.fetchedPriceRecord.description]
Location: N/A
Fixed: False
Source: System
Issue Source: spectral-validator
Issue Target: import-url_bundled-spec
Action: COULD NOT PROCESS: Issue definition for code 'no-$ref-siblings' not found in registry.
--------------------------------------------------
Time: 2025-10-13T21:54:31.415671
Issue: no-$ref-siblings | N/A
Message: $ref must not be placed next to any other properties [path: components.schemas.PriceCoverageView.properties.calculationDate.description]
Location: N/A
Fixed: False
Source: System
Issue Source: spectral-validator
Issue Target: import-url_bundled-spec
Action: COULD NOT PROCESS: Issue definition for code 'no-$ref-siblings' not found in registry.
--------------------------------------------------
Time: 2025-10-13T21:54:31.544571
Issue: oas3-unused-component | N/A
Message: Potentially unused component has been detected. [path: components.schemas.PriceView]
Location: N/A
Fixed: False
Source: System
Issue Source: spectral-validator
Issue Target: import-url_bundled-spec
Action: COULD NOT PROCESS: Issue definition for code 'oas3-unused-component' not found in registry.
--------------------------------------------------
Time: 2025-10-13T21:54:31.631908
Issue: no-$ref-siblings | N/A
Message: $ref must not be placed next to any other properties [path: components.schemas.PropertyPerformanceResult.properties.date.description]
Location: N/A
Fixed: False
Source: System
Issue Source: spectral-validator
Issue Target: import-url_bundled-spec
Action: COULD NOT PROCESS: Issue definition for code 'no-$ref-siblings' not found in registry.
--------------------------------------------------
Time: 2025-10-13T21:54:31.711385
Issue: no-$ref-siblings | N/A
Message: $ref must not be placed next to any other properties [path: components.schemas.VerifyListingsResponse.properties.parsedListing.description]
Location: N/A
Fixed: False
Source: System
Issue Source: spectral-validator
Issue Target: import-url_bundled-spec
Action: COULD NOT PROCESS: Issue definition for code 'no-$ref-siblings' not found in registry.
