Repair Log
Processed Timestamp: 2025-10-13T21:53:37.248888

--------------------------------------------------
Time: 2025-10-13T21:53:32.885636
Issue: oneOf | N/A
Message: {'description': 'Details on a data issue in the listing.', 'properties': {'dataIssueSeverity': {'description': 'The severity of the data issue.', 'enum': ['DATA_ISSUE_SEVERITY_UNSPECIFIED', 'ERROR', 'WARNING', 'INFO'], 'type': 'string'}, 'dataIssueType': {'description': 'The type of the data issue.', 'enum': ['FEED_DATA_ISSUE_UNSPECIFIED', 'FEED_DATA_ISSUE_UNKNOWN', 'NO_DATA_ISSUE', 'DUPLICATE_ADDRESS', 'MISSING_PHYSICAL_STREET_ADDRESS', 'MISSING_STREET_NAME', 'MISSING_STREET_NUMBER', 'MISSING_ADDRESS', 'MISSING_COUNTRY', 'INVALID_POSTAL_CODE', 'INVALID_POSTAL_CODE_SUFFIX', 'UNEXPECTED_POSTAL_CODE_SUFFIX', 'UNEXPECTED_POSTAL_CODE', 'INVALID_AMENITIES', 'INVALID_EMAIL_ADDRESS', 'DUPLICATE_LATLONG', 'LATLONG_INCONSISTENT_WITH_ADDRESS', 'MISSING_LATLONG', 'COULD_NOT_GEOCODE', 'MISSING_HOTEL_NAME', 'HOTEL_NAME_EMPTY', 'INVALID_HOTEL_NAME', 'HOTEL_NAME_TOO_LONG', 'PARSE_ERROR_IN_XML', 'UNEXPECTED_ATTRIBUTE_IN_XML', 'DUPLICATE_PHONE_NUMBER', 'MISSING_PHONE_NUMBER', 'MISSING_VOICE_PHONE_NUMBER', 'INVALID_PHONE_NUMBER_FORMAT', 'INVALID_PHONE_NUMBER', 'INVALID_PHONE_NUMBER_COUNTRY_CODE', 'PHONE_NUMBER_TOO_LONG', 'PHONE_NUMBER_TOO_SHORT', 'INVALID_WEBSITE_URL', 'ADWORDS_ATTRIBUTE_TOO_LONG', 'FLAGGED_DUE_TO_SUSPICIOUS_METADATA', 'NOT_ENOUGH_IMAGES_PROVIDED', 'IMAGE_PROCESSING_IN_PROGRESS', 'CANNOT_FETCH_IMAGES', 'INCOMPATIBLE_IMAGE_SIZE_OR_LOW_QUALITY', 'MISSING_LANG_IN_RAW_LISTING', 'IS_HOTEL', 'MISSING_REQ_ATTR', 'MISSING_NAME', 'MISSING_LANG_IN_NAME', 'VR_NAME_TOO_LONG', 'NAME_AND_DESCRIPTION_ABUSE_VERIFIED', 'TEST_PROPERTY', 'NON_VR_ACCOMMODATION_TYPE_BASED_ON_LISTING_NAME', 'NON_VR_ACCOMMODATION_TYPE', 'BRAND_NAME_TOO_LONG', 'MISSING_BRAND_NAME', 'REVIEW_MISSING_VISIT_TIMESTAMP', 'VR_ADDRESS_MISSING', 'VR_ADDRESS_INVALID', 'VR_ADDRESS_INCOMPLETE', 'VR_ADDRESS_INCOMPLETE_NO_STREET_NAME', 'VR_ADDRESS_INCOMPLETE_NO_STREET_NUMBER', 'VR_ADDRESS_INCOMPLETE_NO_UNIT_NUMBER', 'VR_ADDRESS_LATLONG_MISMATCH', 'INVALID_REVIEW_RATING', 'INVALID_CHECKIN_FORMAT', 'INVALID_CHECKOUT_FORMAT', 'INTERNAL_BLOCKLIST', 'VR_LIVE_ON_GOOGLE_INACTIVE_ERROR', 'VR_XML_FAILED_PARSING', 'VR_ZIP_FILE_CORRUPT', 'VR_PENDING_INITIAL_PROCESSING', 'VR_WEBSITE_LINK_ROBOTED', 'VR_PENDING_WEBSITE_CRAWLING', 'VR_WEBSITE_LINK_WITH_CRAWLING_ERROR', 'VR_BRAND_MISSING_LANDING_PAGE', 'VR_INVALID_ROOM_TYPE'], 'enumDeprecated': [False, False, False, False, False, False, False, False, False, False, False, False, False, False, False, False, False, False, False, False, False, False, False, False, False, False, False, False, False, False, False, False, False, False, False, False, False, False, False, False, False, False, False, False, False, False, False, False, True, False, False, True, False, False, False, True, False, False, False, False, False, False, False, False, False, False, False, False, False, False, False, False, False], 'type': 'string'}, 'isSelfResolving': {'description': 'Whether or not the issue is self-resolving. If true, the issue is expected to resolve itself. If false or not set, action is needed to resolve the issue. Refer to documentation on the data issueâ€™s type for further information.', 'type': 'boolean'}}, 'type': 'object'} is not valid under any of the given schemas
Location: N/A
Fixed: False
Source: System
Issue Source: openapi-spec-validator
Issue Target: import-url_root-spec
Action: COULD NOT PROCESS: Issue definition for code 'oneOf' not found in registry.
--------------------------------------------------
Time: 2025-10-13T21:53:32.890672
Issue: oneOf | N/A
Message: {'description': 'A hotel view.', 'properties': {'dataIssueDetail': {'description': 'The type and severity of each data quality issue in the feed. If your feed contains data issues, update the feed and resubmit it. For more information, refer to this article.', 'items': {'$ref': '#/components/schemas/DataIssueDetail'}, 'type': 'array'}, 'dataIssues': {'description': 'DEPRECATED. Indicates that the hotel has data quality issues. The value of this field indicates the type of error. This has been replaced with the data_issue_detail field. If your feed contains data issues, update the feed and resubmit it. For more information, refer to this article.', 'items': {'enum': ['FEED_DATA_ISSUE_UNSPECIFIED', 'FEED_DATA_ISSUE_UNKNOWN', 'NO_DATA_ISSUE', 'DUPLICATE_ADDRESS', 'MISSING_PHYSICAL_STREET_ADDRESS', 'MISSING_STREET_NAME', 'MISSING_STREET_NUMBER', 'MISSING_ADDRESS', 'MISSING_COUNTRY', 'INVALID_POSTAL_CODE', 'INVALID_POSTAL_CODE_SUFFIX', 'UNEXPECTED_POSTAL_CODE_SUFFIX', 'UNEXPECTED_POSTAL_CODE', 'INVALID_AMENITIES', 'INVALID_EMAIL_ADDRESS', 'DUPLICATE_LATLONG', 'LATLONG_INCONSISTENT_WITH_ADDRESS', 'MISSING_LATLONG', 'COULD_NOT_GEOCODE', 'MISSING_HOTEL_NAME', 'HOTEL_NAME_EMPTY', 'INVALID_HOTEL_NAME', 'HOTEL_NAME_TOO_LONG', 'PARSE_ERROR_IN_XML', 'UNEXPECTED_ATTRIBUTE_IN_XML', 'DUPLICATE_PHONE_NUMBER', 'MISSING_PHONE_NUMBER', 'MISSING_VOICE_PHONE_NUMBER', 'INVALID_PHONE_NUMBER_FORMAT', 'INVALID_PHONE_NUMBER', 'INVALID_PHONE_NUMBER_COUNTRY_CODE', 'PHONE_NUMBER_TOO_LONG', 'PHONE_NUMBER_TOO_SHORT', 'INVALID_WEBSITE_URL', 'ADWORDS_ATTRIBUTE_TOO_LONG', 'FLAGGED_DUE_TO_SUSPICIOUS_METADATA', 'NOT_ENOUGH_IMAGES_PROVIDED', 'IMAGE_PROCESSING_IN_PROGRESS', 'CANNOT_FETCH_IMAGES', 'INCOMPATIBLE_IMAGE_SIZE_OR_LOW_QUALITY', 'MISSING_LANG_IN_RAW_LISTING', 'IS_HOTEL', 'MISSING_REQ_ATTR', 'MISSING_NAME', 'MISSING_LANG_IN_NAME', 'VR_NAME_TOO_LONG', 'NAME_AND_DESCRIPTION_ABUSE_VERIFIED', 'TEST_PROPERTY', 'NON_VR_ACCOMMODATION_TYPE_BASED_ON_LISTING_NAME', 'NON_VR_ACCOMMODATION_TYPE', 'BRAND_NAME_TOO_LONG', 'MISSING_BRAND_NAME', 'REVIEW_MISSING_VISIT_TIMESTAMP', 'VR_ADDRESS_MISSING', 'VR_ADDRESS_INVALID', 'VR_ADDRESS_INCOMPLETE', 'VR_ADDRESS_INCOMPLETE_NO_STREET_NAME', 'VR_ADDRESS_INCOMPLETE_NO_STREET_NUMBER', 'VR_ADDRESS_INCOMPLETE_NO_UNIT_NUMBER', 'VR_ADDRESS_LATLONG_MISMATCH', 'INVALID_REVIEW_RATING', 'INVALID_CHECKIN_FORMAT', 'INVALID_CHECKOUT_FORMAT', 'INTERNAL_BLOCKLIST', 'VR_LIVE_ON_GOOGLE_INACTIVE_ERROR', 'VR_XML_FAILED_PARSING', 'VR_ZIP_FILE_CORRUPT', 'VR_PENDING_INITIAL_PROCESSING', 'VR_WEBSITE_LINK_ROBOTED', 'VR_PENDING_WEBSITE_CRAWLING', 'VR_WEBSITE_LINK_WITH_CRAWLING_ERROR', 'VR_BRAND_MISSING_LANDING_PAGE', 'VR_INVALID_ROOM_TYPE'], 'enumDeprecated': [False, False, False, False, False, False, False, False, False, False, False, False, False, False, False, False, False, False, False, False, False, False, False, False, False, False, False, False, False, False, False, False, False, False, False, False, False, False, False, False, False, False, False, False, False, False, False, False, True, False, False, True, False, False, False, True, False, False, False, False, False, False, False, False, False, False, False, False, False, False, False, False, False], 'type': 'string'}, 'type': 'array'}, 'googleClusterId': {'description': 'The Google Maps identifier for the hotel.', 'format': 'uint64', 'type': 'string'}, 'googleHotelDisplayName': {'description': "Google's hotel name.", 'type': 'string'}, 'googleHotelId': {'description': "Google's canonical ID for the hotel.", 'format': 'uint64', 'type': 'string'}, 'liveOnGoogle': {'deprecated': True, 'description': "Optional. DEPRECATED. Prefer live_on_google_status. Whether the hotel appears in Google's hotel booking links. Declaration & behavior to get detection of presence/absence in JSON conversion.", 'type': 'boolean'}, 'liveOnGoogleStatus': {'description': "Optional. Whether the hotel appears in Google's hotel booking links. Declaration & behavior to get detection of presence/absence in JSON conversion.", 'enum': ['LIVE_ON_GOOGLE_STATUS_UNSPECIFIED', 'LIVE_ON_GOOGLE_STATUS_ACTIVE', 'LIVE_ON_GOOGLE_STATUS_INACTIVE', 'LIVE_ON_GOOGLE_STATUS_ACTIVE_OUTSIDE_DSA_REGION'], 'type': 'string'}, 'matchFailureReasons': {'description': 'The reasons why a hotel failed to match to a property on Maps.', 'items': {'type': 'string'}, 'type': 'array'}, 'matchStatus': {'description': 'Current matching status of the hotel.', 'enum': ['MATCH_STATUS_UNSPECIFIED', 'MATCH_STATUS_UNKNOWN', 'NOT_MATCHED', 'MATCHED', 'MAP_OVERLAP'], 'type': 'string'}, 'overclusteredPartnerHotelIds': {'description': 'Other hotels with which the hotel is overclustered. If your feed contains overclustered hotels, update the feed and resubmit it. To do this, you can use the manual match tool.', 'items': {'type': 'string'}, 'type': 'array'}, 'partnerHotelDisplayName': {'description': "Partner's hotel name.", 'type': 'string'}, 'partnerHotelId': {'description': 'The unique ID of the hotel that the partner provides in their Hotel List Feed.', 'type': 'string'}, 'primaryOverclusteredPartnerHotelId': {'description': 'The primary hotel in the overclustered set.', 'type': 'string'}, 'propertyDetails': {'description': 'Optional. A URL to the property on Google. Only available for properties that are listed.', 'type': 'string'}}, 'type': 'object'} is not valid under any of the given schemas
Location: N/A
Fixed: False
Source: System
Issue Source: openapi-spec-validator
Issue Target: import-url_root-spec
Action: COULD NOT PROCESS: Issue definition for code 'oneOf' not found in registry.
--------------------------------------------------
Time: 2025-10-13T21:53:32.895096
Issue: <unset> | N/A
Message: Path parameter '+account' for 'post' operation in '/v3/{+account}/hotels:setLiveOnGoogle' was not resolved
Location: N/A
Fixed: False
Source: System
Issue Source: openapi-spec-validator
Issue Target: import-url_root-spec
Action: COULD NOT PROCESS: Issue definition for code '<unset>' not found in registry.
--------------------------------------------------
Time: 2025-10-13T21:53:32.902224
Issue: <unset> | N/A
Message: Path parameter '+name' for 'delete' operation in '/v3/{+name}' was not resolved
Location: N/A
Fixed: False
Source: System
Issue Source: openapi-spec-validator
Issue Target: import-url_root-spec
Action: COULD NOT PROCESS: Issue definition for code '<unset>' not found in registry.
--------------------------------------------------
Time: 2025-10-13T21:53:32.906825
Issue: <unset> | N/A
Message: Path parameter '+name' for 'get' operation in '/v3/{+name}' was not resolved
Location: N/A
Fixed: False
Source: System
Issue Source: openapi-spec-validator
Issue Target: import-url_root-spec
Action: COULD NOT PROCESS: Issue definition for code '<unset>' not found in registry.
--------------------------------------------------
Time: 2025-10-13T21:53:32.910936
Issue: <unset> | N/A
Message: Path parameter '+name' for 'patch' operation in '/v3/{+name}' was not resolved
Location: N/A
Fixed: False
Source: System
Issue Source: openapi-spec-validator
Issue Target: import-url_root-spec
Action: COULD NOT PROCESS: Issue definition for code '<unset>' not found in registry.
--------------------------------------------------
Time: 2025-10-13T21:53:32.912824
Issue: <unset> | N/A
Message: Path parameter '+name' for 'get' operation in '/v3/{+name}/freeBookingLinksReportViews:query' was not resolved
Location: N/A
Fixed: False
Source: System
Issue Source: openapi-spec-validator
Issue Target: import-url_root-spec
Action: COULD NOT PROCESS: Issue definition for code '<unset>' not found in registry.
--------------------------------------------------
Time: 2025-10-13T21:53:32.914880
Issue: <unset> | N/A
Message: Path parameter '+name' for 'get' operation in '/v3/{+name}/participationReportViews:query' was not resolved
Location: N/A
Fixed: False
Source: System
Issue Source: openapi-spec-validator
Issue Target: import-url_root-spec
Action: COULD NOT PROCESS: Issue definition for code '<unset>' not found in registry.
--------------------------------------------------
Time: 2025-10-13T21:53:32.916922
Issue: <unset> | N/A
Message: Path parameter '+name' for 'get' operation in '/v3/{+name}/propertyPerformanceReportViews:query' was not resolved
Location: N/A
Fixed: False
Source: System
Issue Source: openapi-spec-validator
Issue Target: import-url_root-spec
Action: COULD NOT PROCESS: Issue definition for code '<unset>' not found in registry.
--------------------------------------------------
Time: 2025-10-13T21:53:32.918544
Issue: <unset> | N/A
Message: Path parameter '+parent' for 'get' operation in '/v3/{+parent}/accountLinks' was not resolved
Location: N/A
Fixed: False
Source: System
Issue Source: openapi-spec-validator
Issue Target: import-url_root-spec
Action: COULD NOT PROCESS: Issue definition for code '<unset>' not found in registry.
--------------------------------------------------
Time: 2025-10-13T21:53:32.920417
Issue: <unset> | N/A
Message: Path parameter '+parent' for 'post' operation in '/v3/{+parent}/accountLinks' was not resolved
Location: N/A
Fixed: False
Source: System
Issue Source: openapi-spec-validator
Issue Target: import-url_root-spec
Action: COULD NOT PROCESS: Issue definition for code '<unset>' not found in registry.
--------------------------------------------------
Time: 2025-10-13T21:53:32.922609
Issue: <unset> | N/A
Message: Path parameter '+parent' for 'get' operation in '/v3/{+parent}/brands' was not resolved
Location: N/A
Fixed: False
Source: System
Issue Source: openapi-spec-validator
Issue Target: import-url_root-spec
Action: COULD NOT PROCESS: Issue definition for code '<unset>' not found in registry.
--------------------------------------------------
Time: 2025-10-13T21:53:32.925208
Issue: <unset> | N/A
Message: Path parameter '+parent' for 'post' operation in '/v3/{+parent}/brands' was not resolved
Location: N/A
Fixed: False
Source: System
Issue Source: openapi-spec-validator
Issue Target: import-url_root-spec
Action: COULD NOT PROCESS: Issue definition for code '<unset>' not found in registry.
--------------------------------------------------
Time: 2025-10-13T21:53:32.926898
Issue: <unset> | N/A
Message: Path parameter '+parent' for 'get' operation in '/v3/{+parent}/hotelViews' was not resolved
Location: N/A
Fixed: False
Source: System
Issue Source: openapi-spec-validator
Issue Target: import-url_root-spec
Action: COULD NOT PROCESS: Issue definition for code '<unset>' not found in registry.
--------------------------------------------------
Time: 2025-10-13T21:53:32.928556
Issue: <unset> | N/A
Message: Path parameter '+parent' for 'get' operation in '/v3/{+parent}/hotelViews:summarize' was not resolved
Location: N/A
Fixed: False
Source: System
Issue Source: openapi-spec-validator
Issue Target: import-url_root-spec
Action: COULD NOT PROCESS: Issue definition for code '<unset>' not found in registry.
--------------------------------------------------
Time: 2025-10-13T21:53:32.929845
Issue: <unset> | N/A
Message: Path parameter '+parent' for 'get' operation in '/v3/{+parent}/icons' was not resolved
Location: N/A
Fixed: False
Source: System
Issue Source: openapi-spec-validator
Issue Target: import-url_root-spec
Action: COULD NOT PROCESS: Issue definition for code '<unset>' not found in registry.
--------------------------------------------------
Time: 2025-10-13T21:53:32.931830
Issue: <unset> | N/A
Message: Path parameter '+parent' for 'post' operation in '/v3/{+parent}/icons' was not resolved
Location: N/A
Fixed: False
Source: System
Issue Source: openapi-spec-validator
Issue Target: import-url_root-spec
Action: COULD NOT PROCESS: Issue definition for code '<unset>' not found in registry.
--------------------------------------------------
Time: 2025-10-13T21:53:32.934419
Issue: <unset> | N/A
Message: Path parameter '+parent' for 'post' operation in '/v3/{+parent}/listings:verify' was not resolved
Location: N/A
Fixed: False
Source: System
Issue Source: openapi-spec-validator
Issue Target: import-url_root-spec
Action: COULD NOT PROCESS: Issue definition for code '<unset>' not found in registry.
--------------------------------------------------
Time: 2025-10-13T21:53:32.937009
Issue: <unset> | N/A
Message: Path parameter '+parent' for 'get' operation in '/v3/{+parent}/priceAccuracyViews' was not resolved
Location: N/A
Fixed: False
Source: System
Issue Source: openapi-spec-validator
Issue Target: import-url_root-spec
Action: COULD NOT PROCESS: Issue definition for code '<unset>' not found in registry.
--------------------------------------------------
Time: 2025-10-13T21:53:32.939099
Issue: <unset> | N/A
Message: Path parameter '+parent' for 'get' operation in '/v3/{+parent}/priceAccuracyViews:summarize' was not resolved
Location: N/A
Fixed: False
Source: System
Issue Source: openapi-spec-validator
Issue Target: import-url_root-spec
Action: COULD NOT PROCESS: Issue definition for code '<unset>' not found in registry.
--------------------------------------------------
Time: 2025-10-13T21:53:32.942608
Issue: <unset> | N/A
Message: Path parameter '+parent' for 'get' operation in '/v3/{+parent}/priceCoverageViews' was not resolved
Location: N/A
Fixed: False
Source: System
Issue Source: openapi-spec-validator
Issue Target: import-url_root-spec
Action: COULD NOT PROCESS: Issue definition for code '<unset>' not found in registry.
--------------------------------------------------
Time: 2025-10-13T21:53:32.945282
Issue: <unset> | N/A
Message: Path parameter '+parent' for 'get' operation in '/v3/{+parent}/priceCoverageViews:latest' was not resolved
Location: N/A
Fixed: False
Source: System
Issue Source: openapi-spec-validator
Issue Target: import-url_root-spec
Action: COULD NOT PROCESS: Issue definition for code '<unset>' not found in registry.
--------------------------------------------------
Time: 2025-10-13T21:53:32.947362
Issue: <unset> | N/A
Message: Path parameter '+parent' for 'get' operation in '/v3/{+parent}/reconciliationReports' was not resolved
Location: N/A
Fixed: False
Source: System
Issue Source: openapi-spec-validator
Issue Target: import-url_root-spec
Action: COULD NOT PROCESS: Issue definition for code '<unset>' not found in registry.
--------------------------------------------------
Time: 2025-10-13T21:53:32.949645
Issue: <unset> | N/A
Message: Path parameter '+parent' for 'post' operation in '/v3/{+parent}/reconciliationReports' was not resolved
Location: N/A
Fixed: False
Source: System
Issue Source: openapi-spec-validator
Issue Target: import-url_root-spec
Action: COULD NOT PROCESS: Issue definition for code '<unset>' not found in registry.
--------------------------------------------------
Time: 2025-10-13T21:53:32.951883
Issue: <unset> | N/A
Message: Path parameter '+parent' for 'post' operation in '/v3/{+parent}/reconciliationReports:validate' was not resolved
Location: N/A
Fixed: False
Source: System
Issue Source: openapi-spec-validator
Issue Target: import-url_root-spec
Action: COULD NOT PROCESS: Issue definition for code '<unset>' not found in registry.
--------------------------------------------------
Time: 2025-10-13T21:53:32.954470
Issue: no-server-trailing-slash | N/A
Message: Server `url` should not have a trailing slash. [path: servers.0.url]
Location: N/A
Fixed: False
Source: System
Issue Source: redocly-validator
Issue Target: import-url_root-spec
Action: COULD NOT PROCESS: Issue definition for code 'no-server-trailing-slash' not found in registry.
--------------------------------------------------
Time: 2025-10-13T21:53:32.956662
Issue: operation-summary | N/A
Message: Operation object should contain `summary` field. [path: paths./v3/{+account}/hotels:setLiveOnGoogle.post.summary]
Location: N/A
Fixed: False
Source: System
Issue Source: redocly-validator
Issue Target: import-url_root-spec
Action: COULD NOT PROCESS: Issue definition for code 'operation-summary' not found in registry.
--------------------------------------------------
Time: 2025-10-13T21:53:32.959174
Issue: path-parameters-defined | N/A
Message: Path parameter `account` is not used in the path `/v3/{+account}/hotels:setLiveOnGoogle`. [path: paths./v3/{+account}/hotels:setLiveOnGoogle.post.parameters.0.name]
Location: N/A
Fixed: False
Source: System
Issue Source: redocly-validator
Issue Target: import-url_root-spec
Action: COULD NOT PROCESS: Issue definition for code 'path-parameters-defined' not found in registry.
--------------------------------------------------
Time: 2025-10-13T21:53:32.961605
Issue: operation-summary | N/A
Message: Operation object should contain `summary` field. [path: paths./v3/{+name}.get.summary]
Location: N/A
Fixed: False
Source: System
Issue Source: redocly-validator
Issue Target: import-url_root-spec
Action: COULD NOT PROCESS: Issue definition for code 'operation-summary' not found in registry.
--------------------------------------------------
Time: 2025-10-13T21:53:32.963714
Issue: path-parameters-defined | N/A
Message: Path parameter `name` is not used in the path `/v3/{+name}`. [path: paths./v3/{+name}.get.parameters.0.name]
Location: N/A
Fixed: False
Source: System
Issue Source: redocly-validator
Issue Target: import-url_root-spec
Action: COULD NOT PROCESS: Issue definition for code 'path-parameters-defined' not found in registry.
--------------------------------------------------
Time: 2025-10-13T21:53:32.965741
Issue: operation-summary | N/A
Message: Operation object should contain `summary` field. [path: paths./v3/{+name}.delete.summary]
Location: N/A
Fixed: False
Source: System
Issue Source: redocly-validator
Issue Target: import-url_root-spec
Action: COULD NOT PROCESS: Issue definition for code 'operation-summary' not found in registry.
--------------------------------------------------
Time: 2025-10-13T21:53:32.968311
Issue: path-parameters-defined | N/A
Message: Path parameter `name` is not used in the path `/v3/{+name}`. [path: paths./v3/{+name}.delete.parameters.0.name]
Location: N/A
Fixed: False
Source: System
Issue Source: redocly-validator
Issue Target: import-url_root-spec
Action: COULD NOT PROCESS: Issue definition for code 'path-parameters-defined' not found in registry.
--------------------------------------------------
Time: 2025-10-13T21:53:32.970521
Issue: operation-summary | N/A
Message: Operation object should contain `summary` field. [path: paths./v3/{+name}.patch.summary]
Location: N/A
Fixed: False
Source: System
Issue Source: redocly-validator
Issue Target: import-url_root-spec
Action: COULD NOT PROCESS: Issue definition for code 'operation-summary' not found in registry.
--------------------------------------------------
Time: 2025-10-13T21:53:32.972850
Issue: path-parameters-defined | N/A
Message: Path parameter `name` is not used in the path `/v3/{+name}`. [path: paths./v3/{+name}.patch.parameters.0.name]
Location: N/A
Fixed: False
Source: System
Issue Source: redocly-validator
Issue Target: import-url_root-spec
Action: COULD NOT PROCESS: Issue definition for code 'path-parameters-defined' not found in registry.
--------------------------------------------------
Time: 2025-10-13T21:53:32.975449
Issue: operation-summary | N/A
Message: Operation object should contain `summary` field. [path: paths./v3/{+name}/freeBookingLinksReportViews:query.get.summary]
Location: N/A
Fixed: False
Source: System
Issue Source: redocly-validator
Issue Target: import-url_root-spec
Action: COULD NOT PROCESS: Issue definition for code 'operation-summary' not found in registry.
--------------------------------------------------
Time: 2025-10-13T21:53:32.977710
Issue: path-parameters-defined | N/A
Message: Path parameter `name` is not used in the path `/v3/{+name}/freeBookingLinksReportViews:query`. [path: paths./v3/{+name}/freeBookingLinksReportViews:query.get.parameters.0.name]
Location: N/A
Fixed: False
Source: System
Issue Source: redocly-validator
Issue Target: import-url_root-spec
Action: COULD NOT PROCESS: Issue definition for code 'path-parameters-defined' not found in registry.
--------------------------------------------------
Time: 2025-10-13T21:53:32.980707
Issue: operation-summary | N/A
Message: Operation object should contain `summary` field. [path: paths./v3/{+name}/participationReportViews:query.get.summary]
Location: N/A
Fixed: False
Source: System
Issue Source: redocly-validator
Issue Target: import-url_root-spec
Action: COULD NOT PROCESS: Issue definition for code 'operation-summary' not found in registry.
--------------------------------------------------
Time: 2025-10-13T21:53:32.983343
Issue: path-parameters-defined | N/A
Message: Path parameter `name` is not used in the path `/v3/{+name}/participationReportViews:query`. [path: paths./v3/{+name}/participationReportViews:query.get.parameters.0.name]
Location: N/A
Fixed: False
Source: System
Issue Source: redocly-validator
Issue Target: import-url_root-spec
Action: COULD NOT PROCESS: Issue definition for code 'path-parameters-defined' not found in registry.
--------------------------------------------------
Time: 2025-10-13T21:53:32.985733
Issue: operation-summary | N/A
Message: Operation object should contain `summary` field. [path: paths./v3/{+name}/propertyPerformanceReportViews:query.get.summary]
Location: N/A
Fixed: False
Source: System
Issue Source: redocly-validator
Issue Target: import-url_root-spec
Action: COULD NOT PROCESS: Issue definition for code 'operation-summary' not found in registry.
--------------------------------------------------
Time: 2025-10-13T21:53:32.988117
Issue: path-parameters-defined | N/A
Message: Path parameter `name` is not used in the path `/v3/{+name}/propertyPerformanceReportViews:query`. [path: paths./v3/{+name}/propertyPerformanceReportViews:query.get.parameters.0.name]
Location: N/A
Fixed: False
Source: System
Issue Source: redocly-validator
Issue Target: import-url_root-spec
Action: COULD NOT PROCESS: Issue definition for code 'path-parameters-defined' not found in registry.
--------------------------------------------------
Time: 2025-10-13T21:53:32.990649
Issue: operation-summary | N/A
Message: Operation object should contain `summary` field. [path: paths./v3/{+parent}/accountLinks.get.summary]
Location: N/A
Fixed: False
Source: System
Issue Source: redocly-validator
Issue Target: import-url_root-spec
Action: COULD NOT PROCESS: Issue definition for code 'operation-summary' not found in registry.
--------------------------------------------------
Time: 2025-10-13T21:53:32.993563
Issue: path-parameters-defined | N/A
Message: Path parameter `parent` is not used in the path `/v3/{+parent}/accountLinks`. [path: paths./v3/{+parent}/accountLinks.get.parameters.0.name]
Location: N/A
Fixed: False
Source: System
Issue Source: redocly-validator
Issue Target: import-url_root-spec
Action: COULD NOT PROCESS: Issue definition for code 'path-parameters-defined' not found in registry.
--------------------------------------------------
Time: 2025-10-13T21:53:32.995824
Issue: operation-summary | N/A
Message: Operation object should contain `summary` field. [path: paths./v3/{+parent}/accountLinks.post.summary]
Location: N/A
Fixed: False
Source: System
Issue Source: redocly-validator
Issue Target: import-url_root-spec
Action: COULD NOT PROCESS: Issue definition for code 'operation-summary' not found in registry.
--------------------------------------------------
Time: 2025-10-13T21:53:32.997604
Issue: path-parameters-defined | N/A
Message: Path parameter `parent` is not used in the path `/v3/{+parent}/accountLinks`. [path: paths./v3/{+parent}/accountLinks.post.parameters.0.name]
Location: N/A
Fixed: False
Source: System
Issue Source: redocly-validator
Issue Target: import-url_root-spec
Action: COULD NOT PROCESS: Issue definition for code 'path-parameters-defined' not found in registry.
--------------------------------------------------
Time: 2025-10-13T21:53:32.999190
Issue: operation-summary | N/A
Message: Operation object should contain `summary` field. [path: paths./v3/{+parent}/brands.get.summary]
Location: N/A
Fixed: False
Source: System
Issue Source: redocly-validator
Issue Target: import-url_root-spec
Action: COULD NOT PROCESS: Issue definition for code 'operation-summary' not found in registry.
--------------------------------------------------
Time: 2025-10-13T21:53:33.001702
Issue: path-parameters-defined | N/A
Message: Path parameter `parent` is not used in the path `/v3/{+parent}/brands`. [path: paths./v3/{+parent}/brands.get.parameters.0.name]
Location: N/A
Fixed: False
Source: System
Issue Source: redocly-validator
Issue Target: import-url_root-spec
Action: COULD NOT PROCESS: Issue definition for code 'path-parameters-defined' not found in registry.
--------------------------------------------------
Time: 2025-10-13T21:53:33.004361
Issue: operation-summary | N/A
Message: Operation object should contain `summary` field. [path: paths./v3/{+parent}/brands.post.summary]
Location: N/A
Fixed: False
Source: System
Issue Source: redocly-validator
Issue Target: import-url_root-spec
Action: COULD NOT PROCESS: Issue definition for code 'operation-summary' not found in registry.
--------------------------------------------------
Time: 2025-10-13T21:53:33.006573
Issue: path-parameters-defined | N/A
Message: Path parameter `parent` is not used in the path `/v3/{+parent}/brands`. [path: paths./v3/{+parent}/brands.post.parameters.0.name]
Location: N/A
Fixed: False
Source: System
Issue Source: redocly-validator
Issue Target: import-url_root-spec
Action: COULD NOT PROCESS: Issue definition for code 'path-parameters-defined' not found in registry.
--------------------------------------------------
Time: 2025-10-13T21:53:33.008701
Issue: operation-summary | N/A
Message: Operation object should contain `summary` field. [path: paths./v3/{+parent}/hotelViews.get.summary]
Location: N/A
Fixed: False
Source: System
Issue Source: redocly-validator
Issue Target: import-url_root-spec
Action: COULD NOT PROCESS: Issue definition for code 'operation-summary' not found in registry.
--------------------------------------------------
Time: 2025-10-13T21:53:33.011174
Issue: path-parameters-defined | N/A
Message: Path parameter `parent` is not used in the path `/v3/{+parent}/hotelViews`. [path: paths./v3/{+parent}/hotelViews.get.parameters.0.name]
Location: N/A
Fixed: False
Source: System
Issue Source: redocly-validator
Issue Target: import-url_root-spec
Action: COULD NOT PROCESS: Issue definition for code 'path-parameters-defined' not found in registry.
--------------------------------------------------
Time: 2025-10-13T21:53:33.013597
Issue: struct | N/A
Message: Property `enumDeprecated` is not expected here. [path: components.schemas.DataIssueDetail.properties.dataIssueType.enumDeprecated]
Location: N/A
Fixed: False
Source: System
Issue Source: redocly-validator
Issue Target: import-url_root-spec
Action: COULD NOT PROCESS: Issue definition for code 'struct' not found in registry.
--------------------------------------------------
Time: 2025-10-13T21:53:33.015916
Issue: struct | N/A
Message: Property `enumDeprecated` is not expected here. [path: components.schemas.HotelView.properties.dataIssues.items.enumDeprecated]
Location: N/A
Fixed: False
Source: System
Issue Source: redocly-validator
Issue Target: import-url_root-spec
Action: COULD NOT PROCESS: Issue definition for code 'struct' not found in registry.
--------------------------------------------------
Time: 2025-10-13T21:53:33.018093
Issue: operation-summary | N/A
Message: Operation object should contain `summary` field. [path: paths./v3/{+parent}/hotelViews:summarize.get.summary]
Location: N/A
Fixed: False
Source: System
Issue Source: redocly-validator
Issue Target: import-url_root-spec
Action: COULD NOT PROCESS: Issue definition for code 'operation-summary' not found in registry.
--------------------------------------------------
Time: 2025-10-13T21:53:33.020406
Issue: path-parameters-defined | N/A
Message: Path parameter `parent` is not used in the path `/v3/{+parent}/hotelViews:summarize`. [path: paths./v3/{+parent}/hotelViews:summarize.get.parameters.0.name]
Location: N/A
Fixed: False
Source: System
Issue Source: redocly-validator
Issue Target: import-url_root-spec
Action: COULD NOT PROCESS: Issue definition for code 'path-parameters-defined' not found in registry.
--------------------------------------------------
Time: 2025-10-13T21:53:33.022108
Issue: operation-summary | N/A
Message: Operation object should contain `summary` field. [path: paths./v3/{+parent}/icons.get.summary]
Location: N/A
Fixed: False
Source: System
Issue Source: redocly-validator
Issue Target: import-url_root-spec
Action: COULD NOT PROCESS: Issue definition for code 'operation-summary' not found in registry.
--------------------------------------------------
Time: 2025-10-13T21:53:33.024365
Issue: path-parameters-defined | N/A
Message: Path parameter `parent` is not used in the path `/v3/{+parent}/icons`. [path: paths./v3/{+parent}/icons.get.parameters.0.name]
Location: N/A
Fixed: False
Source: System
Issue Source: redocly-validator
Issue Target: import-url_root-spec
Action: COULD NOT PROCESS: Issue definition for code 'path-parameters-defined' not found in registry.
--------------------------------------------------
Time: 2025-10-13T21:53:33.025910
Issue: operation-summary | N/A
Message: Operation object should contain `summary` field. [path: paths./v3/{+parent}/icons.post.summary]
Location: N/A
Fixed: False
Source: System
Issue Source: redocly-validator
Issue Target: import-url_root-spec
Action: COULD NOT PROCESS: Issue definition for code 'operation-summary' not found in registry.
--------------------------------------------------
Time: 2025-10-13T21:53:33.027399
Issue: path-parameters-defined | N/A
Message: Path parameter `parent` is not used in the path `/v3/{+parent}/icons`. [path: paths./v3/{+parent}/icons.post.parameters.0.name]
Location: N/A
Fixed: False
Source: System
Issue Source: redocly-validator
Issue Target: import-url_root-spec
Action: COULD NOT PROCESS: Issue definition for code 'path-parameters-defined' not found in registry.
--------------------------------------------------
Time: 2025-10-13T21:53:33.029758
Issue: operation-summary | N/A
Message: Operation object should contain `summary` field. [path: paths./v3/{+parent}/listings:verify.post.summary]
Location: N/A
Fixed: False
Source: System
Issue Source: redocly-validator
Issue Target: import-url_root-spec
Action: COULD NOT PROCESS: Issue definition for code 'operation-summary' not found in registry.
--------------------------------------------------
Time: 2025-10-13T21:53:33.031832
Issue: path-parameters-defined | N/A
Message: Path parameter `parent` is not used in the path `/v3/{+parent}/listings:verify`. [path: paths./v3/{+parent}/listings:verify.post.parameters.0.name]
Location: N/A
Fixed: False
Source: System
Issue Source: redocly-validator
Issue Target: import-url_root-spec
Action: COULD NOT PROCESS: Issue definition for code 'path-parameters-defined' not found in registry.
--------------------------------------------------
Time: 2025-10-13T21:53:33.033745
Issue: operation-summary | N/A
Message: Operation object should contain `summary` field. [path: paths./v3/{+parent}/priceAccuracyViews.get.summary]
Location: N/A
Fixed: False
Source: System
Issue Source: redocly-validator
Issue Target: import-url_root-spec
Action: COULD NOT PROCESS: Issue definition for code 'operation-summary' not found in registry.
--------------------------------------------------
Time: 2025-10-13T21:53:33.035778
Issue: path-parameters-defined | N/A
Message: Path parameter `parent` is not used in the path `/v3/{+parent}/priceAccuracyViews`. [path: paths./v3/{+parent}/priceAccuracyViews.get.parameters.0.name]
Location: N/A
Fixed: False
Source: System
Issue Source: redocly-validator
Issue Target: import-url_root-spec
Action: COULD NOT PROCESS: Issue definition for code 'path-parameters-defined' not found in registry.
--------------------------------------------------
Time: 2025-10-13T21:53:33.037886
Issue: operation-summary | N/A
Message: Operation object should contain `summary` field. [path: paths./v3/{+parent}/priceAccuracyViews:summarize.get.summary]
Location: N/A
Fixed: False
Source: System
Issue Source: redocly-validator
Issue Target: import-url_root-spec
Action: COULD NOT PROCESS: Issue definition for code 'operation-summary' not found in registry.
--------------------------------------------------
Time: 2025-10-13T21:53:33.040153
Issue: path-parameters-defined | N/A
Message: Path parameter `parent` is not used in the path `/v3/{+parent}/priceAccuracyViews:summarize`. [path: paths./v3/{+parent}/priceAccuracyViews:summarize.get.parameters.0.name]
Location: N/A
Fixed: False
Source: System
Issue Source: redocly-validator
Issue Target: import-url_root-spec
Action: COULD NOT PROCESS: Issue definition for code 'path-parameters-defined' not found in registry.
--------------------------------------------------
Time: 2025-10-13T21:53:33.042762
Issue: operation-summary | N/A
Message: Operation object should contain `summary` field. [path: paths./v3/{+parent}/priceCoverageViews.get.summary]
Location: N/A
Fixed: False
Source: System
Issue Source: redocly-validator
Issue Target: import-url_root-spec
Action: COULD NOT PROCESS: Issue definition for code 'operation-summary' not found in registry.
--------------------------------------------------
Time: 2025-10-13T21:53:33.045397
Issue: path-parameters-defined | N/A
Message: Path parameter `parent` is not used in the path `/v3/{+parent}/priceCoverageViews`. [path: paths./v3/{+parent}/priceCoverageViews.get.parameters.0.name]
Location: N/A
Fixed: False
Source: System
Issue Source: redocly-validator
Issue Target: import-url_root-spec
Action: COULD NOT PROCESS: Issue definition for code 'path-parameters-defined' not found in registry.
--------------------------------------------------
Time: 2025-10-13T21:53:33.047682
Issue: operation-summary | N/A
Message: Operation object should contain `summary` field. [path: paths./v3/{+parent}/priceCoverageViews:latest.get.summary]
Location: N/A
Fixed: False
Source: System
Issue Source: redocly-validator
Issue Target: import-url_root-spec
Action: COULD NOT PROCESS: Issue definition for code 'operation-summary' not found in registry.
--------------------------------------------------
Time: 2025-10-13T21:53:33.049728
Issue: path-parameters-defined | N/A
Message: Path parameter `parent` is not used in the path `/v3/{+parent}/priceCoverageViews:latest`. [path: paths./v3/{+parent}/priceCoverageViews:latest.get.parameters.0.name]
Location: N/A
Fixed: False
Source: System
Issue Source: redocly-validator
Issue Target: import-url_root-spec
Action: COULD NOT PROCESS: Issue definition for code 'path-parameters-defined' not found in registry.
--------------------------------------------------
Time: 2025-10-13T21:53:33.052132
Issue: operation-summary | N/A
Message: Operation object should contain `summary` field. [path: paths./v3/{+parent}/reconciliationReports.get.summary]
Location: N/A
Fixed: False
Source: System
Issue Source: redocly-validator
Issue Target: import-url_root-spec
Action: COULD NOT PROCESS: Issue definition for code 'operation-summary' not found in registry.
--------------------------------------------------
Time: 2025-10-13T21:53:33.054634
Issue: path-parameters-defined | N/A
Message: Path parameter `parent` is not used in the path `/v3/{+parent}/reconciliationReports`. [path: paths./v3/{+parent}/reconciliationReports.get.parameters.0.name]
Location: N/A
Fixed: False
Source: System
Issue Source: redocly-validator
Issue Target: import-url_root-spec
Action: COULD NOT PROCESS: Issue definition for code 'path-parameters-defined' not found in registry.
--------------------------------------------------
Time: 2025-10-13T21:53:33.056876
Issue: operation-summary | N/A
Message: Operation object should contain `summary` field. [path: paths./v3/{+parent}/reconciliationReports.post.summary]
Location: N/A
Fixed: False
Source: System
Issue Source: redocly-validator
Issue Target: import-url_root-spec
Action: COULD NOT PROCESS: Issue definition for code 'operation-summary' not found in registry.
--------------------------------------------------
Time: 2025-10-13T21:53:33.058962
Issue: path-parameters-defined | N/A
Message: Path parameter `parent` is not used in the path `/v3/{+parent}/reconciliationReports`. [path: paths./v3/{+parent}/reconciliationReports.post.parameters.0.name]
Location: N/A
Fixed: False
Source: System
Issue Source: redocly-validator
Issue Target: import-url_root-spec
Action: COULD NOT PROCESS: Issue definition for code 'path-parameters-defined' not found in registry.
--------------------------------------------------
Time: 2025-10-13T21:53:33.061238
Issue: operation-summary | N/A
Message: Operation object should contain `summary` field. [path: paths./v3/{+parent}/reconciliationReports:validate.post.summary]
Location: N/A
Fixed: False
Source: System
Issue Source: redocly-validator
Issue Target: import-url_root-spec
Action: COULD NOT PROCESS: Issue definition for code 'operation-summary' not found in registry.
--------------------------------------------------
Time: 2025-10-13T21:53:33.063377
Issue: path-parameters-defined | N/A
Message: Path parameter `parent` is not used in the path `/v3/{+parent}/reconciliationReports:validate`. [path: paths./v3/{+parent}/reconciliationReports:validate.post.parameters.0.name]
Location: N/A
Fixed: False
Source: System
Issue Source: redocly-validator
Issue Target: import-url_root-spec
Action: COULD NOT PROCESS: Issue definition for code 'path-parameters-defined' not found in registry.
--------------------------------------------------
Time: 2025-10-13T21:53:33.065939
Issue: security-defined | N/A
Message: Every operation should have security defined on it or on the root level. [path: paths./v3/{+account}/hotels:setLiveOnGoogle.post]
Location: N/A
Fixed: False
Source: System
Issue Source: redocly-validator
Issue Target: import-url_root-spec
Action: COULD NOT PROCESS: Issue definition for code 'security-defined' not found in registry.
--------------------------------------------------
Time: 2025-10-13T21:53:33.068335
Issue: security-defined | N/A
Message: Every operation should have security defined on it or on the root level. [path: paths./v3/{+name}.get]
Location: N/A
Fixed: False
Source: System
Issue Source: redocly-validator
Issue Target: import-url_root-spec
Action: COULD NOT PROCESS: Issue definition for code 'security-defined' not found in registry.
--------------------------------------------------
Time: 2025-10-13T21:53:33.070165
Issue: security-defined | N/A
Message: Every operation should have security defined on it or on the root level. [path: paths./v3/{+name}.delete]
Location: N/A
Fixed: False
Source: System
Issue Source: redocly-validator
Issue Target: import-url_root-spec
Action: COULD NOT PROCESS: Issue definition for code 'security-defined' not found in registry.
--------------------------------------------------
Time: 2025-10-13T21:53:33.071971
Issue: security-defined | N/A
Message: Every operation should have security defined on it or on the root level. [path: paths./v3/{+name}.patch]
Location: N/A
Fixed: False
Source: System
Issue Source: redocly-validator
Issue Target: import-url_root-spec
Action: COULD NOT PROCESS: Issue definition for code 'security-defined' not found in registry.
--------------------------------------------------
Time: 2025-10-13T21:53:33.074803
Issue: security-defined | N/A
Message: Every operation should have security defined on it or on the root level. [path: paths./v3/{+name}/freeBookingLinksReportViews:query.get]
Location: N/A
Fixed: False
Source: System
Issue Source: redocly-validator
Issue Target: import-url_root-spec
Action: COULD NOT PROCESS: Issue definition for code 'security-defined' not found in registry.
--------------------------------------------------
Time: 2025-10-13T21:53:33.077433
Issue: security-defined | N/A
Message: Every operation should have security defined on it or on the root level. [path: paths./v3/{+name}/participationReportViews:query.get]
Location: N/A
Fixed: False
Source: System
Issue Source: redocly-validator
Issue Target: import-url_root-spec
Action: COULD NOT PROCESS: Issue definition for code 'security-defined' not found in registry.
--------------------------------------------------
Time: 2025-10-13T21:53:33.079720
Issue: security-defined | N/A
Message: Every operation should have security defined on it or on the root level. [path: paths./v3/{+name}/propertyPerformanceReportViews:query.get]
Location: N/A
Fixed: False
Source: System
Issue Source: redocly-validator
Issue Target: import-url_root-spec
Action: COULD NOT PROCESS: Issue definition for code 'security-defined' not found in registry.
--------------------------------------------------
Time: 2025-10-13T21:53:33.081786
Issue: security-defined | N/A
Message: Every operation should have security defined on it or on the root level. [path: paths./v3/{+parent}/accountLinks.get]
Location: N/A
Fixed: False
Source: System
Issue Source: redocly-validator
Issue Target: import-url_root-spec
Action: COULD NOT PROCESS: Issue definition for code 'security-defined' not found in registry.
--------------------------------------------------
Time: 2025-10-13T21:53:33.084293
Issue: security-defined | N/A
Message: Every operation should have security defined on it or on the root level. [path: paths./v3/{+parent}/accountLinks.post]
Location: N/A
Fixed: False
Source: System
Issue Source: redocly-validator
Issue Target: import-url_root-spec
Action: COULD NOT PROCESS: Issue definition for code 'security-defined' not found in registry.
--------------------------------------------------
Time: 2025-10-13T21:53:33.086475
Issue: security-defined | N/A
Message: Every operation should have security defined on it or on the root level. [path: paths./v3/{+parent}/brands.get]
Location: N/A
Fixed: False
Source: System
Issue Source: redocly-validator
Issue Target: import-url_root-spec
Action: COULD NOT PROCESS: Issue definition for code 'security-defined' not found in registry.
--------------------------------------------------
Time: 2025-10-13T21:53:33.088823
Issue: security-defined | N/A
Message: Every operation should have security defined on it or on the root level. [path: paths./v3/{+parent}/brands.post]
Location: N/A
Fixed: False
Source: System
Issue Source: redocly-validator
Issue Target: import-url_root-spec
Action: COULD NOT PROCESS: Issue definition for code 'security-defined' not found in registry.
--------------------------------------------------
Time: 2025-10-13T21:53:33.091407
Issue: security-defined | N/A
Message: Every operation should have security defined on it or on the root level. [path: paths./v3/{+parent}/hotelViews.get]
Location: N/A
Fixed: False
Source: System
Issue Source: redocly-validator
Issue Target: import-url_root-spec
Action: COULD NOT PROCESS: Issue definition for code 'security-defined' not found in registry.
--------------------------------------------------
Time: 2025-10-13T21:53:33.094114
Issue: security-defined | N/A
Message: Every operation should have security defined on it or on the root level. [path: paths./v3/{+parent}/hotelViews:summarize.get]
Location: N/A
Fixed: False
Source: System
Issue Source: redocly-validator
Issue Target: import-url_root-spec
Action: COULD NOT PROCESS: Issue definition for code 'security-defined' not found in registry.
--------------------------------------------------
Time: 2025-10-13T21:53:33.096385
Issue: security-defined | N/A
Message: Every operation should have security defined on it or on the root level. [path: paths./v3/{+parent}/icons.get]
Location: N/A
Fixed: False
Source: System
Issue Source: redocly-validator
Issue Target: import-url_root-spec
Action: COULD NOT PROCESS: Issue definition for code 'security-defined' not found in registry.
--------------------------------------------------
Time: 2025-10-13T21:53:33.098714
Issue: security-defined | N/A
Message: Every operation should have security defined on it or on the root level. [path: paths./v3/{+parent}/icons.post]
Location: N/A
Fixed: False
Source: System
Issue Source: redocly-validator
Issue Target: import-url_root-spec
Action: COULD NOT PROCESS: Issue definition for code 'security-defined' not found in registry.
--------------------------------------------------
Time: 2025-10-13T21:53:33.101408
Issue: security-defined | N/A
Message: Every operation should have security defined on it or on the root level. [path: paths./v3/{+parent}/listings:verify.post]
Location: N/A
Fixed: False
Source: System
Issue Source: redocly-validator
Issue Target: import-url_root-spec
Action: COULD NOT PROCESS: Issue definition for code 'security-defined' not found in registry.
--------------------------------------------------
Time: 2025-10-13T21:53:33.103386
Issue: security-defined | N/A
Message: Every operation should have security defined on it or on the root level. [path: paths./v3/{+parent}/priceAccuracyViews.get]
Location: N/A
Fixed: False
Source: System
Issue Source: redocly-validator
Issue Target: import-url_root-spec
Action: COULD NOT PROCESS: Issue definition for code 'security-defined' not found in registry.
--------------------------------------------------
Time: 2025-10-13T21:53:33.105338
Issue: security-defined | N/A
Message: Every operation should have security defined on it or on the root level. [path: paths./v3/{+parent}/priceAccuracyViews:summarize.get]
Location: N/A
Fixed: False
Source: System
Issue Source: redocly-validator
Issue Target: import-url_root-spec
Action: COULD NOT PROCESS: Issue definition for code 'security-defined' not found in registry.
--------------------------------------------------
Time: 2025-10-13T21:53:33.107310
Issue: security-defined | N/A
Message: Every operation should have security defined on it or on the root level. [path: paths./v3/{+parent}/priceCoverageViews.get]
Location: N/A
Fixed: False
Source: System
Issue Source: redocly-validator
Issue Target: import-url_root-spec
Action: COULD NOT PROCESS: Issue definition for code 'security-defined' not found in registry.
--------------------------------------------------
Time: 2025-10-13T21:53:33.109263
Issue: security-defined | N/A
Message: Every operation should have security defined on it or on the root level. [path: paths./v3/{+parent}/priceCoverageViews:latest.get]
Location: N/A
Fixed: False
Source: System
Issue Source: redocly-validator
Issue Target: import-url_root-spec
Action: COULD NOT PROCESS: Issue definition for code 'security-defined' not found in registry.
--------------------------------------------------
Time: 2025-10-13T21:53:33.111696
Issue: security-defined | N/A
Message: Every operation should have security defined on it or on the root level. [path: paths./v3/{+parent}/reconciliationReports.get]
Location: N/A
Fixed: False
Source: System
Issue Source: redocly-validator
Issue Target: import-url_root-spec
Action: COULD NOT PROCESS: Issue definition for code 'security-defined' not found in registry.
--------------------------------------------------
Time: 2025-10-13T21:53:33.113786
Issue: security-defined | N/A
Message: Every operation should have security defined on it or on the root level. [path: paths./v3/{+parent}/reconciliationReports.post]
Location: N/A
Fixed: False
Source: System
Issue Source: redocly-validator
Issue Target: import-url_root-spec
Action: COULD NOT PROCESS: Issue definition for code 'security-defined' not found in registry.
--------------------------------------------------
Time: 2025-10-13T21:53:33.115485
Issue: security-defined | N/A
Message: Every operation should have security defined on it or on the root level. [path: paths./v3/{+parent}/reconciliationReports:validate.post]
Location: N/A
Fixed: False
Source: System
Issue Source: redocly-validator
Issue Target: import-url_root-spec
Action: COULD NOT PROCESS: Issue definition for code 'security-defined' not found in registry.
--------------------------------------------------
Time: 2025-10-13T21:53:33.117451
Issue: tag-description | N/A
Message: Tag object should contain `description` field. [path: tags.0.description]
Location: N/A
Fixed: False
Source: System
Issue Source: redocly-validator
Issue Target: import-url_root-spec
Action: COULD NOT PROCESS: Issue definition for code 'tag-description' not found in registry.
--------------------------------------------------
Time: 2025-10-13T21:53:33.119919
Issue: operation-4xx-response | N/A
Message: Operation must have at least one `4XX` response. [path: paths./v3/{+account}/hotels:setLiveOnGoogle.post.responses]
Location: N/A
Fixed: False
Source: System
Issue Source: redocly-validator
Issue Target: import-url_root-spec
Action: COULD NOT PROCESS: Issue definition for code 'operation-4xx-response' not found in registry.
--------------------------------------------------
Time: 2025-10-13T21:53:33.121222
Issue: operation-4xx-response | N/A
Message: Operation must have at least one `4XX` response. [path: paths./v3/{+name}.get.responses]
Location: N/A
Fixed: False
Source: System
Issue Source: redocly-validator
Issue Target: import-url_root-spec
Action: COULD NOT PROCESS: Issue definition for code 'operation-4xx-response' not found in registry.
--------------------------------------------------
Time: 2025-10-13T21:53:33.122508
Issue: operation-4xx-response | N/A
Message: Operation must have at least one `4XX` response. [path: paths./v3/{+name}.delete.responses]
Location: N/A
Fixed: False
Source: System
Issue Source: redocly-validator
Issue Target: import-url_root-spec
Action: COULD NOT PROCESS: Issue definition for code 'operation-4xx-response' not found in registry.
--------------------------------------------------
Time: 2025-10-13T21:53:33.124874
Issue: operation-4xx-response | N/A
Message: Operation must have at least one `4XX` response. [path: paths./v3/{+name}.patch.responses]
Location: N/A
Fixed: False
Source: System
Issue Source: redocly-validator
Issue Target: import-url_root-spec
Action: COULD NOT PROCESS: Issue definition for code 'operation-4xx-response' not found in registry.
--------------------------------------------------
Time: 2025-10-13T21:53:33.127164
Issue: operation-4xx-response | N/A
Message: Operation must have at least one `4XX` response. [path: paths./v3/{+name}/freeBookingLinksReportViews:query.get.responses]
Location: N/A
Fixed: False
Source: System
Issue Source: redocly-validator
Issue Target: import-url_root-spec
Action: COULD NOT PROCESS: Issue definition for code 'operation-4xx-response' not found in registry.
--------------------------------------------------
Time: 2025-10-13T21:53:33.129258
Issue: operation-4xx-response | N/A
Message: Operation must have at least one `4XX` response. [path: paths./v3/{+name}/participationReportViews:query.get.responses]
Location: N/A
Fixed: False
Source: System
Issue Source: redocly-validator
Issue Target: import-url_root-spec
Action: COULD NOT PROCESS: Issue definition for code 'operation-4xx-response' not found in registry.
--------------------------------------------------
Time: 2025-10-13T21:53:33.130966
Issue: operation-4xx-response | N/A
Message: Operation must have at least one `4XX` response. [path: paths./v3/{+name}/propertyPerformanceReportViews:query.get.responses]
Location: N/A
Fixed: False
Source: System
Issue Source: redocly-validator
Issue Target: import-url_root-spec
Action: COULD NOT PROCESS: Issue definition for code 'operation-4xx-response' not found in registry.
--------------------------------------------------
Time: 2025-10-13T21:53:33.132714
Issue: operation-4xx-response | N/A
Message: Operation must have at least one `4XX` response. [path: paths./v3/{+parent}/accountLinks.get.responses]
Location: N/A
Fixed: False
Source: System
Issue Source: redocly-validator
Issue Target: import-url_root-spec
Action: COULD NOT PROCESS: Issue definition for code 'operation-4xx-response' not found in registry.
--------------------------------------------------
Time: 2025-10-13T21:53:33.135403
Issue: operation-4xx-response | N/A
Message: Operation must have at least one `4XX` response. [path: paths./v3/{+parent}/accountLinks.post.responses]
Location: N/A
Fixed: False
Source: System
Issue Source: redocly-validator
Issue Target: import-url_root-spec
Action: COULD NOT PROCESS: Issue definition for code 'operation-4xx-response' not found in registry.
--------------------------------------------------
Time: 2025-10-13T21:53:33.137323
Issue: operation-4xx-response | N/A
Message: Operation must have at least one `4XX` response. [path: paths./v3/{+parent}/brands.get.responses]
Location: N/A
Fixed: False
Source: System
Issue Source: redocly-validator
Issue Target: import-url_root-spec
Action: COULD NOT PROCESS: Issue definition for code 'operation-4xx-response' not found in registry.
--------------------------------------------------
Time: 2025-10-13T21:53:33.138699
Issue: operation-4xx-response | N/A
Message: Operation must have at least one `4XX` response. [path: paths./v3/{+parent}/brands.post.responses]
Location: N/A
Fixed: False
Source: System
Issue Source: redocly-validator
Issue Target: import-url_root-spec
Action: COULD NOT PROCESS: Issue definition for code 'operation-4xx-response' not found in registry.
--------------------------------------------------
Time: 2025-10-13T21:53:33.140634
Issue: operation-4xx-response | N/A
Message: Operation must have at least one `4XX` response. [path: paths./v3/{+parent}/hotelViews.get.responses]
Location: N/A
Fixed: False
Source: System
Issue Source: redocly-validator
Issue Target: import-url_root-spec
Action: COULD NOT PROCESS: Issue definition for code 'operation-4xx-response' not found in registry.
--------------------------------------------------
Time: 2025-10-13T21:53:33.142128
Issue: operation-4xx-response | N/A
Message: Operation must have at least one `4XX` response. [path: paths./v3/{+parent}/hotelViews:summarize.get.responses]
Location: N/A
Fixed: False
Source: System
Issue Source: redocly-validator
Issue Target: import-url_root-spec
Action: COULD NOT PROCESS: Issue definition for code 'operation-4xx-response' not found in registry.
--------------------------------------------------
Time: 2025-10-13T21:53:33.144456
Issue: operation-4xx-response | N/A
Message: Operation must have at least one `4XX` response. [path: paths./v3/{+parent}/icons.get.responses]
Location: N/A
Fixed: False
Source: System
Issue Source: redocly-validator
Issue Target: import-url_root-spec
Action: COULD NOT PROCESS: Issue definition for code 'operation-4xx-response' not found in registry.
--------------------------------------------------
Time: 2025-10-13T21:53:33.146803
Issue: operation-4xx-response | N/A
Message: Operation must have at least one `4XX` response. [path: paths./v3/{+parent}/icons.post.responses]
Location: N/A
Fixed: False
Source: System
Issue Source: redocly-validator
Issue Target: import-url_root-spec
Action: COULD NOT PROCESS: Issue definition for code 'operation-4xx-response' not found in registry.
--------------------------------------------------
Time: 2025-10-13T21:53:33.148901
Issue: operation-4xx-response | N/A
Message: Operation must have at least one `4XX` response. [path: paths./v3/{+parent}/listings:verify.post.responses]
Location: N/A
Fixed: False
Source: System
Issue Source: redocly-validator
Issue Target: import-url_root-spec
Action: COULD NOT PROCESS: Issue definition for code 'operation-4xx-response' not found in registry.
--------------------------------------------------
Time: 2025-10-13T21:53:33.151455
Issue: operation-4xx-response | N/A
Message: Operation must have at least one `4XX` response. [path: paths./v3/{+parent}/priceAccuracyViews.get.responses]
Location: N/A
Fixed: False
Source: System
Issue Source: redocly-validator
Issue Target: import-url_root-spec
Action: COULD NOT PROCESS: Issue definition for code 'operation-4xx-response' not found in registry.
--------------------------------------------------
Time: 2025-10-13T21:53:33.153766
Issue: operation-4xx-response | N/A
Message: Operation must have at least one `4XX` response. [path: paths./v3/{+parent}/priceAccuracyViews:summarize.get.responses]
Location: N/A
Fixed: False
Source: System
Issue Source: redocly-validator
Issue Target: import-url_root-spec
Action: COULD NOT PROCESS: Issue definition for code 'operation-4xx-response' not found in registry.
--------------------------------------------------
Time: 2025-10-13T21:53:33.156928
Issue: operation-4xx-response | N/A
Message: Operation must have at least one `4XX` response. [path: paths./v3/{+parent}/priceCoverageViews.get.responses]
Location: N/A
Fixed: False
Source: System
Issue Source: redocly-validator
Issue Target: import-url_root-spec
Action: COULD NOT PROCESS: Issue definition for code 'operation-4xx-response' not found in registry.
--------------------------------------------------
Time: 2025-10-13T21:53:33.159162
Issue: operation-4xx-response | N/A
Message: Operation must have at least one `4XX` response. [path: paths./v3/{+parent}/priceCoverageViews:latest.get.responses]
Location: N/A
Fixed: False
Source: System
Issue Source: redocly-validator
Issue Target: import-url_root-spec
Action: COULD NOT PROCESS: Issue definition for code 'operation-4xx-response' not found in registry.
--------------------------------------------------
Time: 2025-10-13T21:53:33.160963
Issue: operation-4xx-response | N/A
Message: Operation must have at least one `4XX` response. [path: paths./v3/{+parent}/reconciliationReports.get.responses]
Location: N/A
Fixed: False
Source: System
Issue Source: redocly-validator
Issue Target: import-url_root-spec
Action: COULD NOT PROCESS: Issue definition for code 'operation-4xx-response' not found in registry.
--------------------------------------------------
Time: 2025-10-13T21:53:33.163214
Issue: operation-4xx-response | N/A
Message: Operation must have at least one `4XX` response. [path: paths./v3/{+parent}/reconciliationReports.post.responses]
Location: N/A
Fixed: False
Source: System
Issue Source: redocly-validator
Issue Target: import-url_root-spec
Action: COULD NOT PROCESS: Issue definition for code 'operation-4xx-response' not found in registry.
--------------------------------------------------
Time: 2025-10-13T21:53:33.165225
Issue: operation-4xx-response | N/A
Message: Operation must have at least one `4XX` response. [path: paths./v3/{+parent}/reconciliationReports:validate.post.responses]
Location: N/A
Fixed: False
Source: System
Issue Source: redocly-validator
Issue Target: import-url_root-spec
Action: COULD NOT PROCESS: Issue definition for code 'operation-4xx-response' not found in registry.
--------------------------------------------------
Time: 2025-10-13T21:53:33.167739
Issue: no-unused-components | N/A
Message: Component: "PriceView" is never used. [path: components.schemas.PriceView]
Location: N/A
Fixed: False
Source: System
Issue Source: redocly-validator
Issue Target: import-url_root-spec
Action: COULD NOT PROCESS: Issue definition for code 'no-unused-components' not found in registry.
--------------------------------------------------
Time: 2025-10-13T21:53:33.171275
Issue: no-unused-components | N/A
Message: Component: "Brand" is never used. [path: components.requestBodies.Brand]
Location: N/A
Fixed: False
Source: System
Issue Source: redocly-validator
Issue Target: import-url_root-spec
Action: COULD NOT PROCESS: Issue definition for code 'no-unused-components' not found in registry.
--------------------------------------------------
Time: 2025-10-13T21:53:33.174058
Issue: no-unused-components | N/A
Message: Component: "ReconciliationReport" is never used. [path: components.requestBodies.ReconciliationReport]
Location: N/A
Fixed: False
Source: System
Issue Source: redocly-validator
Issue Target: import-url_root-spec
Action: COULD NOT PROCESS: Issue definition for code 'no-unused-components' not found in registry.
--------------------------------------------------
Time: 2025-10-13T21:53:33.176650
Issue: oas3-server-trailing-slash | N/A
Message: Server URL must not have trailing slash. [path: servers.0.url]
Location: N/A
Fixed: False
Source: System
Issue Source: spectral-validator
Issue Target: import-url_root-spec
Action: COULD NOT PROCESS: Issue definition for code 'oas3-server-trailing-slash' not found in registry.
--------------------------------------------------
Time: 2025-10-13T21:53:33.179108
Issue: path-params | N/A
Message: Parameter "account" must be used in path "/v3/{+account}/hotels:setLiveOnGoogle". [path: paths./v3/{+account}/hotels:setLiveOnGoogle.post.parameters.0]
Location: N/A
Fixed: False
Source: System
Issue Source: spectral-validator
Issue Target: import-url_root-spec
Action: COULD NOT PROCESS: Issue definition for code 'path-params' not found in registry.
--------------------------------------------------
Time: 2025-10-13T21:53:33.181487
Issue: path-params | N/A
Message: Parameter "name" must be used in path "/v3/{+name}". [path: paths./v3/{+name}.delete.parameters.0]
Location: N/A
Fixed: False
Source: System
Issue Source: spectral-validator
Issue Target: import-url_root-spec
Action: COULD NOT PROCESS: Issue definition for code 'path-params' not found in registry.
--------------------------------------------------
Time: 2025-10-13T21:53:33.183862
Issue: path-params | N/A
Message: Parameter "name" must be used in path "/v3/{+name}". [path: paths./v3/{+name}.get.parameters.0]
Location: N/A
Fixed: False
Source: System
Issue Source: spectral-validator
Issue Target: import-url_root-spec
Action: COULD NOT PROCESS: Issue definition for code 'path-params' not found in registry.
--------------------------------------------------
Time: 2025-10-13T21:53:33.186053
Issue: path-params | N/A
Message: Parameter "name" must be used in path "/v3/{+name}". [path: paths./v3/{+name}.patch.parameters.0]
Location: N/A
Fixed: False
Source: System
Issue Source: spectral-validator
Issue Target: import-url_root-spec
Action: COULD NOT PROCESS: Issue definition for code 'path-params' not found in registry.
--------------------------------------------------
Time: 2025-10-13T21:53:33.187975
Issue: path-params | N/A
Message: Parameter "name" must be used in path "/v3/{+name}/freeBookingLinksReportViews:query". [path: paths./v3/{+name}/freeBookingLinksReportViews:query.get.parameters.0]
Location: N/A
Fixed: False
Source: System
Issue Source: spectral-validator
Issue Target: import-url_root-spec
Action: COULD NOT PROCESS: Issue definition for code 'path-params' not found in registry.
--------------------------------------------------
Time: 2025-10-13T21:53:33.190793
Issue: path-params | N/A
Message: Parameter "name" must be used in path "/v3/{+name}/participationReportViews:query". [path: paths./v3/{+name}/participationReportViews:query.get.parameters.0]
Location: N/A
Fixed: False
Source: System
Issue Source: spectral-validator
Issue Target: import-url_root-spec
Action: COULD NOT PROCESS: Issue definition for code 'path-params' not found in registry.
--------------------------------------------------
Time: 2025-10-13T21:53:33.193081
Issue: path-params | N/A
Message: Parameter "name" must be used in path "/v3/{+name}/propertyPerformanceReportViews:query". [path: paths./v3/{+name}/propertyPerformanceReportViews:query.get.parameters.0]
Location: N/A
Fixed: False
Source: System
Issue Source: spectral-validator
Issue Target: import-url_root-spec
Action: COULD NOT PROCESS: Issue definition for code 'path-params' not found in registry.
--------------------------------------------------
Time: 2025-10-13T21:53:33.195387
Issue: path-params | N/A
Message: Parameter "parent" must be used in path "/v3/{+parent}/accountLinks". [path: paths./v3/{+parent}/accountLinks.get.parameters.0]
Location: N/A
Fixed: False
Source: System
Issue Source: spectral-validator
Issue Target: import-url_root-spec
Action: COULD NOT PROCESS: Issue definition for code 'path-params' not found in registry.
--------------------------------------------------
Time: 2025-10-13T21:53:33.197646
Issue: path-params | N/A
Message: Parameter "parent" must be used in path "/v3/{+parent}/accountLinks". [path: paths./v3/{+parent}/accountLinks.post.parameters.0]
Location: N/A
Fixed: False
Source: System
Issue Source: spectral-validator
Issue Target: import-url_root-spec
Action: COULD NOT PROCESS: Issue definition for code 'path-params' not found in registry.
--------------------------------------------------
Time: 2025-10-13T21:53:33.199525
Issue: path-params | N/A
Message: Parameter "parent" must be used in path "/v3/{+parent}/brands". [path: paths./v3/{+parent}/brands.get.parameters.0]
Location: N/A
Fixed: False
Source: System
Issue Source: spectral-validator
Issue Target: import-url_root-spec
Action: COULD NOT PROCESS: Issue definition for code 'path-params' not found in registry.
--------------------------------------------------
Time: 2025-10-13T21:53:33.202907
Issue: path-params | N/A
Message: Parameter "parent" must be used in path "/v3/{+parent}/brands". [path: paths./v3/{+parent}/brands.post.parameters.0]
Location: N/A
Fixed: False
Source: System
Issue Source: spectral-validator
Issue Target: import-url_root-spec
Action: COULD NOT PROCESS: Issue definition for code 'path-params' not found in registry.
--------------------------------------------------
Time: 2025-10-13T21:53:33.206336
Issue: path-params | N/A
Message: Parameter "parent" must be used in path "/v3/{+parent}/hotelViews". [path: paths./v3/{+parent}/hotelViews.get.parameters.0]
Location: N/A
Fixed: False
Source: System
Issue Source: spectral-validator
Issue Target: import-url_root-spec
Action: COULD NOT PROCESS: Issue definition for code 'path-params' not found in registry.
--------------------------------------------------
Time: 2025-10-13T21:53:33.208931
Issue: path-params | N/A
Message: Parameter "parent" must be used in path "/v3/{+parent}/hotelViews:summarize". [path: paths./v3/{+parent}/hotelViews:summarize.get.parameters.0]
Location: N/A
Fixed: False
Source: System
Issue Source: spectral-validator
Issue Target: import-url_root-spec
Action: COULD NOT PROCESS: Issue definition for code 'path-params' not found in registry.
--------------------------------------------------
Time: 2025-10-13T21:53:33.211569
Issue: path-params | N/A
Message: Parameter "parent" must be used in path "/v3/{+parent}/icons". [path: paths./v3/{+parent}/icons.get.parameters.0]
Location: N/A
Fixed: False
Source: System
Issue Source: spectral-validator
Issue Target: import-url_root-spec
Action: COULD NOT PROCESS: Issue definition for code 'path-params' not found in registry.
--------------------------------------------------
Time: 2025-10-13T21:53:33.214407
Issue: path-params | N/A
Message: Parameter "parent" must be used in path "/v3/{+parent}/icons". [path: paths./v3/{+parent}/icons.post.parameters.0]
Location: N/A
Fixed: False
Source: System
Issue Source: spectral-validator
Issue Target: import-url_root-spec
Action: COULD NOT PROCESS: Issue definition for code 'path-params' not found in registry.
--------------------------------------------------
Time: 2025-10-13T21:53:33.216461
Issue: path-params | N/A
Message: Parameter "parent" must be used in path "/v3/{+parent}/listings:verify". [path: paths./v3/{+parent}/listings:verify.post.parameters.0]
Location: N/A
Fixed: False
Source: System
Issue Source: spectral-validator
Issue Target: import-url_root-spec
Action: COULD NOT PROCESS: Issue definition for code 'path-params' not found in registry.
--------------------------------------------------
Time: 2025-10-13T21:53:33.218552
Issue: path-params | N/A
Message: Parameter "parent" must be used in path "/v3/{+parent}/priceAccuracyViews". [path: paths./v3/{+parent}/priceAccuracyViews.get.parameters.0]
Location: N/A
Fixed: False
Source: System
Issue Source: spectral-validator
Issue Target: import-url_root-spec
Action: COULD NOT PROCESS: Issue definition for code 'path-params' not found in registry.
--------------------------------------------------
Time: 2025-10-13T21:53:33.221298
Issue: path-params | N/A
Message: Parameter "parent" must be used in path "/v3/{+parent}/priceAccuracyViews:summarize". [path: paths./v3/{+parent}/priceAccuracyViews:summarize.get.parameters.0]
Location: N/A
Fixed: False
Source: System
Issue Source: spectral-validator
Issue Target: import-url_root-spec
Action: COULD NOT PROCESS: Issue definition for code 'path-params' not found in registry.
--------------------------------------------------
Time: 2025-10-13T21:53:33.223760
Issue: path-params | N/A
Message: Parameter "parent" must be used in path "/v3/{+parent}/priceCoverageViews". [path: paths./v3/{+parent}/priceCoverageViews.get.parameters.0]
Location: N/A
Fixed: False
Source: System
Issue Source: spectral-validator
Issue Target: import-url_root-spec
Action: COULD NOT PROCESS: Issue definition for code 'path-params' not found in registry.
--------------------------------------------------
Time: 2025-10-13T21:53:33.226369
Issue: path-params | N/A
Message: Parameter "parent" must be used in path "/v3/{+parent}/priceCoverageViews:latest". [path: paths./v3/{+parent}/priceCoverageViews:latest.get.parameters.0]
Location: N/A
Fixed: False
Source: System
Issue Source: spectral-validator
Issue Target: import-url_root-spec
Action: COULD NOT PROCESS: Issue definition for code 'path-params' not found in registry.
--------------------------------------------------
Time: 2025-10-13T21:53:33.229131
Issue: path-params | N/A
Message: Parameter "parent" must be used in path "/v3/{+parent}/reconciliationReports". [path: paths./v3/{+parent}/reconciliationReports.get.parameters.0]
Location: N/A
Fixed: False
Source: System
Issue Source: spectral-validator
Issue Target: import-url_root-spec
Action: COULD NOT PROCESS: Issue definition for code 'path-params' not found in registry.
--------------------------------------------------
Time: 2025-10-13T21:53:33.231465
Issue: path-params | N/A
Message: Parameter "parent" must be used in path "/v3/{+parent}/reconciliationReports". [path: paths./v3/{+parent}/reconciliationReports.post.parameters.0]
Location: N/A
Fixed: False
Source: System
Issue Source: spectral-validator
Issue Target: import-url_root-spec
Action: COULD NOT PROCESS: Issue definition for code 'path-params' not found in registry.
--------------------------------------------------
Time: 2025-10-13T21:53:33.234269
Issue: path-params | N/A
Message: Parameter "parent" must be used in path "/v3/{+parent}/reconciliationReports:validate". [path: paths./v3/{+parent}/reconciliationReports:validate.post.parameters.0]
Location: N/A
Fixed: False
Source: System
Issue Source: spectral-validator
Issue Target: import-url_root-spec
Action: COULD NOT PROCESS: Issue definition for code 'path-params' not found in registry.
--------------------------------------------------
Time: 2025-10-13T21:53:33.237059
Issue: oas3-unused-component | N/A
Message: Potentially unused component has been detected. [path: components.requestBodies.Brand]
Location: N/A
Fixed: False
Source: System
Issue Source: spectral-validator
Issue Target: import-url_root-spec
Action: COULD NOT PROCESS: Issue definition for code 'oas3-unused-component' not found in registry.
--------------------------------------------------
Time: 2025-10-13T21:53:33.239347
Issue: oas3-unused-component | N/A
Message: Potentially unused component has been detected. [path: components.requestBodies.ReconciliationReport]
Location: N/A
Fixed: False
Source: System
Issue Source: spectral-validator
Issue Target: import-url_root-spec
Action: COULD NOT PROCESS: Issue definition for code 'oas3-unused-component' not found in registry.
--------------------------------------------------
Time: 2025-10-13T21:53:33.241357
Issue: no-$ref-siblings | N/A
Message: $ref must not be placed next to any other properties [path: components.schemas.AccountLink.properties.accountLinkTarget.description]
Location: N/A
Fixed: False
Source: System
Issue Source: spectral-validator
Issue Target: import-url_root-spec
Action: COULD NOT PROCESS: Issue definition for code 'no-$ref-siblings' not found in registry.
--------------------------------------------------
Time: 2025-10-13T21:53:33.243536
Issue: no-$ref-siblings | N/A
Message: $ref must not be placed next to any other properties [path: components.schemas.AccountLinkTarget.properties.hotelList.description]
Location: N/A
Fixed: False
Source: System
Issue Source: spectral-validator
Issue Target: import-url_root-spec
Action: COULD NOT PROCESS: Issue definition for code 'no-$ref-siblings' not found in registry.
--------------------------------------------------
Time: 2025-10-13T21:53:33.245479
Issue: no-$ref-siblings | N/A
Message: $ref must not be placed next to any other properties [path: components.schemas.CreateReconciliationReportResponse.properties.reconciliationReport.description]
Location: N/A
Fixed: False
Source: System
Issue Source: spectral-validator
Issue Target: import-url_root-spec
Action: COULD NOT PROCESS: Issue definition for code 'no-$ref-siblings' not found in registry.
--------------------------------------------------
Time: 2025-10-13T21:53:33.248317
Issue: oas3-schema | N/A
Message: Property "enumDeprecated" is not expected to be here. [path: components.schemas.DataIssueDetail.properties.dataIssueType.enumDeprecated]
Location: N/A
Fixed: False
Source: System
Issue Source: spectral-validator
Issue Target: import-url_root-spec
Action: COULD NOT PROCESS: Issue definition for code 'oas3-schema' not found in registry.
--------------------------------------------------
Time: 2025-10-13T21:53:33.249930
Issue: no-$ref-siblings | N/A
Message: $ref must not be placed next to any other properties [path: components.schemas.FreeBookingLinksResult.properties.date.description]
Location: N/A
Fixed: False
Source: System
Issue Source: spectral-validator
Issue Target: import-url_root-spec
Action: COULD NOT PROCESS: Issue definition for code 'no-$ref-siblings' not found in registry.
--------------------------------------------------
Time: 2025-10-13T21:53:33.251934
Issue: no-$ref-siblings | N/A
Message: $ref must not be placed next to any other properties [path: components.schemas.HotelPricePerItinerary.properties.checkinDate.description]
Location: N/A
Fixed: False
Source: System
Issue Source: spectral-validator
Issue Target: import-url_root-spec
Action: COULD NOT PROCESS: Issue definition for code 'no-$ref-siblings' not found in registry.
--------------------------------------------------
Time: 2025-10-13T21:53:33.254125
Issue: oas3-schema | N/A
Message: Property "enumDeprecated" is not expected to be here. [path: components.schemas.HotelView.properties.dataIssues.items.enumDeprecated]
Location: N/A
Fixed: False
Source: System
Issue Source: spectral-validator
Issue Target: import-url_root-spec
Action: COULD NOT PROCESS: Issue definition for code 'oas3-schema' not found in registry.
--------------------------------------------------
Time: 2025-10-13T21:53:33.256159
Issue: no-$ref-siblings | N/A
Message: $ref must not be placed next to any other properties [path: components.schemas.Key.properties.checkinDate.description]
Location: N/A
Fixed: False
Source: System
Issue Source: spectral-validator
Issue Target: import-url_root-spec
Action: COULD NOT PROCESS: Issue definition for code 'no-$ref-siblings' not found in registry.
--------------------------------------------------
Time: 2025-10-13T21:53:33.258277
Issue: no-$ref-siblings | N/A
Message: $ref must not be placed next to any other properties [path: components.schemas.Key.properties.date.description]
Location: N/A
Fixed: False
Source: System
Issue Source: spectral-validator
Issue Target: import-url_root-spec
Action: COULD NOT PROCESS: Issue definition for code 'no-$ref-siblings' not found in registry.
--------------------------------------------------
Time: 2025-10-13T21:53:33.260511
Issue: no-$ref-siblings | N/A
Message: $ref must not be placed next to any other properties [path: components.schemas.MissedParticipationCountDetails.properties.noPriceCountDetails.deprecated]
Location: N/A
Fixed: False
Source: System
Issue Source: spectral-validator
Issue Target: import-url_root-spec
Action: COULD NOT PROCESS: Issue definition for code 'no-$ref-siblings' not found in registry.
--------------------------------------------------
Time: 2025-10-13T21:53:33.262755
Issue: no-$ref-siblings | N/A
Message: $ref must not be placed next to any other properties [path: components.schemas.MissedParticipationCountDetails.properties.noPriceCountDetails.description]
Location: N/A
Fixed: False
Source: System
Issue Source: spectral-validator
Issue Target: import-url_root-spec
Action: COULD NOT PROCESS: Issue definition for code 'no-$ref-siblings' not found in registry.
--------------------------------------------------
Time: 2025-10-13T21:53:33.264793
Issue: no-$ref-siblings | N/A
Message: $ref must not be placed next to any other properties [path: components.schemas.MissedParticipationCountDetails.properties.priceMissingCountDetails.description]
Location: N/A
Fixed: False
Source: System
Issue Source: spectral-validator
Issue Target: import-url_root-spec
Action: COULD NOT PROCESS: Issue definition for code 'no-$ref-siblings' not found in registry.
--------------------------------------------------
Time: 2025-10-13T21:53:33.266853
Issue: no-$ref-siblings | N/A
Message: $ref must not be placed next to any other properties [path: components.schemas.MissedParticipationCountDetails.properties.priceProblemCountDetails.description]
Location: N/A
Fixed: False
Source: System
Issue Source: spectral-validator
Issue Target: import-url_root-spec
Action: COULD NOT PROCESS: Issue definition for code 'no-$ref-siblings' not found in registry.
--------------------------------------------------
Time: 2025-10-13T21:53:33.269148
Issue: no-$ref-siblings | N/A
Message: $ref must not be placed next to any other properties [path: components.schemas.MissedParticipationCountDetails.properties.priceUnavailableCountDetails.description]
Location: N/A
Fixed: False
Source: System
Issue Source: spectral-validator
Issue Target: import-url_root-spec
Action: COULD NOT PROCESS: Issue definition for code 'no-$ref-siblings' not found in registry.
--------------------------------------------------
Time: 2025-10-13T21:53:33.271270
Issue: no-$ref-siblings | N/A
Message: $ref must not be placed next to any other properties [path: components.schemas.ParsedListing.properties.location.description]
Location: N/A
Fixed: False
Source: System
Issue Source: spectral-validator
Issue Target: import-url_root-spec
Action: COULD NOT PROCESS: Issue definition for code 'no-$ref-siblings' not found in registry.
--------------------------------------------------
Time: 2025-10-13T21:53:33.272728
Issue: no-$ref-siblings | N/A
Message: $ref must not be placed next to any other properties [path: components.schemas.ParticipationResult.properties.key.description]
Location: N/A
Fixed: False
Source: System
Issue Source: spectral-validator
Issue Target: import-url_root-spec
Action: COULD NOT PROCESS: Issue definition for code 'no-$ref-siblings' not found in registry.
--------------------------------------------------
Time: 2025-10-13T21:53:33.274828
Issue: no-$ref-siblings | N/A
Message: $ref must not be placed next to any other properties [path: components.schemas.ParticipationResult.properties.missedParticipationCountDetails.description]
Location: N/A
Fixed: False
Source: System
Issue Source: spectral-validator
Issue Target: import-url_root-spec
Action: COULD NOT PROCESS: Issue definition for code 'no-$ref-siblings' not found in registry.
--------------------------------------------------
Time: 2025-10-13T21:53:33.277088
Issue: no-$ref-siblings | N/A
Message: $ref must not be placed next to any other properties [path: components.schemas.PriceAccuracyRow.properties.cachedPriceRecord.description]
Location: N/A
Fixed: False
Source: System
Issue Source: spectral-validator
Issue Target: import-url_root-spec
Action: COULD NOT PROCESS: Issue definition for code 'no-$ref-siblings' not found in registry.
--------------------------------------------------
Time: 2025-10-13T21:53:33.278911
Issue: no-$ref-siblings | N/A
Message: $ref must not be placed next to any other properties [path: components.schemas.PriceAccuracyRow.properties.checkinDate.description]
Location: N/A
Fixed: False
Source: System
Issue Source: spectral-validator
Issue Target: import-url_root-spec
Action: COULD NOT PROCESS: Issue definition for code 'no-$ref-siblings' not found in registry.
--------------------------------------------------
Time: 2025-10-13T21:53:33.280153
Issue: no-$ref-siblings | N/A
Message: $ref must not be placed next to any other properties [path: components.schemas.PriceAccuracyRow.properties.fetchedPriceRecord.description]
Location: N/A
Fixed: False
Source: System
Issue Source: spectral-validator
Issue Target: import-url_root-spec
Action: COULD NOT PROCESS: Issue definition for code 'no-$ref-siblings' not found in registry.
--------------------------------------------------
Time: 2025-10-13T21:53:33.281206
Issue: no-$ref-siblings | N/A
Message: $ref must not be placed next to any other properties [path: components.schemas.PriceCoverageView.properties.calculationDate.description]
Location: N/A
Fixed: False
Source: System
Issue Source: spectral-validator
Issue Target: import-url_root-spec
Action: COULD NOT PROCESS: Issue definition for code 'no-$ref-siblings' not found in registry.
--------------------------------------------------
Time: 2025-10-13T21:53:33.282279
Issue: oas3-unused-component | N/A
Message: Potentially unused component has been detected. [path: components.schemas.PriceView]
Location: N/A
Fixed: False
Source: System
Issue Source: spectral-validator
Issue Target: import-url_root-spec
Action: COULD NOT PROCESS: Issue definition for code 'oas3-unused-component' not found in registry.
--------------------------------------------------
Time: 2025-10-13T21:53:33.283524
Issue: no-$ref-siblings | N/A
Message: $ref must not be placed next to any other properties [path: components.schemas.PropertyPerformanceResult.properties.date.description]
Location: N/A
Fixed: False
Source: System
Issue Source: spectral-validator
Issue Target: import-url_root-spec
Action: COULD NOT PROCESS: Issue definition for code 'no-$ref-siblings' not found in registry.
--------------------------------------------------
Time: 2025-10-13T21:53:33.285195
Issue: no-$ref-siblings | N/A
Message: $ref must not be placed next to any other properties [path: components.schemas.VerifyListingsResponse.properties.parsedListing.description]
Location: N/A
Fixed: False
Source: System
Issue Source: spectral-validator
Issue Target: import-url_root-spec
Action: COULD NOT PROCESS: Issue definition for code 'no-$ref-siblings' not found in registry.
